#
# There is insufficient memory for the Java Runtime Environment to continue.
# Native memory allocation (malloc) failed to allocate 1600384 bytes for Chunk::new
# Possible reasons:
#   The system is out of physical RAM or swap space
#   In 32 bit mode, the process size limit was hit
# Possible solutions:
#   Reduce memory load on the system
#   Increase physical memory or swap space
#   Check if swap backing store is full
#   Use 64 bit Java on a 64 bit OS
#   Decrease Java heap size (-Xmx/-Xms)
#   Decrease number of Java threads
#   Decrease Java thread stack sizes (-Xss)
#   Set larger code cache with -XX:ReservedCodeCacheSize=
# This output file may be truncated or incomplete.
#
#  Out of Memory Error (allocation.cpp:390), pid=12028, tid=0x00000000000003b8
#
# JRE version: Java(TM) SE Runtime Environment (8.0_144-b01) (build 1.8.0_144-b01)
# Java VM: Java HotSpot(TM) 64-Bit Server VM (25.144-b01 mixed mode windows-amd64 compressed oops)
# Failed to write core dump. Minidumps are not enabled by default on client versions of Windows
#

---------------  T H R E A D  ---------------

Current thread (0x0000000018e9a800):  JavaThread "C2 CompilerThread2" daemon [_thread_in_native, id=952, stack(0x0000000019850000,0x0000000019950000)]

Stack: [0x0000000019850000,0x0000000019950000]
[error occurred during error reporting (printing stack bounds), id 0xc0000005]

Native frames: (J=compiled Java code, j=interpreted, Vv=VM code, C=native code)


Current CompileTask:
C2:  59559 6039 % !   4       org.springframework.beans.factory.support.DefaultListableBeanFactory::doGetBeanNamesForType @ 20 (593 bytes)


---------------  P R O C E S S  ---------------

Java Threads: ( => current thread )
  0x0000000018e9c800 JavaThread "Abandoned connection cleanup thread" daemon [_thread_blocked, id=11912, stack(0x0000000022c80000,0x0000000022d80000)]
  0x0000000018e9b000 JavaThread "Tomcat JDBC Pool Cleaner[1943105171:1522844976351]" daemon [_thread_blocked, id=2608, stack(0x0000000022b80000,0x0000000022c80000)]
  0x000000001dd32800 JavaThread "container-0" [_thread_blocked, id=11236, stack(0x0000000022680000,0x0000000022780000)]
  0x000000001abd2000 JavaThread "ContainerBackgroundProcessor[StandardEngine[Tomcat]]" daemon [_thread_blocked, id=11684, stack(0x0000000021560000,0x0000000021660000)]
  0x0000000018f22800 JavaThread "Service Thread" daemon [_thread_blocked, id=9152, stack(0x0000000019a50000,0x0000000019b50000)]
  0x0000000018e9c000 JavaThread "C1 CompilerThread3" daemon [_thread_blocked, id=11696, stack(0x0000000019950000,0x0000000019a50000)]
=>0x0000000018e9a800 JavaThread "C2 CompilerThread2" daemon [_thread_in_native, id=952, stack(0x0000000019850000,0x0000000019950000)]
  0x0000000018e96000 JavaThread "C2 CompilerThread1" daemon [_thread_in_native, id=4232, stack(0x0000000019750000,0x0000000019850000)]
  0x0000000018e90000 JavaThread "C2 CompilerThread0" daemon [_thread_in_native, id=3988, stack(0x0000000019650000,0x0000000019750000)]
  0x0000000018e8f000 JavaThread "Attach Listener" daemon [_thread_blocked, id=4500, stack(0x0000000019550000,0x0000000019650000)]
  0x0000000018e8e000 JavaThread "Signal Dispatcher" daemon [_thread_blocked, id=10412, stack(0x0000000019450000,0x0000000019550000)]
  0x0000000018e80800 JavaThread "Finalizer" daemon [_thread_blocked, id=1748, stack(0x0000000019260000,0x0000000019360000)]
  0x0000000004769800 JavaThread "Reference Handler" daemon [_thread_blocked, id=10884, stack(0x0000000018d60000,0x0000000018e60000)]
  0x0000000004674800 JavaThread "main" [_thread_in_vm, id=11904, stack(0x0000000004570000,0x0000000004670000)]

Other Threads:
  0x0000000016f99800 VMThread [stack: 0x0000000018c60000,0x0000000018d60000] [id=4656]
  0x0000000018f75000 WatcherThread [stack: 0x0000000019b50000,0x0000000019c50000] [id=440]

VM state:not at safepoint (normal execution)

VM Mutex/Monitor currently owned by a thread: None

Heap:
 PSYoungGen      total 186880K, used 158256K [0x00000000ec580000, 0x00000000f9200000, 0x0000000100000000)
  eden space 172544K, 83% used [0x00000000ec580000,0x00000000f5213368,0x00000000f6e00000)
  from space 14336K, 99% used [0x00000000f7e00000,0x00000000f8bf8df8,0x00000000f8c00000)
  to   space 16384K, 0% used [0x00000000f6e00000,0x00000000f6e00000,0x00000000f7e00000)
 ParOldGen       total 55808K, used 20916K [0x00000000c5000000, 0x00000000c8680000, 0x00000000ec580000)
  object space 55808K, 37% used [0x00000000c5000000,0x00000000c646d220,0x00000000c8680000)
 Metaspace       used 49573K, capacity 50172K, committed 50560K, reserved 1093632K
  class space    used 6338K, capacity 6479K, committed 6528K, reserved 1048576K

Card table byte_map: [0x0000000013b30000,0x0000000013d10000] byte_map_base: 0x0000000013508000

Marking Bits: (ParMarkBitMap*) 0x00000000614ad850
 Begin Bits: [0x0000000014650000, 0x0000000015510000)
 End Bits:   [0x0000000015510000, 0x00000000163d0000)

Polling page: 0x0000000002820000

CodeCache: size=245760Kb used=21167Kb max_used=21167Kb free=224592Kb
 bounds [0x0000000004770000, 0x0000000005c40000, 0x0000000013770000]
 total_blobs=5684 nmethods=5166 adapters=430
 compilation: enabled

Compilation events (10 events):
Event: 59.443 Thread 0x0000000018e9c000 6062       3       org.springframework.boot.logging.logback.ColorConverter::toAnsiString (16 bytes)
Event: 59.443 Thread 0x0000000018e9c000 nmethod 6062 0x0000000005c2fa50 code [0x0000000005c2fc40, 0x0000000005c30558]
Event: 59.464 Thread 0x0000000018e9c000 6063   !   3       com.sun.proxy.$Proxy33::annotationType (29 bytes)
Event: 59.464 Thread 0x0000000018e9c000 nmethod 6063 0x0000000005c30950 code [0x0000000005c30ae0, 0x0000000005c30f18]
Event: 59.465 Thread 0x0000000018e9c000 6064   !   3       com.sun.proxy.$Proxy67::annotationType (29 bytes)
Event: 59.465 Thread 0x0000000018e9c000 nmethod 6064 0x0000000005c310d0 code [0x0000000005c31260, 0x0000000005c31698]
Event: 59.465 Thread 0x0000000018e9c000 6065   !   3       com.sun.proxy.$Proxy63::hashCode (32 bytes)
Event: 59.465 Thread 0x0000000018e9c000 nmethod 6065 0x0000000005c31850 code [0x0000000005c319e0, 0x0000000005c31eb8]
Event: 59.465 Thread 0x0000000018e9c000 6066       3       org.springframework.context.support.AbstractApplicationContext::findAnnotationOnBean (16 bytes)
Event: 59.466 Thread 0x0000000018e9c000 nmethod 6066 0x0000000005c320d0 code [0x0000000005c32260, 0x0000000005c32608]

GC Heap History (10 events):
Event: 12.754 GC heap before
{Heap before GC invocations=10 (full 1):
 PSYoungGen      total 101376K, used 101115K [0x00000000ec580000, 0x00000000f4a80000, 0x0000000100000000)
  eden space 94720K, 99% used [0x00000000ec580000,0x00000000f21f7a00,0x00000000f2200000)
  from space 6656K, 96% used [0x00000000f4400000,0x00000000f4a47260,0x00000000f4a80000)
  to   space 8192K, 0% used [0x00000000f3a80000,0x00000000f3a80000,0x00000000f4280000)
 ParOldGen       total 35840K, used 9616K [0x00000000c5000000, 0x00000000c7300000, 0x00000000ec580000)
  object space 35840K, 26% used [0x00000000c5000000,0x00000000c59642f8,0x00000000c7300000)
 Metaspace       used 29725K, capacity 30090K, committed 30208K, reserved 1075200K
  class space    used 3718K, capacity 3820K, committed 3840K, reserved 1048576K
Event: 12.771 GC heap after
Heap after GC invocations=10 (full 1):
 PSYoungGen      total 128000K, used 8189K [0x00000000ec580000, 0x00000000f5400000, 0x0000000100000000)
  eden space 119808K, 0% used [0x00000000ec580000,0x00000000ec580000,0x00000000f3a80000)
  from space 8192K, 99% used [0x00000000f3a80000,0x00000000f427f490,0x00000000f4280000)
  to   space 11264K, 0% used [0x00000000f4900000,0x00000000f4900000,0x00000000f5400000)
 ParOldGen       total 35840K, used 14306K [0x00000000c5000000, 0x00000000c7300000, 0x00000000ec580000)
  object space 35840K, 39% used [0x00000000c5000000,0x00000000c5df88d0,0x00000000c7300000)
 Metaspace       used 29725K, capacity 30090K, committed 30208K, reserved 1075200K
  class space    used 3718K, capacity 3820K, committed 3840K, reserved 1048576K
}
Event: 26.755 GC heap before
{Heap before GC invocations=11 (full 1):
 PSYoungGen      total 128000K, used 127997K [0x00000000ec580000, 0x00000000f5400000, 0x0000000100000000)
  eden space 119808K, 100% used [0x00000000ec580000,0x00000000f3a80000,0x00000000f3a80000)
  from space 8192K, 99% used [0x00000000f3a80000,0x00000000f427f490,0x00000000f4280000)
  to   space 11264K, 0% used [0x00000000f4900000,0x00000000f4900000,0x00000000f5400000)
 ParOldGen       total 35840K, used 14306K [0x00000000c5000000, 0x00000000c7300000, 0x00000000ec580000)
  object space 35840K, 39% used [0x00000000c5000000,0x00000000c5df88d0,0x00000000c7300000)
 Metaspace       used 34247K, capacity 34638K, committed 35072K, reserved 1079296K
  class space    used 4393K, capacity 4498K, committed 4608K, reserved 1048576K
Event: 26.783 GC heap after
Heap after GC invocations=11 (full 1):
 PSYoungGen      total 132096K, used 11259K [0x00000000ec580000, 0x00000000f7480000, 0x0000000100000000)
  eden space 120832K, 0% used [0x00000000ec580000,0x00000000ec580000,0x00000000f3b80000)
  from space 11264K, 99% used [0x00000000f4900000,0x00000000f53fed18,0x00000000f5400000)
  to   space 13824K, 0% used [0x00000000f3b80000,0x00000000f3b80000,0x00000000f4900000)
 ParOldGen       total 35840K, used 18104K [0x00000000c5000000, 0x00000000c7300000, 0x00000000ec580000)
  object space 35840K, 50% used [0x00000000c5000000,0x00000000c61ae008,0x00000000c7300000)
 Metaspace       used 34247K, capacity 34638K, committed 35072K, reserved 1079296K
  class space    used 4393K, capacity 4498K, committed 4608K, reserved 1048576K
}
Event: 26.948 GC heap before
{Heap before GC invocations=12 (full 1):
 PSYoungGen      total 132096K, used 19240K [0x00000000ec580000, 0x00000000f7480000, 0x0000000100000000)
  eden space 120832K, 6% used [0x00000000ec580000,0x00000000ecd4b388,0x00000000f3b80000)
  from space 11264K, 99% used [0x00000000f4900000,0x00000000f53fed18,0x00000000f5400000)
  to   space 13824K, 0% used [0x00000000f3b80000,0x00000000f3b80000,0x00000000f4900000)
 ParOldGen       total 35840K, used 18104K [0x00000000c5000000, 0x00000000c7300000, 0x00000000ec580000)
  object space 35840K, 50% used [0x00000000c5000000,0x00000000c61ae008,0x00000000c7300000)
 Metaspace       used 34825K, capacity 35214K, committed 35456K, reserved 1079296K
  class space    used 4513K, capacity 4626K, committed 4736K, reserved 1048576K
Event: 26.976 GC heap after
Heap after GC invocations=12 (full 1):
 PSYoungGen      total 134656K, used 768K [0x00000000ec580000, 0x00000000f8c00000, 0x0000000100000000)
  eden space 120832K, 0% used [0x00000000ec580000,0x00000000ec580000,0x00000000f3b80000)
  from space 13824K, 5% used [0x00000000f3b80000,0x00000000f3c40000,0x00000000f4900000)
  to   space 14336K, 0% used [0x00000000f7e00000,0x00000000f7e00000,0x00000000f8c00000)
 ParOldGen       total 35840K, used 27236K [0x00000000c5000000, 0x00000000c7300000, 0x00000000ec580000)
  object space 35840K, 75% used [0x00000000c5000000,0x00000000c6a99198,0x00000000c7300000)
 Metaspace       used 34825K, capacity 35214K, committed 35456K, reserved 1079296K
  class space    used 4513K, capacity 4626K, committed 4736K, reserved 1048576K
}
Event: 26.976 GC heap before
{Heap before GC invocations=13 (full 2):
 PSYoungGen      total 134656K, used 768K [0x00000000ec580000, 0x00000000f8c00000, 0x0000000100000000)
  eden space 120832K, 0% used [0x00000000ec580000,0x00000000ec580000,0x00000000f3b80000)
  from space 13824K, 5% used [0x00000000f3b80000,0x00000000f3c40000,0x00000000f4900000)
  to   space 14336K, 0% used [0x00000000f7e00000,0x00000000f7e00000,0x00000000f8c00000)
 ParOldGen       total 35840K, used 27236K [0x00000000c5000000, 0x00000000c7300000, 0x00000000ec580000)
  object space 35840K, 75% used [0x00000000c5000000,0x00000000c6a99198,0x00000000c7300000)
 Metaspace       used 34825K, capacity 35214K, committed 35456K, reserved 1079296K
  class space    used 4513K, capacity 4626K, committed 4736K, reserved 1048576K
Event: 27.080 GC heap after
Heap after GC invocations=13 (full 2):
 PSYoungGen      total 134656K, used 0K [0x00000000ec580000, 0x00000000f8c00000, 0x0000000100000000)
  eden space 120832K, 0% used [0x00000000ec580000,0x00000000ec580000,0x00000000f3b80000)
  from space 13824K, 0% used [0x00000000f3b80000,0x00000000f3b80000,0x00000000f4900000)
  to   space 14336K, 0% used [0x00000000f7e00000,0x00000000f7e00000,0x00000000f8c00000)
 ParOldGen       total 55808K, used 20824K [0x00000000c5000000, 0x00000000c8680000, 0x00000000ec580000)
  object space 55808K, 37% used [0x00000000c5000000,0x00000000c64561e8,0x00000000c8680000)
 Metaspace       used 34825K, capacity 35214K, committed 35456K, reserved 1079296K
  class space    used 4513K, capacity 4626K, committed 4736K, reserved 1048576K
}
Event: 49.311 GC heap before
{Heap before GC invocations=14 (full 2):
 PSYoungGen      total 134656K, used 120832K [0x00000000ec580000, 0x00000000f8c00000, 0x0000000100000000)
  eden space 120832K, 100% used [0x00000000ec580000,0x00000000f3b80000,0x00000000f3b80000)
  from space 13824K, 0% used [0x00000000f3b80000,0x00000000f3b80000,0x00000000f4900000)
  to   space 14336K, 0% used [0x00000000f7e00000,0x00000000f7e00000,0x00000000f8c00000)
 ParOldGen       total 55808K, used 20824K [0x00000000c5000000, 0x00000000c8680000, 0x00000000ec580000)
  object space 55808K, 37% used [0x00000000c5000000,0x00000000c64561e8,0x00000000c8680000)
 Metaspace       used 44385K, capacity 44846K, committed 45312K, reserved 1089536K
  class space    used 5676K, capacity 5794K, committed 5888K, reserved 1048576K
Event: 49.339 GC heap after
Heap after GC invocations=14 (full 2):
 PSYoungGen      total 186880K, used 14307K [0x00000000ec580000, 0x00000000f9200000, 0x0000000100000000)
  eden space 172544K, 0% used [0x00000000ec580000,0x00000000ec580000,0x00000000f6e00000)
  from space 14336K, 99% used [0x00000000f7e00000,0x00000000f8bf8df8,0x00000000f8c00000)
  to   space 16384K, 0% used [0x00000000f6e00000,0x00000000f6e00000,0x00000000f7e00000)
 ParOldGen       total 55808K, used 20916K [0x00000000c5000000, 0x00000000c8680000, 0x00000000ec580000)
  object space 55808K, 37% used [0x00000000c5000000,0x00000000c646d220,0x00000000c8680000)
 Metaspace       used 44385K, capacity 44846K, committed 45312K, reserved 1089536K
  class space    used 5676K, capacity 5794K, committed 5888K, reserved 1048576K
}

Deoptimization events (10 events):
Event: 56.885 Thread 0x0000000004674800 Uncommon trap: reason=unstable_if action=reinterpret pc=0x0000000005a52010 method=java.lang.reflect.Executable.printModifiersIfNonzero(Ljava/lang/StringBuilder;IZ)V @ 10
Event: 57.846 Thread 0x0000000004674800 Uncommon trap: reason=unstable_if action=reinterpret pc=0x00000000056b1774 method=org.springframework.cglib.core.CodeEmitter.emit_invoke(ILorg/springframework/asm/Type;Lorg/springframework/cglib/core/Signature;)V @ 24
Event: 58.352 Thread 0x0000000004674800 Uncommon trap: reason=class_check action=maybe_recompile pc=0x0000000004abfa20 method=java.lang.reflect.Array.newInstance(Ljava/lang/Class;I)Ljava/lang/Object; @ 2
Event: 58.353 Thread 0x0000000004674800 Uncommon trap: reason=class_check action=maybe_recompile pc=0x0000000004abfa20 method=java.lang.reflect.Array.newInstance(Ljava/lang/Class;I)Ljava/lang/Object; @ 2
Event: 58.353 Thread 0x0000000004674800 Uncommon trap: reason=class_check action=maybe_recompile pc=0x0000000004abfa20 method=java.lang.reflect.Array.newInstance(Ljava/lang/Class;I)Ljava/lang/Object; @ 2
Event: 58.353 Thread 0x0000000004674800 Uncommon trap: reason=class_check action=maybe_recompile pc=0x0000000004abfa20 method=java.lang.reflect.Array.newInstance(Ljava/lang/Class;I)Ljava/lang/Object; @ 2
Event: 58.359 Thread 0x0000000004674800 Uncommon trap: reason=unstable_if action=reinterpret pc=0x0000000004a2f638 method=java.util.concurrent.ConcurrentHashMap.putVal(Ljava/lang/Object;Ljava/lang/Object;Z)Ljava/lang/Object; @ 331
Event: 58.360 Thread 0x0000000004674800 Uncommon trap: reason=unstable_if action=reinterpret pc=0x0000000005ab33ac method=java.util.concurrent.ConcurrentHashMap.get(Ljava/lang/Object;)Ljava/lang/Object; @ 86
Event: 58.360 Thread 0x0000000004674800 Uncommon trap: reason=unstable_if action=reinterpret pc=0x0000000005b02368 method=java.util.concurrent.ConcurrentHashMap.get(Ljava/lang/Object;)Ljava/lang/Object; @ 86
Event: 58.360 Thread 0x0000000004674800 Uncommon trap: reason=unstable_if action=reinterpret pc=0x0000000004a6e150 method=java.util.concurrent.ConcurrentHashMap.get(Ljava/lang/Object;)Ljava/lang/Object; @ 86

Internal exceptions (10 events):
Event: 59.252 Thread 0x0000000004674800 Exception <a 'java/lang/ClassNotFoundException': org/springframework/web/context/support/WebApplicationObjectSupportCustomizer> (0x00000000f4c54eb8) thrown at [C:\re\workspace\8-2-build-windows-amd64-cygwin\jdk8u144\9417\hotspot\src\share\vm\classfile\sys
Event: 59.252 Thread 0x0000000004674800 Exception <a 'java/lang/ClassNotFoundException': org/springframework/web/servlet/support/WebContentGeneratorCustomizer> (0x00000000f4c6fd08) thrown at [C:\re\workspace\8-2-build-windows-amd64-cygwin\jdk8u144\9417\hotspot\src\share\vm\classfile\systemDicti
Event: 59.254 Thread 0x0000000004674800 Exception <a 'java/lang/ClassNotFoundException': org/springframework/web/servlet/mvc/method/AbstractHandlerMethodAdapterCustomizer> (0x00000000f4caa7d8) thrown at [C:\re\workspace\8-2-build-windows-amd64-cygwin\jdk8u144\9417\hotspot\src\share\vm\classfile
Event: 59.254 Thread 0x0000000004674800 Exception <a 'java/lang/ClassNotFoundException': org/springframework/web/servlet/mvc/method/annotation/RequestMappingHandlerAdapterCustomizer> (0x00000000f4cd15d8) thrown at [C:\re\workspace\8-2-build-windows-amd64-cygwin\jdk8u144\9417\hotspot\src\share\v
Event: 59.270 Thread 0x0000000004674800 Exception <a 'java/lang/ClassNotFoundException': org/springframework/beans/factory/BeanFactoryAwareCustomizer> (0x00000000f4d68410) thrown at [C:\re\workspace\8-2-build-windows-amd64-cygwin\jdk8u144\9417\hotspot\src\share\vm\classfile\systemDictionary.cpp
Event: 59.271 Thread 0x0000000004674800 Exception <a 'java/lang/ClassNotFoundException': org/springframework/beans/factory/InitializingBeanCustomizer> (0x00000000f4d7fec8) thrown at [C:\re\workspace\8-2-build-windows-amd64-cygwin\jdk8u144\9417\hotspot\src\share\vm\classfile\systemDictionary.cpp
Event: 59.271 Thread 0x0000000004674800 Exception <a 'java/lang/ClassNotFoundException': org/springframework/web/servlet/HandlerAdapterCustomizer> (0x00000000f4d95b98) thrown at [C:\re\workspace\8-2-build-windows-amd64-cygwin\jdk8u144\9417\hotspot\src\share\vm\classfile\systemDictionary.cpp, li
Event: 59.272 Thread 0x0000000004674800 Exception <a 'java/lang/ClassNotFoundException': org/springframework/core/OrderedCustomizer> (0x00000000f4da88f0) thrown at [C:\re\workspace\8-2-build-windows-amd64-cygwin\jdk8u144\9417\hotspot\src\share\vm\classfile\systemDictionary.cpp, line 210]
Event: 59.272 Thread 0x0000000004674800 Exception <a 'java/lang/ClassNotFoundException': org/springframework/web/context/ServletContextAwareCustomizer> (0x00000000f4dbfee8) thrown at [C:\re\workspace\8-2-build-windows-amd64-cygwin\jdk8u144\9417\hotspot\src\share\vm\classfile\systemDictionary.cp
Event: 59.273 Thread 0x0000000004674800 Exception <a 'java/lang/ClassNotFoundException': org/springframework/context/ApplicationContextAwareCustomizer> (0x00000000f4dd7928) thrown at [C:\re\workspace\8-2-build-windows-amd64-cygwin\jdk8u144\9417\hotspot\src\share\vm\classfile\systemDictionary.cp

Events (10 events):
Event: 59.489 loading class org/springframework/web/bind/MissingServletRequestParameterException
Event: 59.489 loading class org/springframework/web/bind/MissingServletRequestParameterException done
Event: 59.512 loading class org/springframework/web/method/annotation/AbstractNamedValueMethodArgumentResolver$NamedValueInfo
Event: 59.512 loading class org/springframework/web/method/annotation/AbstractNamedValueMethodArgumentResolver$NamedValueInfo done
Event: 59.513 loading class org/springframework/web/method/annotation/RequestParamMethodArgumentResolver$RequestParamNamedValueInfo
Event: 59.513 loading class org/springframework/web/method/annotation/RequestParamMethodArgumentResolver$RequestParamNamedValueInfo done
Event: 59.513 loading class org/springframework/web/method/annotation/RequestParamMapMethodArgumentResolver
Event: 59.513 loading class org/springframework/web/method/annotation/RequestParamMapMethodArgumentResolver done
Event: 59.514 loading class org/springframework/web/servlet/mvc/method/annotation/PathVariableMethodArgumentResolver
Event: 59.514 loading class org/springframework/web/servlet/mvc/method/annotation/PathVariableMethodArgumentResolver done


Dynamic libraries:
0x00007ff723660000 - 0x00007ff723697000 	C:\Program Files\Java\jre1.8.0_144\bin\javaw.exe
0x00007ffa5bd00000 - 0x00007ffa5bee0000 	C:\WINDOWS\SYSTEM32\ntdll.dll
0x00007ffa5ba70000 - 0x00007ffa5bb1e000 	C:\WINDOWS\System32\KERNEL32.DLL
0x00007ffa58100000 - 0x00007ffa58366000 	C:\WINDOWS\System32\KERNELBASE.dll
0x00007ffa5a4e0000 - 0x00007ffa5a581000 	C:\WINDOWS\System32\ADVAPI32.dll
0x00007ffa5bc30000 - 0x00007ffa5bccd000 	C:\WINDOWS\System32\msvcrt.dll
0x00007ffa59390000 - 0x00007ffa593eb000 	C:\WINDOWS\System32\sechost.dll
0x00007ffa59c20000 - 0x00007ffa59d3f000 	C:\WINDOWS\System32\RPCRT4.dll
0x00007ffa59980000 - 0x00007ffa59b0f000 	C:\WINDOWS\System32\USER32.dll
0x00007ffa58b40000 - 0x00007ffa58b60000 	C:\WINDOWS\System32\win32u.dll
0x00007ffa5a5a0000 - 0x00007ffa5a5c8000 	C:\WINDOWS\System32\GDI32.dll
0x00007ffa58d90000 - 0x00007ffa58f23000 	C:\WINDOWS\System32\gdi32full.dll
0x00007ffa58f80000 - 0x00007ffa5901b000 	C:\WINDOWS\System32\msvcp_win.dll
0x00007ffa590d0000 - 0x00007ffa591c6000 	C:\WINDOWS\System32\ucrtbase.dll
0x00007ffa47750000 - 0x00007ffa479b9000 	C:\WINDOWS\WinSxS\amd64_microsoft.windows.common-controls_6595b64144ccf1df_6.0.16299.309_none_15cfd4c4935e6b11\COMCTL32.dll
0x00007ffa59ee0000 - 0x00007ffa5a1e8000 	C:\WINDOWS\System32\combase.dll
0x00007ffa58ac0000 - 0x00007ffa58b32000 	C:\WINDOWS\System32\bcryptPrimitives.dll
0x00007ffa5a1f0000 - 0x00007ffa5a21d000 	C:\WINDOWS\System32\IMM32.DLL
0x0000000060aa0000 - 0x0000000060b72000 	C:\Program Files\Java\jre1.8.0_144\bin\msvcr100.dll
0x0000000060c90000 - 0x000000006152d000 	C:\Program Files\Java\jre1.8.0_144\bin\server\jvm.dll
0x00007ffa5a590000 - 0x00007ffa5a598000 	C:\WINDOWS\System32\PSAPI.DLL
0x00007ffa4ae30000 - 0x00007ffa4ae39000 	C:\WINDOWS\SYSTEM32\WSOCK32.dll
0x00007ffa4b140000 - 0x00007ffa4b14a000 	C:\WINDOWS\SYSTEM32\VERSION.dll
0x00007ffa518a0000 - 0x00007ffa518c3000 	C:\WINDOWS\SYSTEM32\WINMM.dll
0x00007ffa59320000 - 0x00007ffa5938c000 	C:\WINDOWS\System32\WS2_32.dll
0x00007ffa51870000 - 0x00007ffa5189a000 	C:\WINDOWS\SYSTEM32\WINMMBASE.dll
0x00007ffa58f30000 - 0x00007ffa58f7a000 	C:\WINDOWS\System32\cfgmgr32.dll
0x0000000060c80000 - 0x0000000060c8f000 	C:\Program Files\Java\jre1.8.0_144\bin\verify.dll
0x0000000060c50000 - 0x0000000060c79000 	C:\Program Files\Java\jre1.8.0_144\bin\java.dll
0x0000000060c30000 - 0x0000000060c46000 	C:\Program Files\Java\jre1.8.0_144\bin\zip.dll
0x00007ffa5a5d0000 - 0x00007ffa5ba06000 	C:\WINDOWS\System32\SHELL32.dll
0x00007ffa59b10000 - 0x00007ffa59bb6000 	C:\WINDOWS\System32\shcore.dll
0x00007ffa58370000 - 0x00007ffa58ab7000 	C:\WINDOWS\System32\windows.storage.dll
0x00007ffa59bc0000 - 0x00007ffa59c11000 	C:\WINDOWS\System32\shlwapi.dll
0x00007ffa58090000 - 0x00007ffa580a1000 	C:\WINDOWS\System32\kernel.appcore.dll
0x00007ffa580b0000 - 0x00007ffa580fc000 	C:\WINDOWS\System32\powrprof.dll
0x00007ffa58050000 - 0x00007ffa5806b000 	C:\WINDOWS\System32\profapi.dll
0x0000000060b80000 - 0x0000000060b8d000 	C:\Program Files\Java\jre1.8.0_144\bin\management.dll
0x0000000060c10000 - 0x0000000060c2a000 	C:\Program Files\Java\jre1.8.0_144\bin\net.dll
0x00007ffa578e0000 - 0x00007ffa57946000 	C:\WINDOWS\system32\mswsock.dll
0x00007ffa49750000 - 0x00007ffa49766000 	C:\WINDOWS\system32\napinsp.dll
0x00007ffa49730000 - 0x00007ffa4974a000 	C:\WINDOWS\system32\pnrpnsp.dll
0x00007ffa54640000 - 0x00007ffa54658000 	C:\WINDOWS\system32\NLAapi.dll
0x00007ffa576b0000 - 0x00007ffa57766000 	C:\WINDOWS\SYSTEM32\DNSAPI.dll
0x00007ffa59970000 - 0x00007ffa59978000 	C:\WINDOWS\System32\NSI.dll
0x00007ffa57670000 - 0x00007ffa576a9000 	C:\WINDOWS\SYSTEM32\IPHLPAPI.DLL
0x00007ffa49720000 - 0x00007ffa4972e000 	C:\WINDOWS\System32\winrnr.dll
0x0000000061af0000 - 0x0000000061b16000 	C:\Program Files\Bonjour\mdnsNSP.dll
0x00007ffa532f0000 - 0x00007ffa53305000 	C:\WINDOWS\System32\wshbth.dll
0x00007ffa4ee70000 - 0x00007ffa4ee7a000 	C:\Windows\System32\rasadhlp.dll
0x00007ffa4fe80000 - 0x00007ffa4fef0000 	C:\WINDOWS\System32\fwpuclnt.dll
0x00007ffa57bb0000 - 0x00007ffa57bd5000 	C:\WINDOWS\SYSTEM32\bcrypt.dll
0x0000000060bf0000 - 0x0000000060c01000 	C:\Program Files\Java\jre1.8.0_144\bin\nio.dll
0x00007ffa57aa0000 - 0x00007ffa57ab7000 	C:\WINDOWS\SYSTEM32\CRYPTSP.dll
0x00007ffa574e0000 - 0x00007ffa57513000 	C:\WINDOWS\system32\rsaenh.dll
0x00007ffa57f80000 - 0x00007ffa57fa9000 	C:\WINDOWS\SYSTEM32\USERENV.dll
0x00007ffa57ac0000 - 0x00007ffa57acb000 	C:\WINDOWS\SYSTEM32\CRYPTBASE.dll
0x00007ffa50b60000 - 0x00007ffa50b76000 	C:\WINDOWS\SYSTEM32\dhcpcsvc6.DLL
0x00007ffa50c10000 - 0x00007ffa50c2a000 	C:\WINDOWS\SYSTEM32\dhcpcsvc.DLL

VM Arguments:
jvm_args: -Dfile.encoding=UTF-8 
java_command: com.softtech.localLevel.LocalLevelApplication
java_class_path (initial): C:\Users\Lothbroke\Desktop\Softech\Project\LocalLevel\target\classes;C:\Users\Lothbroke\.m2\repository\org\springframework\boot\spring-boot-starter-data-jpa\1.5.10.RELEASE\spring-boot-starter-data-jpa-1.5.10.RELEASE.jar;C:\Users\Lothbroke\.m2\repository\org\springframework\boot\spring-boot-starter\1.5.10.RELEASE\spring-boot-starter-1.5.10.RELEASE.jar;C:\Users\Lothbroke\.m2\repository\org\springframework\boot\spring-boot\1.5.10.RELEASE\spring-boot-1.5.10.RELEASE.jar;C:\Users\Lothbroke\.m2\repository\org\springframework\boot\spring-boot-autoconfigure\1.5.10.RELEASE\spring-boot-autoconfigure-1.5.10.RELEASE.jar;C:\Users\Lothbroke\.m2\repository\org\springframework\boot\spring-boot-starter-logging\1.5.10.RELEASE\spring-boot-starter-logging-1.5.10.RELEASE.jar;C:\Users\Lothbroke\.m2\repository\ch\qos\logback\logback-classic\1.1.11\logback-classic-1.1.11.jar;C:\Users\Lothbroke\.m2\repository\ch\qos\logback\logback-core\1.1.11\logback-core-1.1.11.jar;C:\Users\Lothbroke\.m2\repository\org\slf4j\jul-to-slf4j\1.7.25\jul-to-slf4j-1.7.25.jar;C:\Users\Lothbroke\.m2\repository\org\slf4j\log4j-over-slf4j\1.7.25\log4j-over-slf4j-1.7.25.jar;C:\Users\Lothbroke\.m2\repository\org\yaml\snakeyaml\1.17\snakeyaml-1.17.jar;C:\Users\Lothbroke\.m2\repository\org\springframework\boot\spring-boot-starter-aop\1.5.10.RELEASE\spring-boot-starter-aop-1.5.10.RELEASE.jar;C:\Users\Lothbroke\.m2\repository\org\springframework\spring-aop\4.3.14.RELEASE\spring-aop-4.3.14.RELEASE.jar;C:\Users\Lothbroke\.m2\repository\org\aspectj\aspectjweaver\1.8.13\aspectjweaver-1.8.13.jar;C:\Users\Lothbroke\.m2\repository\org\springframework\boot\spring-boot-starter-jdbc\1.5.10.RELEASE\spring-boot-starter-jdbc-1.5.10.RELEASE.jar;C:\Users\Lothbroke\.m2\repository\org\apache\tomcat\tomcat-jdbc\8.5.27\tomcat-jdbc-8.5.27.jar;C:\Users\Lothbroke\.m2\repository\org\apache\tomcat\tomcat-juli\8.5.27\tomcat-juli-8.5.27.jar;C:\Users\Lothbroke\.m2\repository\org\springframework\spring-jdbc\4.3.14.RELEASE
Launcher Type: SUN_STANDARD

Environment Variables:
JAVA_HOME=C:\Program Files\Java\jdk1.8.0_144
PATH=C:/Program Files/Java/jre1.8.0_144/bin/server;C:/Program Files/Java/jre1.8.0_144/bin;C:/Program Files/Java/jre1.8.0_144/lib/amd64;C:\app\Lothbroke\product\11.2.0\dbhome_1\bin;C:\ProgramData\Oracle\Java\javapath;"C:\ProgramData\Oracle\Java\javapath;C:\Program Files\Java\jdk1.8.0_144\bin;C:\Program Files\Java\jre1.8.0_144";C:\WINDOWS\system32;C:\WINDOWS;C:\WINDOWS\System32\Wbem;C:\WINDOWS\System32\WindowsPowerShell\v1.0\;C:\Program Files\PuTTY\;C:\Program Files\Git\cmd;C:\Program Files\nodejs\;C:\Program Files\Apache software foundation\apache-maven-3.5.0\bin;C:\Users\Lothbroke\AppData\Local\Microsoft\WindowsApps;C:\Program Files\Java\jdk1.8.0_144\bin;C:\Users\Lothbroke\AppData\Roaming\npm;C:\Program Files (x86)\Microsoft VS Code\bin;C:\Users\Lothbroke\Desktop\eclipse;
USERNAME=Lothbroke
OS=Windows_NT
PROCESSOR_IDENTIFIER=Intel64 Family 6 Model 60 Stepping 3, GenuineIntel



---------------  S Y S T E M  ---------------

OS: Windows 10.0 , 64 bit Build 16299 (10.0.16299.15)

CPU:total 8 (initial active 8) (4 cores per cpu, 2 threads per core) family 6 model 60 stepping 3, cmov, cx8, fxsr, mmx, sse, sse2, sse3, ssse3, sse4.1, sse4.2, popcnt, avx, avx2, aes, clmul, erms, lzcnt, ht, tsc, tscinvbit, bmi1, bmi2

Memory: 4k page, physical 3859708k(259800k free), swap 7955708k(6980k free)

vm_info: Java HotSpot(TM) 64-Bit Server VM (25.144-b01) for windows-amd64 JRE (1.8.0_144-b01), built on Jul 21 2017 21:57:33 by "java_re" with MS VC++ 10.0 (VS2010)

time: Wed Apr 04 18:15:08 2018
elapsed time: 59 seconds (0d 0h 0m 59s)

