#
# There is insufficient memory for the Java Runtime Environment to continue.
# Native memory allocation (malloc) failed to allocate 668416 bytes for Chunk::new
# Possible reasons:
#   The system is out of physical RAM or swap space
#   In 32 bit mode, the process size limit was hit
# Possible solutions:
#   Reduce memory load on the system
#   Increase physical memory or swap space
#   Check if swap backing store is full
#   Use 64 bit Java on a 64 bit OS
#   Decrease Java heap size (-Xmx/-Xms)
#   Decrease number of Java threads
#   Decrease Java thread stack sizes (-Xss)
#   Set larger code cache with -XX:ReservedCodeCacheSize=
# This output file may be truncated or incomplete.
#
#  Out of Memory Error (allocation.cpp:390), pid=5632, tid=0x0000000000003020
#
# JRE version: Java(TM) SE Runtime Environment (8.0_144-b01) (build 1.8.0_144-b01)
# Java VM: Java HotSpot(TM) 64-Bit Server VM (25.144-b01 mixed mode windows-amd64 compressed oops)
# Failed to write core dump. Minidumps are not enabled by default on client versions of Windows
#

---------------  T H R E A D  ---------------

Current thread (0x00000000190be800):  JavaThread "C2 CompilerThread0" daemon [_thread_in_native, id=12320, stack(0x0000000019880000,0x0000000019980000)]

Stack: [0x0000000019880000,0x0000000019980000]
[error occurred during error reporting (printing stack bounds), id 0xc0000005]

Native frames: (J=compiled Java code, j=interpreted, Vv=VM code, C=native code)


Current CompileTask:
C2:    723  848   !   4       java.net.URL::<init> (543 bytes)


---------------  P R O C E S S  ---------------

Java Threads: ( => current thread )
  0x000000001b24f000 JavaThread "background-preinit" [_thread_in_vm, id=7592, stack(0x000000001bf30000,0x000000001c030000)]
  0x0000000019167000 JavaThread "Service Thread" daemon [_thread_blocked, id=13084, stack(0x0000000019c80000,0x0000000019d80000)]
  0x00000000190dc800 JavaThread "C1 CompilerThread3" daemon [_thread_in_native, id=7416, stack(0x0000000019b80000,0x0000000019c80000)]
  0x00000000190ca000 JavaThread "C2 CompilerThread2" daemon [_thread_blocked, id=5200, stack(0x0000000019a80000,0x0000000019b80000)]
  0x00000000190c6000 JavaThread "C2 CompilerThread1" daemon [_thread_blocked, id=11968, stack(0x0000000019980000,0x0000000019a80000)]
=>0x00000000190be800 JavaThread "C2 CompilerThread0" daemon [_thread_in_native, id=12320, stack(0x0000000019880000,0x0000000019980000)]
  0x00000000190bd800 JavaThread "Attach Listener" daemon [_thread_blocked, id=13736, stack(0x0000000019780000,0x0000000019880000)]
  0x00000000190bc000 JavaThread "Signal Dispatcher" daemon [_thread_blocked, id=11048, stack(0x0000000019680000,0x0000000019780000)]
  0x00000000190b0800 JavaThread "Finalizer" daemon [_thread_blocked, id=8344, stack(0x0000000019490000,0x0000000019590000)]
  0x00000000171cd800 JavaThread "Reference Handler" daemon [_thread_blocked, id=4536, stack(0x0000000018f90000,0x0000000019090000)]
  0x00000000048a4800 JavaThread "main" [_thread_in_Java, id=9580, stack(0x00000000046a0000,0x00000000047a0000)]

Other Threads:
  0x00000000171c8800 VMThread [stack: 0x0000000018e90000,0x0000000018f90000] [id=6020]
  0x00000000191c4000 WatcherThread [stack: 0x0000000019d80000,0x0000000019e80000] [id=9032]

VM state:not at safepoint (normal execution)

VM Mutex/Monitor currently owned by a thread: None

Heap:
 PSYoungGen      total 17920K, used 4509K [0x00000000ec580000, 0x00000000ed980000, 0x0000000100000000)
  eden space 15360K, 12% used [0x00000000ec580000,0x00000000ec76f608,0x00000000ed480000)
  from space 2560K, 98% used [0x00000000ed480000,0x00000000ed6f8020,0x00000000ed700000)
  to   space 2560K, 0% used [0x00000000ed700000,0x00000000ed700000,0x00000000ed980000)
 ParOldGen       total 40960K, used 7353K [0x00000000c5000000, 0x00000000c7800000, 0x00000000ec580000)
  object space 40960K, 17% used [0x00000000c5000000,0x00000000c572e460,0x00000000c7800000)
 Metaspace       used 15420K, capacity 15566K, committed 15744K, reserved 1062912K
  class space    used 1874K, capacity 1919K, committed 1920K, reserved 1048576K

Card table byte_map: [0x0000000013d60000,0x0000000013f40000] byte_map_base: 0x0000000013738000

Marking Bits: (ParMarkBitMap*) 0x0000000061c5d850
 Begin Bits: [0x0000000014880000, 0x0000000015740000)
 End Bits:   [0x0000000015740000, 0x0000000016600000)

Polling page: 0x0000000002ed0000

CodeCache: size=245760Kb used=3609Kb max_used=3611Kb free=242150Kb
 bounds [0x00000000049a0000, 0x0000000004d30000, 0x00000000139a0000]
 total_blobs=1280 nmethods=963 adapters=230
 compilation: enabled

Compilation events (10 events):
Event: 0.689 Thread 0x00000000190dc800 nmethod 903 0x0000000004cd8610 code [0x0000000004cd8780, 0x0000000004cd89a8]
Event: 0.689 Thread 0x00000000190dc800  904       3       sun.reflect.ClassFileAssembler::setStack (25 bytes)
Event: 0.689 Thread 0x00000000190dc800 nmethod 904 0x0000000004cd8a90 code [0x0000000004cd8be0, 0x0000000004cd8d70]
Event: 0.689 Thread 0x00000000190dc800  905       1       java.util.Collections$EmptyMap::get (2 bytes)
Event: 0.689 Thread 0x00000000190dc800 nmethod 905 0x0000000004cd8dd0 code [0x0000000004cd8f20, 0x0000000004cd9030]
Event: 0.690 Thread 0x00000000190dc800  906       3       sun.reflect.AccessorGenerator::sub (5 bytes)
Event: 0.690 Thread 0x00000000190dc800 nmethod 906 0x0000000004cd9090 code [0x0000000004cd91e0, 0x0000000004cd9330]
Event: 0.691 Thread 0x00000000190dc800  908       3       com.sun.org.apache.xerces.internal.util.SymbolTable::addSymbol (110 bytes)
Event: 0.691 Thread 0x00000000190dc800 nmethod 908 0x0000000004cd9390 code [0x0000000004cd9540, 0x0000000004cd99f8]
Event: 0.691 Thread 0x00000000190dc800  907       3       com.sun.org.apache.xerces.internal.impl.XMLEntityScanner::scanName (305 bytes)

GC Heap History (8 events):
Event: 0.329 GC heap before
{Heap before GC invocations=1 (full 0):
 PSYoungGen      total 17920K, used 15360K [0x00000000ec580000, 0x00000000ed980000, 0x0000000100000000)
  eden space 15360K, 100% used [0x00000000ec580000,0x00000000ed480000,0x00000000ed480000)
  from space 2560K, 0% used [0x00000000ed700000,0x00000000ed700000,0x00000000ed980000)
  to   space 2560K, 0% used [0x00000000ed480000,0x00000000ed480000,0x00000000ed700000)
 ParOldGen       total 40960K, used 0K [0x00000000c5000000, 0x00000000c7800000, 0x00000000ec580000)
  object space 40960K, 0% used [0x00000000c5000000,0x00000000c5000000,0x00000000c7800000)
 Metaspace       used 6085K, capacity 6214K, committed 6400K, reserved 1056768K
  class space    used 729K, capacity 755K, committed 768K, reserved 1048576K
Event: 0.332 GC heap after
Heap after GC invocations=1 (full 0):
 PSYoungGen      total 17920K, used 2530K [0x00000000ec580000, 0x00000000ed980000, 0x0000000100000000)
  eden space 15360K, 0% used [0x00000000ec580000,0x00000000ec580000,0x00000000ed480000)
  from space 2560K, 98% used [0x00000000ed480000,0x00000000ed6f8988,0x00000000ed700000)
  to   space 2560K, 0% used [0x00000000ed700000,0x00000000ed700000,0x00000000ed980000)
 ParOldGen       total 40960K, used 589K [0x00000000c5000000, 0x00000000c7800000, 0x00000000ec580000)
  object space 40960K, 1% used [0x00000000c5000000,0x00000000c50936b0,0x00000000c7800000)
 Metaspace       used 6085K, capacity 6214K, committed 6400K, reserved 1056768K
  class space    used 729K, capacity 755K, committed 768K, reserved 1048576K
}
Event: 0.505 GC heap before
{Heap before GC invocations=2 (full 0):
 PSYoungGen      total 17920K, used 17890K [0x00000000ec580000, 0x00000000ed980000, 0x0000000100000000)
  eden space 15360K, 100% used [0x00000000ec580000,0x00000000ed480000,0x00000000ed480000)
  from space 2560K, 98% used [0x00000000ed480000,0x00000000ed6f8988,0x00000000ed700000)
  to   space 2560K, 0% used [0x00000000ed700000,0x00000000ed700000,0x00000000ed980000)
 ParOldGen       total 40960K, used 589K [0x00000000c5000000, 0x00000000c7800000, 0x00000000ec580000)
  object space 40960K, 1% used [0x00000000c5000000,0x00000000c50936b0,0x00000000c7800000)
 Metaspace       used 8386K, capacity 8550K, committed 8832K, reserved 1056768K
  class space    used 1066K, capacity 1107K, committed 1152K, reserved 1048576K
Event: 0.508 GC heap after
Heap after GC invocations=2 (full 0):
 PSYoungGen      total 17920K, used 2560K [0x00000000ec580000, 0x00000000ed980000, 0x0000000100000000)
  eden space 15360K, 0% used [0x00000000ec580000,0x00000000ec580000,0x00000000ed480000)
  from space 2560K, 100% used [0x00000000ed700000,0x00000000ed980000,0x00000000ed980000)
  to   space 2560K, 0% used [0x00000000ed480000,0x00000000ed480000,0x00000000ed700000)
 ParOldGen       total 40960K, used 1405K [0x00000000c5000000, 0x00000000c7800000, 0x00000000ec580000)
  object space 40960K, 3% used [0x00000000c5000000,0x00000000c515f5e8,0x00000000c7800000)
 Metaspace       used 8386K, capacity 8550K, committed 8832K, reserved 1056768K
  class space    used 1066K, capacity 1107K, committed 1152K, reserved 1048576K
}
Event: 0.567 GC heap before
{Heap before GC invocations=3 (full 0):
 PSYoungGen      total 17920K, used 17920K [0x00000000ec580000, 0x00000000ed980000, 0x0000000100000000)
  eden space 15360K, 100% used [0x00000000ec580000,0x00000000ed480000,0x00000000ed480000)
  from space 2560K, 100% used [0x00000000ed700000,0x00000000ed980000,0x00000000ed980000)
  to   space 2560K, 0% used [0x00000000ed480000,0x00000000ed480000,0x00000000ed700000)
 ParOldGen       total 40960K, used 1405K [0x00000000c5000000, 0x00000000c7800000, 0x00000000ec580000)
  object space 40960K, 3% used [0x00000000c5000000,0x00000000c515f6b0,0x00000000c7800000)
 Metaspace       used 10624K, capacity 10726K, committed 10880K, reserved 1058816K
  class space    used 1319K, capacity 1363K, committed 1408K, reserved 1048576K
Event: 0.571 GC heap after
Heap after GC invocations=3 (full 0):
 PSYoungGen      total 17920K, used 2549K [0x00000000ec580000, 0x00000000ed980000, 0x0000000100000000)
  eden space 15360K, 0% used [0x00000000ec580000,0x00000000ec580000,0x00000000ed480000)
  from space 2560K, 99% used [0x00000000ed480000,0x00000000ed6fd7e0,0x00000000ed700000)
  to   space 2560K, 0% used [0x00000000ed700000,0x00000000ed700000,0x00000000ed980000)
 ParOldGen       total 40960K, used 3216K [0x00000000c5000000, 0x00000000c7800000, 0x00000000ec580000)
  object space 40960K, 7% used [0x00000000c5000000,0x00000000c53243f8,0x00000000c7800000)
 Metaspace       used 10624K, capacity 10726K, committed 10880K, reserved 1058816K
  class space    used 1319K, capacity 1363K, committed 1408K, reserved 1048576K
}
Event: 0.624 GC heap before
{Heap before GC invocations=4 (full 0):
 PSYoungGen      total 17920K, used 17909K [0x00000000ec580000, 0x00000000ed980000, 0x0000000100000000)
  eden space 15360K, 100% used [0x00000000ec580000,0x00000000ed480000,0x00000000ed480000)
  from space 2560K, 99% used [0x00000000ed480000,0x00000000ed6fd7e0,0x00000000ed700000)
  to   space 2560K, 0% used [0x00000000ed700000,0x00000000ed700000,0x00000000ed980000)
 ParOldGen       total 40960K, used 3226K [0x00000000c5000000, 0x00000000c7800000, 0x00000000ec580000)
  object space 40960K, 7% used [0x00000000c5000000,0x00000000c5326a70,0x00000000c7800000)
 Metaspace       used 12597K, capacity 12710K, committed 12928K, reserved 1060864K
  class space    used 1572K, capacity 1619K, committed 1664K, reserved 1048576K
Event: 0.628 GC heap after
Heap after GC invocations=4 (full 0):
 PSYoungGen      total 17920K, used 2544K [0x00000000ec580000, 0x00000000ed980000, 0x0000000100000000)
  eden space 15360K, 0% used [0x00000000ec580000,0x00000000ec580000,0x00000000ed480000)
  from space 2560K, 99% used [0x00000000ed700000,0x00000000ed97c010,0x00000000ed980000)
  to   space 2560K, 0% used [0x00000000ed480000,0x00000000ed480000,0x00000000ed700000)
 ParOldGen       total 40960K, used 5139K [0x00000000c5000000, 0x00000000c7800000, 0x00000000ec580000)
  object space 40960K, 12% used [0x00000000c5000000,0x00000000c5504ff0,0x00000000c7800000)
 Metaspace       used 12597K, capacity 12710K, committed 12928K, reserved 1060864K
  class space    used 1572K, capacity 1619K, committed 1664K, reserved 1048576K
}

Deoptimization events (4 events):
Event: 0.097 Thread 0x00000000048a4800 Uncommon trap: reason=unstable_if action=reinterpret pc=0x0000000004aac638 method=java.lang.String.hashCode()I @ 14
Event: 0.348 Thread 0x00000000048a4800 Uncommon trap: reason=unstable_if action=reinterpret pc=0x0000000004b3d7a8 method=java.lang.String.indexOf([CII[CIII)I @ 3
Event: 0.563 Thread 0x00000000048a4800 Uncommon trap: reason=unstable_if action=reinterpret pc=0x0000000004c7f3a8 method=java.io.WinNTFileSystem.normalize(Ljava/lang/String;II)Ljava/lang/String; @ 90
Event: 0.566 Thread 0x00000000048a4800 Uncommon trap: reason=unstable_if action=reinterpret pc=0x0000000004c06a20 method=java.util.HashMap.hash(Ljava/lang/Object;)I @ 1

Internal exceptions (10 events):
Event: 0.296 Thread 0x00000000048a4800 Exception <a 'java/lang/ArrayIndexOutOfBoundsException'> (0x00000000ed1b6308) thrown at [C:\re\workspace\8-2-build-windows-amd64-cygwin\jdk8u144\9417\hotspot\src\share\vm\runtime\sharedRuntime.cpp, line 605]
Event: 0.296 Thread 0x00000000048a4800 Exception <a 'java/lang/ArrayIndexOutOfBoundsException'> (0x00000000ed1c2fb8) thrown at [C:\re\workspace\8-2-build-windows-amd64-cygwin\jdk8u144\9417\hotspot\src\share\vm\runtime\sharedRuntime.cpp, line 605]
Event: 0.297 Thread 0x00000000048a4800 Exception <a 'java/lang/ArrayIndexOutOfBoundsException'> (0x00000000ed1d1440) thrown at [C:\re\workspace\8-2-build-windows-amd64-cygwin\jdk8u144\9417\hotspot\src\share\vm\runtime\sharedRuntime.cpp, line 605]
Event: 0.298 Thread 0x00000000048a4800 Exception <a 'java/lang/ArrayIndexOutOfBoundsException'> (0x00000000ed1e0388) thrown at [C:\re\workspace\8-2-build-windows-amd64-cygwin\jdk8u144\9417\hotspot\src\share\vm\runtime\sharedRuntime.cpp, line 605]
Event: 0.305 Thread 0x00000000048a4800 Exception <a 'java/lang/ArrayIndexOutOfBoundsException'> (0x00000000ed2c58f0) thrown at [C:\re\workspace\8-2-build-windows-amd64-cygwin\jdk8u144\9417\hotspot\src\share\vm\runtime\sharedRuntime.cpp, line 605]
Event: 0.357 Thread 0x00000000048a4800 Exception <a 'java/io/FileNotFoundException'> (0x00000000ec7acc70) thrown at [C:\re\workspace\8-2-build-windows-amd64-cygwin\jdk8u144\9417\hotspot\src\share\vm\prims\jni.cpp, line 709]
Event: 0.424 Thread 0x00000000048a4800 Exception <a 'java/lang/ClassNotFoundException': java/lang/ObjectCustomizer> (0x00000000eced2718) thrown at [C:\re\workspace\8-2-build-windows-amd64-cygwin\jdk8u144\9417\hotspot\src\share\vm\classfile\systemDictionary.cpp, line 210]
Event: 0.428 Thread 0x00000000048a4800 Exception <a 'java/lang/ClassNotFoundException': org/springframework/boot/SpringApplicationCustomizer> (0x00000000eceed9e8) thrown at [C:\re\workspace\8-2-build-windows-amd64-cygwin\jdk8u144\9417\hotspot\src\share\vm\classfile\systemDictionary.cpp, line 2
Event: 0.564 Thread 0x00000000048a4800 Exception <a 'java/lang/NoSuchMethodError': org.slf4j.impl.StaticMDCBinder.getSingleton()Lorg/slf4j/impl/StaticMDCBinder;> (0x00000000ed35df38) thrown at [C:\re\workspace\8-2-build-windows-amd64-cygwin\jdk8u144\9417\hotspot\src\share\vm\interpreter\linkRe
Event: 0.566 Thread 0x00000000048a4800 Implicit null exception at 0x0000000004c06815 to 0x0000000004c06a11

Events (10 events):
Event: 0.690 loading class org/codehaus/groovy/runtime/metaclass/MetaMethodIndex$EntryIterator
Event: 0.690 loading class org/codehaus/groovy/runtime/metaclass/MetaMethodIndex$EntryIterator done
Event: 0.690 loading class org/codehaus/groovy/runtime/metaclass/MetaMethodIndex$Entry
Event: 0.690 loading class org/codehaus/groovy/runtime/metaclass/MetaMethodIndex$Entry done
Event: 0.691 loading class org/codehaus/groovy/util/SingleKeyHashMap$Entry
Event: 0.691 loading class org/codehaus/groovy/util/SingleKeyHashMap$Entry done
Event: 0.691 loading class org/codehaus/groovy/runtime/metaclass/MetaMethodIndex$Header
Event: 0.691 loading class org/codehaus/groovy/runtime/metaclass/MetaMethodIndex$Header done
Event: 0.691 loading class org/codehaus/groovy/reflection/CachedClass$2$1
Event: 0.691 loading class org/codehaus/groovy/reflection/CachedClass$2$1 done


Dynamic libraries:
0x00007ff604a80000 - 0x00007ff604ab7000 	C:\Program Files\Java\jre1.8.0_144\bin\javaw.exe
0x00007ffe7a540000 - 0x00007ffe7a720000 	C:\WINDOWS\SYSTEM32\ntdll.dll
0x00007ffe7a460000 - 0x00007ffe7a50e000 	C:\WINDOWS\System32\KERNEL32.DLL
0x00007ffe775d0000 - 0x00007ffe77836000 	C:\WINDOWS\System32\KERNELBASE.dll
0x00007ffe785a0000 - 0x00007ffe78641000 	C:\WINDOWS\System32\ADVAPI32.dll
0x00007ffe784a0000 - 0x00007ffe7853d000 	C:\WINDOWS\System32\msvcrt.dll
0x00007ffe7a400000 - 0x00007ffe7a45b000 	C:\WINDOWS\System32\sechost.dll
0x00007ffe78660000 - 0x00007ffe7877f000 	C:\WINDOWS\System32\RPCRT4.dll
0x00007ffe7a210000 - 0x00007ffe7a39f000 	C:\WINDOWS\System32\USER32.dll
0x00007ffe76b40000 - 0x00007ffe76b60000 	C:\WINDOWS\System32\win32u.dll
0x00007ffe79f80000 - 0x00007ffe79fa8000 	C:\WINDOWS\System32\GDI32.dll
0x00007ffe769a0000 - 0x00007ffe76b33000 	C:\WINDOWS\System32\gdi32full.dll
0x00007ffe77970000 - 0x00007ffe77a0b000 	C:\WINDOWS\System32\msvcp_win.dll
0x00007ffe77480000 - 0x00007ffe77576000 	C:\WINDOWS\System32\ucrtbase.dll
0x00007ffe66910000 - 0x00007ffe66b79000 	C:\WINDOWS\WinSxS\amd64_microsoft.windows.common-controls_6595b64144ccf1df_6.0.16299.309_none_15cfd4c4935e6b11\COMCTL32.dll
0x00007ffe77f60000 - 0x00007ffe78268000 	C:\WINDOWS\System32\combase.dll
0x00007ffe778f0000 - 0x00007ffe77962000 	C:\WINDOWS\System32\bcryptPrimitives.dll
0x00007ffe79f50000 - 0x00007ffe79f7d000 	C:\WINDOWS\System32\IMM32.DLL
0x0000000061250000 - 0x0000000061322000 	C:\Program Files\Java\jre1.8.0_144\bin\msvcr100.dll
0x0000000061440000 - 0x0000000061cdd000 	C:\Program Files\Java\jre1.8.0_144\bin\server\jvm.dll
0x00007ffe78650000 - 0x00007ffe78658000 	C:\WINDOWS\System32\PSAPI.DLL
0x00007ffe66030000 - 0x00007ffe66039000 	C:\WINDOWS\SYSTEM32\WSOCK32.dll
0x00007ffe6f870000 - 0x00007ffe6f893000 	C:\WINDOWS\SYSTEM32\WINMM.dll
0x00007ffe69840000 - 0x00007ffe6984a000 	C:\WINDOWS\SYSTEM32\VERSION.dll
0x00007ffe78860000 - 0x00007ffe788cc000 	C:\WINDOWS\System32\WS2_32.dll
0x00007ffe6f840000 - 0x00007ffe6f86a000 	C:\WINDOWS\SYSTEM32\WINMMBASE.dll
0x00007ffe77580000 - 0x00007ffe775ca000 	C:\WINDOWS\System32\cfgmgr32.dll
0x0000000061430000 - 0x000000006143f000 	C:\Program Files\Java\jre1.8.0_144\bin\verify.dll
0x0000000061400000 - 0x0000000061429000 	C:\Program Files\Java\jre1.8.0_144\bin\java.dll
0x00000000613e0000 - 0x00000000613f6000 	C:\Program Files\Java\jre1.8.0_144\bin\zip.dll
0x00007ffe789a0000 - 0x00007ffe79dd6000 	C:\WINDOWS\System32\SHELL32.dll
0x00007ffe788d0000 - 0x00007ffe78976000 	C:\WINDOWS\System32\shcore.dll
0x00007ffe76d30000 - 0x00007ffe77477000 	C:\WINDOWS\System32\windows.storage.dll
0x00007ffe77a10000 - 0x00007ffe77a61000 	C:\WINDOWS\System32\shlwapi.dll
0x00007ffe768d0000 - 0x00007ffe768e1000 	C:\WINDOWS\System32\kernel.appcore.dll
0x00007ffe768f0000 - 0x00007ffe7693c000 	C:\WINDOWS\System32\powrprof.dll
0x00007ffe768b0000 - 0x00007ffe768cb000 	C:\WINDOWS\System32\profapi.dll
0x0000000061330000 - 0x000000006133d000 	C:\Program Files\Java\jre1.8.0_144\bin\management.dll
0x00000000613c0000 - 0x00000000613da000 	C:\Program Files\Java\jre1.8.0_144\bin\net.dll
0x00007ffe76120000 - 0x00007ffe76186000 	C:\WINDOWS\system32\mswsock.dll
0x00007ffe65b40000 - 0x00007ffe65b56000 	C:\WINDOWS\system32\napinsp.dll
0x00007ffe65b20000 - 0x00007ffe65b3a000 	C:\WINDOWS\system32\pnrpnsp.dll
0x00007ffe72e80000 - 0x00007ffe72e98000 	C:\WINDOWS\system32\NLAapi.dll
0x00007ffe75ef0000 - 0x00007ffe75fa6000 	C:\WINDOWS\SYSTEM32\DNSAPI.dll
0x00007ffe78780000 - 0x00007ffe78788000 	C:\WINDOWS\System32\NSI.dll
0x00007ffe75eb0000 - 0x00007ffe75ee9000 	C:\WINDOWS\SYSTEM32\IPHLPAPI.DLL
0x00007ffe65ad0000 - 0x00007ffe65ade000 	C:\WINDOWS\System32\winrnr.dll
0x00000000620e0000 - 0x0000000062106000 	C:\Program Files\Bonjour\mdnsNSP.dll
0x00007ffe715b0000 - 0x00007ffe715c5000 	C:\WINDOWS\System32\wshbth.dll
0x00007ffe6c8a0000 - 0x00007ffe6c8aa000 	C:\Windows\System32\rasadhlp.dll
0x00007ffe6d880000 - 0x00007ffe6d8f0000 	C:\WINDOWS\System32\fwpuclnt.dll
0x00007ffe763f0000 - 0x00007ffe76415000 	C:\WINDOWS\SYSTEM32\bcrypt.dll

VM Arguments:
jvm_args: -Dfile.encoding=UTF-8 
java_command: com.softtech.localLevel.LocalLevelApplication
java_class_path (initial): C:\Users\Lothbroke\Desktop\Softech\Project\LocalLevel\target\classes;C:\Users\Lothbroke\.m2\repository\org\springframework\boot\spring-boot-starter-data-jpa\1.5.10.RELEASE\spring-boot-starter-data-jpa-1.5.10.RELEASE.jar;C:\Users\Lothbroke\.m2\repository\org\springframework\boot\spring-boot-starter\1.5.10.RELEASE\spring-boot-starter-1.5.10.RELEASE.jar;C:\Users\Lothbroke\.m2\repository\org\springframework\boot\spring-boot\1.5.10.RELEASE\spring-boot-1.5.10.RELEASE.jar;C:\Users\Lothbroke\.m2\repository\org\springframework\boot\spring-boot-autoconfigure\1.5.10.RELEASE\spring-boot-autoconfigure-1.5.10.RELEASE.jar;C:\Users\Lothbroke\.m2\repository\org\springframework\boot\spring-boot-starter-logging\1.5.10.RELEASE\spring-boot-starter-logging-1.5.10.RELEASE.jar;C:\Users\Lothbroke\.m2\repository\ch\qos\logback\logback-classic\1.1.11\logback-classic-1.1.11.jar;C:\Users\Lothbroke\.m2\repository\ch\qos\logback\logback-core\1.1.11\logback-core-1.1.11.jar;C:\Users\Lothbroke\.m2\repository\org\slf4j\jul-to-slf4j\1.7.25\jul-to-slf4j-1.7.25.jar;C:\Users\Lothbroke\.m2\repository\org\slf4j\log4j-over-slf4j\1.7.25\log4j-over-slf4j-1.7.25.jar;C:\Users\Lothbroke\.m2\repository\org\yaml\snakeyaml\1.17\snakeyaml-1.17.jar;C:\Users\Lothbroke\.m2\repository\org\springframework\boot\spring-boot-starter-aop\1.5.10.RELEASE\spring-boot-starter-aop-1.5.10.RELEASE.jar;C:\Users\Lothbroke\.m2\repository\org\springframework\spring-aop\4.3.14.RELEASE\spring-aop-4.3.14.RELEASE.jar;C:\Users\Lothbroke\.m2\repository\org\aspectj\aspectjweaver\1.8.13\aspectjweaver-1.8.13.jar;C:\Users\Lothbroke\.m2\repository\org\springframework\boot\spring-boot-starter-jdbc\1.5.10.RELEASE\spring-boot-starter-jdbc-1.5.10.RELEASE.jar;C:\Users\Lothbroke\.m2\repository\org\apache\tomcat\tomcat-jdbc\8.5.27\tomcat-jdbc-8.5.27.jar;C:\Users\Lothbroke\.m2\repository\org\apache\tomcat\tomcat-juli\8.5.27\tomcat-juli-8.5.27.jar;C:\Users\Lothbroke\.m2\repository\org\springframework\spring-jdbc\4.3.14.RELEASE
Launcher Type: SUN_STANDARD

Environment Variables:
JAVA_HOME=C:\Program Files\Java\jdk1.8.0_144
PATH=C:/Program Files/Java/jre1.8.0_144/bin/server;C:/Program Files/Java/jre1.8.0_144/bin;C:/Program Files/Java/jre1.8.0_144/lib/amd64;C:\app\Lothbroke\product\11.2.0\dbhome_1\bin;C:\ProgramData\Oracle\Java\javapath;"C:\ProgramData\Oracle\Java\javapath;C:\Program Files\Java\jdk1.8.0_144\bin;C:\Program Files\Java\jre1.8.0_144";C:\WINDOWS\system32;C:\WINDOWS;C:\WINDOWS\System32\Wbem;C:\WINDOWS\System32\WindowsPowerShell\v1.0\;C:\Program Files\PuTTY\;C:\Program Files\Git\cmd;C:\Program Files\nodejs\;C:\Program Files\Apache software foundation\apache-maven-3.5.0\bin;C:\Users\Lothbroke\AppData\Local\Microsoft\WindowsApps;C:\Program Files\Java\jdk1.8.0_144\bin;C:\Users\Lothbroke\AppData\Roaming\npm;C:\Program Files (x86)\Microsoft VS Code\bin;C:\Users\Lothbroke\Desktop\eclipse;
USERNAME=Lothbroke
OS=Windows_NT
PROCESSOR_IDENTIFIER=Intel64 Family 6 Model 60 Stepping 3, GenuineIntel



---------------  S Y S T E M  ---------------

OS: Windows 10.0 , 64 bit Build 16299 (10.0.16299.15)

CPU:total 8 (initial active 8) (4 cores per cpu, 2 threads per core) family 6 model 60 stepping 3, cmov, cx8, fxsr, mmx, sse, sse2, sse3, ssse3, sse4.1, sse4.2, popcnt, avx, avx2, aes, clmul, erms, lzcnt, ht, tsc, tscinvbit, bmi1, bmi2

Memory: 4k page, physical 3859708k(424020k free), swap 7955708k(5572k free)

vm_info: Java HotSpot(TM) 64-Bit Server VM (25.144-b01) for windows-amd64 JRE (1.8.0_144-b01), built on Jul 21 2017 21:57:33 by "java_re" with MS VC++ 10.0 (VS2010)

time: Fri Apr 06 15:56:02 2018
elapsed time: 0 seconds (0d 0h 0m 0s)

