#
# There is insufficient memory for the Java Runtime Environment to continue.
# Native memory allocation (malloc) failed to allocate 1056656 bytes for Chunk::new
# Possible reasons:
#   The system is out of physical RAM or swap space
#   In 32 bit mode, the process size limit was hit
# Possible solutions:
#   Reduce memory load on the system
#   Increase physical memory or swap space
#   Check if swap backing store is full
#   Use 64 bit Java on a 64 bit OS
#   Decrease Java heap size (-Xmx/-Xms)
#   Decrease number of Java threads
#   Decrease Java thread stack sizes (-Xss)
#   Set larger code cache with -XX:ReservedCodeCacheSize=
# This output file may be truncated or incomplete.
#
#  Out of Memory Error (allocation.cpp:390), pid=15412, tid=0x0000000000003188
#
# JRE version: Java(TM) SE Runtime Environment (8.0_144-b01) (build 1.8.0_144-b01)
# Java VM: Java HotSpot(TM) 64-Bit Server VM (25.144-b01 mixed mode windows-amd64 compressed oops)
# Failed to write core dump. Minidumps are not enabled by default on client versions of Windows
#

---------------  T H R E A D  ---------------

Current thread (0x0000000018eb3800):  JavaThread "C2 CompilerThread0" daemon [_thread_in_native, id=12680, stack(0x0000000019670000,0x0000000019770000)]

Stack: [0x0000000019670000,0x0000000019770000]
[error occurred during error reporting (printing stack bounds), id 0xc0000005]

Native frames: (J=compiled Java code, j=interpreted, Vv=VM code, C=native code)


Current CompileTask:
C2: 597643 9577       4       org.springframework.asm.ClassReader::readMethod (1130 bytes)


---------------  P R O C E S S  ---------------

Java Threads: ( => current thread )
  0x000000001f94e000 JavaThread "restartedMain" [_thread_in_vm, id=16764, stack(0x0000000029e30000,0x0000000029f30000)]
  0x000000001f954800 JavaThread "Thread-11" [_thread_blocked, id=11680, stack(0x0000000029930000,0x0000000029a30000)]
  0x000000001f952800 JavaThread "http-nio-8088-AsyncTimeout" daemon [_thread_blocked, id=2992, stack(0x0000000029830000,0x0000000029930000)]
  0x000000002064e800 JavaThread "DestroyJavaVM" [_thread_blocked, id=17304, stack(0x0000000004590000,0x0000000004690000)]
  0x0000000020647000 JavaThread "Live Reload Server" daemon [_thread_in_native, id=9880, stack(0x0000000025310000,0x0000000025410000)]
  0x0000000020476800 JavaThread "Abandoned connection cleanup thread" daemon [_thread_blocked, id=12824, stack(0x0000000022cc0000,0x0000000022dc0000)]
  0x0000000018f46000 JavaThread "Service Thread" daemon [_thread_blocked, id=7480, stack(0x0000000019a70000,0x0000000019b70000)]
  0x0000000018eea800 JavaThread "C1 CompilerThread3" daemon [_thread_blocked, id=15340, stack(0x0000000019970000,0x0000000019a70000)]
  0x0000000018edf800 JavaThread "C2 CompilerThread2" daemon [_thread_in_native, id=12936, stack(0x0000000019870000,0x0000000019970000)]
  0x0000000018eb9800 JavaThread "C2 CompilerThread1" daemon [_thread_in_native, id=15840, stack(0x0000000019770000,0x0000000019870000)]
=>0x0000000018eb3800 JavaThread "C2 CompilerThread0" daemon [_thread_in_native, id=12680, stack(0x0000000019670000,0x0000000019770000)]
  0x0000000018eb2000 JavaThread "Attach Listener" daemon [_thread_blocked, id=8632, stack(0x0000000019570000,0x0000000019670000)]
  0x0000000018eaf000 JavaThread "Signal Dispatcher" daemon [_thread_blocked, id=16056, stack(0x0000000019470000,0x0000000019570000)]
  0x0000000018ea0800 JavaThread "Finalizer" daemon [_thread_blocked, id=8336, stack(0x0000000019280000,0x0000000019380000)]
  0x0000000004789000 JavaThread "Reference Handler" daemon [_thread_blocked, id=5020, stack(0x0000000018d80000,0x0000000018e80000)]

Other Threads:
  0x0000000016fb8800 VMThread [stack: 0x0000000018c80000,0x0000000018d80000] [id=13180]
  0x0000000018f8b000 WatcherThread [stack: 0x0000000019b70000,0x0000000019c70000] [id=13488]

VM state:not at safepoint (normal execution)

VM Mutex/Monitor currently owned by a thread: None

Heap:
 PSYoungGen      total 296448K, used 91380K [0x00000000ec580000, 0x0000000100000000, 0x0000000100000000)
  eden space 270848K, 33% used [0x00000000ec580000,0x00000000f1ebd198,0x00000000fce00000)
  from space 25600K, 0% used [0x00000000fce00000,0x00000000fce00000,0x00000000fe700000)
  to   space 25600K, 0% used [0x00000000fe700000,0x00000000fe700000,0x0000000100000000)
 ParOldGen       total 97792K, used 43046K [0x00000000c5000000, 0x00000000caf80000, 0x00000000ec580000)
  object space 97792K, 44% used [0x00000000c5000000,0x00000000c7a09bb0,0x00000000caf80000)
 Metaspace       used 62905K, capacity 63900K, committed 64128K, reserved 1105920K
  class space    used 7706K, capacity 7960K, committed 8064K, reserved 1048576K

Card table byte_map: [0x0000000013b50000,0x0000000013d30000] byte_map_base: 0x0000000013528000

Marking Bits: (ParMarkBitMap*) 0x000000005d1dd850
 Begin Bits: [0x0000000014670000, 0x0000000015530000)
 End Bits:   [0x0000000015530000, 0x00000000163f0000)

Polling page: 0x00000000027b0000

CodeCache: size=245760Kb used=31065Kb max_used=31260Kb free=214694Kb
 bounds [0x0000000004790000, 0x0000000006650000, 0x0000000013790000]
 total_blobs=8694 nmethods=7897 adapters=708
 compilation: enabled

Compilation events (10 events):
Event: 597.294 Thread 0x0000000018eea800 9589       3       org.springframework.boot.autoconfigure.AutoConfigurationSorter$AutoConfigurationClass::readBefore (42 bytes)
Event: 597.295 Thread 0x0000000018eea800 nmethod 9589 0x000000000661f790 code [0x000000000661f960, 0x000000000661fed8]
Event: 597.303 Thread 0x0000000018eea800 9591       3       org.springframework.boot.autoconfigure.AutoConfigurationMetadataLoader$PropertiesAutoConfigurationMetadata::getSet (8 bytes)
Event: 597.303 Thread 0x0000000018eea800 nmethod 9591 0x0000000004a32350 code [0x0000000004a324e0, 0x0000000004a327d8]
Event: 597.306 Thread 0x0000000018eea800 9592   !   3       org.springframework.boot.autoconfigure.condition.OnClassCondition$StandardOutcomesResolver::getOutcome (58 bytes)
Event: 597.307 Thread 0x0000000018eea800 nmethod 9592 0x0000000004a30c90 code [0x0000000004a30ee0, 0x0000000004a31ad8]
Event: 597.307 Thread 0x0000000018eea800 9593       3       org.springframework.boot.autoconfigure.condition.OnClassCondition::access$500 (8 bytes)
Event: 597.307 Thread 0x0000000018eea800 nmethod 9593 0x0000000005860d90 code [0x0000000005860f00, 0x0000000005861068]
Event: 597.309 Thread 0x0000000018eea800 9594       3       org.springframework.boot.devtools.restart.classloader.RestartClassLoader::getResources (67 bytes)
Event: 597.311 Thread 0x0000000018eea800 nmethod 9594 0x0000000004d5b1d0 code [0x0000000004d5b440, 0x0000000004d5c408]

GC Heap History (10 events):
Event: 104.665 GC heap before
{Heap before GC invocations=20 (full 4):
 PSYoungGen      total 299008K, used 1944K [0x00000000ec580000, 0x0000000100000000, 0x0000000100000000)
  eden space 275968K, 0% used [0x00000000ec580000,0x00000000ec580000,0x00000000fd300000)
  from space 23040K, 8% used [0x00000000fe980000,0x00000000feb66088,0x0000000100000000)
  to   space 23040K, 0% used [0x00000000fd300000,0x00000000fd300000,0x00000000fe980000)
 ParOldGen       total 97792K, used 44347K [0x00000000c5000000, 0x00000000caf80000, 0x00000000ec580000)
  object space 97792K, 45% used [0x00000000c5000000,0x00000000c7b4efb8,0x00000000caf80000)
 Metaspace       used 59828K, capacity 60634K, committed 60952K, reserved 1101824K
  class space    used 7521K, capacity 7717K, committed 7808K, reserved 1048576K
Event: 105.004 GC heap after
Heap after GC invocations=20 (full 4):
 PSYoungGen      total 299008K, used 0K [0x00000000ec580000, 0x0000000100000000, 0x0000000100000000)
  eden space 275968K, 0% used [0x00000000ec580000,0x00000000ec580000,0x00000000fd300000)
  from space 23040K, 0% used [0x00000000fe980000,0x00000000fe980000,0x0000000100000000)
  to   space 23040K, 0% used [0x00000000fd300000,0x00000000fd300000,0x00000000fe980000)
 ParOldGen       total 97792K, used 42404K [0x00000000c5000000, 0x00000000caf80000, 0x00000000ec580000)
  object space 97792K, 43% used [0x00000000c5000000,0x00000000c7969128,0x00000000caf80000)
 Metaspace       used 59828K, capacity 60634K, committed 60952K, reserved 1101824K
  class space    used 7521K, capacity 7717K, committed 7808K, reserved 1048576K
}
Event: 111.179 GC heap before
{Heap before GC invocations=21 (full 4):
 PSYoungGen      total 299008K, used 275968K [0x00000000ec580000, 0x0000000100000000, 0x0000000100000000)
  eden space 275968K, 100% used [0x00000000ec580000,0x00000000fd300000,0x00000000fd300000)
  from space 23040K, 0% used [0x00000000fe980000,0x00000000fe980000,0x0000000100000000)
  to   space 23040K, 0% used [0x00000000fd300000,0x00000000fd300000,0x00000000fe980000)
 ParOldGen       total 97792K, used 42404K [0x00000000c5000000, 0x00000000caf80000, 0x00000000ec580000)
  object space 97792K, 43% used [0x00000000c5000000,0x00000000c7969128,0x00000000caf80000)
 Metaspace       used 61227K, capacity 62142K, committed 62464K, reserved 1103872K
  class space    used 7609K, capacity 7839K, committed 7936K, reserved 1048576K
Event: 111.193 GC heap after
Heap after GC invocations=21 (full 4):
 PSYoungGen      total 291840K, used 15734K [0x00000000ec580000, 0x0000000100000000, 0x0000000100000000)
  eden space 275968K, 0% used [0x00000000ec580000,0x00000000ec580000,0x00000000fd300000)
  from space 15872K, 99% used [0x00000000fd300000,0x00000000fe25d9a0,0x00000000fe280000)
  to   space 24064K, 0% used [0x00000000fe880000,0x00000000fe880000,0x0000000100000000)
 ParOldGen       total 97792K, used 42412K [0x00000000c5000000, 0x00000000caf80000, 0x00000000ec580000)
  object space 97792K, 43% used [0x00000000c5000000,0x00000000c796b128,0x00000000caf80000)
 Metaspace       used 61227K, capacity 62142K, committed 62464K, reserved 1103872K
  class space    used 7609K, capacity 7839K, committed 7936K, reserved 1048576K
}
Event: 297.107 GC heap before
{Heap before GC invocations=22 (full 4):
 PSYoungGen      total 291840K, used 291702K [0x00000000ec580000, 0x0000000100000000, 0x0000000100000000)
  eden space 275968K, 100% used [0x00000000ec580000,0x00000000fd300000,0x00000000fd300000)
  from space 15872K, 99% used [0x00000000fd300000,0x00000000fe25d9a0,0x00000000fe280000)
  to   space 24064K, 0% used [0x00000000fe880000,0x00000000fe880000,0x0000000100000000)
 ParOldGen       total 97792K, used 42412K [0x00000000c5000000, 0x00000000caf80000, 0x00000000ec580000)
  object space 97792K, 43% used [0x00000000c5000000,0x00000000c796b128,0x00000000caf80000)
 Metaspace       used 62658K, capacity 63670K, committed 63744K, reserved 1105920K
  class space    used 7682K, capacity 7923K, committed 7936K, reserved 1048576K
Event: 297.119 GC heap after
Heap after GC invocations=22 (full 4):
 PSYoungGen      total 294912K, used 17048K [0x00000000ec580000, 0x0000000100000000, 0x0000000100000000)
  eden space 270848K, 0% used [0x00000000ec580000,0x00000000ec580000,0x00000000fce00000)
  from space 24064K, 70% used [0x00000000fe880000,0x00000000ff9260d8,0x0000000100000000)
  to   space 25600K, 0% used [0x00000000fce00000,0x00000000fce00000,0x00000000fe700000)
 ParOldGen       total 97792K, used 42420K [0x00000000c5000000, 0x00000000caf80000, 0x00000000ec580000)
  object space 97792K, 43% used [0x00000000c5000000,0x00000000c796d128,0x00000000caf80000)
 Metaspace       used 62658K, capacity 63670K, committed 63744K, reserved 1105920K
  class space    used 7682K, capacity 7923K, committed 7936K, reserved 1048576K
}
Event: 596.794 GC heap before
{Heap before GC invocations=23 (full 4):
 PSYoungGen      total 294912K, used 156320K [0x00000000ec580000, 0x0000000100000000, 0x0000000100000000)
  eden space 270848K, 51% used [0x00000000ec580000,0x00000000f4d82098,0x00000000fce00000)
  from space 24064K, 70% used [0x00000000fe880000,0x00000000ff9260d8,0x0000000100000000)
  to   space 25600K, 0% used [0x00000000fce00000,0x00000000fce00000,0x00000000fe700000)
 ParOldGen       total 97792K, used 42420K [0x00000000c5000000, 0x00000000caf80000, 0x00000000ec580000)
  object space 97792K, 43% used [0x00000000c5000000,0x00000000c796d128,0x00000000caf80000)
 Metaspace       used 62670K, capacity 63682K, committed 63744K, reserved 1105920K
  class space    used 7683K, capacity 7926K, committed 7936K, reserved 1048576K
Event: 596.804 GC heap after
Heap after GC invocations=23 (full 4):
 PSYoungGen      total 296448K, used 14384K [0x00000000ec580000, 0x0000000100000000, 0x0000000100000000)
  eden space 270848K, 0% used [0x00000000ec580000,0x00000000ec580000,0x00000000fce00000)
  from space 25600K, 56% used [0x00000000fce00000,0x00000000fdc0c090,0x00000000fe700000)
  to   space 25600K, 0% used [0x00000000fe700000,0x00000000fe700000,0x0000000100000000)
 ParOldGen       total 97792K, used 42428K [0x00000000c5000000, 0x00000000caf80000, 0x00000000ec580000)
  object space 97792K, 43% used [0x00000000c5000000,0x00000000c796f128,0x00000000caf80000)
 Metaspace       used 62670K, capacity 63682K, committed 63744K, reserved 1105920K
  class space    used 7683K, capacity 7926K, committed 7936K, reserved 1048576K
}
Event: 596.804 GC heap before
{Heap before GC invocations=24 (full 5):
 PSYoungGen      total 296448K, used 14384K [0x00000000ec580000, 0x0000000100000000, 0x0000000100000000)
  eden space 270848K, 0% used [0x00000000ec580000,0x00000000ec580000,0x00000000fce00000)
  from space 25600K, 56% used [0x00000000fce00000,0x00000000fdc0c090,0x00000000fe700000)
  to   space 25600K, 0% used [0x00000000fe700000,0x00000000fe700000,0x0000000100000000)
 ParOldGen       total 97792K, used 42428K [0x00000000c5000000, 0x00000000caf80000, 0x00000000ec580000)
  object space 97792K, 43% used [0x00000000c5000000,0x00000000c796f128,0x00000000caf80000)
 Metaspace       used 62670K, capacity 63682K, committed 63744K, reserved 1105920K
  class space    used 7683K, capacity 7926K, committed 7936K, reserved 1048576K
Event: 597.019 GC heap after
Heap after GC invocations=24 (full 5):
 PSYoungGen      total 296448K, used 0K [0x00000000ec580000, 0x0000000100000000, 0x0000000100000000)
  eden space 270848K, 0% used [0x00000000ec580000,0x00000000ec580000,0x00000000fce00000)
  from space 25600K, 0% used [0x00000000fce00000,0x00000000fce00000,0x00000000fe700000)
  to   space 25600K, 0% used [0x00000000fe700000,0x00000000fe700000,0x0000000100000000)
 ParOldGen       total 97792K, used 43046K [0x00000000c5000000, 0x00000000caf80000, 0x00000000ec580000)
  object space 97792K, 44% used [0x00000000c5000000,0x00000000c7a09bb0,0x00000000caf80000)
 Metaspace       used 62649K, capacity 63646K, committed 63744K, reserved 1105920K
  class space    used 7680K, capacity 7919K, committed 7936K, reserved 1048576K
}

Deoptimization events (10 events):
Event: 111.296 Thread 0x000000001d3e2800 Uncommon trap: reason=class_check action=maybe_recompile pc=0x0000000004a9d25c method=java.util.regex.Matcher.search(I)Z @ 86
Event: 111.296 Thread 0x000000001d3e2800 Uncommon trap: reason=class_check action=maybe_recompile pc=0x0000000004a9d25c method=java.util.regex.Matcher.search(I)Z @ 86
Event: 111.664 Thread 0x000000001d3e2800 Uncommon trap: reason=null_check action=make_not_entrant pc=0x000000000514a29c method=org.springframework.orm.jpa.support.PersistenceAnnotationBeanPostProcessor$PersistenceElement.<init>(Lorg/springframework/orm/jpa/support/PersistenceAnnotationBeanPostPr
Event: 134.266 Thread 0x000000002064b800 Uncommon trap: reason=speculate_class_check action=maybe_recompile pc=0x00000000062e27b4 method=java.nio.charset.CharsetDecoder.flush(Ljava/nio/CharBuffer;)Ljava/nio/charset/CoderResult; @ 10
Event: 134.271 Thread 0x000000002064b800 Uncommon trap: reason=speculate_class_check action=maybe_recompile pc=0x00000000062e27b4 method=java.nio.charset.CharsetDecoder.flush(Ljava/nio/CharBuffer;)Ljava/nio/charset/CoderResult; @ 10
Event: 134.271 Thread 0x000000002064b800 Uncommon trap: reason=speculate_class_check action=maybe_recompile pc=0x00000000062e27b4 method=java.nio.charset.CharsetDecoder.flush(Ljava/nio/CharBuffer;)Ljava/nio/charset/CoderResult; @ 10
Event: 134.271 Thread 0x000000002064b800 Uncommon trap: reason=speculate_class_check action=maybe_recompile pc=0x00000000062e27b4 method=java.nio.charset.CharsetDecoder.flush(Ljava/nio/CharBuffer;)Ljava/nio/charset/CoderResult; @ 10
Event: 134.276 Thread 0x000000002064b800 Uncommon trap: reason=unstable_if action=reinterpret pc=0x0000000004a4a9b4 method=java.lang.String.indexOf([CII[CIII)I @ 27
Event: 134.284 Thread 0x000000002064b800 Uncommon trap: reason=class_check action=maybe_recompile pc=0x000000000534a8e0 method=java.lang.reflect.Array.newInstance(Ljava/lang/Class;I)Ljava/lang/Object; @ 2
Event: 597.054 Thread 0x000000001f94e000 Uncommon trap: reason=unstable_if action=reinterpret pc=0x000000000618c6c8 method=org.springframework.core.annotation.AnnotationUtils.adaptValue(Ljava/lang/Object;Ljava/lang/Object;ZZ)Ljava/lang/Object; @ 8

Internal exceptions (10 events):
Event: 111.717 Thread 0x000000001d3e2800 Exception <a 'java/lang/ClassNotFoundException': java/lang/ObjectCustomizer> (0x00000000f0333380) thrown at [C:\re\workspace\8-2-build-windows-amd64-cygwin\jdk8u144\9417\hotspot\src\share\vm\classfile\systemDictionary.cpp, line 210]
Event: 111.717 Thread 0x000000001d3e2800 Exception <a 'java/lang/ClassNotFoundException': com/softtech/localLevel/controller/WaterfallControllerCustomizer> (0x00000000f0351570) thrown at [C:\re\workspace\8-2-build-windows-amd64-cygwin\jdk8u144\9417\hotspot\src\share\vm\classfile\systemDictionary
Event: 111.718 Thread 0x000000001d3e2800 Exception <a 'java/lang/ClassNotFoundException': java/lang/ObjectCustomizer> (0x00000000f036fd38) thrown at [C:\re\workspace\8-2-build-windows-amd64-cygwin\jdk8u144\9417\hotspot\src\share\vm\classfile\systemDictionary.cpp, line 210]
Event: 111.719 Thread 0x000000001d3e2800 Exception <a 'java/lang/ClassNotFoundException': com/softtech/localLevel/service/DemographicServiceCustomizer> (0x00000000f038ce48) thrown at [C:\re\workspace\8-2-build-windows-amd64-cygwin\jdk8u144\9417\hotspot\src\share\vm\classfile\systemDictionary.cpp
Event: 111.921 Thread 0x000000001d3e2800 Exception <a 'java/security/PrivilegedActionException'> (0x00000000f1d691b8) thrown at [C:\re\workspace\8-2-build-windows-amd64-cygwin\jdk8u144\9417\hotspot\src\share\vm\prims\jvm.cpp, line 1390]
Event: 111.921 Thread 0x000000001d3e2800 Exception <a 'java/security/PrivilegedActionException'> (0x00000000f1d695b0) thrown at [C:\re\workspace\8-2-build-windows-amd64-cygwin\jdk8u144\9417\hotspot\src\share\vm\prims\jvm.cpp, line 1390]
Event: 596.782 Thread 0x0000000020645800 Exception <a 'java/lang/InterruptedException': sleep interrupted> (0x00000000ed01bcc8) thrown at [C:\re\workspace\8-2-build-windows-amd64-cygwin\jdk8u144\9417\hotspot\src\share\vm\prims\jvm.cpp, line 3228]
Event: 596.793 Thread 0x0000000020649000 Exception <a 'java/lang/InterruptedException': sleep interrupted> (0x00000000f4ca0588) thrown at [C:\re\workspace\8-2-build-windows-amd64-cygwin\jdk8u144\9417\hotspot\src\share\vm\prims\jvm.cpp, line 3228]
Event: 597.028 Thread 0x000000001f94e000 Exception <a 'java/io/FileNotFoundException'> (0x00000000ec8cca78) thrown at [C:\re\workspace\8-2-build-windows-amd64-cygwin\jdk8u144\9417\hotspot\src\share\vm\prims\jni.cpp, line 709]
Event: 597.047 Thread 0x000000001f94e000 Exception <a 'java/io/FileNotFoundException'> (0x00000000ecd3d788) thrown at [C:\re\workspace\8-2-build-windows-amd64-cygwin\jdk8u144\9417\hotspot\src\share\vm\prims\jni.cpp, line 709]

Events (10 events):
Event: 597.350 loading class io/undertow/Undertow
Event: 597.350 loading class io/undertow/Undertow done
Event: 597.350 loading class org/xnio/SslClientAuthMode
Event: 597.350 loading class org/xnio/SslClientAuthMode done
Event: 597.350 loading class org/eclipse/jetty/server/Server
Event: 597.350 loading class org/eclipse/jetty/server/Server done
Event: 597.351 loading class org/eclipse/jetty/util/Loader
Event: 597.351 loading class org/eclipse/jetty/util/Loader done
Event: 597.351 loading class org/eclipse/jetty/webapp/WebAppContext
Event: 597.351 loading class org/eclipse/jetty/webapp/WebAppContext done


Dynamic libraries:
0x00007ff6d2270000 - 0x00007ff6d22a7000 	C:\Program Files\Java\jre1.8.0_144\bin\javaw.exe
0x00007ffa6da00000 - 0x00007ffa6dbe0000 	C:\WINDOWS\SYSTEM32\ntdll.dll
0x00007ffa6ba60000 - 0x00007ffa6bb0e000 	C:\WINDOWS\System32\KERNEL32.DLL
0x00007ffa69e00000 - 0x00007ffa6a066000 	C:\WINDOWS\System32\KERNELBASE.dll
0x00007ffa6c160000 - 0x00007ffa6c201000 	C:\WINDOWS\System32\ADVAPI32.dll
0x00007ffa6bed0000 - 0x00007ffa6bf6d000 	C:\WINDOWS\System32\msvcrt.dll
0x00007ffa6b3f0000 - 0x00007ffa6b44b000 	C:\WINDOWS\System32\sechost.dll
0x00007ffa6bfe0000 - 0x00007ffa6c0ff000 	C:\WINDOWS\System32\RPCRT4.dll
0x00007ffa6c210000 - 0x00007ffa6c39f000 	C:\WINDOWS\System32\USER32.dll
0x00007ffa6a340000 - 0x00007ffa6a360000 	C:\WINDOWS\System32\win32u.dll
0x00007ffa6b450000 - 0x00007ffa6b478000 	C:\WINDOWS\System32\GDI32.dll
0x00007ffa6a4f0000 - 0x00007ffa6a683000 	C:\WINDOWS\System32\gdi32full.dll
0x00007ffa6a6e0000 - 0x00007ffa6a77b000 	C:\WINDOWS\System32\msvcp_win.dll
0x00007ffa6a240000 - 0x00007ffa6a336000 	C:\WINDOWS\System32\ucrtbase.dll
0x00007ffa59310000 - 0x00007ffa59579000 	C:\WINDOWS\WinSxS\amd64_microsoft.windows.common-controls_6595b64144ccf1df_6.0.16299.371_none_15c7d1789365a290\COMCTL32.dll
0x00007ffa6af30000 - 0x00007ffa6b238000 	C:\WINDOWS\System32\combase.dll
0x00007ffa6a360000 - 0x00007ffa6a3d2000 	C:\WINDOWS\System32\bcryptPrimitives.dll
0x00007ffa6b490000 - 0x00007ffa6b4bd000 	C:\WINDOWS\System32\IMM32.DLL
0x000000005d260000 - 0x000000005d332000 	C:\Program Files\Java\jre1.8.0_144\bin\msvcr100.dll
0x000000005c9c0000 - 0x000000005d25d000 	C:\Program Files\Java\jre1.8.0_144\bin\server\jvm.dll
0x00007ffa6d9c0000 - 0x00007ffa6d9c8000 	C:\WINDOWS\System32\PSAPI.DLL
0x00007ffa5d3f0000 - 0x00007ffa5d3fa000 	C:\WINDOWS\SYSTEM32\VERSION.dll
0x00007ffa62e30000 - 0x00007ffa62e53000 	C:\WINDOWS\SYSTEM32\WINMM.dll
0x00007ffa5c7e0000 - 0x00007ffa5c7e9000 	C:\WINDOWS\SYSTEM32\WSOCK32.dll
0x00007ffa6bf70000 - 0x00007ffa6bfdc000 	C:\WINDOWS\System32\WS2_32.dll
0x00007ffa62dd0000 - 0x00007ffa62dfa000 	C:\WINDOWS\SYSTEM32\winmmbase.dll
0x00007ffa6a690000 - 0x00007ffa6a6da000 	C:\WINDOWS\System32\cfgmgr32.dll
0x000000005c9b0000 - 0x000000005c9bf000 	C:\Program Files\Java\jre1.8.0_144\bin\verify.dll
0x000000005c980000 - 0x000000005c9a9000 	C:\Program Files\Java\jre1.8.0_144\bin\java.dll
0x000000005c960000 - 0x000000005c976000 	C:\Program Files\Java\jre1.8.0_144\bin\zip.dll
0x00007ffa6c580000 - 0x00007ffa6d9b6000 	C:\WINDOWS\System32\SHELL32.dll
0x00007ffa6bb10000 - 0x00007ffa6bbb6000 	C:\WINDOWS\System32\shcore.dll
0x00007ffa6a780000 - 0x00007ffa6aec7000 	C:\WINDOWS\System32\windows.storage.dll
0x00007ffa6c510000 - 0x00007ffa6c561000 	C:\WINDOWS\System32\shlwapi.dll
0x00007ffa69de0000 - 0x00007ffa69df1000 	C:\WINDOWS\System32\kernel.appcore.dll
0x00007ffa69d90000 - 0x00007ffa69ddc000 	C:\WINDOWS\System32\powrprof.dll
0x00007ffa69d70000 - 0x00007ffa69d8b000 	C:\WINDOWS\System32\profapi.dll
0x000000005c950000 - 0x000000005c95d000 	C:\Program Files\Java\jre1.8.0_144\bin\management.dll
0x000000005c930000 - 0x000000005c94a000 	C:\Program Files\Java\jre1.8.0_144\bin\net.dll
0x00007ffa695e0000 - 0x00007ffa69646000 	C:\WINDOWS\system32\mswsock.dll
0x00007ffa5dfe0000 - 0x00007ffa5dff6000 	C:\WINDOWS\system32\napinsp.dll
0x00007ffa5dfc0000 - 0x00007ffa5dfda000 	C:\WINDOWS\system32\pnrpnsp.dll
0x00007ffa66340000 - 0x00007ffa66358000 	C:\WINDOWS\system32\NLAapi.dll
0x00007ffa693b0000 - 0x00007ffa69466000 	C:\WINDOWS\SYSTEM32\DNSAPI.dll
0x00007ffa6c570000 - 0x00007ffa6c578000 	C:\WINDOWS\System32\NSI.dll
0x00007ffa69370000 - 0x00007ffa693a9000 	C:\WINDOWS\SYSTEM32\IPHLPAPI.DLL
0x00007ffa5a5d0000 - 0x00007ffa5a5de000 	C:\WINDOWS\System32\winrnr.dll
0x000000005d750000 - 0x000000005d776000 	C:\Program Files\Bonjour\mdnsNSP.dll
0x00007ffa64ad0000 - 0x00007ffa64ae5000 	C:\WINDOWS\System32\wshbth.dll
0x00007ffa60a70000 - 0x00007ffa60a7a000 	C:\Windows\System32\rasadhlp.dll
0x00007ffa62030000 - 0x00007ffa620a0000 	C:\WINDOWS\System32\fwpuclnt.dll
0x00007ffa698b0000 - 0x00007ffa698d5000 	C:\WINDOWS\SYSTEM32\bcrypt.dll
0x000000005c910000 - 0x000000005c921000 	C:\Program Files\Java\jre1.8.0_144\bin\nio.dll
0x00007ffa697a0000 - 0x00007ffa697b7000 	C:\WINDOWS\SYSTEM32\CRYPTSP.dll
0x00007ffa691e0000 - 0x00007ffa69213000 	C:\WINDOWS\system32\rsaenh.dll
0x00007ffa69c80000 - 0x00007ffa69ca9000 	C:\WINDOWS\SYSTEM32\USERENV.dll
0x00007ffa697c0000 - 0x00007ffa697cb000 	C:\WINDOWS\SYSTEM32\CRYPTBASE.dll
0x00007ffa62b70000 - 0x00007ffa62b86000 	C:\WINDOWS\SYSTEM32\dhcpcsvc6.DLL
0x00007ffa62c20000 - 0x00007ffa62c3a000 	C:\WINDOWS\SYSTEM32\dhcpcsvc.DLL

VM Arguments:
jvm_args: -Dfile.encoding=UTF-8 
java_command: com.softtech.localLevel.LocalLevelApplication
java_class_path (initial): C:\Users\Lothbroke\Desktop\SoftechProjects\Project\LocalLevel\target\classes;C:\Users\Lothbroke\.m2\repository\org\springframework\boot\spring-boot-starter-data-jpa\1.5.10.RELEASE\spring-boot-starter-data-jpa-1.5.10.RELEASE.jar;C:\Users\Lothbroke\.m2\repository\org\springframework\boot\spring-boot-starter\1.5.10.RELEASE\spring-boot-starter-1.5.10.RELEASE.jar;C:\Users\Lothbroke\.m2\repository\org\springframework\boot\spring-boot-starter-logging\1.5.10.RELEASE\spring-boot-starter-logging-1.5.10.RELEASE.jar;C:\Users\Lothbroke\.m2\repository\ch\qos\logback\logback-classic\1.1.11\logback-classic-1.1.11.jar;C:\Users\Lothbroke\.m2\repository\ch\qos\logback\logback-core\1.1.11\logback-core-1.1.11.jar;C:\Users\Lothbroke\.m2\repository\org\slf4j\jul-to-slf4j\1.7.25\jul-to-slf4j-1.7.25.jar;C:\Users\Lothbroke\.m2\repository\org\slf4j\log4j-over-slf4j\1.7.25\log4j-over-slf4j-1.7.25.jar;C:\Users\Lothbroke\.m2\repository\org\yaml\snakeyaml\1.17\snakeyaml-1.17.jar;C:\Users\Lothbroke\.m2\repository\org\springframework\boot\spring-boot-starter-aop\1.5.10.RELEASE\spring-boot-starter-aop-1.5.10.RELEASE.jar;C:\Users\Lothbroke\.m2\repository\org\springframework\spring-aop\4.3.14.RELEASE\spring-aop-4.3.14.RELEASE.jar;C:\Users\Lothbroke\.m2\repository\org\aspectj\aspectjweaver\1.8.13\aspectjweaver-1.8.13.jar;C:\Users\Lothbroke\.m2\repository\org\springframework\boot\spring-boot-starter-jdbc\1.5.10.RELEASE\spring-boot-starter-jdbc-1.5.10.RELEASE.jar;C:\Users\Lothbroke\.m2\repository\org\apache\tomcat\tomcat-jdbc\8.5.27\tomcat-jdbc-8.5.27.jar;C:\Users\Lothbroke\.m2\repository\org\apache\tomcat\tomcat-juli\8.5.27\tomcat-juli-8.5.27.jar;C:\Users\Lothbroke\.m2\repository\org\springframework\spring-jdbc\4.3.14.RELEASE\spring-jdbc-4.3.14.RELEASE.jar;C:\Users\Lothbroke\.m2\repository\org\hibernate\hibernate-core\5.0.12.Final\hibernate-core-5.0.12.Final.jar;C:\Users\Lothbroke\.m2\repository\org\jboss\logging\jboss-logging\3.3.1.Final\jboss-logging-3.3.1.Final.jar;C:\Use
Launcher Type: SUN_STANDARD

Environment Variables:
JAVA_HOME=C:\Program Files\Java\jdk1.8.0_144
JRE_HOME=C:\Program Files\Java\jre1.8.0_144
CLASSPATH="C:\mysql-connector-java-5.1.43.jar;C:\apache-tomcat-7.0.86\lib\servlet-api.jar;C:\apache-tomcat-7.0.86\lib\jsp-api.jar;";
PATH=C:/Program Files/Java/jre1.8.0_144/bin/server;C:/Program Files/Java/jre1.8.0_144/bin;C:/Program Files/Java/jre1.8.0_144/lib/amd64;C:\app\Lothbroke\product\11.2.0\dbhome_1\bin;C:\ProgramData\Oracle\Java\javapath;"C:\ProgramData\Oracle\Java\javapath;C:\Program Files\Java\jdk1.8.0_144;C:\Program Files\Java\jre1.8.0_144";C:\WINDOWS\system32;C:\WINDOWS;C:\WINDOWS\System32\Wbem;C:\WINDOWS\System32\WindowsPowerShell\v1.0\;C:\Program Files\PuTTY\;C:\Program Files\nodejs\;C:\Program Files\Apache software foundation\apache-maven-3.5.0\bin;C:\Users\Lothbroke\AppData\Local\Microsoft\WindowsApps;C:\Program Files\Java\jdk1.8.0_144\bin;C:\Users\Lothbroke\AppData\Roaming\npm;C:\Program Files (x86)\Microsoft VS Code\bin;C:\Users\Lothbroke\Desktop\eclipse;
USERNAME=Lothbroke
OS=Windows_NT
PROCESSOR_IDENTIFIER=Intel64 Family 6 Model 60 Stepping 3, GenuineIntel



---------------  S Y S T E M  ---------------

OS: Windows 10.0 , 64 bit Build 16299 (10.0.16299.15)

CPU:total 8 (initial active 8) (4 cores per cpu, 2 threads per core) family 6 model 60 stepping 3, cmov, cx8, fxsr, mmx, sse, sse2, sse3, ssse3, sse4.1, sse4.2, popcnt, avx, avx2, aes, clmul, erms, lzcnt, ht, tsc, tscinvbit, bmi1, bmi2

Memory: 4k page, physical 3859708k(399368k free), swap 7955708k(4596k free)

vm_info: Java HotSpot(TM) 64-Bit Server VM (25.144-b01) for windows-amd64 JRE (1.8.0_144-b01), built on Jul 21 2017 21:57:33 by "java_re" with MS VC++ 10.0 (VS2010)

time: Fri Apr 27 17:14:45 2018
elapsed time: 597 seconds (0d 0h 9m 57s)

