#
# There is insufficient memory for the Java Runtime Environment to continue.
# Native memory allocation (malloc) failed to allocate 2216160 bytes for Chunk::new
# Possible reasons:
#   The system is out of physical RAM or swap space
#   In 32 bit mode, the process size limit was hit
# Possible solutions:
#   Reduce memory load on the system
#   Increase physical memory or swap space
#   Check if swap backing store is full
#   Use 64 bit Java on a 64 bit OS
#   Decrease Java heap size (-Xmx/-Xms)
#   Decrease number of Java threads
#   Decrease Java thread stack sizes (-Xss)
#   Set larger code cache with -XX:ReservedCodeCacheSize=
# This output file may be truncated or incomplete.
#
#  Out of Memory Error (allocation.cpp:390), pid=11688, tid=0x0000000000002be4
#
# JRE version: Java(TM) SE Runtime Environment (8.0_144-b01) (build 1.8.0_144-b01)
# Java VM: Java HotSpot(TM) 64-Bit Server VM (25.144-b01 mixed mode windows-amd64 compressed oops)
# Failed to write core dump. Minidumps are not enabled by default on client versions of Windows
#

---------------  T H R E A D  ---------------

Current thread (0x00000000192cf000):  JavaThread "C2 CompilerThread0" daemon [_thread_in_native, id=11236, stack(0x0000000019a90000,0x0000000019b90000)]

Stack: [0x0000000019a90000,0x0000000019b90000]
[error occurred during error reporting (printing stack bounds), id 0xc0000005]

Native frames: (J=compiled Java code, j=interpreted, Vv=VM code, C=native code)


Current CompileTask:
C2:   7951 4536   !   4       org.springframework.core.annotation.AnnotatedElementUtils::searchWithFindSemantics (713 bytes)


---------------  P R O C E S S  ---------------

Java Threads: ( => current thread )
  0x000000001f8b8000 JavaThread "Abandoned connection cleanup thread" daemon [_thread_blocked, id=11860, stack(0x0000000020ee0000,0x0000000020fe0000)]
  0x000000001f8b9000 JavaThread "Tomcat JDBC Pool Cleaner[1943105171:1521543410489]" daemon [_thread_blocked, id=10460, stack(0x0000000020be0000,0x0000000020ce0000)]
  0x000000001e1eb800 JavaThread "container-0" [_thread_blocked, id=9360, stack(0x00000000208e0000,0x00000000209e0000)]
  0x000000001e1f2800 JavaThread "ContainerBackgroundProcessor[StandardEngine[Tomcat]]" daemon [_thread_blocked, id=4200, stack(0x00000000207e0000,0x00000000208e0000)]
  0x000000001d064800 JavaThread "localhost-startStop-1" daemon [_thread_blocked, id=9444, stack(0x000000001f110000,0x000000001f210000)]
  0x000000001f8c1000 JavaThread "Tomcat-startStop-1" daemon [_thread_blocked, id=1428, stack(0x000000001f010000,0x000000001f110000)]
  0x0000000019360000 JavaThread "Service Thread" daemon [_thread_blocked, id=11144, stack(0x0000000019e90000,0x0000000019f90000)]
  0x00000000192da000 JavaThread "C1 CompilerThread3" daemon [_thread_blocked, id=6072, stack(0x0000000019d90000,0x0000000019e90000)]
  0x00000000192d7000 JavaThread "C2 CompilerThread2" daemon [_thread_in_native, id=2904, stack(0x0000000019c90000,0x0000000019d90000)]
  0x00000000192d2800 JavaThread "C2 CompilerThread1" daemon [_thread_in_native, id=9452, stack(0x0000000019b90000,0x0000000019c90000)]
=>0x00000000192cf000 JavaThread "C2 CompilerThread0" daemon [_thread_in_native, id=11236, stack(0x0000000019a90000,0x0000000019b90000)]
  0x00000000192ce000 JavaThread "Attach Listener" daemon [_thread_blocked, id=9556, stack(0x0000000019990000,0x0000000019a90000)]
  0x00000000173ad800 JavaThread "Signal Dispatcher" daemon [_thread_blocked, id=10076, stack(0x0000000019890000,0x0000000019990000)]
  0x00000000192c0800 JavaThread "Finalizer" daemon [_thread_blocked, id=10852, stack(0x00000000196a0000,0x00000000197a0000)]
  0x0000000004b68800 JavaThread "Reference Handler" daemon [_thread_blocked, id=8760, stack(0x00000000191a0000,0x00000000192a0000)]
  0x0000000004a74800 JavaThread "main" [_thread_in_Java, id=4540, stack(0x00000000048f0000,0x00000000049f0000)]

Other Threads:
  0x0000000017399800 VMThread [stack: 0x00000000190a0000,0x00000000191a0000] [id=9788]
  0x00000000193c2000 WatcherThread [stack: 0x0000000019f90000,0x000000001a090000] [id=11276]

VM state:not at safepoint (normal execution)

VM Mutex/Monitor currently owned by a thread: None

Heap:
 PSYoungGen      total 136704K, used 71572K [0x00000000ec580000, 0x00000000f7d80000, 0x0000000100000000)
  eden space 122368K, 46% used [0x00000000ec580000,0x00000000efd695f0,0x00000000f3d00000)
  from space 14336K, 99% used [0x00000000f3d00000,0x00000000f4afbdd0,0x00000000f4b00000)
  to   space 16384K, 0% used [0x00000000f6d80000,0x00000000f6d80000,0x00000000f7d80000)
 ParOldGen       total 62464K, used 24918K [0x00000000c5000000, 0x00000000c8d00000, 0x00000000ec580000)
  object space 62464K, 39% used [0x00000000c5000000,0x00000000c6855958,0x00000000c8d00000)
 Metaspace       used 47824K, capacity 48320K, committed 48640K, reserved 1091584K
  class space    used 6201K, capacity 6331K, committed 6400K, reserved 1048576K

Card table byte_map: [0x0000000013f30000,0x0000000014110000] byte_map_base: 0x0000000013908000

Marking Bits: (ParMarkBitMap*) 0x000000007010d850
 Begin Bits: [0x0000000014a50000, 0x0000000015910000)
 End Bits:   [0x0000000015910000, 0x00000000167d0000)

Polling page: 0x0000000003080000

CodeCache: size=245760Kb used=16763Kb max_used=16763Kb free=228996Kb
 bounds [0x0000000004b70000, 0x0000000005bf0000, 0x0000000013b70000]
 total_blobs=4871 nmethods=4353 adapters=430
 compilation: enabled

Compilation events (10 events):
Event: 7.865 Thread 0x00000000192da000 4905       3       org.springframework.core.annotation.AnnotatedElementUtils::forAnnotations (9 bytes)
Event: 7.865 Thread 0x00000000192da000 nmethod 4905 0x0000000005bbed90 code [0x0000000005bbef00, 0x0000000005bbf150]
Event: 7.870 Thread 0x00000000192da000 4908   !   3       com.sun.proxy.$Proxy2::hashCode (32 bytes)
Event: 7.870 Thread 0x00000000192da000 nmethod 4908 0x0000000005bbf250 code [0x0000000005bbf3e0, 0x0000000005bbf8b8]
Event: 7.877 Thread 0x00000000192da000 4909       3       org.springframework.boot.context.embedded.WebApplicationContextServletContextAwareProcessor::getServletConfig (23 bytes)
Event: 7.877 Thread 0x00000000192da000 nmethod 4909 0x0000000005bbfad0 code [0x0000000005bbfc40, 0x0000000005bbfec8]
Event: 7.885 Thread 0x00000000192da000 4910   !   3       org.springframework.util.ClassUtils::isCacheSafe (47 bytes)
Event: 7.886 Thread 0x00000000192da000 nmethod 4910 0x0000000005bbff90 code [0x0000000005bc0240, 0x0000000005bc1828]
Event: 7.888 Thread 0x00000000192da000 4911   !   3       org.springframework.beans.CachedIntrospectionResults::<init> (629 bytes)
Event: 7.896 Thread 0x00000000192da000 nmethod 4911 0x0000000005bc2490 code [0x0000000005bc2dc0, 0x0000000005bc8f08]

GC Heap History (10 events):
Event: 2.307 GC heap before
{Heap before GC invocations=9 (full 1):
 PSYoungGen      total 68608K, used 60928K [0x00000000ec580000, 0x00000000f4b80000, 0x0000000100000000)
  eden space 60928K, 100% used [0x00000000ec580000,0x00000000f0100000,0x00000000f0100000)
  from space 7680K, 0% used [0x00000000f0100000,0x00000000f0100000,0x00000000f0880000)
  to   space 7680K, 0% used [0x00000000f4400000,0x00000000f4400000,0x00000000f4b80000)
 ParOldGen       total 35328K, used 9226K [0x00000000c5000000, 0x00000000c7280000, 0x00000000ec580000)
  object space 35328K, 26% used [0x00000000c5000000,0x00000000c5902978,0x00000000c7280000)
 Metaspace       used 24304K, capacity 24664K, committed 24960K, reserved 1071104K
  class space    used 3014K, capacity 3135K, committed 3200K, reserved 1048576K
Event: 2.314 GC heap after
Heap after GC invocations=9 (full 1):
 PSYoungGen      total 101888K, used 6364K [0x00000000ec580000, 0x00000000f4a80000, 0x0000000100000000)
  eden space 95232K, 0% used [0x00000000ec580000,0x00000000ec580000,0x00000000f2280000)
  from space 6656K, 95% used [0x00000000f4400000,0x00000000f4a37250,0x00000000f4a80000)
  to   space 8192K, 0% used [0x00000000f3a80000,0x00000000f3a80000,0x00000000f4280000)
 ParOldGen       total 35328K, used 9234K [0x00000000c5000000, 0x00000000c7280000, 0x00000000ec580000)
  object space 35328K, 26% used [0x00000000c5000000,0x00000000c5904978,0x00000000c7280000)
 Metaspace       used 24304K, capacity 24664K, committed 24960K, reserved 1071104K
  class space    used 3014K, capacity 3135K, committed 3200K, reserved 1048576K
}
Event: 3.223 GC heap before
{Heap before GC invocations=10 (full 1):
 PSYoungGen      total 101888K, used 101555K [0x00000000ec580000, 0x00000000f4a80000, 0x0000000100000000)
  eden space 95232K, 99% used [0x00000000ec580000,0x00000000f2275ce8,0x00000000f2280000)
  from space 6656K, 95% used [0x00000000f4400000,0x00000000f4a37250,0x00000000f4a80000)
  to   space 8192K, 0% used [0x00000000f3a80000,0x00000000f3a80000,0x00000000f4280000)
 ParOldGen       total 35328K, used 9234K [0x00000000c5000000, 0x00000000c7280000, 0x00000000ec580000)
  object space 35328K, 26% used [0x00000000c5000000,0x00000000c5904978,0x00000000c7280000)
 Metaspace       used 29629K, capacity 30022K, committed 30208K, reserved 1075200K
  class space    used 3711K, capacity 3820K, committed 3840K, reserved 1048576K
Event: 3.237 GC heap after
Heap after GC invocations=10 (full 1):
 PSYoungGen      total 128000K, used 8188K [0x00000000ec580000, 0x00000000f5580000, 0x0000000100000000)
  eden space 119808K, 0% used [0x00000000ec580000,0x00000000ec580000,0x00000000f3a80000)
  from space 8192K, 99% used [0x00000000f3a80000,0x00000000f427f238,0x00000000f4280000)
  to   space 10752K, 0% used [0x00000000f4b00000,0x00000000f4b00000,0x00000000f5580000)
 ParOldGen       total 35328K, used 13873K [0x00000000c5000000, 0x00000000c7280000, 0x00000000ec580000)
  object space 35328K, 39% used [0x00000000c5000000,0x00000000c5d8c7a0,0x00000000c7280000)
 Metaspace       used 29629K, capacity 30022K, committed 30208K, reserved 1075200K
  class space    used 3711K, capacity 3820K, committed 3840K, reserved 1048576K
}
Event: 4.033 GC heap before
{Heap before GC invocations=11 (full 1):
 PSYoungGen      total 128000K, used 123849K [0x00000000ec580000, 0x00000000f5580000, 0x0000000100000000)
  eden space 119808K, 96% used [0x00000000ec580000,0x00000000f3673248,0x00000000f3a80000)
  from space 8192K, 99% used [0x00000000f3a80000,0x00000000f427f238,0x00000000f4280000)
  to   space 10752K, 0% used [0x00000000f4b00000,0x00000000f4b00000,0x00000000f5580000)
 ParOldGen       total 35328K, used 13873K [0x00000000c5000000, 0x00000000c7280000, 0x00000000ec580000)
  object space 35328K, 39% used [0x00000000c5000000,0x00000000c5d8c7a0,0x00000000c7280000)
 Metaspace       used 34824K, capacity 35210K, committed 35456K, reserved 1079296K
  class space    used 4517K, capacity 4626K, committed 4736K, reserved 1048576K
Event: 4.045 GC heap after
Heap after GC invocations=11 (full 1):
 PSYoungGen      total 133120K, used 10731K [0x00000000ec580000, 0x00000000f7a80000, 0x0000000100000000)
  eden space 122368K, 0% used [0x00000000ec580000,0x00000000ec580000,0x00000000f3d00000)
  from space 10752K, 99% used [0x00000000f4b00000,0x00000000f557acf0,0x00000000f5580000)
  to   space 14336K, 0% used [0x00000000f3d00000,0x00000000f3d00000,0x00000000f4b00000)
 ParOldGen       total 35328K, used 18840K [0x00000000c5000000, 0x00000000c7280000, 0x00000000ec580000)
  object space 35328K, 53% used [0x00000000c5000000,0x00000000c6266258,0x00000000c7280000)
 Metaspace       used 34824K, capacity 35210K, committed 35456K, reserved 1079296K
  class space    used 4517K, capacity 4626K, committed 4736K, reserved 1048576K
}
Event: 4.045 GC heap before
{Heap before GC invocations=12 (full 2):
 PSYoungGen      total 133120K, used 10731K [0x00000000ec580000, 0x00000000f7a80000, 0x0000000100000000)
  eden space 122368K, 0% used [0x00000000ec580000,0x00000000ec580000,0x00000000f3d00000)
  from space 10752K, 99% used [0x00000000f4b00000,0x00000000f557acf0,0x00000000f5580000)
  to   space 14336K, 0% used [0x00000000f3d00000,0x00000000f3d00000,0x00000000f4b00000)
 ParOldGen       total 35328K, used 18840K [0x00000000c5000000, 0x00000000c7280000, 0x00000000ec580000)
  object space 35328K, 53% used [0x00000000c5000000,0x00000000c6266258,0x00000000c7280000)
 Metaspace       used 34824K, capacity 35210K, committed 35456K, reserved 1079296K
  class space    used 4517K, capacity 4626K, committed 4736K, reserved 1048576K
Event: 4.097 GC heap after
Heap after GC invocations=12 (full 2):
 PSYoungGen      total 133120K, used 0K [0x00000000ec580000, 0x00000000f7a80000, 0x0000000100000000)
  eden space 122368K, 0% used [0x00000000ec580000,0x00000000ec580000,0x00000000f3d00000)
  from space 10752K, 0% used [0x00000000f4b00000,0x00000000f4b00000,0x00000000f5580000)
  to   space 14336K, 0% used [0x00000000f3d00000,0x00000000f3d00000,0x00000000f4b00000)
 ParOldGen       total 62464K, used 24026K [0x00000000c5000000, 0x00000000c8d00000, 0x00000000ec580000)
  object space 62464K, 38% used [0x00000000c5000000,0x00000000c6776ba0,0x00000000c8d00000)
 Metaspace       used 34824K, capacity 35210K, committed 35456K, reserved 1079296K
  class space    used 4517K, capacity 4626K, committed 4736K, reserved 1048576K
}
Event: 7.303 GC heap before
{Heap before GC invocations=13 (full 2):
 PSYoungGen      total 133120K, used 122368K [0x00000000ec580000, 0x00000000f7a80000, 0x0000000100000000)
  eden space 122368K, 100% used [0x00000000ec580000,0x00000000f3d00000,0x00000000f3d00000)
  from space 10752K, 0% used [0x00000000f4b00000,0x00000000f4b00000,0x00000000f5580000)
  to   space 14336K, 0% used [0x00000000f3d00000,0x00000000f3d00000,0x00000000f4b00000)
 ParOldGen       total 62464K, used 24026K [0x00000000c5000000, 0x00000000c8d00000, 0x00000000ec580000)
  object space 62464K, 38% used [0x00000000c5000000,0x00000000c6776ba0,0x00000000c8d00000)
 Metaspace       used 46467K, capacity 46952K, committed 47488K, reserved 1091584K
  class space    used 6014K, capacity 6151K, committed 6272K, reserved 1048576K
Event: 7.316 GC heap after
Heap after GC invocations=13 (full 2):
 PSYoungGen      total 136704K, used 14319K [0x00000000ec580000, 0x00000000f7d80000, 0x0000000100000000)
  eden space 122368K, 0% used [0x00000000ec580000,0x00000000ec580000,0x00000000f3d00000)
  from space 14336K, 99% used [0x00000000f3d00000,0x00000000f4afbdd0,0x00000000f4b00000)
  to   space 16384K, 0% used [0x00000000f6d80000,0x00000000f6d80000,0x00000000f7d80000)
 ParOldGen       total 62464K, used 24918K [0x00000000c5000000, 0x00000000c8d00000, 0x00000000ec580000)
  object space 62464K, 39% used [0x00000000c5000000,0x00000000c6855958,0x00000000c8d00000)
 Metaspace       used 46467K, capacity 46952K, committed 47488K, reserved 1091584K
  class space    used 6014K, capacity 6151K, committed 6272K, reserved 1048576K
}

Deoptimization events (10 events):
Event: 6.852 Thread 0x0000000004a74800 Uncommon trap: reason=null_check action=make_not_entrant pc=0x0000000005a2c474 method=org.springframework.core.annotation.AnnotatedElementUtils.searchWithGetSemanticsInAnnotations(Ljava/lang/reflect/AnnotatedElement;Ljava/util/List;Ljava/lang/Class;Ljava/
Event: 6.855 Thread 0x0000000004a74800 Uncommon trap: reason=class_check action=maybe_recompile pc=0x0000000005631a88 method=org.springframework.beans.factory.support.AbstractBeanFactory.isTypeMatch(Ljava/lang/String;Lorg/springframework/core/ResolvableType;)Z @ 37
Event: 6.927 Thread 0x0000000004a74800 Uncommon trap: reason=unstable_if action=reinterpret pc=0x00000000057eb89c method=org.springframework.asm.Frame.merge(Lorg/springframework/asm/ClassWriter;I[II)Z @ 80
Event: 6.927 Thread 0x0000000004a74800 Uncommon trap: reason=unstable_if action=reinterpret pc=0x000000000562b2a4 method=org.springframework.asm.Frame.merge(Lorg/springframework/asm/ClassWriter;I[II)Z @ 80
Event: 6.929 Thread 0x0000000004a74800 Uncommon trap: reason=range_check action=make_not_entrant pc=0x0000000005894fd4 method=java.lang.String.charAt(I)C @ 27
Event: 6.952 Thread 0x0000000004a74800 Uncommon trap: reason=unstable_if action=reinterpret pc=0x00000000056632ec method=org.springframework.aop.framework.autoproxy.AbstractAutoProxyCreator.predictBeanType(Ljava/lang/Class;Ljava/lang/String;)Ljava/lang/Class; @ 9
Event: 6.955 Thread 0x0000000004a74800 Uncommon trap: reason=unstable_if action=reinterpret pc=0x000000000556ab5c method=org.springframework.beans.factory.support.AbstractAutowireCapableBeanFactory.predictBeanType(Ljava/lang/String;Lorg/springframework/beans/factory/support/RootBeanDefinition;
Event: 7.274 Thread 0x0000000004a74800 Uncommon trap: reason=unstable_if action=reinterpret pc=0x000000000525f244 method=sun.reflect.annotation.AnnotationInvocationHandler.equalsImpl(Ljava/lang/Object;)Ljava/lang/Boolean; @ 142
Event: 7.326 Thread 0x0000000004a74800 Uncommon trap: reason=unstable_if action=reinterpret pc=0x0000000005ac19d8 method=org.springframework.beans.factory.support.AbstractBeanFactory.isTypeMatch(Ljava/lang/String;Lorg/springframework/core/ResolvableType;)Z @ 456
Event: 7.647 Thread 0x0000000004a74800 Uncommon trap: reason=unstable_if action=reinterpret pc=0x0000000005a68458 method=sun.reflect.generics.reflectiveObjects.WildcardTypeImpl.getLowerBounds()[Ljava/lang/reflect/Type; @ 23

Internal exceptions (10 events):
Event: 7.881 Thread 0x0000000004a74800 Exception <a 'java/lang/ClassNotFoundException': java/lang/ObjectCustomizer> (0x00000000ef8470c8) thrown at [C:\re\workspace\8-2-build-windows-amd64-cygwin\jdk8u144\9417\hotspot\src\share\vm\classfile\systemDictionary.cpp, line 210]
Event: 7.881 Thread 0x0000000004a74800 Exception <a 'java/lang/ClassNotFoundException': springfox/documentation/swagger/web/ClassOrApiAnnotationResourceGroupingCustomizer> (0x00000000ef866360) thrown at [C:\re\workspace\8-2-build-windows-amd64-cygwin\jdk8u144\9417\hotspot\src\share\vm\classfil
Event: 7.882 Thread 0x0000000004a74800 Exception <a 'java/lang/ClassNotFoundException': springfox/documentation/spi/service/ResourceGroupingStrategyCustomizer> (0x00000000ef88ff48) thrown at [C:\re\workspace\8-2-build-windows-amd64-cygwin\jdk8u144\9417\hotspot\src\share\vm\classfile\systemDict
Event: 7.884 Thread 0x0000000004a74800 Exception <a 'java/lang/ClassNotFoundException': java/lang/ObjectCustomizer> (0x00000000ef8b0230) thrown at [C:\re\workspace\8-2-build-windows-amd64-cygwin\jdk8u144\9417\hotspot\src\share\vm\classfile\systemDictionary.cpp, line 210]
Event: 7.884 Thread 0x0000000004a74800 Exception <a 'java/lang/ClassNotFoundException': springfox/documentation/swagger/web/SwaggerApiListingReaderCustomizer> (0x00000000ef8cc878) thrown at [C:\re\workspace\8-2-build-windows-amd64-cygwin\jdk8u144\9417\hotspot\src\share\vm\classfile\systemDicti
Event: 7.885 Thread 0x0000000004a74800 Exception <a 'java/lang/ClassNotFoundException': springfox/documentation/spi/service/ApiListingBuilderPluginCustomizer> (0x00000000ef8e88a0) thrown at [C:\re\workspace\8-2-build-windows-amd64-cygwin\jdk8u144\9417\hotspot\src\share\vm\classfile\systemDicti
Event: 7.886 Thread 0x0000000004a74800 Exception <a 'java/lang/ClassNotFoundException': java/lang/ObjectCustomizer> (0x00000000ef8fd980) thrown at [C:\re\workspace\8-2-build-windows-amd64-cygwin\jdk8u144\9417\hotspot\src\share\vm\classfile\systemDictionary.cpp, line 210]
Event: 7.887 Thread 0x0000000004a74800 Exception <a 'java/lang/ClassNotFoundException': springfox/documentation/swagger/configuration/SwaggerCommonConfigurationCustomizer> (0x00000000ef91ccd8) thrown at [C:\re\workspace\8-2-build-windows-amd64-cygwin\jdk8u144\9417\hotspot\src\share\vm\classfil
Event: 7.887 Thread 0x0000000004a74800 Exception <a 'java/lang/ClassNotFoundException': springfox/documentation/swagger/configuration/SwaggerCommonConfiguration$$EnhancerBySpringCGLIB$$105f1068Customizer> (0x00000000ef942b50) thrown at [C:\re\workspace\8-2-build-windows-amd64-cygwin\jdk8u144\9
Event: 7.888 Thread 0x0000000004a74800 Exception <a 'java/lang/ClassNotFoundException': org/springframework/context/annotation/ConfigurationClassEnhancer$EnhancedConfigurationCustomizer> (0x00000000ef967ec8) thrown at [C:\re\workspace\8-2-build-windows-amd64-cygwin\jdk8u144\9417\hotspot\src\sh

Events (10 events):
Event: 7.898 loading class com/google/common/base/Predicates$NotPredicate
Event: 7.898 loading class com/google/common/base/Predicates$NotPredicate done
Event: 7.910 loading class springfox/documentation/builders/RequestHandlerSelectors$1
Event: 7.910 loading class springfox/documentation/builders/RequestHandlerSelectors$1 done
Event: 7.910 loading class com/google/common/base/Predicates$AndPredicate
Event: 7.910 loading class com/google/common/base/Predicates$AndPredicate done
Event: 7.911 loading class springfox/documentation/builders/PathSelectors
Event: 7.911 loading class springfox/documentation/builders/PathSelectors done
Event: 7.911 loading class com/google/common/base/Predicates$ObjectPredicate
Event: 7.911 loading class com/google/common/base/Predicates$ObjectPredicate done


Dynamic libraries:
0x00007ff6ad330000 - 0x00007ff6ad367000 	C:\Program Files\Java\jre1.8.0_144\bin\javaw.exe
0x00007ff97bfe0000 - 0x00007ff97c1c0000 	C:\WINDOWS\SYSTEM32\ntdll.dll
0x00007ff97ac20000 - 0x00007ff97acce000 	C:\WINDOWS\System32\KERNEL32.DLL
0x00007ff979040000 - 0x00007ff9792a6000 	C:\WINDOWS\System32\KERNELBASE.dll
0x00007ff97aa00000 - 0x00007ff97aaa1000 	C:\WINDOWS\System32\ADVAPI32.dll
0x00007ff97b150000 - 0x00007ff97b1ed000 	C:\WINDOWS\System32\msvcrt.dll
0x00007ff97b1f0000 - 0x00007ff97b24b000 	C:\WINDOWS\System32\sechost.dll
0x00007ff97b250000 - 0x00007ff97b36f000 	C:\WINDOWS\System32\RPCRT4.dll
0x00007ff97b850000 - 0x00007ff97b9df000 	C:\WINDOWS\System32\USER32.dll
0x00007ff9783e0000 - 0x00007ff978400000 	C:\WINDOWS\System32\win32u.dll
0x00007ff97acd0000 - 0x00007ff97acf8000 	C:\WINDOWS\System32\GDI32.dll
0x00007ff9784d0000 - 0x00007ff978663000 	C:\WINDOWS\System32\gdi32full.dll
0x00007ff979410000 - 0x00007ff9794ab000 	C:\WINDOWS\System32\msvcp_win.dll
0x00007ff979310000 - 0x00007ff979406000 	C:\WINDOWS\System32\ucrtbase.dll
0x00007ff968900000 - 0x00007ff968b69000 	C:\WINDOWS\WinSxS\amd64_microsoft.windows.common-controls_6595b64144ccf1df_6.0.16299.309_none_15cfd4c4935e6b11\COMCTL32.dll
0x00007ff97b540000 - 0x00007ff97b848000 	C:\WINDOWS\System32\combase.dll
0x00007ff978450000 - 0x00007ff9784c2000 	C:\WINDOWS\System32\bcryptPrimitives.dll
0x00007ff9794b0000 - 0x00007ff9794dd000 	C:\WINDOWS\System32\IMM32.DLL
0x0000000070470000 - 0x0000000070542000 	C:\Program Files\Java\jre1.8.0_144\bin\msvcr100.dll
0x000000006f8f0000 - 0x000000007018d000 	C:\Program Files\Java\jre1.8.0_144\bin\server\jvm.dll
0x00007ff97be30000 - 0x00007ff97be38000 	C:\WINDOWS\System32\PSAPI.DLL
0x00007ff96ba30000 - 0x00007ff96ba3a000 	C:\WINDOWS\SYSTEM32\VERSION.dll
0x00007ff971310000 - 0x00007ff971333000 	C:\WINDOWS\SYSTEM32\WINMM.dll
0x00007ff96ba50000 - 0x00007ff96ba59000 	C:\WINDOWS\SYSTEM32\WSOCK32.dll
0x00007ff97b0e0000 - 0x00007ff97b14c000 	C:\WINDOWS\System32\WS2_32.dll
0x00007ff9712e0000 - 0x00007ff97130a000 	C:\WINDOWS\SYSTEM32\WINMMBASE.dll
0x00007ff978400000 - 0x00007ff97844a000 	C:\WINDOWS\System32\cfgmgr32.dll
0x000000006f800000 - 0x000000006f80f000 	C:\Program Files\Java\jre1.8.0_144\bin\verify.dll
0x000000006f7d0000 - 0x000000006f7f9000 	C:\Program Files\Java\jre1.8.0_144\bin\java.dll
0x000000006f7b0000 - 0x000000006f7c6000 	C:\Program Files\Java\jre1.8.0_144\bin\zip.dll
0x00007ff9795c0000 - 0x00007ff97a9f6000 	C:\WINDOWS\System32\SHELL32.dll
0x00007ff97ad20000 - 0x00007ff97adc6000 	C:\WINDOWS\System32\shcore.dll
0x00007ff978840000 - 0x00007ff978f87000 	C:\WINDOWS\System32\windows.storage.dll
0x00007ff97b080000 - 0x00007ff97b0d1000 	C:\WINDOWS\System32\shlwapi.dll
0x00007ff9783a0000 - 0x00007ff9783b1000 	C:\WINDOWS\System32\kernel.appcore.dll
0x00007ff978350000 - 0x00007ff97839c000 	C:\WINDOWS\System32\powrprof.dll
0x00007ff978330000 - 0x00007ff97834b000 	C:\WINDOWS\System32\profapi.dll
0x0000000070550000 - 0x000000007055d000 	C:\Program Files\Java\jre1.8.0_144\bin\management.dll
0x000000006f790000 - 0x000000006f7aa000 	C:\Program Files\Java\jre1.8.0_144\bin\net.dll
0x00007ff977bc0000 - 0x00007ff977c26000 	C:\WINDOWS\system32\mswsock.dll
0x00007ff9694d0000 - 0x00007ff9694e6000 	C:\WINDOWS\system32\napinsp.dll
0x00007ff9694b0000 - 0x00007ff9694ca000 	C:\WINDOWS\system32\pnrpnsp.dll
0x00007ff974920000 - 0x00007ff974938000 	C:\WINDOWS\system32\NLAapi.dll
0x00007ff977990000 - 0x00007ff977a46000 	C:\WINDOWS\SYSTEM32\DNSAPI.dll
0x00007ff97ad10000 - 0x00007ff97ad18000 	C:\WINDOWS\System32\NSI.dll
0x00007ff977950000 - 0x00007ff977989000 	C:\WINDOWS\SYSTEM32\IPHLPAPI.DLL
0x00007ff9694a0000 - 0x00007ff9694ae000 	C:\WINDOWS\System32\winrnr.dll
0x00000000709a0000 - 0x00000000709c6000 	C:\Program Files\Bonjour\mdnsNSP.dll
0x00007ff973030000 - 0x00007ff973045000 	C:\WINDOWS\System32\wshbth.dll
0x00007ff96ee40000 - 0x00007ff96ee4a000 	C:\Windows\System32\rasadhlp.dll
0x00007ff96f2d0000 - 0x00007ff96f340000 	C:\WINDOWS\System32\fwpuclnt.dll
0x00007ff977e90000 - 0x00007ff977eb5000 	C:\WINDOWS\SYSTEM32\bcrypt.dll
0x000000006f770000 - 0x000000006f781000 	C:\Program Files\Java\jre1.8.0_144\bin\nio.dll
0x00007ff977d80000 - 0x00007ff977d97000 	C:\WINDOWS\SYSTEM32\CRYPTSP.dll
0x00007ff9777c0000 - 0x00007ff9777f3000 	C:\WINDOWS\system32\rsaenh.dll
0x00007ff978260000 - 0x00007ff978289000 	C:\WINDOWS\SYSTEM32\USERENV.dll
0x00007ff977da0000 - 0x00007ff977dab000 	C:\WINDOWS\SYSTEM32\CRYPTBASE.dll
0x00007ff970e10000 - 0x00007ff970e26000 	C:\WINDOWS\SYSTEM32\dhcpcsvc6.DLL
0x00007ff970f60000 - 0x00007ff970f7a000 	C:\WINDOWS\SYSTEM32\dhcpcsvc.DLL

VM Arguments:
jvm_args: -Dfile.encoding=UTF-8 
java_command: com.softtech.localLevel.LocalLevelApplication
java_class_path (initial): C:\Users\Lothbroke\Desktop\Softech\Project\LocalLevel\target\classes;C:\Users\Lothbroke\.m2\repository\org\springframework\boot\spring-boot-starter-data-jpa\1.5.10.RELEASE\spring-boot-starter-data-jpa-1.5.10.RELEASE.jar;C:\Users\Lothbroke\.m2\repository\org\springframework\boot\spring-boot-starter\1.5.10.RELEASE\spring-boot-starter-1.5.10.RELEASE.jar;C:\Users\Lothbroke\.m2\repository\org\springframework\boot\spring-boot\1.5.10.RELEASE\spring-boot-1.5.10.RELEASE.jar;C:\Users\Lothbroke\.m2\repository\org\springframework\boot\spring-boot-autoconfigure\1.5.10.RELEASE\spring-boot-autoconfigure-1.5.10.RELEASE.jar;C:\Users\Lothbroke\.m2\repository\org\springframework\boot\spring-boot-starter-logging\1.5.10.RELEASE\spring-boot-starter-logging-1.5.10.RELEASE.jar;C:\Users\Lothbroke\.m2\repository\ch\qos\logback\logback-classic\1.1.11\logback-classic-1.1.11.jar;C:\Users\Lothbroke\.m2\repository\ch\qos\logback\logback-core\1.1.11\logback-core-1.1.11.jar;C:\Users\Lothbroke\.m2\repository\org\slf4j\jul-to-slf4j\1.7.25\jul-to-slf4j-1.7.25.jar;C:\Users\Lothbroke\.m2\repository\org\slf4j\log4j-over-slf4j\1.7.25\log4j-over-slf4j-1.7.25.jar;C:\Users\Lothbroke\.m2\repository\org\yaml\snakeyaml\1.17\snakeyaml-1.17.jar;C:\Users\Lothbroke\.m2\repository\org\springframework\boot\spring-boot-starter-aop\1.5.10.RELEASE\spring-boot-starter-aop-1.5.10.RELEASE.jar;C:\Users\Lothbroke\.m2\repository\org\springframework\spring-aop\4.3.14.RELEASE\spring-aop-4.3.14.RELEASE.jar;C:\Users\Lothbroke\.m2\repository\org\aspectj\aspectjweaver\1.8.13\aspectjweaver-1.8.13.jar;C:\Users\Lothbroke\.m2\repository\org\springframework\boot\spring-boot-starter-jdbc\1.5.10.RELEASE\spring-boot-starter-jdbc-1.5.10.RELEASE.jar;C:\Users\Lothbroke\.m2\repository\org\apache\tomcat\tomcat-jdbc\8.5.27\tomcat-jdbc-8.5.27.jar;C:\Users\Lothbroke\.m2\repository\org\apache\tomcat\tomcat-juli\8.5.27\tomcat-juli-8.5.27.jar;C:\Users\Lothbroke\.m2\repository\org\springframework\spring-jdbc\4.3.14.RELEASE
Launcher Type: SUN_STANDARD

Environment Variables:
JAVA_HOME=C:\Program Files\Java\jdk1.8.0_144
PATH=C:/Program Files/Java/jre1.8.0_144/bin/server;C:/Program Files/Java/jre1.8.0_144/bin;C:/Program Files/Java/jre1.8.0_144/lib/amd64;C:\app\Lothbroke\product\11.2.0\dbhome_1\bin;C:\ProgramData\Oracle\Java\javapath;"C:\ProgramData\Oracle\Java\javapath;C:\Program Files\Java\jdk1.8.0_144\bin;C:\Program Files\Java\jre1.8.0_144";C:\WINDOWS\system32;C:\WINDOWS;C:\WINDOWS\System32\Wbem;C:\WINDOWS\System32\WindowsPowerShell\v1.0\;C:\Program Files\PuTTY\;C:\Program Files\Git\cmd;C:\Program Files\Apache software foundation\apache-maven-3.5.0\bin;C:\Program Files (x86)\Microsoft VS Code\bin;C:\Users\Lothbroke\AppData\Local\Microsoft\WindowsApps;;C:\Users\Lothbroke\Desktop\eclipse;
USERNAME=Lothbroke
OS=Windows_NT
PROCESSOR_IDENTIFIER=Intel64 Family 6 Model 60 Stepping 3, GenuineIntel



---------------  S Y S T E M  ---------------

OS: Windows 10.0 , 64 bit Build 16299 (10.0.16299.15)

CPU:total 8 (initial active 8) (4 cores per cpu, 2 threads per core) family 6 model 60 stepping 3, cmov, cx8, fxsr, mmx, sse, sse2, sse3, ssse3, sse4.1, sse4.2, popcnt, avx, avx2, aes, clmul, erms, lzcnt, ht, tsc, tscinvbit, bmi1, bmi2

Memory: 4k page, physical 3859708k(353364k free), swap 7955708k(14256k free)

vm_info: Java HotSpot(TM) 64-Bit Server VM (25.144-b01) for windows-amd64 JRE (1.8.0_144-b01), built on Jul 21 2017 21:57:33 by "java_re" with MS VC++ 10.0 (VS2010)

time: Tue Mar 20 16:41:54 2018
elapsed time: 8 seconds (0d 0h 0m 8s)

