#
# There is insufficient memory for the Java Runtime Environment to continue.
# Native memory allocation (malloc) failed to allocate 2434736 bytes for Chunk::new
# Possible reasons:
#   The system is out of physical RAM or swap space
#   In 32 bit mode, the process size limit was hit
# Possible solutions:
#   Reduce memory load on the system
#   Increase physical memory or swap space
#   Check if swap backing store is full
#   Use 64 bit Java on a 64 bit OS
#   Decrease Java heap size (-Xmx/-Xms)
#   Decrease number of Java threads
#   Decrease Java thread stack sizes (-Xss)
#   Set larger code cache with -XX:ReservedCodeCacheSize=
# This output file may be truncated or incomplete.
#
#  Out of Memory Error (allocation.cpp:390), pid=2864, tid=0x00000000000008fc
#
# JRE version: Java(TM) SE Runtime Environment (8.0_144-b01) (build 1.8.0_144-b01)
# Java VM: Java HotSpot(TM) 64-Bit Server VM (25.144-b01 mixed mode windows-amd64 compressed oops)
# Failed to write core dump. Minidumps are not enabled by default on client versions of Windows
#

---------------  T H R E A D  ---------------

Current thread (0x0000000019999000):  JavaThread "C2 CompilerThread2" daemon [_thread_in_native, id=2300, stack(0x000000001a350000,0x000000001a450000)]

Stack: [0x000000001a350000,0x000000001a450000]
[error occurred during error reporting (printing stack bounds), id 0xc0000005]

Native frames: (J=compiled Java code, j=interpreted, Vv=VM code, C=native code)


Current CompileTask:
C2:   1679 1496       4       org.springframework.asm.ClassReader::readCode (3619 bytes)


---------------  P R O C E S S  ---------------

Java Threads: ( => current thread )
  0x0000000019a29800 JavaThread "Service Thread" daemon [_thread_blocked, id=4228, stack(0x000000001a550000,0x000000001a650000)]
  0x000000001999c000 JavaThread "C1 CompilerThread3" daemon [_thread_in_native, id=13336, stack(0x000000001a450000,0x000000001a550000)]
=>0x0000000019999000 JavaThread "C2 CompilerThread2" daemon [_thread_in_native, id=2300, stack(0x000000001a350000,0x000000001a450000)]
  0x0000000019997000 JavaThread "C2 CompilerThread1" daemon [_thread_in_native, id=8384, stack(0x000000001a250000,0x000000001a350000)]
  0x0000000019991800 JavaThread "C2 CompilerThread0" daemon [_thread_blocked, id=2748, stack(0x000000001a150000,0x000000001a250000)]
  0x0000000019990000 JavaThread "Attach Listener" daemon [_thread_blocked, id=9532, stack(0x000000001a050000,0x000000001a150000)]
  0x000000001998f000 JavaThread "Signal Dispatcher" daemon [_thread_blocked, id=10728, stack(0x0000000019f50000,0x000000001a050000)]
  0x0000000019980800 JavaThread "Finalizer" daemon [_thread_blocked, id=14332, stack(0x0000000019d60000,0x0000000019e60000)]
  0x0000000005238800 JavaThread "Reference Handler" daemon [_thread_blocked, id=3544, stack(0x0000000019860000,0x0000000019960000)]
  0x0000000005144800 JavaThread "main" [_thread_in_Java, id=12800, stack(0x0000000005040000,0x0000000005140000)]

Other Threads:
  0x0000000017a69800 VMThread [stack: 0x0000000019760000,0x0000000019860000] [id=6792]
  0x0000000019a86000 WatcherThread [stack: 0x000000001a650000,0x000000001a750000] [id=8344]

VM state:not at safepoint (normal execution)

VM Mutex/Monitor currently owned by a thread: None

Heap:
 PSYoungGen      total 68096K, used 40423K [0x00000000ec580000, 0x00000000f1080000, 0x0000000100000000)
  eden space 60928K, 56% used [0x00000000ec580000,0x00000000ee6e96f8,0x00000000f0100000)
  from space 7168K, 86% used [0x00000000f0880000,0x00000000f0e905f0,0x00000000f0f80000)
  to   space 7680K, 0% used [0x00000000f0100000,0x00000000f0100000,0x00000000f0880000)
 ParOldGen       total 40960K, used 9388K [0x00000000c5000000, 0x00000000c7800000, 0x00000000ec580000)
  object space 40960K, 22% used [0x00000000c5000000,0x00000000c592b388,0x00000000c7800000)
 Metaspace       used 20656K, capacity 20974K, committed 21120K, reserved 1067008K
  class space    used 2510K, capacity 2580K, committed 2688K, reserved 1048576K

Card table byte_map: [0x0000000014600000,0x00000000147e0000] byte_map_base: 0x0000000013fd8000

Marking Bits: (ParMarkBitMap*) 0x0000000061c5d850
 Begin Bits: [0x0000000015120000, 0x0000000015fe0000)
 End Bits:   [0x0000000015fe0000, 0x0000000016ea0000)

Polling page: 0x00000000033e0000

CodeCache: size=245760Kb used=7516Kb max_used=7516Kb free=238243Kb
 bounds [0x0000000005240000, 0x00000000059a0000, 0x0000000014240000]
 total_blobs=2423 nmethods=2061 adapters=273
 compilation: enabled

Compilation events (10 events):
Event: 1.615 Thread 0x000000001999c000 2031       3       java.util.jar.Attributes::putValue (17 bytes)
Event: 1.615 Thread 0x000000001999c000 nmethod 2031 0x0000000005976cd0 code [0x0000000005976e60, 0x0000000005977258]
Event: 1.615 Thread 0x000000001999c000 2032       3       java.util.jar.Attributes::put (18 bytes)
Event: 1.616 Thread 0x000000001999c000 nmethod 2032 0x0000000005976650 code [0x00000000059767c0, 0x0000000005976ba8]
Event: 1.619 Thread 0x0000000019997000 nmethod 2033 0x000000000597f5d0 code [0x000000000597f720, 0x000000000597fb88]
Event: 1.619 Thread 0x0000000019997000 1998       4       java.util.HashMap$EntryIterator::next (5 bytes)
Event: 1.621 Thread 0x0000000019997000 nmethod 1998 0x000000000597fdd0 code [0x000000000597ff20, 0x0000000005980078]
Event: 1.621 Thread 0x0000000019997000 1956       4       java.lang.reflect.Method::getDefaultValue (81 bytes)
Event: 1.624 Thread 0x0000000019997000 nmethod 1956 0x0000000005980210 code [0x00000000059803c0, 0x00000000059806f8]
Event: 1.624 Thread 0x0000000019997000 1950       4       java.nio.Buffer::limit (62 bytes)

GC Heap History (10 events):
Event: 0.494 GC heap before
{Heap before GC invocations=2 (full 0):
 PSYoungGen      total 17920K, used 17896K [0x00000000ec580000, 0x00000000ed980000, 0x0000000100000000)
  eden space 15360K, 100% used [0x00000000ec580000,0x00000000ed480000,0x00000000ed480000)
  from space 2560K, 99% used [0x00000000ed480000,0x00000000ed6fa2c0,0x00000000ed700000)
  to   space 2560K, 0% used [0x00000000ed700000,0x00000000ed700000,0x00000000ed980000)
 ParOldGen       total 40960K, used 510K [0x00000000c5000000, 0x00000000c7800000, 0x00000000ec580000)
  object space 40960K, 1% used [0x00000000c5000000,0x00000000c507f828,0x00000000c7800000)
 Metaspace       used 8392K, capacity 8490K, committed 8576K, reserved 1056768K
  class space    used 1065K, capacity 1107K, committed 1152K, reserved 1048576K
Event: 0.496 GC heap after
Heap after GC invocations=2 (full 0):
 PSYoungGen      total 17920K, used 2540K [0x00000000ec580000, 0x00000000ee880000, 0x0000000100000000)
  eden space 15360K, 0% used [0x00000000ec580000,0x00000000ec580000,0x00000000ed480000)
  from space 2560K, 99% used [0x00000000ed700000,0x00000000ed97b070,0x00000000ed980000)
  to   space 2560K, 0% used [0x00000000ed480000,0x00000000ed480000,0x00000000ed700000)
 ParOldGen       total 40960K, used 1330K [0x00000000c5000000, 0x00000000c7800000, 0x00000000ec580000)
  object space 40960K, 3% used [0x00000000c5000000,0x00000000c514c900,0x00000000c7800000)
 Metaspace       used 8392K, capacity 8490K, committed 8576K, reserved 1056768K
  class space    used 1065K, capacity 1107K, committed 1152K, reserved 1048576K
}
Event: 0.553 GC heap before
{Heap before GC invocations=3 (full 0):
 PSYoungGen      total 17920K, used 17886K [0x00000000ec580000, 0x00000000ee880000, 0x0000000100000000)
  eden space 15360K, 99% used [0x00000000ec580000,0x00000000ed47cb30,0x00000000ed480000)
  from space 2560K, 99% used [0x00000000ed700000,0x00000000ed97b070,0x00000000ed980000)
  to   space 2560K, 0% used [0x00000000ed480000,0x00000000ed480000,0x00000000ed700000)
 ParOldGen       total 40960K, used 1330K [0x00000000c5000000, 0x00000000c7800000, 0x00000000ec580000)
  object space 40960K, 3% used [0x00000000c5000000,0x00000000c514c900,0x00000000c7800000)
 Metaspace       used 10608K, capacity 10730K, committed 10880K, reserved 1058816K
  class space    used 1317K, capacity 1363K, committed 1408K, reserved 1048576K
Event: 0.557 GC heap after
Heap after GC invocations=3 (full 0):
 PSYoungGen      total 17920K, used 2547K [0x00000000ec580000, 0x00000000ee880000, 0x0000000100000000)
  eden space 15360K, 0% used [0x00000000ec580000,0x00000000ec580000,0x00000000ed480000)
  from space 2560K, 99% used [0x00000000ed480000,0x00000000ed6fcd38,0x00000000ed700000)
  to   space 2560K, 0% used [0x00000000ee600000,0x00000000ee600000,0x00000000ee880000)
 ParOldGen       total 40960K, used 3201K [0x00000000c5000000, 0x00000000c7800000, 0x00000000ec580000)
  object space 40960K, 7% used [0x00000000c5000000,0x00000000c5320698,0x00000000c7800000)
 Metaspace       used 10608K, capacity 10730K, committed 10880K, reserved 1058816K
  class space    used 1317K, capacity 1363K, committed 1408K, reserved 1048576K
}
Event: 0.610 GC heap before
{Heap before GC invocations=4 (full 0):
 PSYoungGen      total 17920K, used 17907K [0x00000000ec580000, 0x00000000ee880000, 0x0000000100000000)
  eden space 15360K, 100% used [0x00000000ec580000,0x00000000ed480000,0x00000000ed480000)
  from space 2560K, 99% used [0x00000000ed480000,0x00000000ed6fcd38,0x00000000ed700000)
  to   space 2560K, 0% used [0x00000000ee600000,0x00000000ee600000,0x00000000ee880000)
 ParOldGen       total 40960K, used 3201K [0x00000000c5000000, 0x00000000c7800000, 0x00000000ec580000)
  object space 40960K, 7% used [0x00000000c5000000,0x00000000c5320698,0x00000000c7800000)
 Metaspace       used 12615K, capacity 12714K, committed 12928K, reserved 1060864K
  class space    used 1569K, capacity 1619K, committed 1664K, reserved 1048576K
Event: 0.614 GC heap after
Heap after GC invocations=4 (full 0):
 PSYoungGen      total 33280K, used 2532K [0x00000000ec580000, 0x00000000ee880000, 0x0000000100000000)
  eden space 30720K, 0% used [0x00000000ec580000,0x00000000ec580000,0x00000000ee380000)
  from space 2560K, 98% used [0x00000000ee600000,0x00000000ee879268,0x00000000ee880000)
  to   space 2560K, 0% used [0x00000000ee380000,0x00000000ee380000,0x00000000ee600000)
 ParOldGen       total 40960K, used 5216K [0x00000000c5000000, 0x00000000c7800000, 0x00000000ec580000)
  object space 40960K, 12% used [0x00000000c5000000,0x00000000c55182d0,0x00000000c7800000)
 Metaspace       used 12615K, capacity 12714K, committed 12928K, reserved 1060864K
  class space    used 1569K, capacity 1619K, committed 1664K, reserved 1048576K
}
Event: 1.154 GC heap before
{Heap before GC invocations=5 (full 0):
 PSYoungGen      total 33280K, used 33252K [0x00000000ec580000, 0x00000000ee880000, 0x0000000100000000)
  eden space 30720K, 100% used [0x00000000ec580000,0x00000000ee380000,0x00000000ee380000)
  from space 2560K, 98% used [0x00000000ee600000,0x00000000ee879268,0x00000000ee880000)
  to   space 2560K, 0% used [0x00000000ee380000,0x00000000ee380000,0x00000000ee600000)
 ParOldGen       total 40960K, used 5216K [0x00000000c5000000, 0x00000000c7800000, 0x00000000ec580000)
  object space 40960K, 12% used [0x00000000c5000000,0x00000000c55182d0,0x00000000c7800000)
 Metaspace       used 17148K, capacity 17288K, committed 17536K, reserved 1064960K
  class space    used 2087K, capacity 2120K, committed 2176K, reserved 1048576K
Event: 1.161 GC heap after
Heap after GC invocations=5 (full 0):
 PSYoungGen      total 33280K, used 2529K [0x00000000ec580000, 0x00000000f0f80000, 0x0000000100000000)
  eden space 30720K, 0% used [0x00000000ec580000,0x00000000ec580000,0x00000000ee380000)
  from space 2560K, 98% used [0x00000000ee380000,0x00000000ee5f8510,0x00000000ee600000)
  to   space 7168K, 0% used [0x00000000f0880000,0x00000000f0880000,0x00000000f0f80000)
 ParOldGen       total 40960K, used 9380K [0x00000000c5000000, 0x00000000c7800000, 0x00000000ec580000)
  object space 40960K, 22% used [0x00000000c5000000,0x00000000c5929388,0x00000000c7800000)
 Metaspace       used 17148K, capacity 17288K, committed 17536K, reserved 1064960K
  class space    used 2087K, capacity 2120K, committed 2176K, reserved 1048576K
}
Event: 1.416 GC heap before
{Heap before GC invocations=6 (full 0):
 PSYoungGen      total 33280K, used 33249K [0x00000000ec580000, 0x00000000f0f80000, 0x0000000100000000)
  eden space 30720K, 100% used [0x00000000ec580000,0x00000000ee380000,0x00000000ee380000)
  from space 2560K, 98% used [0x00000000ee380000,0x00000000ee5f8510,0x00000000ee600000)
  to   space 7168K, 0% used [0x00000000f0880000,0x00000000f0880000,0x00000000f0f80000)
 ParOldGen       total 40960K, used 9380K [0x00000000c5000000, 0x00000000c7800000, 0x00000000ec580000)
  object space 40960K, 22% used [0x00000000c5000000,0x00000000c5929388,0x00000000c7800000)
 Metaspace       used 19510K, capacity 19776K, committed 19968K, reserved 1067008K
  class space    used 2366K, capacity 2455K, committed 2560K, reserved 1048576K
Event: 1.424 GC heap after
Heap after GC invocations=6 (full 0):
 PSYoungGen      total 68096K, used 6209K [0x00000000ec580000, 0x00000000f1080000, 0x0000000100000000)
  eden space 60928K, 0% used [0x00000000ec580000,0x00000000ec580000,0x00000000f0100000)
  from space 7168K, 86% used [0x00000000f0880000,0x00000000f0e905f0,0x00000000f0f80000)
  to   space 7680K, 0% used [0x00000000f0100000,0x00000000f0100000,0x00000000f0880000)
 ParOldGen       total 40960K, used 9388K [0x00000000c5000000, 0x00000000c7800000, 0x00000000ec580000)
  object space 40960K, 22% used [0x00000000c5000000,0x00000000c592b388,0x00000000c7800000)
 Metaspace       used 19510K, capacity 19776K, committed 19968K, reserved 1067008K
  class space    used 2366K, capacity 2455K, committed 2560K, reserved 1048576K
}

Deoptimization events (10 events):
Event: 1.218 Thread 0x000000001aec5000 Uncommon trap: reason=unstable_if action=reinterpret pc=0x000000000550b818 method=java.util.regex.Pattern$BmpCharProperty.match(Ljava/util/regex/Matcher;ILjava/lang/CharSequence;)Z @ 5
Event: 1.231 Thread 0x000000001aec5000 Uncommon trap: reason=unstable_if action=reinterpret pc=0x000000000540f134 method=sun.misc.MetaIndex.mayContain(Ljava/lang/String;)Z @ 38
Event: 1.270 Thread 0x0000000005144800 Uncommon trap: reason=unstable_if action=reinterpret pc=0x0000000005782cf0 method=org.springframework.asm.ClassReader.readUTF8(I[C)Ljava/lang/String; @ 7
Event: 1.289 Thread 0x0000000005144800 Uncommon trap: reason=unstable_if action=reinterpret pc=0x0000000005701038 method=java.io.WinNTFileSystem.normalize(Ljava/lang/String;)Ljava/lang/String; @ 128
Event: 1.294 Thread 0x0000000005144800 Uncommon trap: reason=unstable_if action=reinterpret pc=0x00000000057e716c method=org.springframework.asm.ClassReader.readUTF8(I[C)Ljava/lang/String; @ 11
Event: 1.338 Thread 0x0000000005144800 Uncommon trap: reason=unloaded action=reinterpret pc=0x00000000057ff764 method=org.springframework.util.ConcurrentReferenceHashMap$Segment.restructureIfNecessary(Z)V @ 312
Event: 1.376 Thread 0x0000000005144800 Uncommon trap: reason=unstable_if action=reinterpret pc=0x0000000005842bc8 method=org.springframework.asm.ClassReader.readUTF(II[C)Ljava/lang/String; @ 77
Event: 1.379 Thread 0x0000000005144800 Uncommon trap: reason=unstable_if action=reinterpret pc=0x000000000575ddfc method=org.springframework.asm.ClassReader.readUTF(II[C)Ljava/lang/String; @ 77
Event: 1.440 Thread 0x000000001aec5000 Uncommon trap: reason=predicate action=maybe_recompile pc=0x0000000005559028 method=java.lang.String.regionMatches(ZILjava/lang/String;II)Z @ 63
Event: 1.469 Thread 0x000000001aec5000 Uncommon trap: reason=unstable_if action=reinterpret pc=0x00000000054fc370 method=java.util.HashMap.hash(Ljava/lang/Object;)I @ 1

Internal exceptions (10 events):
Event: 1.072 Thread 0x0000000005144800 Exception <a 'java/lang/ClassNotFoundException': java/lang/ObjectCustomizer> (0x00000000ede86530) thrown at [C:\re\workspace\8-2-build-windows-amd64-cygwin\jdk8u144\9417\hotspot\src\share\vm\classfile\systemDictionary.cpp, line 210]
Event: 1.074 Thread 0x0000000005144800 Exception <a 'java/lang/ClassNotFoundException': org/springframework/context/annotation/ConfigurationClassPostProcessorCustomizer> (0x00000000edea57a0) thrown at [C:\re\workspace\8-2-build-windows-amd64-cygwin\jdk8u144\9417\hotspot\src\share\vm\classfile\
Event: 1.075 Thread 0x0000000005144800 Exception <a 'java/lang/ClassNotFoundException': org/springframework/beans/factory/support/BeanDefinitionRegistryPostProcessorCustomizer> (0x00000000eded5020) thrown at [C:\re\workspace\8-2-build-windows-amd64-cygwin\jdk8u144\9417\hotspot\src\share\vm\cla
Event: 1.075 Thread 0x0000000005144800 Exception <a 'java/lang/ClassNotFoundException': org/springframework/core/PriorityOrderedCustomizer> (0x00000000edee97a0) thrown at [C:\re\workspace\8-2-build-windows-amd64-cygwin\jdk8u144\9417\hotspot\src\share\vm\classfile\systemDictionary.cpp, line 210
Event: 1.076 Thread 0x0000000005144800 Exception <a 'java/lang/ClassNotFoundException': org/springframework/context/ResourceLoaderAwareCustomizer> (0x00000000edefeed8) thrown at [C:\re\workspace\8-2-build-windows-amd64-cygwin\jdk8u144\9417\hotspot\src\share\vm\classfile\systemDictionary.cpp, l
Event: 1.076 Thread 0x0000000005144800 Exception <a 'java/lang/ClassNotFoundException': org/springframework/beans/factory/BeanClassLoaderAwareCustomizer> (0x00000000edf17820) thrown at [C:\re\workspace\8-2-build-windows-amd64-cygwin\jdk8u144\9417\hotspot\src\share\vm\classfile\systemDictionary
Event: 1.076 Thread 0x0000000005144800 Exception <a 'java/lang/ClassNotFoundException': org/springframework/context/EnvironmentAwareCustomizer> (0x00000000edf2d650) thrown at [C:\re\workspace\8-2-build-windows-amd64-cygwin\jdk8u144\9417\hotspot\src\share\vm\classfile\systemDictionary.cpp, line
Event: 1.395 Thread 0x000000001aec5000 Exception <a 'java/lang/NoSuchFieldError': method resolution failed> (0x00000000edfef4e0) thrown at [C:\re\workspace\8-2-build-windows-amd64-cygwin\jdk8u144\9417\hotspot\src\share\vm\prims\methodHandles.cpp, line 1146]
Event: 1.397 Thread 0x000000001aec5000 Exception <a 'java/lang/NoSuchFieldError': method resolution failed> (0x00000000ee066a80) thrown at [C:\re\workspace\8-2-build-windows-amd64-cygwin\jdk8u144\9417\hotspot\src\share\vm\prims\methodHandles.cpp, line 1146]
Event: 1.469 Thread 0x000000001aec5000 Implicit null exception at 0x00000000054fc2d8 to 0x00000000054fc366

Events (10 events):
Event: 1.614 loading class org/springframework/security/authentication/AuthenticationManager
Event: 1.614 loading class org/springframework/security/authentication/AuthenticationManager done
Event: 1.621 loading class org/springframework/security/config/annotation/authentication/configurers/GlobalAuthenticationConfigurerAdapter
Event: 1.621 loading class org/springframework/security/config/annotation/authentication/configurers/GlobalAuthenticationConfigurerAdapter done
Event: 1.621 loading class org/h2/server/web/WebServlet
Event: 1.621 loading class org/h2/server/web/WebServlet done
Event: 1.621 loading class javax/servlet/GenericServlet
Event: 1.621 loading class javax/servlet/GenericServlet done
Event: 1.621 loading class org/springframework/hateoas/Resource
Event: 1.621 loading class org/springframework/hateoas/Resource done


Dynamic libraries:
0x00007ff604a80000 - 0x00007ff604ab7000 	C:\Program Files\Java\jre1.8.0_144\bin\javaw.exe
0x00007ffe7a540000 - 0x00007ffe7a720000 	C:\WINDOWS\SYSTEM32\ntdll.dll
0x00007ffe7a460000 - 0x00007ffe7a50e000 	C:\WINDOWS\System32\KERNEL32.DLL
0x00007ffe775d0000 - 0x00007ffe77836000 	C:\WINDOWS\System32\KERNELBASE.dll
0x00007ffe785a0000 - 0x00007ffe78641000 	C:\WINDOWS\System32\ADVAPI32.dll
0x00007ffe784a0000 - 0x00007ffe7853d000 	C:\WINDOWS\System32\msvcrt.dll
0x00007ffe7a400000 - 0x00007ffe7a45b000 	C:\WINDOWS\System32\sechost.dll
0x00007ffe78660000 - 0x00007ffe7877f000 	C:\WINDOWS\System32\RPCRT4.dll
0x00007ffe7a210000 - 0x00007ffe7a39f000 	C:\WINDOWS\System32\USER32.dll
0x00007ffe76b40000 - 0x00007ffe76b60000 	C:\WINDOWS\System32\win32u.dll
0x00007ffe79f80000 - 0x00007ffe79fa8000 	C:\WINDOWS\System32\GDI32.dll
0x00007ffe769a0000 - 0x00007ffe76b33000 	C:\WINDOWS\System32\gdi32full.dll
0x00007ffe77970000 - 0x00007ffe77a0b000 	C:\WINDOWS\System32\msvcp_win.dll
0x00007ffe77480000 - 0x00007ffe77576000 	C:\WINDOWS\System32\ucrtbase.dll
0x00007ffe66910000 - 0x00007ffe66b79000 	C:\WINDOWS\WinSxS\amd64_microsoft.windows.common-controls_6595b64144ccf1df_6.0.16299.309_none_15cfd4c4935e6b11\COMCTL32.dll
0x00007ffe77f60000 - 0x00007ffe78268000 	C:\WINDOWS\System32\combase.dll
0x00007ffe778f0000 - 0x00007ffe77962000 	C:\WINDOWS\System32\bcryptPrimitives.dll
0x00007ffe79f50000 - 0x00007ffe79f7d000 	C:\WINDOWS\System32\IMM32.DLL
0x0000000061250000 - 0x0000000061322000 	C:\Program Files\Java\jre1.8.0_144\bin\msvcr100.dll
0x0000000061440000 - 0x0000000061cdd000 	C:\Program Files\Java\jre1.8.0_144\bin\server\jvm.dll
0x00007ffe78650000 - 0x00007ffe78658000 	C:\WINDOWS\System32\PSAPI.DLL
0x00007ffe66030000 - 0x00007ffe66039000 	C:\WINDOWS\SYSTEM32\WSOCK32.dll
0x00007ffe6f870000 - 0x00007ffe6f893000 	C:\WINDOWS\SYSTEM32\WINMM.dll
0x00007ffe69840000 - 0x00007ffe6984a000 	C:\WINDOWS\SYSTEM32\VERSION.dll
0x00007ffe78860000 - 0x00007ffe788cc000 	C:\WINDOWS\System32\WS2_32.dll
0x00007ffe6f840000 - 0x00007ffe6f86a000 	C:\WINDOWS\SYSTEM32\winmmbase.dll
0x00007ffe77580000 - 0x00007ffe775ca000 	C:\WINDOWS\System32\cfgmgr32.dll
0x0000000061430000 - 0x000000006143f000 	C:\Program Files\Java\jre1.8.0_144\bin\verify.dll
0x0000000061400000 - 0x0000000061429000 	C:\Program Files\Java\jre1.8.0_144\bin\java.dll
0x00000000613e0000 - 0x00000000613f6000 	C:\Program Files\Java\jre1.8.0_144\bin\zip.dll
0x00007ffe789a0000 - 0x00007ffe79dd6000 	C:\WINDOWS\System32\SHELL32.dll
0x00007ffe788d0000 - 0x00007ffe78976000 	C:\WINDOWS\System32\shcore.dll
0x00007ffe76d30000 - 0x00007ffe77477000 	C:\WINDOWS\System32\windows.storage.dll
0x00007ffe77a10000 - 0x00007ffe77a61000 	C:\WINDOWS\System32\shlwapi.dll
0x00007ffe768d0000 - 0x00007ffe768e1000 	C:\WINDOWS\System32\kernel.appcore.dll
0x00007ffe768f0000 - 0x00007ffe7693c000 	C:\WINDOWS\System32\powrprof.dll
0x00007ffe768b0000 - 0x00007ffe768cb000 	C:\WINDOWS\System32\profapi.dll
0x0000000061330000 - 0x000000006133d000 	C:\Program Files\Java\jre1.8.0_144\bin\management.dll
0x00000000613c0000 - 0x00000000613da000 	C:\Program Files\Java\jre1.8.0_144\bin\net.dll
0x00007ffe76120000 - 0x00007ffe76186000 	C:\WINDOWS\system32\mswsock.dll
0x00007ffe65b40000 - 0x00007ffe65b56000 	C:\WINDOWS\system32\napinsp.dll
0x00007ffe65b20000 - 0x00007ffe65b3a000 	C:\WINDOWS\system32\pnrpnsp.dll
0x00007ffe72e80000 - 0x00007ffe72e98000 	C:\WINDOWS\system32\NLAapi.dll
0x00007ffe75ef0000 - 0x00007ffe75fa6000 	C:\WINDOWS\SYSTEM32\DNSAPI.dll
0x00007ffe78780000 - 0x00007ffe78788000 	C:\WINDOWS\System32\NSI.dll
0x00007ffe75eb0000 - 0x00007ffe75ee9000 	C:\WINDOWS\SYSTEM32\IPHLPAPI.DLL
0x00007ffe65ad0000 - 0x00007ffe65ade000 	C:\WINDOWS\System32\winrnr.dll
0x00000000620e0000 - 0x0000000062106000 	C:\Program Files\Bonjour\mdnsNSP.dll
0x00007ffe715b0000 - 0x00007ffe715c5000 	C:\WINDOWS\System32\wshbth.dll
0x00007ffe6c8a0000 - 0x00007ffe6c8aa000 	C:\Windows\System32\rasadhlp.dll
0x00007ffe6d880000 - 0x00007ffe6d8f0000 	C:\WINDOWS\System32\fwpuclnt.dll
0x00007ffe763f0000 - 0x00007ffe76415000 	C:\WINDOWS\SYSTEM32\bcrypt.dll
0x00000000613a0000 - 0x00000000613b1000 	C:\Program Files\Java\jre1.8.0_144\bin\nio.dll

VM Arguments:
jvm_args: -Dfile.encoding=UTF-8 
java_command: com.softtech.localLevel.LocalLevelApplication
java_class_path (initial): C:\Users\Lothbroke\Desktop\Softech\Project\LocalLevel\target\classes;C:\Users\Lothbroke\.m2\repository\org\springframework\boot\spring-boot-starter-data-jpa\1.5.10.RELEASE\spring-boot-starter-data-jpa-1.5.10.RELEASE.jar;C:\Users\Lothbroke\.m2\repository\org\springframework\boot\spring-boot-starter\1.5.10.RELEASE\spring-boot-starter-1.5.10.RELEASE.jar;C:\Users\Lothbroke\.m2\repository\org\springframework\boot\spring-boot\1.5.10.RELEASE\spring-boot-1.5.10.RELEASE.jar;C:\Users\Lothbroke\.m2\repository\org\springframework\boot\spring-boot-autoconfigure\1.5.10.RELEASE\spring-boot-autoconfigure-1.5.10.RELEASE.jar;C:\Users\Lothbroke\.m2\repository\org\springframework\boot\spring-boot-starter-logging\1.5.10.RELEASE\spring-boot-starter-logging-1.5.10.RELEASE.jar;C:\Users\Lothbroke\.m2\repository\ch\qos\logback\logback-classic\1.1.11\logback-classic-1.1.11.jar;C:\Users\Lothbroke\.m2\repository\ch\qos\logback\logback-core\1.1.11\logback-core-1.1.11.jar;C:\Users\Lothbroke\.m2\repository\org\slf4j\jul-to-slf4j\1.7.25\jul-to-slf4j-1.7.25.jar;C:\Users\Lothbroke\.m2\repository\org\slf4j\log4j-over-slf4j\1.7.25\log4j-over-slf4j-1.7.25.jar;C:\Users\Lothbroke\.m2\repository\org\yaml\snakeyaml\1.17\snakeyaml-1.17.jar;C:\Users\Lothbroke\.m2\repository\org\springframework\boot\spring-boot-starter-aop\1.5.10.RELEASE\spring-boot-starter-aop-1.5.10.RELEASE.jar;C:\Users\Lothbroke\.m2\repository\org\springframework\spring-aop\4.3.14.RELEASE\spring-aop-4.3.14.RELEASE.jar;C:\Users\Lothbroke\.m2\repository\org\aspectj\aspectjweaver\1.8.13\aspectjweaver-1.8.13.jar;C:\Users\Lothbroke\.m2\repository\org\springframework\boot\spring-boot-starter-jdbc\1.5.10.RELEASE\spring-boot-starter-jdbc-1.5.10.RELEASE.jar;C:\Users\Lothbroke\.m2\repository\org\apache\tomcat\tomcat-jdbc\8.5.27\tomcat-jdbc-8.5.27.jar;C:\Users\Lothbroke\.m2\repository\org\apache\tomcat\tomcat-juli\8.5.27\tomcat-juli-8.5.27.jar;C:\Users\Lothbroke\.m2\repository\org\springframework\spring-jdbc\4.3.14.RELEASE
Launcher Type: SUN_STANDARD

Environment Variables:
JAVA_HOME=C:\Program Files\Java\jdk1.8.0_144
PATH=C:/Program Files/Java/jre1.8.0_144/bin/server;C:/Program Files/Java/jre1.8.0_144/bin;C:/Program Files/Java/jre1.8.0_144/lib/amd64;C:\app\Lothbroke\product\11.2.0\dbhome_1\bin;C:\ProgramData\Oracle\Java\javapath;"C:\ProgramData\Oracle\Java\javapath;C:\Program Files\Java\jdk1.8.0_144\bin;C:\Program Files\Java\jre1.8.0_144";C:\WINDOWS\system32;C:\WINDOWS;C:\WINDOWS\System32\Wbem;C:\WINDOWS\System32\WindowsPowerShell\v1.0\;C:\Program Files\PuTTY\;C:\Program Files\Git\cmd;C:\Program Files\nodejs\;C:\Program Files\Apache software foundation\apache-maven-3.5.0\bin;C:\Users\Lothbroke\AppData\Local\Microsoft\WindowsApps;C:\Program Files\Java\jdk1.8.0_144\bin;C:\Users\Lothbroke\AppData\Roaming\npm;C:\Program Files (x86)\Microsoft VS Code\bin;C:\Users\Lothbroke\Desktop\eclipse;
USERNAME=Lothbroke
OS=Windows_NT
PROCESSOR_IDENTIFIER=Intel64 Family 6 Model 60 Stepping 3, GenuineIntel



---------------  S Y S T E M  ---------------

OS: Windows 10.0 , 64 bit Build 16299 (10.0.16299.15)

CPU:total 8 (initial active 8) (4 cores per cpu, 2 threads per core) family 6 model 60 stepping 3, cmov, cx8, fxsr, mmx, sse, sse2, sse3, ssse3, sse4.1, sse4.2, popcnt, avx, avx2, aes, clmul, erms, lzcnt, ht, tsc, tscinvbit, bmi1, bmi2

Memory: 4k page, physical 3859708k(396204k free), swap 7955708k(5924k free)

vm_info: Java HotSpot(TM) 64-Bit Server VM (25.144-b01) for windows-amd64 JRE (1.8.0_144-b01), built on Jul 21 2017 21:57:33 by "java_re" with MS VC++ 10.0 (VS2010)

time: Fri Apr 06 17:28:07 2018
elapsed time: 1 seconds (0d 0h 0m 1s)

