#
# There is insufficient memory for the Java Runtime Environment to continue.
# Native memory allocation (malloc) failed to allocate 881296 bytes for Chunk::new
# Possible reasons:
#   The system is out of physical RAM or swap space
#   In 32 bit mode, the process size limit was hit
# Possible solutions:
#   Reduce memory load on the system
#   Increase physical memory or swap space
#   Check if swap backing store is full
#   Use 64 bit Java on a 64 bit OS
#   Decrease Java heap size (-Xmx/-Xms)
#   Decrease number of Java threads
#   Decrease Java thread stack sizes (-Xss)
#   Set larger code cache with -XX:ReservedCodeCacheSize=
# This output file may be truncated or incomplete.
#
#  Out of Memory Error (allocation.cpp:390), pid=9196, tid=0x000000000000199c
#
# JRE version: Java(TM) SE Runtime Environment (8.0_144-b01) (build 1.8.0_144-b01)
# Java VM: Java HotSpot(TM) 64-Bit Server VM (25.144-b01 mixed mode windows-amd64 compressed oops)
# Failed to write core dump. Minidumps are not enabled by default on client versions of Windows
#

---------------  T H R E A D  ---------------

Current thread (0x0000000018d81800):  JavaThread "C2 CompilerThread0" daemon [_thread_in_native, id=6556, stack(0x0000000019540000,0x0000000019640000)]

Stack: [0x0000000019540000,0x0000000019640000]
[error occurred during error reporting (printing stack bounds), id 0xc0000005]

Native frames: (J=compiled Java code, j=interpreted, Vv=VM code, C=native code)


Current CompileTask:
C2:   1674 1960       4       org.springframework.boot.bind.RelaxedNames::initialize (112 bytes)


---------------  P R O C E S S  ---------------

Java Threads: ( => current thread )
  0x0000000018e10800 JavaThread "Service Thread" daemon [_thread_blocked, id=8800, stack(0x0000000019940000,0x0000000019a40000)]
  0x0000000018d8c000 JavaThread "C1 CompilerThread3" daemon [_thread_blocked, id=13260, stack(0x0000000019840000,0x0000000019940000)]
  0x0000000018d87000 JavaThread "C2 CompilerThread2" daemon [_thread_in_native, id=9212, stack(0x0000000019740000,0x0000000019840000)]
  0x0000000018d85000 JavaThread "C2 CompilerThread1" daemon [_thread_in_native, id=13908, stack(0x0000000019640000,0x0000000019740000)]
=>0x0000000018d81800 JavaThread "C2 CompilerThread0" daemon [_thread_in_native, id=6556, stack(0x0000000019540000,0x0000000019640000)]
  0x0000000018d80800 JavaThread "Attach Listener" daemon [_thread_blocked, id=7416, stack(0x0000000019440000,0x0000000019540000)]
  0x0000000018d7e000 JavaThread "Signal Dispatcher" daemon [_thread_blocked, id=10908, stack(0x0000000019340000,0x0000000019440000)]
  0x0000000018d70800 JavaThread "Finalizer" daemon [_thread_blocked, id=6880, stack(0x0000000019150000,0x0000000019250000)]
  0x0000000004658800 JavaThread "Reference Handler" daemon [_thread_blocked, id=2932, stack(0x0000000018c50000,0x0000000018d50000)]
  0x0000000004564800 JavaThread "main" [_thread_blocked, id=6436, stack(0x0000000004410000,0x0000000004510000)]

Other Threads:
  0x0000000016e89800 VMThread [stack: 0x0000000018b50000,0x0000000018c50000] [id=4828]
  0x0000000018e75000 WatcherThread [stack: 0x0000000019a40000,0x0000000019b40000] [id=10736]

VM state:at safepoint (normal execution)

VM Mutex/Monitor currently owned by a thread:  ([mutex/lock_event])
[0x0000000004561650] Threads_lock - owner thread: 0x0000000016e89800
[0x0000000004560ed0] Heap_lock - owner thread: 0x0000000004564800

Heap:
 PSYoungGen      total 68096K, used 37413K [0x00000000ec580000, 0x00000000f1080000, 0x0000000100000000)
  eden space 60928K, 51% used [0x00000000ec580000,0x00000000ee44e5f8,0x00000000f0100000)
  from space 7168K, 81% used [0x00000000f0880000,0x00000000f0e3b108,0x00000000f0f80000)
  to   space 7680K, 31% used [0x00000000f0100000,0x00000000f0360dd8,0x00000000f0880000)
 ParOldGen       total 40960K, used 10539K [0x00000000c5000000, 0x00000000c7800000, 0x00000000ec580000)
  object space 40960K, 25% used [0x00000000c5000000,0x00000000c5a4ce10,0x00000000c7800000)
 Metaspace       used 20904K, capacity 21166K, committed 21296K, reserved 1069056K
  class space    used 2545K, capacity 2644K, committed 2688K, reserved 1048576K

Card table byte_map: [0x0000000013a20000,0x0000000013c00000] byte_map_base: 0x00000000133f8000

Marking Bits: (ParMarkBitMap*) 0x000000007012d850
 Begin Bits: [0x0000000014540000, 0x0000000015400000)
 End Bits:   [0x0000000015400000, 0x00000000162c0000)

Polling page: 0x0000000002b90000

CodeCache: size=245760Kb used=7246Kb max_used=7246Kb free=238513Kb
 bounds [0x0000000004660000, 0x0000000004d80000, 0x0000000013660000]
 total_blobs=2397 nmethods=2036 adapters=273
 compilation: enabled

Compilation events (10 events):
Event: 1.646 Thread 0x0000000018d87000 2022       4       org.springframework.util.ConcurrentReferenceHashMap$Segment::findInChain (63 bytes)
Event: 1.646 Thread 0x0000000018d8c000 2023       3       org.springframework.asm.ClassVisitor::<init> (35 bytes)
Event: 1.647 Thread 0x0000000018d8c000 nmethod 2023 0x0000000004d6fc10 code [0x0000000004d6fd80, 0x0000000004d70088]
Event: 1.649 Thread 0x0000000018d8c000 2024       3       org.springframework.core.type.classreading.AbstractRecursiveAnnotationVisitor::visitArray (17 bytes)
Event: 1.649 Thread 0x0000000018d87000 nmethod 2022 0x0000000004d6de50 code [0x0000000004d6dfc0, 0x0000000004d6e398]
Event: 1.649 Thread 0x0000000018d8c000 nmethod 2024 0x0000000004d6ed90 code [0x0000000004d6ef60, 0x0000000004d6f738]
Event: 1.649 Thread 0x0000000018d8c000 2025       3       org.springframework.core.type.classreading.RecursiveAnnotationArrayVisitor::<init> (23 bytes)
Event: 1.650 Thread 0x0000000018d8c000 nmethod 2025 0x0000000004d71010 code [0x0000000004d711e0, 0x0000000004d718d8]
Event: 1.650 Thread 0x0000000018d8c000 2026       3       org.springframework.core.type.classreading.RecursiveAnnotationArrayVisitor::visitEnd (46 bytes)
Event: 1.650 Thread 0x0000000018d8c000 nmethod 2026 0x0000000004d70450 code [0x0000000004d70620, 0x0000000004d70d88]

GC Heap History (10 events):
Event: 0.571 GC heap before
{Heap before GC invocations=2 (full 0):
 PSYoungGen      total 17920K, used 17891K [0x00000000ec580000, 0x00000000ed980000, 0x0000000100000000)
  eden space 15360K, 100% used [0x00000000ec580000,0x00000000ed480000,0x00000000ed480000)
  from space 2560K, 98% used [0x00000000ed480000,0x00000000ed6f8d40,0x00000000ed700000)
  to   space 2560K, 0% used [0x00000000ed700000,0x00000000ed700000,0x00000000ed980000)
 ParOldGen       total 40960K, used 483K [0x00000000c5000000, 0x00000000c7800000, 0x00000000ec580000)
  object space 40960K, 1% used [0x00000000c5000000,0x00000000c5078e80,0x00000000c7800000)
 Metaspace       used 8382K, capacity 8490K, committed 8576K, reserved 1056768K
  class space    used 1066K, capacity 1107K, committed 1152K, reserved 1048576K
Event: 0.573 GC heap after
Heap after GC invocations=2 (full 0):
 PSYoungGen      total 17920K, used 2541K [0x00000000ec580000, 0x00000000ed980000, 0x0000000100000000)
  eden space 15360K, 0% used [0x00000000ec580000,0x00000000ec580000,0x00000000ed480000)
  from space 2560K, 99% used [0x00000000ed700000,0x00000000ed97b520,0x00000000ed980000)
  to   space 2560K, 0% used [0x00000000ed480000,0x00000000ed480000,0x00000000ed700000)
 ParOldGen       total 40960K, used 1356K [0x00000000c5000000, 0x00000000c7800000, 0x00000000ec580000)
  object space 40960K, 3% used [0x00000000c5000000,0x00000000c51532d8,0x00000000c7800000)
 Metaspace       used 8382K, capacity 8490K, committed 8576K, reserved 1056768K
  class space    used 1066K, capacity 1107K, committed 1152K, reserved 1048576K
}
Event: 0.646 GC heap before
{Heap before GC invocations=3 (full 0):
 PSYoungGen      total 17920K, used 17901K [0x00000000ec580000, 0x00000000ed980000, 0x0000000100000000)
  eden space 15360K, 100% used [0x00000000ec580000,0x00000000ed480000,0x00000000ed480000)
  from space 2560K, 99% used [0x00000000ed700000,0x00000000ed97b520,0x00000000ed980000)
  to   space 2560K, 0% used [0x00000000ed480000,0x00000000ed480000,0x00000000ed700000)
 ParOldGen       total 40960K, used 1412K [0x00000000c5000000, 0x00000000c7800000, 0x00000000ec580000)
  object space 40960K, 3% used [0x00000000c5000000,0x00000000c5161030,0x00000000c7800000)
 Metaspace       used 10683K, capacity 10794K, committed 10880K, reserved 1058816K
  class space    used 1322K, capacity 1363K, committed 1408K, reserved 1048576K
Event: 0.649 GC heap after
Heap after GC invocations=3 (full 0):
 PSYoungGen      total 17920K, used 2536K [0x00000000ec580000, 0x00000000ee880000, 0x0000000100000000)
  eden space 15360K, 0% used [0x00000000ec580000,0x00000000ec580000,0x00000000ed480000)
  from space 2560K, 99% used [0x00000000ed480000,0x00000000ed6fa1d0,0x00000000ed700000)
  to   space 2560K, 0% used [0x00000000ee600000,0x00000000ee600000,0x00000000ee880000)
 ParOldGen       total 40960K, used 3265K [0x00000000c5000000, 0x00000000c7800000, 0x00000000ec580000)
  object space 40960K, 7% used [0x00000000c5000000,0x00000000c5330468,0x00000000c7800000)
 Metaspace       used 10683K, capacity 10794K, committed 10880K, reserved 1058816K
  class space    used 1322K, capacity 1363K, committed 1408K, reserved 1048576K
}
Event: 0.717 GC heap before
{Heap before GC invocations=4 (full 0):
 PSYoungGen      total 17920K, used 17896K [0x00000000ec580000, 0x00000000ee880000, 0x0000000100000000)
  eden space 15360K, 100% used [0x00000000ec580000,0x00000000ed480000,0x00000000ed480000)
  from space 2560K, 99% used [0x00000000ed480000,0x00000000ed6fa1d0,0x00000000ed700000)
  to   space 2560K, 0% used [0x00000000ee600000,0x00000000ee600000,0x00000000ee880000)
 ParOldGen       total 40960K, used 3265K [0x00000000c5000000, 0x00000000c7800000, 0x00000000ec580000)
  object space 40960K, 7% used [0x00000000c5000000,0x00000000c5330468,0x00000000c7800000)
 Metaspace       used 12601K, capacity 12778K, committed 12928K, reserved 1060864K
  class space    used 1569K, capacity 1619K, committed 1664K, reserved 1048576K
Event: 0.722 GC heap after
Heap after GC invocations=4 (full 0):
 PSYoungGen      total 33280K, used 2529K [0x00000000ec580000, 0x00000000ee880000, 0x0000000100000000)
  eden space 30720K, 0% used [0x00000000ec580000,0x00000000ec580000,0x00000000ee380000)
  from space 2560K, 98% used [0x00000000ee600000,0x00000000ee8784d0,0x00000000ee880000)
  to   space 2560K, 0% used [0x00000000ee380000,0x00000000ee380000,0x00000000ee600000)
 ParOldGen       total 40960K, used 5150K [0x00000000c5000000, 0x00000000c7800000, 0x00000000ec580000)
  object space 40960K, 12% used [0x00000000c5000000,0x00000000c5507a08,0x00000000c7800000)
 Metaspace       used 12601K, capacity 12778K, committed 12928K, reserved 1060864K
  class space    used 1569K, capacity 1619K, committed 1664K, reserved 1048576K
}
Event: 1.027 GC heap before
{Heap before GC invocations=5 (full 0):
 PSYoungGen      total 33280K, used 33249K [0x00000000ec580000, 0x00000000ee880000, 0x0000000100000000)
  eden space 30720K, 100% used [0x00000000ec580000,0x00000000ee380000,0x00000000ee380000)
  from space 2560K, 98% used [0x00000000ee600000,0x00000000ee8784d0,0x00000000ee880000)
  to   space 2560K, 0% used [0x00000000ee380000,0x00000000ee380000,0x00000000ee600000)
 ParOldGen       total 40960K, used 5150K [0x00000000c5000000, 0x00000000c7800000, 0x00000000ec580000)
  object space 40960K, 12% used [0x00000000c5000000,0x00000000c5507a08,0x00000000c7800000)
 Metaspace       used 17510K, capacity 17640K, committed 17792K, reserved 1064960K
  class space    used 2131K, capacity 2152K, committed 2176K, reserved 1048576K
Event: 1.041 GC heap after
Heap after GC invocations=5 (full 0):
 PSYoungGen      total 33280K, used 2533K [0x00000000ec580000, 0x00000000f0f80000, 0x0000000100000000)
  eden space 30720K, 0% used [0x00000000ec580000,0x00000000ec580000,0x00000000ee380000)
  from space 2560K, 98% used [0x00000000ee380000,0x00000000ee5f9658,0x00000000ee600000)
  to   space 7168K, 0% used [0x00000000f0880000,0x00000000f0880000,0x00000000f0f80000)
 ParOldGen       total 40960K, used 9603K [0x00000000c5000000, 0x00000000c7800000, 0x00000000ec580000)
  object space 40960K, 23% used [0x00000000c5000000,0x00000000c5960cc0,0x00000000c7800000)
 Metaspace       used 17510K, capacity 17640K, committed 17792K, reserved 1064960K
  class space    used 2131K, capacity 2152K, committed 2176K, reserved 1048576K
}
Event: 1.438 GC heap before
{Heap before GC invocations=6 (full 0):
 PSYoungGen      total 33280K, used 33253K [0x00000000ec580000, 0x00000000f0f80000, 0x0000000100000000)
  eden space 30720K, 100% used [0x00000000ec580000,0x00000000ee380000,0x00000000ee380000)
  from space 2560K, 98% used [0x00000000ee380000,0x00000000ee5f9658,0x00000000ee600000)
  to   space 7168K, 0% used [0x00000000f0880000,0x00000000f0880000,0x00000000f0f80000)
 ParOldGen       total 40960K, used 9603K [0x00000000c5000000, 0x00000000c7800000, 0x00000000ec580000)
  object space 40960K, 23% used [0x00000000c5000000,0x00000000c5960cc0,0x00000000c7800000)
 Metaspace       used 20009K, capacity 20314K, committed 20480K, reserved 1067008K
  class space    used 2429K, capacity 2502K, committed 2560K, reserved 1048576K
Event: 1.448 GC heap after
Heap after GC invocations=6 (full 0):
 PSYoungGen      total 68096K, used 5868K [0x00000000ec580000, 0x00000000f1080000, 0x0000000100000000)
  eden space 60928K, 0% used [0x00000000ec580000,0x00000000ec580000,0x00000000f0100000)
  from space 7168K, 81% used [0x00000000f0880000,0x00000000f0e3b108,0x00000000f0f80000)
  to   space 7680K, 0% used [0x00000000f0100000,0x00000000f0100000,0x00000000f0880000)
 ParOldGen       total 40960K, used 9611K [0x00000000c5000000, 0x00000000c7800000, 0x00000000ec580000)
  object space 40960K, 23% used [0x00000000c5000000,0x00000000c5962cc0,0x00000000c7800000)
 Metaspace       used 20009K, capacity 20314K, committed 20480K, reserved 1067008K
  class space    used 2429K, capacity 2502K, committed 2560K, reserved 1048576K
}

Deoptimization events (10 events):
Event: 1.054 Thread 0x000000001a122000 Uncommon trap: reason=class_check action=maybe_recompile pc=0x0000000004924cdc method=java.util.regex.Matcher.search(I)Z @ 86
Event: 1.054 Thread 0x000000001a122000 Uncommon trap: reason=bimorphic action=maybe_recompile pc=0x0000000004932fb0 method=java.util.regex.Pattern$BmpCharProperty.match(Ljava/util/regex/Matcher;ILjava/lang/CharSequence;)Z @ 31
Event: 1.054 Thread 0x000000001a122000 Uncommon trap: reason=unstable_if action=reinterpret pc=0x0000000004932f58 method=java.util.regex.Pattern$BmpCharProperty.match(Ljava/util/regex/Matcher;ILjava/lang/CharSequence;)Z @ 5
Event: 1.073 Thread 0x000000001a122000 Uncommon trap: reason=unstable_if action=reinterpret pc=0x000000000482cc34 method=sun.misc.MetaIndex.mayContain(Ljava/lang/String;)Z @ 38
Event: 1.264 Thread 0x000000001a122000 Uncommon trap: reason=predicate action=maybe_recompile pc=0x000000000496ef68 method=java.lang.String.regionMatches(ZILjava/lang/String;II)Z @ 63
Event: 1.289 Thread 0x000000001a122000 Uncommon trap: reason=unstable_if action=reinterpret pc=0x000000000491c570 method=java.util.HashMap.hash(Ljava/lang/Object;)I @ 1
Event: 1.328 Thread 0x0000000004564800 Uncommon trap: reason=unstable_if action=reinterpret pc=0x0000000004c0fba4 method=java.io.WinNTFileSystem.normalize(Ljava/lang/String;)Ljava/lang/String; @ 128
Event: 1.352 Thread 0x0000000004564800 Uncommon trap: reason=unstable_if action=reinterpret pc=0x0000000004bee4a4 method=org.springframework.asm.ClassReader.readUTF(II[C)Ljava/lang/String; @ 77
Event: 1.353 Thread 0x0000000004564800 Uncommon trap: reason=unstable_if action=reinterpret pc=0x0000000004b95bfc method=org.springframework.asm.ClassReader.readUTF(II[C)Ljava/lang/String; @ 77
Event: 1.590 Thread 0x000000001cf37000 Uncommon trap: reason=unstable_if action=reinterpret pc=0x0000000004d48204 method=java.util.jar.Manifest$FastInputStream.readLine([BII)I @ 87

Internal exceptions (10 events):
Event: 0.953 Thread 0x0000000004564800 Exception <a 'java/lang/ClassNotFoundException': java/lang/ObjectCustomizer> (0x00000000edf1d4d0) thrown at [C:\re\workspace\8-2-build-windows-amd64-cygwin\jdk8u144\9417\hotspot\src\share\vm\classfile\systemDictionary.cpp, line 210]
Event: 0.954 Thread 0x0000000004564800 Exception <a 'java/lang/ClassNotFoundException': org/springframework/context/annotation/ConfigurationClassPostProcessorCustomizer> (0x00000000edf7b7d8) thrown at [C:\re\workspace\8-2-build-windows-amd64-cygwin\jdk8u144\9417\hotspot\src\share\vm\classfile\
Event: 0.958 Thread 0x0000000004564800 Exception <a 'java/lang/ClassNotFoundException': org/springframework/beans/factory/support/BeanDefinitionRegistryPostProcessorCustomizer> (0x00000000edfab008) thrown at [C:\re\workspace\8-2-build-windows-amd64-cygwin\jdk8u144\9417\hotspot\src\share\vm\cla
Event: 0.960 Thread 0x0000000004564800 Exception <a 'java/lang/ClassNotFoundException': org/springframework/core/PriorityOrderedCustomizer> (0x00000000edfbf788) thrown at [C:\re\workspace\8-2-build-windows-amd64-cygwin\jdk8u144\9417\hotspot\src\share\vm\classfile\systemDictionary.cpp, line 210
Event: 0.962 Thread 0x0000000004564800 Exception <a 'java/lang/ClassNotFoundException': org/springframework/context/ResourceLoaderAwareCustomizer> (0x00000000edfd4ef0) thrown at [C:\re\workspace\8-2-build-windows-amd64-cygwin\jdk8u144\9417\hotspot\src\share\vm\classfile\systemDictionary.cpp, l
Event: 0.963 Thread 0x0000000004564800 Exception <a 'java/lang/ClassNotFoundException': org/springframework/beans/factory/BeanClassLoaderAwareCustomizer> (0x00000000edfed828) thrown at [C:\re\workspace\8-2-build-windows-amd64-cygwin\jdk8u144\9417\hotspot\src\share\vm\classfile\systemDictionary
Event: 0.965 Thread 0x0000000004564800 Exception <a 'java/lang/ClassNotFoundException': org/springframework/context/EnvironmentAwareCustomizer> (0x00000000ee003658) thrown at [C:\re\workspace\8-2-build-windows-amd64-cygwin\jdk8u144\9417\hotspot\src\share\vm\classfile\systemDictionary.cpp, line
Event: 1.233 Thread 0x000000001a122000 Exception <a 'java/lang/NoSuchFieldError': method resolution failed> (0x00000000ed1b5378) thrown at [C:\re\workspace\8-2-build-windows-amd64-cygwin\jdk8u144\9417\hotspot\src\share\vm\prims\methodHandles.cpp, line 1146]
Event: 1.241 Thread 0x000000001a122000 Exception <a 'java/lang/NoSuchFieldError': method resolution failed> (0x00000000ed1c2a38) thrown at [C:\re\workspace\8-2-build-windows-amd64-cygwin\jdk8u144\9417\hotspot\src\share\vm\prims\methodHandles.cpp, line 1146]
Event: 1.289 Thread 0x000000001a122000 Implicit null exception at 0x000000000491c4d8 to 0x000000000491c566

Events (10 events):
Event: 1.647 loading class org/eclipse/jetty/websocket/jsr356/server/deploy/WebSocketServerContainerInitializer
Event: 1.647 loading class org/eclipse/jetty/websocket/jsr356/server/deploy/WebSocketServerContainerInitializer done
Event: 1.647 loading class org/apache/catalina/startup/Tomcat
Event: 1.647 loading class org/apache/catalina/startup/Tomcat done
Event: 1.648 loading class org/apache/tomcat/websocket/server/WsSci
Event: 1.648 loading class org/apache/tomcat/websocket/server/WsSci done
Event: 1.648 loading class javax/servlet/ServletContainerInitializer
Event: 1.648 loading class javax/servlet/ServletContainerInitializer done
Event: 1.650 loading class io/undertow/Undertow
Event: 1.650 loading class io/undertow/Undertow done


Dynamic libraries:
0x00007ff7f1340000 - 0x00007ff7f1377000 	C:\Program Files\Java\jre1.8.0_144\bin\javaw.exe
0x00007ff97bfe0000 - 0x00007ff97c1c0000 	C:\WINDOWS\SYSTEM32\ntdll.dll
0x00007ff97ac20000 - 0x00007ff97acce000 	C:\WINDOWS\System32\KERNEL32.DLL
0x00007ff979040000 - 0x00007ff9792a6000 	C:\WINDOWS\System32\KERNELBASE.dll
0x00007ff97aa00000 - 0x00007ff97aaa1000 	C:\WINDOWS\System32\ADVAPI32.dll
0x00007ff97b150000 - 0x00007ff97b1ed000 	C:\WINDOWS\System32\msvcrt.dll
0x00007ff97b1f0000 - 0x00007ff97b24b000 	C:\WINDOWS\System32\sechost.dll
0x00007ff97b250000 - 0x00007ff97b36f000 	C:\WINDOWS\System32\RPCRT4.dll
0x00007ff97b850000 - 0x00007ff97b9df000 	C:\WINDOWS\System32\USER32.dll
0x00007ff9783e0000 - 0x00007ff978400000 	C:\WINDOWS\System32\win32u.dll
0x00007ff97acd0000 - 0x00007ff97acf8000 	C:\WINDOWS\System32\GDI32.dll
0x00007ff9784d0000 - 0x00007ff978663000 	C:\WINDOWS\System32\gdi32full.dll
0x00007ff979410000 - 0x00007ff9794ab000 	C:\WINDOWS\System32\msvcp_win.dll
0x00007ff979310000 - 0x00007ff979406000 	C:\WINDOWS\System32\ucrtbase.dll
0x00007ff968900000 - 0x00007ff968b69000 	C:\WINDOWS\WinSxS\amd64_microsoft.windows.common-controls_6595b64144ccf1df_6.0.16299.309_none_15cfd4c4935e6b11\COMCTL32.dll
0x00007ff97b540000 - 0x00007ff97b848000 	C:\WINDOWS\System32\combase.dll
0x00007ff978450000 - 0x00007ff9784c2000 	C:\WINDOWS\System32\bcryptPrimitives.dll
0x00007ff9794b0000 - 0x00007ff9794dd000 	C:\WINDOWS\System32\IMM32.DLL
0x0000000070490000 - 0x0000000070562000 	C:\Program Files\Java\jre1.8.0_144\bin\msvcr100.dll
0x000000006f910000 - 0x00000000701ad000 	C:\Program Files\Java\jre1.8.0_144\bin\server\jvm.dll
0x00007ff97be30000 - 0x00007ff97be38000 	C:\WINDOWS\System32\PSAPI.DLL
0x00007ff971310000 - 0x00007ff971333000 	C:\WINDOWS\SYSTEM32\WINMM.dll
0x00007ff96ba50000 - 0x00007ff96ba59000 	C:\WINDOWS\SYSTEM32\WSOCK32.dll
0x00007ff96ba30000 - 0x00007ff96ba3a000 	C:\WINDOWS\SYSTEM32\VERSION.dll
0x00007ff97b0e0000 - 0x00007ff97b14c000 	C:\WINDOWS\System32\WS2_32.dll
0x00007ff9712e0000 - 0x00007ff97130a000 	C:\WINDOWS\SYSTEM32\WINMMBASE.dll
0x00007ff978400000 - 0x00007ff97844a000 	C:\WINDOWS\System32\cfgmgr32.dll
0x000000006f820000 - 0x000000006f82f000 	C:\Program Files\Java\jre1.8.0_144\bin\verify.dll
0x000000006f7f0000 - 0x000000006f819000 	C:\Program Files\Java\jre1.8.0_144\bin\java.dll
0x000000006f7d0000 - 0x000000006f7e6000 	C:\Program Files\Java\jre1.8.0_144\bin\zip.dll
0x00007ff9795c0000 - 0x00007ff97a9f6000 	C:\WINDOWS\System32\SHELL32.dll
0x00007ff97ad20000 - 0x00007ff97adc6000 	C:\WINDOWS\System32\shcore.dll
0x00007ff978840000 - 0x00007ff978f87000 	C:\WINDOWS\System32\windows.storage.dll
0x00007ff97b080000 - 0x00007ff97b0d1000 	C:\WINDOWS\System32\shlwapi.dll
0x00007ff9783a0000 - 0x00007ff9783b1000 	C:\WINDOWS\System32\kernel.appcore.dll
0x00007ff978350000 - 0x00007ff97839c000 	C:\WINDOWS\System32\powrprof.dll
0x00007ff978330000 - 0x00007ff97834b000 	C:\WINDOWS\System32\profapi.dll
0x0000000070570000 - 0x000000007057d000 	C:\Program Files\Java\jre1.8.0_144\bin\management.dll
0x000000006f7b0000 - 0x000000006f7ca000 	C:\Program Files\Java\jre1.8.0_144\bin\net.dll
0x00007ff977bc0000 - 0x00007ff977c26000 	C:\WINDOWS\system32\mswsock.dll
0x00007ff9694d0000 - 0x00007ff9694e6000 	C:\WINDOWS\system32\napinsp.dll
0x00007ff9694b0000 - 0x00007ff9694ca000 	C:\WINDOWS\system32\pnrpnsp.dll
0x00007ff974920000 - 0x00007ff974938000 	C:\WINDOWS\system32\NLAapi.dll
0x00007ff977990000 - 0x00007ff977a46000 	C:\WINDOWS\SYSTEM32\DNSAPI.dll
0x00007ff97ad10000 - 0x00007ff97ad18000 	C:\WINDOWS\System32\NSI.dll
0x00007ff977950000 - 0x00007ff977989000 	C:\WINDOWS\SYSTEM32\IPHLPAPI.DLL
0x00007ff9694a0000 - 0x00007ff9694ae000 	C:\WINDOWS\System32\winrnr.dll
0x00000000709a0000 - 0x00000000709c6000 	C:\Program Files\Bonjour\mdnsNSP.dll
0x00007ff973030000 - 0x00007ff973045000 	C:\WINDOWS\System32\wshbth.dll
0x00007ff96ee40000 - 0x00007ff96ee4a000 	C:\Windows\System32\rasadhlp.dll
0x00007ff96f2d0000 - 0x00007ff96f340000 	C:\WINDOWS\System32\fwpuclnt.dll
0x00007ff977e90000 - 0x00007ff977eb5000 	C:\WINDOWS\SYSTEM32\bcrypt.dll
0x000000006f790000 - 0x000000006f7a1000 	C:\Program Files\Java\jre1.8.0_144\bin\nio.dll

VM Arguments:
jvm_args: -Dfile.encoding=UTF-8 
java_command: com.softtech.localLevel.LocalLevelApplication
java_class_path (initial): C:\Users\Lothbroke\Desktop\Softech\Project\LocalLevel\target\classes;C:\Users\Lothbroke\.m2\repository\org\springframework\boot\spring-boot-starter-data-jpa\1.5.10.RELEASE\spring-boot-starter-data-jpa-1.5.10.RELEASE.jar;C:\Users\Lothbroke\.m2\repository\org\springframework\boot\spring-boot-starter\1.5.10.RELEASE\spring-boot-starter-1.5.10.RELEASE.jar;C:\Users\Lothbroke\.m2\repository\org\springframework\boot\spring-boot\1.5.10.RELEASE\spring-boot-1.5.10.RELEASE.jar;C:\Users\Lothbroke\.m2\repository\org\springframework\boot\spring-boot-autoconfigure\1.5.10.RELEASE\spring-boot-autoconfigure-1.5.10.RELEASE.jar;C:\Users\Lothbroke\.m2\repository\org\springframework\boot\spring-boot-starter-logging\1.5.10.RELEASE\spring-boot-starter-logging-1.5.10.RELEASE.jar;C:\Users\Lothbroke\.m2\repository\ch\qos\logback\logback-classic\1.1.11\logback-classic-1.1.11.jar;C:\Users\Lothbroke\.m2\repository\ch\qos\logback\logback-core\1.1.11\logback-core-1.1.11.jar;C:\Users\Lothbroke\.m2\repository\org\slf4j\jul-to-slf4j\1.7.25\jul-to-slf4j-1.7.25.jar;C:\Users\Lothbroke\.m2\repository\org\slf4j\log4j-over-slf4j\1.7.25\log4j-over-slf4j-1.7.25.jar;C:\Users\Lothbroke\.m2\repository\org\yaml\snakeyaml\1.17\snakeyaml-1.17.jar;C:\Users\Lothbroke\.m2\repository\org\springframework\boot\spring-boot-starter-aop\1.5.10.RELEASE\spring-boot-starter-aop-1.5.10.RELEASE.jar;C:\Users\Lothbroke\.m2\repository\org\springframework\spring-aop\4.3.14.RELEASE\spring-aop-4.3.14.RELEASE.jar;C:\Users\Lothbroke\.m2\repository\org\aspectj\aspectjweaver\1.8.13\aspectjweaver-1.8.13.jar;C:\Users\Lothbroke\.m2\repository\org\springframework\boot\spring-boot-starter-jdbc\1.5.10.RELEASE\spring-boot-starter-jdbc-1.5.10.RELEASE.jar;C:\Users\Lothbroke\.m2\repository\org\apache\tomcat\tomcat-jdbc\8.5.27\tomcat-jdbc-8.5.27.jar;C:\Users\Lothbroke\.m2\repository\org\apache\tomcat\tomcat-juli\8.5.27\tomcat-juli-8.5.27.jar;C:\Users\Lothbroke\.m2\repository\org\springframework\spring-jdbc\4.3.14.RELEASE
Launcher Type: SUN_STANDARD

Environment Variables:
JAVA_HOME=C:\Program Files\Java\jdk1.8.0_144
PATH=C:/Program Files/Java/jre1.8.0_144/bin/server;C:/Program Files/Java/jre1.8.0_144/bin;C:/Program Files/Java/jre1.8.0_144/lib/amd64;C:\app\Lothbroke\product\11.2.0\dbhome_1\bin;C:\ProgramData\Oracle\Java\javapath;"C:\ProgramData\Oracle\Java\javapath;C:\Program Files\Java\jdk1.8.0_144\bin;C:\Program Files\Java\jre1.8.0_144";C:\WINDOWS\system32;C:\WINDOWS;C:\WINDOWS\System32\Wbem;C:\WINDOWS\System32\WindowsPowerShell\v1.0\;C:\Program Files\PuTTY\;C:\Program Files\Git\cmd;C:\Program Files\nodejs\;C:\Program Files\Apache software foundation\apache-maven-3.5.0\bin;C:\Program Files (x86)\Microsoft VS Code\bin;C:\Users\Lothbroke\AppData\Local\Microsoft\WindowsApps;C:\Program Files\Java\jdk1.8.0_144\bin;C:\Users\Lothbroke\AppData\Roaming\npm;C:\Users\Lothbroke\Desktop\eclipse;
USERNAME=Lothbroke
OS=Windows_NT
PROCESSOR_IDENTIFIER=Intel64 Family 6 Model 60 Stepping 3, GenuineIntel



---------------  S Y S T E M  ---------------

OS: Windows 10.0 , 64 bit Build 16299 (10.0.16299.15)

CPU:total 8 (initial active 8) (4 cores per cpu, 2 threads per core) family 6 model 60 stepping 3, cmov, cx8, fxsr, mmx, sse, sse2, sse3, ssse3, sse4.1, sse4.2, popcnt, avx, avx2, aes, clmul, erms, lzcnt, ht, tsc, tscinvbit, bmi1, bmi2

Memory: 4k page, physical 3859708k(376432k free), swap 7955708k(5204k free)

vm_info: Java HotSpot(TM) 64-Bit Server VM (25.144-b01) for windows-amd64 JRE (1.8.0_144-b01), built on Jul 21 2017 21:57:33 by "java_re" with MS VC++ 10.0 (VS2010)

time: Fri Mar 23 16:23:05 2018
elapsed time: 1 seconds (0d 0h 0m 1s)

