#
# There is insufficient memory for the Java Runtime Environment to continue.
# Native memory allocation (malloc) failed to allocate 272176 bytes for Chunk::new
# Possible reasons:
#   The system is out of physical RAM or swap space
#   In 32 bit mode, the process size limit was hit
# Possible solutions:
#   Reduce memory load on the system
#   Increase physical memory or swap space
#   Check if swap backing store is full
#   Use 64 bit Java on a 64 bit OS
#   Decrease Java heap size (-Xmx/-Xms)
#   Decrease number of Java threads
#   Decrease Java thread stack sizes (-Xss)
#   Set larger code cache with -XX:ReservedCodeCacheSize=
# This output file may be truncated or incomplete.
#
#  Out of Memory Error (allocation.cpp:390), pid=4668, tid=0x00000000000029a8
#
# JRE version: Java(TM) SE Runtime Environment (8.0_144-b01) (build 1.8.0_144-b01)
# Java VM: Java HotSpot(TM) 64-Bit Server VM (25.144-b01 mixed mode windows-amd64 compressed oops)
# Failed to write core dump. Minidumps are not enabled by default on client versions of Windows
#

---------------  T H R E A D  ---------------

Current thread (0x0000000018ed0000):  JavaThread "C2 CompilerThread0" daemon [_thread_in_native, id=10664, stack(0x0000000019690000,0x0000000019790000)]

Stack: [0x0000000019690000,0x0000000019790000]
[error occurred during error reporting (printing stack bounds), id 0xc0000005]

Native frames: (J=compiled Java code, j=interpreted, Vv=VM code, C=native code)


Current CompileTask:
C2:  10056  543   !   4       sun.nio.cs.StreamDecoder::read (196 bytes)


---------------  P R O C E S S  ---------------

Java Threads: ( => current thread )
  0x0000000018f53000 JavaThread "Service Thread" daemon [_thread_blocked, id=9800, stack(0x0000000019a90000,0x0000000019b90000)]
  0x0000000018edd000 JavaThread "C1 CompilerThread3" daemon [_thread_blocked, id=6796, stack(0x0000000019990000,0x0000000019a90000)]
  0x0000000018ed5000 JavaThread "C2 CompilerThread2" daemon [_thread_blocked, id=4044, stack(0x0000000019890000,0x0000000019990000)]
  0x0000000018ed3000 JavaThread "C2 CompilerThread1" daemon [_thread_blocked, id=6200, stack(0x0000000019790000,0x0000000019890000)]
=>0x0000000018ed0000 JavaThread "C2 CompilerThread0" daemon [_thread_in_native, id=10664, stack(0x0000000019690000,0x0000000019790000)]
  0x0000000018eca000 JavaThread "Attach Listener" daemon [_thread_blocked, id=5848, stack(0x0000000019590000,0x0000000019690000)]
  0x0000000018ec9800 JavaThread "Signal Dispatcher" daemon [_thread_blocked, id=4028, stack(0x0000000019490000,0x0000000019590000)]
  0x0000000018ec0800 JavaThread "Finalizer" daemon [_thread_blocked, id=4004, stack(0x00000000192a0000,0x00000000193a0000)]
  0x0000000016fbd800 JavaThread "Reference Handler" daemon [_thread_blocked, id=6164, stack(0x0000000018da0000,0x0000000018ea0000)]
  0x0000000004690800 JavaThread "main" [_thread_in_Java, id=10248, stack(0x00000000044c0000,0x00000000045c0000)]

Other Threads:
  0x0000000016fb9000 VMThread [stack: 0x0000000018ca0000,0x0000000018da0000] [id=2776]
  0x0000000018f85800 WatcherThread [stack: 0x0000000019b90000,0x0000000019c90000] [id=9000]

VM state:not at safepoint (normal execution)

VM Mutex/Monitor currently owned by a thread: None

Heap:
 PSYoungGen      total 17920K, used 10674K [0x00000000ec580000, 0x00000000ed980000, 0x0000000100000000)
  eden space 15360K, 52% used [0x00000000ec580000,0x00000000ecd6d910,0x00000000ed480000)
  from space 2560K, 99% used [0x00000000ed480000,0x00000000ed6ff1f0,0x00000000ed700000)
  to   space 2560K, 0% used [0x00000000ed700000,0x00000000ed700000,0x00000000ed980000)
 ParOldGen       total 40960K, used 624K [0x00000000c5000000, 0x00000000c7800000, 0x00000000ec580000)
  object space 40960K, 1% used [0x00000000c5000000,0x00000000c509c1b0,0x00000000c7800000)
 Metaspace       used 7467K, capacity 7612K, committed 7680K, reserved 1056768K
  class space    used 930K, capacity 984K, committed 1024K, reserved 1048576K

Card table byte_map: [0x0000000013b50000,0x0000000013d30000] byte_map_base: 0x0000000013528000

Marking Bits: (ParMarkBitMap*) 0x000000005e8cd850
 Begin Bits: [0x0000000014670000, 0x0000000015530000)
 End Bits:   [0x0000000015530000, 0x00000000163f0000)

Polling page: 0x00000000027a0000

CodeCache: size=245760Kb used=2762Kb max_used=2778Kb free=242997Kb
 bounds [0x0000000004790000, 0x0000000004a50000, 0x0000000013790000]
 total_blobs=847 nmethods=560 adapters=200
 compilation: enabled

Compilation events (10 events):
Event: 9.912 Thread 0x0000000018edd000  544       3       org.codehaus.plexus.util.xml.pull.MXParser::newString (11 bytes)
Event: 9.912 Thread 0x0000000018edd000 nmethod 544 0x0000000004a0c910 code [0x0000000004a0ca80, 0x0000000004a0cc68]
Event: 9.912 Thread 0x0000000018edd000  546       1       org.codehaus.plexus.util.xml.pull.MXParser::getDepth (5 bytes)
Event: 9.912 Thread 0x0000000018edd000 nmethod 546 0x0000000004a0c650 code [0x0000000004a0c7a0, 0x0000000004a0c8b0]
Event: 9.924 Thread 0x0000000018edd000  547       3       java.io.WinNTFileSystem::normalizePrefix (132 bytes)
Event: 9.926 Thread 0x0000000018edd000 nmethod 547 0x0000000004a2ab10 code [0x0000000004a2aea0, 0x0000000004a2d608]
Event: 9.926 Thread 0x0000000018edd000  548       3       java.lang.Float::isNaN (12 bytes)
Event: 9.927 Thread 0x0000000018edd000 nmethod 548 0x0000000004a0c2d0 code [0x0000000004a0c420, 0x0000000004a0c5d0]
Event: 9.927 Thread 0x0000000018edd000  549       3       java.util.jar.Attributes$Name::<init> (48 bytes)
Event: 9.927 Thread 0x0000000018edd000 nmethod 549 0x0000000004a0ba90 code [0x0000000004a0bc40, 0x0000000004a0c0f8]

GC Heap History (2 events):
Event: 9.412 GC heap before
{Heap before GC invocations=1 (full 0):
 PSYoungGen      total 17920K, used 15360K [0x00000000ec580000, 0x00000000ed980000, 0x0000000100000000)
  eden space 15360K, 100% used [0x00000000ec580000,0x00000000ed480000,0x00000000ed480000)
  from space 2560K, 0% used [0x00000000ed700000,0x00000000ed700000,0x00000000ed980000)
  to   space 2560K, 0% used [0x00000000ed480000,0x00000000ed480000,0x00000000ed700000)
 ParOldGen       total 40960K, used 0K [0x00000000c5000000, 0x00000000c7800000, 0x00000000ec580000)
  object space 40960K, 0% used [0x00000000c5000000,0x00000000c5000000,0x00000000c7800000)
 Metaspace       used 6403K, capacity 6540K, committed 6784K, reserved 1056768K
  class space    used 767K, capacity 824K, committed 896K, reserved 1048576K
Event: 9.453 GC heap after
Heap after GC invocations=1 (full 0):
 PSYoungGen      total 17920K, used 2556K [0x00000000ec580000, 0x00000000ed980000, 0x0000000100000000)
  eden space 15360K, 0% used [0x00000000ec580000,0x00000000ec580000,0x00000000ed480000)
  from space 2560K, 99% used [0x00000000ed480000,0x00000000ed6ff1f0,0x00000000ed700000)
  to   space 2560K, 0% used [0x00000000ed700000,0x00000000ed700000,0x00000000ed980000)
 ParOldGen       total 40960K, used 624K [0x00000000c5000000, 0x00000000c7800000, 0x00000000ec580000)
  object space 40960K, 1% used [0x00000000c5000000,0x00000000c509c1b0,0x00000000c7800000)
 Metaspace       used 6403K, capacity 6540K, committed 6784K, reserved 1056768K
  class space    used 767K, capacity 824K, committed 896K, reserved 1048576K
}

Deoptimization events (4 events):
Event: 8.998 Thread 0x0000000004690800 Uncommon trap: reason=unstable_if action=reinterpret pc=0x00000000049035a8 method=java.lang.String.indexOf([CII[CIII)I @ 3
Event: 9.821 Thread 0x0000000004690800 Uncommon trap: reason=range_check action=make_not_entrant pc=0x00000000049e5da0 method=sun.reflect.generics.parser.SignatureParser.current()C @ 34
Event: 9.864 Thread 0x0000000004690800 Uncommon trap: reason=unstable_if action=reinterpret pc=0x000000000492db64 method=org.codehaus.plexus.util.xml.pull.MXParser.more()C @ 8
Event: 9.901 Thread 0x0000000004690800 Uncommon trap: reason=unstable_if action=reinterpret pc=0x0000000004a0fcac method=java.nio.charset.CoderResult.isOverflow()Z @ 5

Internal exceptions (10 events):
Event: 9.820 Thread 0x0000000004690800 Exception <a 'java/lang/ArrayIndexOutOfBoundsException'> (0x00000000eca1f0e0) thrown at [C:\re\workspace\8-2-build-windows-amd64-cygwin\jdk8u144\9417\hotspot\src\share\vm\runtime\sharedRuntime.cpp, line 605]
Event: 9.820 Thread 0x0000000004690800 Exception <a 'java/lang/ArrayIndexOutOfBoundsException'> (0x00000000eca1fe80) thrown at [C:\re\workspace\8-2-build-windows-amd64-cygwin\jdk8u144\9417\hotspot\src\share\vm\runtime\sharedRuntime.cpp, line 605]
Event: 9.820 Thread 0x0000000004690800 Exception <a 'java/lang/ArrayIndexOutOfBoundsException'> (0x00000000eca21280) thrown at [C:\re\workspace\8-2-build-windows-amd64-cygwin\jdk8u144\9417\hotspot\src\share\vm\runtime\sharedRuntime.cpp, line 605]
Event: 9.820 Thread 0x0000000004690800 Exception <a 'java/lang/ArrayIndexOutOfBoundsException'> (0x00000000eca23230) thrown at [C:\re\workspace\8-2-build-windows-amd64-cygwin\jdk8u144\9417\hotspot\src\share\vm\runtime\sharedRuntime.cpp, line 605]
Event: 9.820 Thread 0x0000000004690800 Exception <a 'java/lang/ArrayIndexOutOfBoundsException'> (0x00000000eca248b0) thrown at [C:\re\workspace\8-2-build-windows-amd64-cygwin\jdk8u144\9417\hotspot\src\share\vm\runtime\sharedRuntime.cpp, line 605]
Event: 9.820 Thread 0x0000000004690800 Exception <a 'java/lang/ArrayIndexOutOfBoundsException'> (0x00000000eca25720) thrown at [C:\re\workspace\8-2-build-windows-amd64-cygwin\jdk8u144\9417\hotspot\src\share\vm\runtime\sharedRuntime.cpp, line 605]
Event: 9.820 Thread 0x0000000004690800 Exception <a 'java/lang/ArrayIndexOutOfBoundsException'> (0x00000000eca26f48) thrown at [C:\re\workspace\8-2-build-windows-amd64-cygwin\jdk8u144\9417\hotspot\src\share\vm\runtime\sharedRuntime.cpp, line 605]
Event: 9.820 Thread 0x0000000004690800 Exception <a 'java/lang/ArrayIndexOutOfBoundsException'> (0x00000000eca281a0) thrown at [C:\re\workspace\8-2-build-windows-amd64-cygwin\jdk8u144\9417\hotspot\src\share\vm\runtime\sharedRuntime.cpp, line 605]
Event: 9.821 Thread 0x0000000004690800 Exception <a 'java/lang/ArrayIndexOutOfBoundsException': 86> (0x00000000eca29908) thrown at [C:\re\workspace\8-2-build-windows-amd64-cygwin\jdk8u144\9417\hotspot\src\share\vm\interpreter\interpreterRuntime.cpp, line 366]
Event: 9.821 Thread 0x0000000004690800 Exception <a 'java/lang/ArrayIndexOutOfBoundsException': 100> (0x00000000eca2b048) thrown at [C:\re\workspace\8-2-build-windows-amd64-cygwin\jdk8u144\9417\hotspot\src\share\vm\interpreter\interpreterRuntime.cpp, line 366]

Events (10 events):
Event: 9.907 loading class org/apache/maven/lifecycle/Lifecycle
Event: 9.907 loading class org/apache/maven/lifecycle/Lifecycle done
Event: 9.909 loading class org/eclipse/sisu/plexus/RequirementImpl
Event: 9.909 loading class org/eclipse/sisu/plexus/RequirementImpl done
Event: 9.909 loading class org/codehaus/plexus/component/annotations/Requirement
Event: 9.909 loading class org/codehaus/plexus/component/annotations/Requirement done
Event: 9.910 loading class org/sonatype/plexus/components/sec/dispatcher/SecDispatcher
Event: 9.910 loading class org/sonatype/plexus/components/sec/dispatcher/SecDispatcher done
Event: 9.924 loading class org/apache/maven/artifact/handler/ArtifactHandler
Event: 9.924 loading class org/apache/maven/artifact/handler/ArtifactHandler done


Dynamic libraries:
0x00007ff6804b0000 - 0x00007ff6804e7000 	C:\Program Files\Java\jre1.8.0_144\bin\javaw.exe
0x00007ffe49e50000 - 0x00007ffe4a030000 	C:\WINDOWS\SYSTEM32\ntdll.dll
0x00007ffe47380000 - 0x00007ffe4742e000 	C:\WINDOWS\System32\KERNEL32.DLL
0x00007ffe46f10000 - 0x00007ffe47176000 	C:\WINDOWS\System32\KERNELBASE.dll
0x00007ffe49b80000 - 0x00007ffe49c21000 	C:\WINDOWS\System32\ADVAPI32.dll
0x00007ffe49110000 - 0x00007ffe491ad000 	C:\WINDOWS\System32\msvcrt.dll
0x00007ffe49610000 - 0x00007ffe4966b000 	C:\WINDOWS\System32\sechost.dll
0x00007ffe49d00000 - 0x00007ffe49e1f000 	C:\WINDOWS\System32\RPCRT4.dll
0x00007ffe474a0000 - 0x00007ffe4762f000 	C:\WINDOWS\System32\USER32.dll
0x00007ffe46ef0000 - 0x00007ffe46f10000 	C:\WINDOWS\System32\win32u.dll
0x00007ffe47a50000 - 0x00007ffe47a78000 	C:\WINDOWS\System32\GDI32.dll
0x00007ffe47180000 - 0x00007ffe47313000 	C:\WINDOWS\System32\gdi32full.dll
0x00007ffe46d50000 - 0x00007ffe46deb000 	C:\WINDOWS\System32\msvcp_win.dll
0x00007ffe46df0000 - 0x00007ffe46ee6000 	C:\WINDOWS\System32\ucrtbase.dll
0x00007ffe37820000 - 0x00007ffe37a89000 	C:\WINDOWS\WinSxS\amd64_microsoft.windows.common-controls_6595b64144ccf1df_6.0.16299.309_none_15cfd4c4935e6b11\COMCTL32.dll
0x00007ffe47630000 - 0x00007ffe47938000 	C:\WINDOWS\System32\combase.dll
0x00007ffe46cd0000 - 0x00007ffe46d42000 	C:\WINDOWS\System32\bcryptPrimitives.dll
0x00007ffe47ae0000 - 0x00007ffe47b0d000 	C:\WINDOWS\System32\IMM32.DLL
0x000000005dee0000 - 0x000000005dfb2000 	C:\Program Files\Java\jre1.8.0_144\bin\msvcr100.dll
0x000000005e0b0000 - 0x000000005e94d000 	C:\Program Files\Java\jre1.8.0_144\bin\server\jvm.dll
0x00007ffe491b0000 - 0x00007ffe491b8000 	C:\WINDOWS\System32\PSAPI.DLL
0x00007ffe37f90000 - 0x00007ffe37f99000 	C:\WINDOWS\SYSTEM32\WSOCK32.dll
0x00007ffe40040000 - 0x00007ffe40063000 	C:\WINDOWS\SYSTEM32\WINMM.dll
0x00007ffe38910000 - 0x00007ffe3891a000 	C:\WINDOWS\SYSTEM32\VERSION.dll
0x00007ffe47430000 - 0x00007ffe4749c000 	C:\WINDOWS\System32\WS2_32.dll
0x00007ffe40010000 - 0x00007ffe4003a000 	C:\WINDOWS\SYSTEM32\WINMMBASE.dll
0x00007ffe46a00000 - 0x00007ffe46a4a000 	C:\WINDOWS\System32\cfgmgr32.dll
0x000000005e0a0000 - 0x000000005e0af000 	C:\Program Files\Java\jre1.8.0_144\bin\verify.dll
0x000000005e070000 - 0x000000005e099000 	C:\Program Files\Java\jre1.8.0_144\bin\java.dll
0x000000005e050000 - 0x000000005e066000 	C:\Program Files\Java\jre1.8.0_144\bin\zip.dll
0x00007ffe47b10000 - 0x00007ffe48f46000 	C:\WINDOWS\System32\SHELL32.dll
0x00007ffe49920000 - 0x00007ffe499c6000 	C:\WINDOWS\System32\shcore.dll
0x00007ffe46250000 - 0x00007ffe46997000 	C:\WINDOWS\System32\windows.storage.dll
0x00007ffe47a80000 - 0x00007ffe47ad1000 	C:\WINDOWS\System32\shlwapi.dll
0x00007ffe46210000 - 0x00007ffe46221000 	C:\WINDOWS\System32\kernel.appcore.dll
0x00007ffe461c0000 - 0x00007ffe4620c000 	C:\WINDOWS\System32\powrprof.dll
0x00007ffe461a0000 - 0x00007ffe461bb000 	C:\WINDOWS\System32\profapi.dll

VM Arguments:
jvm_args: -Dmaven.home=EMBEDDED -Dclassworlds.conf=C:\Users\Lothbroke\Desktop\Softech\Workbench\localLevel\.metadata\.plugins\org.eclipse.m2e.launching\launches\m2conf5529338480065083562.tmp -Dmaven.multiModuleProjectDirectory=C:\Users\Lothbroke\Desktop\Softech\Project\LocalLevel -Dfile.encoding=Cp1252 
java_command: org.codehaus.plexus.classworlds.launcher.Launcher -B clean
java_class_path (initial): /C:/Users/Lothbroke/Desktop/eclipse/plugins/org.eclipse.m2e.maven.runtime_1.8.0.20170516-2042/jars/plexus-classworlds-2.5.2.jar
Launcher Type: SUN_STANDARD

Environment Variables:
JAVA_HOME=C:\Program Files\Java\jdk1.8.0_144
PATH=C:/Program Files/Java/jre1.8.0_144/bin/server;C:/Program Files/Java/jre1.8.0_144/bin;C:/Program Files/Java/jre1.8.0_144/lib/amd64;C:\app\Lothbroke\product\11.2.0\dbhome_1\bin;C:\ProgramData\Oracle\Java\javapath;"C:\ProgramData\Oracle\Java\javapath;C:\Program Files\Java\jdk1.8.0_144\bin;C:\Program Files\Java\jre1.8.0_144";C:\WINDOWS\system32;C:\WINDOWS;C:\WINDOWS\System32\Wbem;C:\WINDOWS\System32\WindowsPowerShell\v1.0\;C:\Program Files\PuTTY\;C:\Program Files\nodejs\;C:\Program Files\Apache software foundation\apache-maven-3.5.0\bin;C:\Users\Lothbroke\AppData\Local\Microsoft\WindowsApps;C:\Program Files\Java\jdk1.8.0_144\bin;C:\Users\Lothbroke\AppData\Roaming\npm;C:\Program Files (x86)\Microsoft VS Code\bin;C:\Users\Lothbroke\Desktop\eclipse;
USERNAME=Lothbroke
OS=Windows_NT
PROCESSOR_IDENTIFIER=Intel64 Family 6 Model 60 Stepping 3, GenuineIntel



---------------  S Y S T E M  ---------------

OS: Windows 10.0 , 64 bit Build 16299 (10.0.16299.15)

CPU:total 8 (initial active 8) (4 cores per cpu, 2 threads per core) family 6 model 60 stepping 3, cmov, cx8, fxsr, mmx, sse, sse2, sse3, ssse3, sse4.1, sse4.2, popcnt, avx, avx2, aes, clmul, erms, lzcnt, ht, tsc, tscinvbit, bmi1, bmi2

Memory: 4k page, physical 3859708k(241976k free), swap 7955708k(248k free)

vm_info: Java HotSpot(TM) 64-Bit Server VM (25.144-b01) for windows-amd64 JRE (1.8.0_144-b01), built on Jul 21 2017 21:57:33 by "java_re" with MS VC++ 10.0 (VS2010)

time: Wed Apr 11 16:37:01 2018
elapsed time: 10 seconds (0d 0h 0m 10s)

