#
# There is insufficient memory for the Java Runtime Environment to continue.
# Native memory allocation (malloc) failed to allocate 603696 bytes for Chunk::new
# Possible reasons:
#   The system is out of physical RAM or swap space
#   In 32 bit mode, the process size limit was hit
# Possible solutions:
#   Reduce memory load on the system
#   Increase physical memory or swap space
#   Check if swap backing store is full
#   Use 64 bit Java on a 64 bit OS
#   Decrease Java heap size (-Xmx/-Xms)
#   Decrease number of Java threads
#   Decrease Java thread stack sizes (-Xss)
#   Set larger code cache with -XX:ReservedCodeCacheSize=
# This output file may be truncated or incomplete.
#
#  Out of Memory Error (allocation.cpp:390), pid=9528, tid=0x00000000000029bc
#
# JRE version: Java(TM) SE Runtime Environment (8.0_144-b01) (build 1.8.0_144-b01)
# Java VM: Java HotSpot(TM) 64-Bit Server VM (25.144-b01 mixed mode windows-amd64 compressed oops)
# Failed to write core dump. Minidumps are not enabled by default on client versions of Windows
#

---------------  T H R E A D  ---------------

Current thread (0x0000000018ae0800):  JavaThread "C2 CompilerThread0" daemon [_thread_in_native, id=10684, stack(0x00000000192a0000,0x00000000193a0000)]

Stack: [0x00000000192a0000,0x00000000193a0000]
[error occurred during error reporting (printing stack bounds), id 0xc0000005]

Native frames: (J=compiled Java code, j=interpreted, Vv=VM code, C=native code)


Current CompileTask:
C2:  81342 7256   !   4       com.sun.org.apache.xerces.internal.impl.XMLDocumentFragmentScannerImpl$FragmentContentDriver::next (2346 bytes)


---------------  P R O C E S S  ---------------

Java Threads: ( => current thread )
  0x0000000019d28000 JavaThread "DestroyJavaVM" [_thread_blocked, id=9336, stack(0x0000000004180000,0x0000000004280000)]
  0x0000000019d29800 JavaThread "http-nio-8088-AsyncTimeout" daemon [_thread_blocked, id=3688, stack(0x0000000025b90000,0x0000000025c90000)]
  0x0000000019d27000 JavaThread "http-nio-8088-Acceptor-0" daemon [_thread_in_native, id=968, stack(0x0000000025a90000,0x0000000025b90000)]
  0x0000000019d26800 JavaThread "http-nio-8088-ClientPoller-1" daemon [_thread_in_native, id=3204, stack(0x0000000025990000,0x0000000025a90000)]
  0x0000000019d23800 JavaThread "http-nio-8088-ClientPoller-0" daemon [_thread_in_native, id=5852, stack(0x0000000025890000,0x0000000025990000)]
  0x0000000019d22000 JavaThread "http-nio-8088-exec-10" daemon [_thread_blocked, id=5784, stack(0x0000000025790000,0x0000000025890000)]
  0x0000000019d21000 JavaThread "http-nio-8088-exec-9" daemon [_thread_blocked, id=7036, stack(0x0000000025690000,0x0000000025790000)]
  0x0000000019d25000 JavaThread "http-nio-8088-exec-8" daemon [_thread_blocked, id=13104, stack(0x0000000025590000,0x0000000025690000)]
  0x0000000019d25800 JavaThread "http-nio-8088-exec-7" daemon [_thread_blocked, id=13260, stack(0x0000000025490000,0x0000000025590000)]
  0x0000000019d1f800 JavaThread "http-nio-8088-exec-6" daemon [_thread_blocked, id=9416, stack(0x0000000025390000,0x0000000025490000)]
  0x0000000019d1e800 JavaThread "http-nio-8088-exec-5" daemon [_thread_blocked, id=10804, stack(0x0000000025290000,0x0000000025390000)]
  0x0000000019d20000 JavaThread "http-nio-8088-exec-4" daemon [_thread_in_vm, id=11692, stack(0x0000000025190000,0x0000000025290000)]
  0x000000001ed91800 JavaThread "http-nio-8088-exec-3" daemon [_thread_blocked, id=11780, stack(0x0000000025090000,0x0000000025190000)]
  0x000000001ed94000 JavaThread "http-nio-8088-exec-2" daemon [_thread_blocked, id=11472, stack(0x0000000024f90000,0x0000000025090000)]
  0x000000001ed90000 JavaThread "http-nio-8088-exec-1" daemon [_thread_blocked, id=1216, stack(0x0000000024e90000,0x0000000024f90000)]
  0x000000001ed93000 JavaThread "NioBlockingSelector.BlockPoller-1" daemon [_thread_in_native, id=12136, stack(0x0000000022760000,0x0000000022860000)]
  0x000000001ed91000 JavaThread "Abandoned connection cleanup thread" daemon [_thread_blocked, id=12944, stack(0x0000000021c60000,0x0000000021d60000)]
  0x000000001ed94800 JavaThread "Tomcat JDBC Pool Cleaner[1943105171:1522666249327]" daemon [_thread_blocked, id=2436, stack(0x0000000021b60000,0x0000000021c60000)]
  0x000000001bf62800 JavaThread "container-0" [_thread_blocked, id=8364, stack(0x000000001fd10000,0x000000001fe10000)]
  0x000000001deba800 JavaThread "ContainerBackgroundProcessor[StandardEngine[Tomcat]]" daemon [_thread_blocked, id=6992, stack(0x000000001ec20000,0x000000001ed20000)]
  0x0000000018b73800 JavaThread "Service Thread" daemon [_thread_blocked, id=12120, stack(0x00000000196a0000,0x00000000197a0000)]
  0x0000000018aef000 JavaThread "C1 CompilerThread3" daemon [_thread_in_native, id=10712, stack(0x00000000195a0000,0x00000000196a0000)]
  0x0000000018aea000 JavaThread "C2 CompilerThread2" daemon [_thread_in_native, id=9652, stack(0x00000000194a0000,0x00000000195a0000)]
  0x0000000018ae8000 JavaThread "C2 CompilerThread1" daemon [_thread_in_native, id=868, stack(0x00000000193a0000,0x00000000194a0000)]
=>0x0000000018ae0800 JavaThread "C2 CompilerThread0" daemon [_thread_in_native, id=10684, stack(0x00000000192a0000,0x00000000193a0000)]
  0x0000000018adf800 JavaThread "Attach Listener" daemon [_thread_blocked, id=13236, stack(0x00000000191a0000,0x00000000192a0000)]
  0x0000000018ade000 JavaThread "Signal Dispatcher" daemon [_thread_blocked, id=12528, stack(0x00000000190a0000,0x00000000191a0000)]
  0x0000000018ad0800 JavaThread "Finalizer" daemon [_thread_blocked, id=10168, stack(0x0000000018eb0000,0x0000000018fb0000)]
  0x0000000016bdd800 JavaThread "Reference Handler" daemon [_thread_blocked, id=12444, stack(0x00000000189b0000,0x0000000018ab0000)]

Other Threads:
  0x0000000016bd8800 VMThread [stack: 0x00000000188b0000,0x00000000189b0000] [id=6020]
  0x0000000018bd8000 WatcherThread [stack: 0x00000000197a0000,0x00000000198a0000] [id=10580]

VM state:not at safepoint (normal execution)

VM Mutex/Monitor currently owned by a thread: None

Heap:
 PSYoungGen      total 208384K, used 62615K [0x00000000ec580000, 0x00000000faf00000, 0x0000000100000000)
  eden space 190464K, 32% used [0x00000000ec580000,0x00000000f02a5dc8,0x00000000f7f80000)
  from space 17920K, 0% used [0x00000000f9180000,0x00000000f9180000,0x00000000fa300000)
  to   space 18432K, 0% used [0x00000000f7f80000,0x00000000f7f80000,0x00000000f9180000)
 ParOldGen       total 82944K, used 34025K [0x00000000c5000000, 0x00000000ca100000, 0x00000000ec580000)
  object space 82944K, 41% used [0x00000000c5000000,0x00000000c713a630,0x00000000ca100000)
 Metaspace       used 60747K, capacity 61426K, committed 61784K, reserved 1103872K
  class space    used 7748K, capacity 7912K, committed 8024K, reserved 1048576K

Card table byte_map: [0x0000000013750000,0x0000000013930000] byte_map_base: 0x0000000013128000

Marking Bits: (ParMarkBitMap*) 0x000000006755d850
 Begin Bits: [0x0000000014270000, 0x0000000015130000)
 End Bits:   [0x0000000015130000, 0x0000000015ff0000)

Polling page: 0x0000000002540000

CodeCache: size=245760Kb used=23572Kb max_used=23584Kb free=222188Kb
 bounds [0x0000000004390000, 0x0000000005ac0000, 0x0000000013390000]
 total_blobs=7122 nmethods=6315 adapters=718
 compilation: enabled

Compilation events (10 events):
Event: 81.241 Thread 0x0000000018aef000 nmethod 7405 0x0000000005aaa310 code [0x0000000005aaa4a0, 0x0000000005aaa968]
Event: 81.241 Thread 0x0000000018aef000 7406       3       com.sun.org.apache.xerces.internal.impl.XMLEntityScanner::setCurrentEntity (24 bytes)
Event: 81.241 Thread 0x0000000018aef000 nmethod 7406 0x0000000005aa9ed0 code [0x0000000005aaa020, 0x0000000005aaa270]
Event: 81.244 Thread 0x0000000018aef000 7407       3       com.sun.org.apache.xerces.internal.dom.DeferredDocumentImpl::createChunk (24 bytes)
Event: 81.244 Thread 0x0000000018aef000 nmethod 7407 0x0000000005ab3910 code [0x0000000005ab3aa0, 0x0000000005ab4030]
Event: 81.244 Thread 0x0000000018aef000 7408       3       com.sun.org.apache.xerces.internal.dom.DeferredDocumentImpl$RefCount::<init> (5 bytes)
Event: 81.244 Thread 0x0000000018aef000 nmethod 7408 0x0000000005aa9a50 code [0x0000000005aa9ba0, 0x0000000005aa9d50]
Event: 81.245 Thread 0x0000000018ae8000 nmethod 7392 0x0000000005ab1a10 code [0x0000000005ab1b60, 0x0000000005ab1f98]
Event: 81.245 Thread 0x0000000018ae8000 7395       4       org.apache.xmlbeans.impl.store.Saver$FragSaveCur::next (207 bytes)
Event: 81.247 Thread 0x0000000018aef000 7410       3       com.sun.org.apache.xerces.internal.dom.DeferredDocumentImpl::ensureCapacity (358 bytes)

GC Heap History (10 events):
Event: 25.935 GC heap before
{Heap before GC invocations=13 (full 2):
 PSYoungGen      total 140800K, used 129536K [0x00000000ec580000, 0x00000000f7e00000, 0x0000000100000000)
  eden space 129536K, 100% used [0x00000000ec580000,0x00000000f4400000,0x00000000f4400000)
  from space 11264K, 0% used [0x00000000f5200000,0x00000000f5200000,0x00000000f5d00000)
  to   space 14336K, 0% used [0x00000000f4400000,0x00000000f4400000,0x00000000f5200000)
 ParOldGen       total 61952K, used 24258K [0x00000000c5000000, 0x00000000c8c80000, 0x00000000ec580000)
  object space 61952K, 39% used [0x00000000c5000000,0x00000000c67b0968,0x00000000c8c80000)
 Metaspace       used 46285K, capacity 46774K, committed 47104K, reserved 1089536K
  class space    used 5978K, capacity 6126K, committed 6144K, reserved 1048576K
Event: 25.951 GC heap after
Heap after GC invocations=13 (full 2):
 PSYoungGen      total 143872K, used 14322K [0x00000000ec580000, 0x00000000f8580000, 0x0000000100000000)
  eden space 129536K, 0% used [0x00000000ec580000,0x00000000ec580000,0x00000000f4400000)
  from space 14336K, 99% used [0x00000000f4400000,0x00000000f51fca90,0x00000000f5200000)
  to   space 16896K, 0% used [0x00000000f7500000,0x00000000f7500000,0x00000000f8580000)
 ParOldGen       total 61952K, used 26373K [0x00000000c5000000, 0x00000000c8c80000, 0x00000000ec580000)
  object space 61952K, 42% used [0x00000000c5000000,0x00000000c69c1520,0x00000000c8c80000)
 Metaspace       used 46285K, capacity 46774K, committed 47104K, reserved 1089536K
  class space    used 5978K, capacity 6126K, committed 6144K, reserved 1048576K
}
Event: 29.022 GC heap before
{Heap before GC invocations=14 (full 2):
 PSYoungGen      total 143872K, used 143858K [0x00000000ec580000, 0x00000000f8580000, 0x0000000100000000)
  eden space 129536K, 100% used [0x00000000ec580000,0x00000000f4400000,0x00000000f4400000)
  from space 14336K, 99% used [0x00000000f4400000,0x00000000f51fca90,0x00000000f5200000)
  to   space 16896K, 0% used [0x00000000f7500000,0x00000000f7500000,0x00000000f8580000)
 ParOldGen       total 61952K, used 26373K [0x00000000c5000000, 0x00000000c8c80000, 0x00000000ec580000)
  object space 61952K, 42% used [0x00000000c5000000,0x00000000c69c1520,0x00000000c8c80000)
 Metaspace       used 49413K, capacity 50014K, committed 50432K, reserved 1093632K
  class space    used 6382K, capacity 6538K, committed 6656K, reserved 1048576K
Event: 29.042 GC heap after
Heap after GC invocations=14 (full 2):
 PSYoungGen      total 172544K, used 8665K [0x00000000ec580000, 0x00000000f8180000, 0x0000000100000000)
  eden space 159744K, 0% used [0x00000000ec580000,0x00000000ec580000,0x00000000f6180000)
  from space 12800K, 67% used [0x00000000f7500000,0x00000000f7d76660,0x00000000f8180000)
  to   space 16384K, 0% used [0x00000000f6180000,0x00000000f6180000,0x00000000f7180000)
 ParOldGen       total 61952K, used 34821K [0x00000000c5000000, 0x00000000c8c80000, 0x00000000ec580000)
  object space 61952K, 56% used [0x00000000c5000000,0x00000000c7201708,0x00000000c8c80000)
 Metaspace       used 49413K, capacity 50014K, committed 50432K, reserved 1093632K
  class space    used 6382K, capacity 6538K, committed 6656K, reserved 1048576K
}
Event: 52.394 GC heap before
{Heap before GC invocations=15 (full 2):
 PSYoungGen      total 172544K, used 168409K [0x00000000ec580000, 0x00000000f8180000, 0x0000000100000000)
  eden space 159744K, 100% used [0x00000000ec580000,0x00000000f6180000,0x00000000f6180000)
  from space 12800K, 67% used [0x00000000f7500000,0x00000000f7d76660,0x00000000f8180000)
  to   space 16384K, 0% used [0x00000000f6180000,0x00000000f6180000,0x00000000f7180000)
 ParOldGen       total 61952K, used 34821K [0x00000000c5000000, 0x00000000c8c80000, 0x00000000ec580000)
  object space 61952K, 56% used [0x00000000c5000000,0x00000000c7201708,0x00000000c8c80000)
 Metaspace       used 57201K, capacity 57864K, committed 58240K, reserved 1099776K
  class space    used 7297K, capacity 7463K, committed 7552K, reserved 1048576K
Event: 52.406 GC heap after
Heap after GC invocations=15 (full 2):
 PSYoungGen      total 176128K, used 14409K [0x00000000ec580000, 0x00000000fa300000, 0x0000000100000000)
  eden space 159744K, 0% used [0x00000000ec580000,0x00000000ec580000,0x00000000f6180000)
  from space 16384K, 87% used [0x00000000f6180000,0x00000000f6f92470,0x00000000f7180000)
  to   space 17920K, 0% used [0x00000000f9180000,0x00000000f9180000,0x00000000fa300000)
 ParOldGen       total 61952K, used 34829K [0x00000000c5000000, 0x00000000c8c80000, 0x00000000ec580000)
  object space 61952K, 56% used [0x00000000c5000000,0x00000000c7203708,0x00000000c8c80000)
 Metaspace       used 57201K, capacity 57864K, committed 58240K, reserved 1099776K
  class space    used 7297K, capacity 7463K, committed 7552K, reserved 1048576K
}
Event: 52.645 GC heap before
{Heap before GC invocations=16 (full 2):
 PSYoungGen      total 176128K, used 25922K [0x00000000ec580000, 0x00000000fa300000, 0x0000000100000000)
  eden space 159744K, 7% used [0x00000000ec580000,0x00000000ed0be6a8,0x00000000f6180000)
  from space 16384K, 87% used [0x00000000f6180000,0x00000000f6f92470,0x00000000f7180000)
  to   space 17920K, 0% used [0x00000000f9180000,0x00000000f9180000,0x00000000fa300000)
 ParOldGen       total 61952K, used 34829K [0x00000000c5000000, 0x00000000c8c80000, 0x00000000ec580000)
  object space 61952K, 56% used [0x00000000c5000000,0x00000000c7203708,0x00000000c8c80000)
 Metaspace       used 58249K, capacity 58824K, committed 59096K, reserved 1101824K
  class space    used 7440K, capacity 7591K, committed 7640K, reserved 1048576K
Event: 52.655 GC heap after
Heap after GC invocations=16 (full 2):
 PSYoungGen      total 208384K, used 11595K [0x00000000ec580000, 0x00000000faf00000, 0x0000000100000000)
  eden space 190464K, 0% used [0x00000000ec580000,0x00000000ec580000,0x00000000f7f80000)
  from space 17920K, 64% used [0x00000000f9180000,0x00000000f9cd2f18,0x00000000fa300000)
  to   space 18432K, 0% used [0x00000000f7f80000,0x00000000f7f80000,0x00000000f9180000)
 ParOldGen       total 61952K, used 34837K [0x00000000c5000000, 0x00000000c8c80000, 0x00000000ec580000)
  object space 61952K, 56% used [0x00000000c5000000,0x00000000c7205708,0x00000000c8c80000)
 Metaspace       used 58249K, capacity 58824K, committed 59096K, reserved 1101824K
  class space    used 7440K, capacity 7591K, committed 7640K, reserved 1048576K
}
Event: 52.655 GC heap before
{Heap before GC invocations=17 (full 3):
 PSYoungGen      total 208384K, used 11595K [0x00000000ec580000, 0x00000000faf00000, 0x0000000100000000)
  eden space 190464K, 0% used [0x00000000ec580000,0x00000000ec580000,0x00000000f7f80000)
  from space 17920K, 64% used [0x00000000f9180000,0x00000000f9cd2f18,0x00000000fa300000)
  to   space 18432K, 0% used [0x00000000f7f80000,0x00000000f7f80000,0x00000000f9180000)
 ParOldGen       total 61952K, used 34837K [0x00000000c5000000, 0x00000000c8c80000, 0x00000000ec580000)
  object space 61952K, 56% used [0x00000000c5000000,0x00000000c7205708,0x00000000c8c80000)
 Metaspace       used 58249K, capacity 58824K, committed 59096K, reserved 1101824K
  class space    used 7440K, capacity 7591K, committed 7640K, reserved 1048576K
Event: 52.825 GC heap after
Heap after GC invocations=17 (full 3):
 PSYoungGen      total 208384K, used 0K [0x00000000ec580000, 0x00000000faf00000, 0x0000000100000000)
  eden space 190464K, 0% used [0x00000000ec580000,0x00000000ec580000,0x00000000f7f80000)
  from space 17920K, 0% used [0x00000000f9180000,0x00000000f9180000,0x00000000fa300000)
  to   space 18432K, 0% used [0x00000000f7f80000,0x00000000f7f80000,0x00000000f9180000)
 ParOldGen       total 82944K, used 34025K [0x00000000c5000000, 0x00000000ca100000, 0x00000000ec580000)
  object space 82944K, 41% used [0x00000000c5000000,0x00000000c713a630,0x00000000ca100000)
 Metaspace       used 58249K, capacity 58824K, committed 59096K, reserved 1101824K
  class space    used 7440K, capacity 7591K, committed 7640K, reserved 1048576K
}

Deoptimization events (10 events):
Event: 64.116 Thread 0x0000000019d1f800 Uncommon trap: reason=class_check action=maybe_recompile pc=0x00000000044f7fe8 method=java.lang.String.equals(Ljava/lang/Object;)Z @ 8
Event: 64.157 Thread 0x0000000019d1f800 Uncommon trap: reason=unstable_if action=reinterpret pc=0x0000000004cb82f8 method=com.sun.org.apache.xerces.internal.impl.XMLEntityScanner.peekChar()I @ 14
Event: 81.161 Thread 0x0000000019d20000 Uncommon trap: reason=bimorphic action=maybe_recompile pc=0x00000000048875c8 method=java.nio.charset.CharsetDecoder.reset()Ljava/nio/charset/CharsetDecoder; @ 1
Event: 81.171 Thread 0x0000000019d20000 Uncommon trap: reason=bimorphic action=maybe_recompile pc=0x0000000005514814 method=java.util.regex.Pattern$Curly.match0(Ljava/util/regex/Matcher;IILjava/lang/CharSequence;)Z @ 141
Event: 81.171 Thread 0x0000000019d20000 Uncommon trap: reason=bimorphic action=maybe_recompile pc=0x00000000055145e4 method=java.util.regex.Pattern$Curly.match0(Ljava/util/regex/Matcher;IILjava/lang/CharSequence;)Z @ 77
Event: 81.171 Thread 0x0000000019d20000 Uncommon trap: reason=class_check action=maybe_recompile pc=0x00000000044f7fe8 method=java.lang.String.equals(Ljava/lang/Object;)Z @ 8
Event: 81.172 Thread 0x0000000019d20000 Uncommon trap: reason=bimorphic action=maybe_recompile pc=0x00000000055145e4 method=java.util.regex.Pattern$Curly.match0(Ljava/util/regex/Matcher;IILjava/lang/CharSequence;)Z @ 77
Event: 81.172 Thread 0x0000000019d20000 Uncommon trap: reason=bimorphic action=maybe_recompile pc=0x00000000055145e4 method=java.util.regex.Pattern$Curly.match0(Ljava/util/regex/Matcher;IILjava/lang/CharSequence;)Z @ 77
Event: 81.176 Thread 0x0000000019d20000 Uncommon trap: reason=unstable_if action=reinterpret pc=0x0000000005512094 method=com.sun.org.apache.xerces.internal.impl.XMLEntityScanner.scanQName(Lcom/sun/org/apache/xerces/internal/xni/QName;Lcom/sun/org/apache/xerces/internal/impl/XMLScanner$NameType
Event: 81.247 Thread 0x0000000019d20000 Uncommon trap: reason=unstable_if action=reinterpret pc=0x0000000005a5c320 method=com.sun.org.apache.xerces.internal.dom.DeferredDocumentImpl.ensureCapacity(I)V @ 88

Internal exceptions (10 events):
Event: 52.427 Thread 0x000000001ed90000 Exception <a 'java/security/PrivilegedActionException'> (0x00000000ec776690) thrown at [C:\re\workspace\8-2-build-windows-amd64-cygwin\jdk8u144\9417\hotspot\src\share\vm\prims\jvm.cpp, line 1390]
Event: 52.427 Thread 0x000000001ed90000 Exception <a 'java/security/PrivilegedActionException'> (0x00000000ec776e58) thrown at [C:\re\workspace\8-2-build-windows-amd64-cygwin\jdk8u144\9417\hotspot\src\share\vm\prims\jvm.cpp, line 1390]
Event: 52.427 Thread 0x000000001ed90000 Exception <a 'java/security/PrivilegedActionException'> (0x00000000ec781fc8) thrown at [C:\re\workspace\8-2-build-windows-amd64-cygwin\jdk8u144\9417\hotspot\src\share\vm\prims\jvm.cpp, line 1390]
Event: 52.427 Thread 0x000000001ed90000 Exception <a 'java/security/PrivilegedActionException'> (0x00000000ec782790) thrown at [C:\re\workspace\8-2-build-windows-amd64-cygwin\jdk8u144\9417\hotspot\src\share\vm\prims\jvm.cpp, line 1390]
Event: 53.102 Thread 0x000000001ed90000 Exception <a 'java/lang/ClassNotFoundException': java/lang/ObjectCustomizer> (0x00000000ed2de268) thrown at [C:\re\workspace\8-2-build-windows-amd64-cygwin\jdk8u144\9417\hotspot\src\share\vm\classfile\systemDictionary.cpp, line 210]
Event: 53.103 Thread 0x000000001ed90000 Exception <a 'java/lang/ClassNotFoundException': com/softtech/localLevel/model/StateCustomizer> (0x00000000ed2f89f0) thrown at [C:\re\workspace\8-2-build-windows-amd64-cygwin\jdk8u144\9417\hotspot\src\share\vm\classfile\systemDictionary.cpp, line 210]
Event: 53.106 Thread 0x000000001ed90000 Exception <a 'java/lang/ClassNotFoundException': java/io/SerializableCustomizer> (0x00000000ed32b150) thrown at [C:\re\workspace\8-2-build-windows-amd64-cygwin\jdk8u144\9417\hotspot\src\share\vm\classfile\systemDictionary.cpp, line 210]
Event: 64.175 Thread 0x0000000019d1f800 Exception <a 'java/lang/ClassNotFoundException': java/lang/ObjectCustomizer> (0x00000000ee266788) thrown at [C:\re\workspace\8-2-build-windows-amd64-cygwin\jdk8u144\9417\hotspot\src\share\vm\classfile\systemDictionary.cpp, line 210]
Event: 64.176 Thread 0x0000000019d1f800 Exception <a 'java/lang/ClassNotFoundException': com/softtech/localLevel/model/DistrictCustomizer> (0x00000000ee280e58) thrown at [C:\re\workspace\8-2-build-windows-amd64-cygwin\jdk8u144\9417\hotspot\src\share\vm\classfile\systemDictionary.cpp, line 210]
Event: 64.178 Thread 0x0000000019d1f800 Exception <a 'java/lang/ClassNotFoundException': java/io/SerializableCustomizer> (0x00000000ee2bee58) thrown at [C:\re\workspace\8-2-build-windows-amd64-cygwin\jdk8u144\9417\hotspot\src\share\vm\classfile\systemDictionary.cpp, line 210]

Events (10 events):
Event: 81.172 Thread 0x0000000019d20000 DEOPT UNPACKING pc=0x00000000043d582a sp=0x000000002528c190 mode 2
Event: 81.173 Thread 0x0000000018aef000 flushing nmethod 0x00000000052f2e10
Event: 81.176 Thread 0x0000000019d20000 Uncommon trap: trap_request=0xffffff65 fr.pc=0x0000000005512094
Event: 81.176 Thread 0x0000000019d20000 DEOPT PACKING pc=0x0000000005512094 sp=0x000000002528bc20
Event: 81.176 Thread 0x0000000019d20000 DEOPT UNPACKING pc=0x00000000043d582a sp=0x000000002528bbd0 mode 2
Event: 81.180 Thread 0x0000000019d20000 DEOPT PACKING pc=0x0000000004d99883 sp=0x000000002528bff0
Event: 81.180 Thread 0x0000000019d20000 DEOPT UNPACKING pc=0x00000000043d787f sp=0x000000002528bd28 mode 0
Event: 81.247 Thread 0x0000000019d20000 Uncommon trap: trap_request=0xffffff65 fr.pc=0x0000000005a5c320
Event: 81.247 Thread 0x0000000019d20000 DEOPT PACKING pc=0x0000000005a5c320 sp=0x000000002528bc60
Event: 81.247 Thread 0x0000000019d20000 DEOPT UNPACKING pc=0x00000000043d582a sp=0x000000002528bc18 mode 2


Dynamic libraries:
0x00007ff7854d0000 - 0x00007ff785507000 	C:\Program Files\Java\jre1.8.0_144\bin\javaw.exe
0x00007ff8c0430000 - 0x00007ff8c0610000 	C:\WINDOWS\SYSTEM32\ntdll.dll
0x00007ff8c0070000 - 0x00007ff8c011e000 	C:\WINDOWS\System32\KERNEL32.DLL
0x00007ff8bd610000 - 0x00007ff8bd876000 	C:\WINDOWS\System32\KERNELBASE.dll
0x00007ff8bfc30000 - 0x00007ff8bfcd1000 	C:\WINDOWS\System32\ADVAPI32.dll
0x00007ff8bfe90000 - 0x00007ff8bff2d000 	C:\WINDOWS\System32\msvcrt.dll
0x00007ff8bdb80000 - 0x00007ff8bdbdb000 	C:\WINDOWS\System32\sechost.dll
0x00007ff8be060000 - 0x00007ff8be17f000 	C:\WINDOWS\System32\RPCRT4.dll
0x00007ff8c0120000 - 0x00007ff8c02af000 	C:\WINDOWS\System32\USER32.dll
0x00007ff8bd880000 - 0x00007ff8bd8a0000 	C:\WINDOWS\System32\win32u.dll
0x00007ff8bdbe0000 - 0x00007ff8bdc08000 	C:\WINDOWS\System32\GDI32.dll
0x00007ff8bca80000 - 0x00007ff8bcc13000 	C:\WINDOWS\System32\gdi32full.dll
0x00007ff8bcc20000 - 0x00007ff8bccbb000 	C:\WINDOWS\System32\msvcp_win.dll
0x00007ff8bcdc0000 - 0x00007ff8bceb6000 	C:\WINDOWS\System32\ucrtbase.dll
0x00007ff8a8ec0000 - 0x00007ff8a9129000 	C:\WINDOWS\WinSxS\amd64_microsoft.windows.common-controls_6595b64144ccf1df_6.0.16299.309_none_15cfd4c4935e6b11\COMCTL32.dll
0x00007ff8bf820000 - 0x00007ff8bfb28000 	C:\WINDOWS\System32\combase.dll
0x00007ff8bca00000 - 0x00007ff8bca72000 	C:\WINDOWS\System32\bcryptPrimitives.dll
0x00007ff8bf760000 - 0x00007ff8bf78d000 	C:\WINDOWS\System32\IMM32.DLL
0x0000000066b80000 - 0x0000000066c52000 	C:\Program Files\Java\jre1.8.0_144\bin\msvcr100.dll
0x0000000066d40000 - 0x00000000675dd000 	C:\Program Files\Java\jre1.8.0_144\bin\server\jvm.dll
0x00007ff8bf810000 - 0x00007ff8bf818000 	C:\WINDOWS\System32\PSAPI.DLL
0x00007ff8abae0000 - 0x00007ff8abae9000 	C:\WINDOWS\SYSTEM32\WSOCK32.dll
0x00007ff8ae420000 - 0x00007ff8ae42a000 	C:\WINDOWS\SYSTEM32\VERSION.dll
0x00007ff8b74c0000 - 0x00007ff8b74e3000 	C:\WINDOWS\SYSTEM32\WINMM.dll
0x00007ff8c0000000 - 0x00007ff8c006c000 	C:\WINDOWS\System32\WS2_32.dll
0x00007ff8b7490000 - 0x00007ff8b74ba000 	C:\WINDOWS\SYSTEM32\WINMMBASE.dll
0x00007ff8bcd70000 - 0x00007ff8bcdba000 	C:\WINDOWS\System32\cfgmgr32.dll
0x0000000066d30000 - 0x0000000066d3f000 	C:\Program Files\Java\jre1.8.0_144\bin\verify.dll
0x0000000066d00000 - 0x0000000066d29000 	C:\Program Files\Java\jre1.8.0_144\bin\java.dll
0x0000000066ce0000 - 0x0000000066cf6000 	C:\Program Files\Java\jre1.8.0_144\bin\zip.dll
0x00007ff8be1b0000 - 0x00007ff8bf5e6000 	C:\WINDOWS\System32\SHELL32.dll
0x00007ff8bdad0000 - 0x00007ff8bdb76000 	C:\WINDOWS\System32\shcore.dll
0x00007ff8bcec0000 - 0x00007ff8bd607000 	C:\WINDOWS\System32\windows.storage.dll
0x00007ff8bda70000 - 0x00007ff8bdac1000 	C:\WINDOWS\System32\shlwapi.dll
0x00007ff8bc7a0000 - 0x00007ff8bc7b1000 	C:\WINDOWS\System32\kernel.appcore.dll
0x00007ff8bc7c0000 - 0x00007ff8bc80c000 	C:\WINDOWS\System32\powrprof.dll
0x00007ff8bc780000 - 0x00007ff8bc79b000 	C:\WINDOWS\System32\profapi.dll
0x0000000066c60000 - 0x0000000066c6d000 	C:\Program Files\Java\jre1.8.0_144\bin\management.dll
0x0000000066cc0000 - 0x0000000066cda000 	C:\Program Files\Java\jre1.8.0_144\bin\net.dll
0x00007ff8bc010000 - 0x00007ff8bc076000 	C:\WINDOWS\system32\mswsock.dll
0x00007ff8a95d0000 - 0x00007ff8a95e6000 	C:\WINDOWS\system32\napinsp.dll
0x00007ff8a9510000 - 0x00007ff8a952a000 	C:\WINDOWS\system32\pnrpnsp.dll
0x00007ff8ba170000 - 0x00007ff8ba188000 	C:\WINDOWS\system32\NLAapi.dll
0x00007ff8bbde0000 - 0x00007ff8bbe96000 	C:\WINDOWS\SYSTEM32\DNSAPI.dll
0x00007ff8bfe80000 - 0x00007ff8bfe88000 	C:\WINDOWS\System32\NSI.dll
0x00007ff8bbda0000 - 0x00007ff8bbdd9000 	C:\WINDOWS\SYSTEM32\IPHLPAPI.DLL
0x00007ff8a93f0000 - 0x00007ff8a93fe000 	C:\WINDOWS\System32\winrnr.dll
0x0000000067640000 - 0x0000000067666000 	C:\Program Files\Bonjour\mdnsNSP.dll
0x00007ff8b7520000 - 0x00007ff8b7535000 	C:\WINDOWS\System32\wshbth.dll
0x00007ff8af400000 - 0x00007ff8af40a000 	C:\Windows\System32\rasadhlp.dll
0x00007ff8b0d70000 - 0x00007ff8b0de0000 	C:\WINDOWS\System32\fwpuclnt.dll
0x00007ff8bc2e0000 - 0x00007ff8bc305000 	C:\WINDOWS\SYSTEM32\bcrypt.dll
0x0000000066ca0000 - 0x0000000066cb1000 	C:\Program Files\Java\jre1.8.0_144\bin\nio.dll
0x00007ff8bc1d0000 - 0x00007ff8bc1e7000 	C:\WINDOWS\SYSTEM32\CRYPTSP.dll
0x00007ff8bbc10000 - 0x00007ff8bbc43000 	C:\WINDOWS\system32\rsaenh.dll
0x00007ff8bc6b0000 - 0x00007ff8bc6d9000 	C:\WINDOWS\SYSTEM32\USERENV.dll
0x00007ff8bc1f0000 - 0x00007ff8bc1fb000 	C:\WINDOWS\SYSTEM32\CRYPTBASE.dll
0x00007ff8b5af0000 - 0x00007ff8b5b06000 	C:\WINDOWS\SYSTEM32\dhcpcsvc6.DLL
0x00007ff8b6430000 - 0x00007ff8b644a000 	C:\WINDOWS\SYSTEM32\dhcpcsvc.DLL

VM Arguments:
jvm_args: -Dfile.encoding=UTF-8 
java_command: com.softtech.localLevel.LocalLevelApplication
java_class_path (initial): C:\Users\Lothbroke\Desktop\Softech\Project\LocalLevel\target\classes;C:\Users\Lothbroke\.m2\repository\org\springframework\boot\spring-boot-starter-data-jpa\1.5.10.RELEASE\spring-boot-starter-data-jpa-1.5.10.RELEASE.jar;C:\Users\Lothbroke\.m2\repository\org\springframework\boot\spring-boot-starter\1.5.10.RELEASE\spring-boot-starter-1.5.10.RELEASE.jar;C:\Users\Lothbroke\.m2\repository\org\springframework\boot\spring-boot\1.5.10.RELEASE\spring-boot-1.5.10.RELEASE.jar;C:\Users\Lothbroke\.m2\repository\org\springframework\boot\spring-boot-autoconfigure\1.5.10.RELEASE\spring-boot-autoconfigure-1.5.10.RELEASE.jar;C:\Users\Lothbroke\.m2\repository\org\springframework\boot\spring-boot-starter-logging\1.5.10.RELEASE\spring-boot-starter-logging-1.5.10.RELEASE.jar;C:\Users\Lothbroke\.m2\repository\ch\qos\logback\logback-classic\1.1.11\logback-classic-1.1.11.jar;C:\Users\Lothbroke\.m2\repository\ch\qos\logback\logback-core\1.1.11\logback-core-1.1.11.jar;C:\Users\Lothbroke\.m2\repository\org\slf4j\jul-to-slf4j\1.7.25\jul-to-slf4j-1.7.25.jar;C:\Users\Lothbroke\.m2\repository\org\slf4j\log4j-over-slf4j\1.7.25\log4j-over-slf4j-1.7.25.jar;C:\Users\Lothbroke\.m2\repository\org\yaml\snakeyaml\1.17\snakeyaml-1.17.jar;C:\Users\Lothbroke\.m2\repository\org\springframework\boot\spring-boot-starter-aop\1.5.10.RELEASE\spring-boot-starter-aop-1.5.10.RELEASE.jar;C:\Users\Lothbroke\.m2\repository\org\springframework\spring-aop\4.3.14.RELEASE\spring-aop-4.3.14.RELEASE.jar;C:\Users\Lothbroke\.m2\repository\org\aspectj\aspectjweaver\1.8.13\aspectjweaver-1.8.13.jar;C:\Users\Lothbroke\.m2\repository\org\springframework\boot\spring-boot-starter-jdbc\1.5.10.RELEASE\spring-boot-starter-jdbc-1.5.10.RELEASE.jar;C:\Users\Lothbroke\.m2\repository\org\apache\tomcat\tomcat-jdbc\8.5.27\tomcat-jdbc-8.5.27.jar;C:\Users\Lothbroke\.m2\repository\org\apache\tomcat\tomcat-juli\8.5.27\tomcat-juli-8.5.27.jar;C:\Users\Lothbroke\.m2\repository\org\springframework\spring-jdbc\4.3.14.RELEASE
Launcher Type: SUN_STANDARD

Environment Variables:
JAVA_HOME=C:\Program Files\Java\jdk1.8.0_144
PATH=C:/Program Files/Java/jre1.8.0_144/bin/server;C:/Program Files/Java/jre1.8.0_144/bin;C:/Program Files/Java/jre1.8.0_144/lib/amd64;C:\app\Lothbroke\product\11.2.0\dbhome_1\bin;C:\ProgramData\Oracle\Java\javapath;"C:\ProgramData\Oracle\Java\javapath;C:\Program Files\Java\jdk1.8.0_144\bin;C:\Program Files\Java\jre1.8.0_144";C:\WINDOWS\system32;C:\WINDOWS;C:\WINDOWS\System32\Wbem;C:\WINDOWS\System32\WindowsPowerShell\v1.0\;C:\Program Files\PuTTY\;C:\Program Files\Git\cmd;C:\Program Files\nodejs\;C:\Program Files\Apache software foundation\apache-maven-3.5.0\bin;C:\Users\Lothbroke\AppData\Local\Microsoft\WindowsApps;C:\Program Files\Java\jdk1.8.0_144\bin;C:\Users\Lothbroke\AppData\Roaming\npm;C:\Program Files (x86)\Microsoft VS Code\bin;C:\Users\Lothbroke\Desktop\eclipse;
USERNAME=Lothbroke
OS=Windows_NT
PROCESSOR_IDENTIFIER=Intel64 Family 6 Model 60 Stepping 3, GenuineIntel



---------------  S Y S T E M  ---------------

OS: Windows 10.0 , 64 bit Build 16299 (10.0.16299.15)

CPU:total 8 (initial active 8) (4 cores per cpu, 2 threads per core) family 6 model 60 stepping 3, cmov, cx8, fxsr, mmx, sse, sse2, sse3, ssse3, sse4.1, sse4.2, popcnt, avx, avx2, aes, clmul, erms, lzcnt, ht, tsc, tscinvbit, bmi1, bmi2

Memory: 4k page, physical 3859708k(282584k free), swap 7955708k(2424k free)

vm_info: Java HotSpot(TM) 64-Bit Server VM (25.144-b01) for windows-amd64 JRE (1.8.0_144-b01), built on Jul 21 2017 21:57:33 by "java_re" with MS VC++ 10.0 (VS2010)

time: Mon Apr 02 16:37:06 2018
elapsed time: 81 seconds (0d 0h 1m 21s)

