#
# There is insufficient memory for the Java Runtime Environment to continue.
# Native memory allocation (malloc) failed to allocate 831456 bytes for Chunk::new
# Possible reasons:
#   The system is out of physical RAM or swap space
#   In 32 bit mode, the process size limit was hit
# Possible solutions:
#   Reduce memory load on the system
#   Increase physical memory or swap space
#   Check if swap backing store is full
#   Use 64 bit Java on a 64 bit OS
#   Decrease Java heap size (-Xmx/-Xms)
#   Decrease number of Java threads
#   Decrease Java thread stack sizes (-Xss)
#   Set larger code cache with -XX:ReservedCodeCacheSize=
# This output file may be truncated or incomplete.
#
#  Out of Memory Error (allocation.cpp:390), pid=18128, tid=0x00000000000024e8
#
# JRE version: Java(TM) SE Runtime Environment (8.0_144-b01) (build 1.8.0_144-b01)
# Java VM: Java HotSpot(TM) 64-Bit Server VM (25.144-b01 mixed mode windows-amd64 compressed oops)
# Failed to write core dump. Minidumps are not enabled by default on client versions of Windows
#

---------------  T H R E A D  ---------------

Current thread (0x00000000198e1000):  JavaThread "C2 CompilerThread1" daemon [_thread_in_native, id=9448, stack(0x000000001a1a0000,0x000000001a2a0000)]

Stack: [0x000000001a1a0000,0x000000001a2a0000]
[error occurred during error reporting (printing stack bounds), id 0xc0000005]

Native frames: (J=compiled Java code, j=interpreted, Vv=VM code, C=native code)


Current CompileTask:
C2:  33260 4281       4       java.lang.Class::privateGetMethodRecursive (130 bytes)


---------------  P R O C E S S  ---------------

Java Threads: ( => current thread )
  0x000000001bc17800 JavaThread "Abandoned connection cleanup thread" daemon [_thread_blocked, id=15064, stack(0x0000000021050000,0x0000000021150000)]
  0x000000001bc1a000 JavaThread "Tomcat JDBC Pool Cleaner[1943105171:1520399130524]" daemon [_thread_blocked, id=12852, stack(0x0000000020f50000,0x0000000021050000)]
  0x000000001ce41000 JavaThread "container-0" [_thread_blocked, id=18180, stack(0x000000001fa80000,0x000000001fb80000)]
  0x000000001e8f7000 JavaThread "ContainerBackgroundProcessor[StandardEngine[Tomcat]]" daemon [_thread_blocked, id=2916, stack(0x000000001f980000,0x000000001fa80000)]
  0x0000000019979000 JavaThread "Service Thread" daemon [_thread_blocked, id=3176, stack(0x000000001a4a0000,0x000000001a5a0000)]
  0x00000000198f0000 JavaThread "C1 CompilerThread3" daemon [_thread_blocked, id=1000, stack(0x000000001a3a0000,0x000000001a4a0000)]
  0x00000000198e6000 JavaThread "C2 CompilerThread2" daemon [_thread_in_native, id=17012, stack(0x000000001a2a0000,0x000000001a3a0000)]
=>0x00000000198e1000 JavaThread "C2 CompilerThread1" daemon [_thread_in_native, id=9448, stack(0x000000001a1a0000,0x000000001a2a0000)]
  0x00000000198de000 JavaThread "C2 CompilerThread0" daemon [_thread_in_native, id=12464, stack(0x000000001a0a0000,0x000000001a1a0000)]
  0x00000000198dc800 JavaThread "Attach Listener" daemon [_thread_blocked, id=12248, stack(0x0000000019fa0000,0x000000001a0a0000)]
  0x00000000179ce800 JavaThread "Signal Dispatcher" daemon [_thread_blocked, id=3332, stack(0x0000000019ea0000,0x0000000019fa0000)]
  0x00000000198d0800 JavaThread "Finalizer" daemon [_thread_blocked, id=11620, stack(0x0000000019cb0000,0x0000000019db0000)]
  0x0000000005127000 JavaThread "Reference Handler" daemon [_thread_blocked, id=12800, stack(0x00000000197b0000,0x00000000198b0000)]
  0x0000000005034800 JavaThread "main" [_thread_in_vm, id=2180, stack(0x0000000004f00000,0x0000000005000000)]

Other Threads:
  0x00000000179b9800 VMThread [stack: 0x00000000196b0000,0x00000000197b0000] [id=1328]
  0x0000000019995000 WatcherThread [stack: 0x000000001a5a0000,0x000000001a6a0000] [id=8400]

VM state:not at safepoint (normal execution)

VM Mutex/Monitor currently owned by a thread: None

Heap:
 PSYoungGen      total 148480K, used 26285K [0x00000000ec580000, 0x00000000f7a80000, 0x0000000100000000)
  eden space 135168K, 9% used [0x00000000ec580000,0x00000000ed231978,0x00000000f4980000)
  from space 13312K, 99% used [0x00000000f4980000,0x00000000f5679b10,0x00000000f5680000)
  to   space 10240K, 0% used [0x00000000f5680000,0x00000000f5680000,0x00000000f6080000)
 ParOldGen       total 55296K, used 23220K [0x00000000c5000000, 0x00000000c8600000, 0x00000000ec580000)
  object space 55296K, 41% used [0x00000000c5000000,0x00000000c66ad070,0x00000000c8600000)
 Metaspace       used 44388K, capacity 44718K, committed 45056K, reserved 1089536K
  class space    used 5793K, capacity 5874K, committed 5888K, reserved 1048576K

Card table byte_map: [0x0000000014550000,0x0000000014730000] byte_map_base: 0x0000000013f28000

Marking Bits: (ParMarkBitMap*) 0x00000000628ed850
 Begin Bits: [0x0000000015070000, 0x0000000015f30000)
 End Bits:   [0x0000000015f30000, 0x0000000016df0000)

Polling page: 0x0000000005010000

CodeCache: size=245760Kb used=14893Kb max_used=14916Kb free=230866Kb
 bounds [0x0000000005190000, 0x0000000006040000, 0x0000000014190000]
 total_blobs=4400 nmethods=3889 adapters=423
 compilation: enabled

Compilation events (10 events):
Event: 33.111 Thread 0x00000000198f0000 4426   !   3       sun.net.www.protocol.jar.JarFileFactory::getPermission (21 bytes)
Event: 33.111 Thread 0x00000000198f0000 nmethod 4426 0x0000000006008750 code [0x00000000060088e0, 0x0000000006008bb8]
Event: 33.111 Thread 0x00000000198f0000 4427       3       org.springframework.asm.ClassReader::readCode (3619 bytes)
Event: 33.128 Thread 0x00000000198f0000 nmethod 4427 0x0000000006008cd0 code [0x000000000600a060, 0x000000000601a5b8]
Event: 33.129 Thread 0x00000000198f0000 4430       3       java.io.WinNTFileSystem::normalize (143 bytes)
Event: 33.129 Thread 0x00000000198f0000 nmethod 4430 0x00000000060323d0 code [0x00000000060325c0, 0x0000000006032e28]
Event: 33.129 Thread 0x00000000198f0000 4429       3       org.springframework.core.annotation.DefaultAnnotationAttributeExtractor::getRawAttributeValue (13 bytes)
Event: 33.129 Thread 0x00000000198f0000 nmethod 4429 0x00000000053cd110 code [0x00000000053cd2c0, 0x00000000053cd7f8]
Event: 33.130 Thread 0x00000000198f0000 4428       3       java.util.ArrayList::sort (48 bytes)
Event: 33.130 Thread 0x00000000198f0000 nmethod 4428 0x000000000542f290 code [0x000000000542f400, 0x000000000542f6b8]

GC Heap History (10 events):
Event: 4.431 GC heap before
{Heap before GC invocations=9 (full 1):
 PSYoungGen      total 68096K, used 60928K [0x00000000ec580000, 0x00000000f4b80000, 0x0000000100000000)
  eden space 60928K, 100% used [0x00000000ec580000,0x00000000f0100000,0x00000000f0100000)
  from space 7168K, 0% used [0x00000000f0100000,0x00000000f0100000,0x00000000f0800000)
  to   space 7680K, 0% used [0x00000000f4400000,0x00000000f4400000,0x00000000f4b80000)
 ParOldGen       total 33792K, used 9837K [0x00000000c5000000, 0x00000000c7100000, 0x00000000ec580000)
  object space 33792K, 29% used [0x00000000c5000000,0x00000000c599b7a0,0x00000000c7100000)
 Metaspace       used 24078K, capacity 24376K, committed 24704K, reserved 1071104K
  class space    used 3028K, capacity 3129K, committed 3200K, reserved 1048576K
Event: 4.436 GC heap after
Heap after GC invocations=9 (full 1):
 PSYoungGen      total 106496K, used 4874K [0x00000000ec580000, 0x00000000f4900000, 0x0000000100000000)
  eden space 101376K, 0% used [0x00000000ec580000,0x00000000ec580000,0x00000000f2880000)
  from space 5120K, 95% used [0x00000000f4400000,0x00000000f48c29a8,0x00000000f4900000)
  to   space 7680K, 0% used [0x00000000f3a00000,0x00000000f3a00000,0x00000000f4180000)
 ParOldGen       total 33792K, used 9845K [0x00000000c5000000, 0x00000000c7100000, 0x00000000ec580000)
  object space 33792K, 29% used [0x00000000c5000000,0x00000000c599d7a0,0x00000000c7100000)
 Metaspace       used 24078K, capacity 24376K, committed 24704K, reserved 1071104K
  class space    used 3028K, capacity 3129K, committed 3200K, reserved 1048576K
}
Event: 21.724 GC heap before
{Heap before GC invocations=10 (full 1):
 PSYoungGen      total 106496K, used 106250K [0x00000000ec580000, 0x00000000f4900000, 0x0000000100000000)
  eden space 101376K, 100% used [0x00000000ec580000,0x00000000f2880000,0x00000000f2880000)
  from space 5120K, 95% used [0x00000000f4400000,0x00000000f48c29a8,0x00000000f4900000)
  to   space 7680K, 0% used [0x00000000f3a00000,0x00000000f3a00000,0x00000000f4180000)
 ParOldGen       total 33792K, used 9845K [0x00000000c5000000, 0x00000000c7100000, 0x00000000ec580000)
  object space 33792K, 29% used [0x00000000c5000000,0x00000000c599d7a0,0x00000000c7100000)
 Metaspace       used 28491K, capacity 28766K, committed 29056K, reserved 1075200K
  class space    used 3585K, capacity 3674K, committed 3712K, reserved 1048576K
Event: 21.735 GC heap after
Heap after GC invocations=10 (full 1):
 PSYoungGen      total 126976K, used 7654K [0x00000000ec580000, 0x00000000f6080000, 0x0000000100000000)
  eden space 119296K, 0% used [0x00000000ec580000,0x00000000ec580000,0x00000000f3a00000)
  from space 7680K, 99% used [0x00000000f3a00000,0x00000000f4179a10,0x00000000f4180000)
  to   space 10240K, 0% used [0x00000000f5680000,0x00000000f5680000,0x00000000f6080000)
 ParOldGen       total 33792K, used 14850K [0x00000000c5000000, 0x00000000c7100000, 0x00000000ec580000)
  object space 33792K, 43% used [0x00000000c5000000,0x00000000c5e80af0,0x00000000c7100000)
 Metaspace       used 28491K, capacity 28766K, committed 29056K, reserved 1075200K
  class space    used 3585K, capacity 3674K, committed 3712K, reserved 1048576K
}
Event: 29.021 GC heap before
{Heap before GC invocations=11 (full 1):
 PSYoungGen      total 126976K, used 65894K [0x00000000ec580000, 0x00000000f6080000, 0x0000000100000000)
  eden space 119296K, 48% used [0x00000000ec580000,0x00000000efe5fff8,0x00000000f3a00000)
  from space 7680K, 99% used [0x00000000f3a00000,0x00000000f4179a10,0x00000000f4180000)
  to   space 10240K, 0% used [0x00000000f5680000,0x00000000f5680000,0x00000000f6080000)
 ParOldGen       total 33792K, used 14850K [0x00000000c5000000, 0x00000000c7100000, 0x00000000ec580000)
  object space 33792K, 43% used [0x00000000c5000000,0x00000000c5e80af0,0x00000000c7100000)
 Metaspace       used 34840K, capacity 35144K, committed 35416K, reserved 1081344K
  class space    used 4463K, capacity 4577K, committed 4608K, reserved 1048576K
Event: 29.049 GC heap after
Heap after GC invocations=11 (full 1):
 PSYoungGen      total 145408K, used 10233K [0x00000000ec580000, 0x00000000f7a80000, 0x0000000100000000)
  eden space 135168K, 0% used [0x00000000ec580000,0x00000000ec580000,0x00000000f4980000)
  from space 10240K, 99% used [0x00000000f5680000,0x00000000f607e4f8,0x00000000f6080000)
  to   space 13312K, 0% used [0x00000000f4980000,0x00000000f4980000,0x00000000f5680000)
 ParOldGen       total 33792K, used 19111K [0x00000000c5000000, 0x00000000c7100000, 0x00000000ec580000)
  object space 33792K, 56% used [0x00000000c5000000,0x00000000c62a9cc0,0x00000000c7100000)
 Metaspace       used 34840K, capacity 35144K, committed 35416K, reserved 1081344K
  class space    used 4463K, capacity 4577K, committed 4608K, reserved 1048576K
}
Event: 29.049 GC heap before
{Heap before GC invocations=12 (full 2):
 PSYoungGen      total 145408K, used 10233K [0x00000000ec580000, 0x00000000f7a80000, 0x0000000100000000)
  eden space 135168K, 0% used [0x00000000ec580000,0x00000000ec580000,0x00000000f4980000)
  from space 10240K, 99% used [0x00000000f5680000,0x00000000f607e4f8,0x00000000f6080000)
  to   space 13312K, 0% used [0x00000000f4980000,0x00000000f4980000,0x00000000f5680000)
 ParOldGen       total 33792K, used 19111K [0x00000000c5000000, 0x00000000c7100000, 0x00000000ec580000)
  object space 33792K, 56% used [0x00000000c5000000,0x00000000c62a9cc0,0x00000000c7100000)
 Metaspace       used 34840K, capacity 35144K, committed 35416K, reserved 1081344K
  class space    used 4463K, capacity 4577K, committed 4608K, reserved 1048576K
Event: 29.129 GC heap after
Heap after GC invocations=12 (full 2):
 PSYoungGen      total 145408K, used 0K [0x00000000ec580000, 0x00000000f7a80000, 0x0000000100000000)
  eden space 135168K, 0% used [0x00000000ec580000,0x00000000ec580000,0x00000000f4980000)
  from space 10240K, 0% used [0x00000000f5680000,0x00000000f5680000,0x00000000f6080000)
  to   space 13312K, 0% used [0x00000000f4980000,0x00000000f4980000,0x00000000f5680000)
 ParOldGen       total 55296K, used 22350K [0x00000000c5000000, 0x00000000c8600000, 0x00000000ec580000)
  object space 55296K, 40% used [0x00000000c5000000,0x00000000c65d3820,0x00000000c8600000)
 Metaspace       used 34840K, capacity 35144K, committed 35416K, reserved 1081344K
  class space    used 4463K, capacity 4577K, committed 4608K, reserved 1048576K
}
Event: 33.053 GC heap before
{Heap before GC invocations=13 (full 2):
 PSYoungGen      total 145408K, used 135168K [0x00000000ec580000, 0x00000000f7a80000, 0x0000000100000000)
  eden space 135168K, 100% used [0x00000000ec580000,0x00000000f4980000,0x00000000f4980000)
  from space 10240K, 0% used [0x00000000f5680000,0x00000000f5680000,0x00000000f6080000)
  to   space 13312K, 0% used [0x00000000f4980000,0x00000000f4980000,0x00000000f5680000)
 ParOldGen       total 55296K, used 22350K [0x00000000c5000000, 0x00000000c8600000, 0x00000000ec580000)
  object space 55296K, 40% used [0x00000000c5000000,0x00000000c65d3820,0x00000000c8600000)
 Metaspace       used 44185K, capacity 44584K, committed 45056K, reserved 1089536K
  class space    used 5767K, capacity 5873K, committed 5888K, reserved 1048576K
Event: 33.067 GC heap after
Heap after GC invocations=13 (full 2):
 PSYoungGen      total 148480K, used 13286K [0x00000000ec580000, 0x00000000f7a80000, 0x0000000100000000)
  eden space 135168K, 0% used [0x00000000ec580000,0x00000000ec580000,0x00000000f4980000)
  from space 13312K, 99% used [0x00000000f4980000,0x00000000f5679b10,0x00000000f5680000)
  to   space 10240K, 0% used [0x00000000f5680000,0x00000000f5680000,0x00000000f6080000)
 ParOldGen       total 55296K, used 23220K [0x00000000c5000000, 0x00000000c8600000, 0x00000000ec580000)
  object space 55296K, 41% used [0x00000000c5000000,0x00000000c66ad070,0x00000000c8600000)
 Metaspace       used 44185K, capacity 44584K, committed 45056K, reserved 1089536K
  class space    used 5767K, capacity 5873K, committed 5888K, reserved 1048576K
}

Deoptimization events (10 events):
Event: 32.658 Thread 0x0000000005034800 Uncommon trap: reason=bimorphic action=maybe_recompile pc=0x0000000005d034f0 method=sun.reflect.generics.reflectiveObjects.WildcardTypeImpl.getUpperBounds()[Ljava/lang/reflect/Type; @ 37
Event: 32.658 Thread 0x0000000005034800 Uncommon trap: reason=bimorphic action=maybe_recompile pc=0x0000000005d034f0 method=sun.reflect.generics.reflectiveObjects.WildcardTypeImpl.getUpperBounds()[Ljava/lang/reflect/Type; @ 37
Event: 32.719 Thread 0x0000000005034800 Uncommon trap: reason=unstable_if action=reinterpret pc=0x0000000005ca91b8 method=java.util.concurrent.ConcurrentHashMap.putVal(Ljava/lang/Object;Ljava/lang/Object;Z)Ljava/lang/Object; @ 331
Event: 32.720 Thread 0x0000000005034800 Uncommon trap: reason=unstable_if action=reinterpret pc=0x000000000550ba24 method=java.util.concurrent.ConcurrentHashMap.get(Ljava/lang/Object;)Ljava/lang/Object; @ 86
Event: 32.744 Thread 0x0000000005034800 Uncommon trap: reason=null_check action=make_not_entrant pc=0x0000000005f5b9fc method=org.springframework.core.annotation.AnnotatedElementUtils.searchWithGetSemanticsInAnnotations(Ljava/lang/reflect/AnnotatedElement;Ljava/util/List;Ljava/lang/Class;Ljava/
Event: 32.758 Thread 0x0000000005034800 Uncommon trap: reason=unstable_if action=reinterpret pc=0x0000000005ce425c method=org.springframework.asm.ClassReader.readCode(Lorg/springframework/asm/MethodVisitor;Lorg/springframework/asm/Context;I)V @ 3144
Event: 32.835 Thread 0x0000000005034800 Uncommon trap: reason=unstable_if action=reinterpret pc=0x0000000005d41af4 method=java.util.WeakHashMap.put(Ljava/lang/Object;Ljava/lang/Object;)Ljava/lang/Object; @ 47
Event: 32.990 Thread 0x0000000005034800 Uncommon trap: reason=unstable_if action=reinterpret pc=0x000000000560ae44 method=java.util.concurrent.ConcurrentHashMap.transfer([Ljava/util/concurrent/ConcurrentHashMap$Node;[Ljava/util/concurrent/ConcurrentHashMap$Node;)V @ 356
Event: 32.991 Thread 0x0000000005034800 Uncommon trap: reason=unstable_if action=reinterpret pc=0x0000000005449180 method=java.util.concurrent.ConcurrentHashMap.transfer([Ljava/util/concurrent/ConcurrentHashMap$Node;[Ljava/util/concurrent/ConcurrentHashMap$Node;)V @ 356
Event: 33.117 Thread 0x0000000005034800 Uncommon trap: reason=unstable_if action=reinterpret pc=0x0000000005759930 method=java.io.WinNTFileSystem.isLetter(C)Z @ 3

Internal exceptions (10 events):
Event: 33.124 Thread 0x0000000005034800 Exception <a 'java/lang/ClassNotFoundException': org/springframework/boot/autoconfigure/jmx/JmxAutoConfiguration$$EnhancerBySpringCGLIB$$24fd399eCustomizer> (0x00000000ed007178) thrown at [C:\re\workspace\8-2-build-windows-amd64-cygwin\jdk8u144\9417\hotsp
Event: 33.124 Thread 0x0000000005034800 Exception <a 'java/lang/ClassNotFoundException': org/springframework/context/annotation/ConfigurationClassEnhancer$EnhancedConfigurationCustomizer> (0x00000000ed02b678) thrown at [C:\re\workspace\8-2-build-windows-amd64-cygwin\jdk8u144\9417\hotspot\src\sh
Event: 33.125 Thread 0x0000000005034800 Exception <a 'java/lang/ClassNotFoundException': org/springframework/context/EnvironmentAwareCustomizer> (0x00000000ed03bfb0) thrown at [C:\re\workspace\8-2-build-windows-amd64-cygwin\jdk8u144\9417\hotspot\src\share\vm\classfile\systemDictionary.cpp, line
Event: 33.125 Thread 0x0000000005034800 Exception <a 'java/lang/ClassNotFoundException': org/springframework/beans/factory/BeanFactoryAwareCustomizer> (0x00000000ed04ed80) thrown at [C:\re\workspace\8-2-build-windows-amd64-cygwin\jdk8u144\9417\hotspot\src\share\vm\classfile\systemDictionary.cpp
Event: 33.130 Thread 0x0000000005034800 Exception <a 'java/lang/ClassNotFoundException': java/lang/ObjectCustomizer> (0x00000000ed1393d0) thrown at [C:\re\workspace\8-2-build-windows-amd64-cygwin\jdk8u144\9417\hotspot\src\share\vm\classfile\systemDictionary.cpp, line 210]
Event: 33.131 Thread 0x0000000005034800 Exception <a 'java/lang/ClassNotFoundException': org/springframework/jmx/export/naming/MetadataNamingStrategyCustomizer> (0x00000000ed150ab0) thrown at [C:\re\workspace\8-2-build-windows-amd64-cygwin\jdk8u144\9417\hotspot\src\share\vm\classfile\systemDict
Event: 33.131 Thread 0x0000000005034800 Exception <a 'java/lang/ClassNotFoundException': org/springframework/boot/autoconfigure/jmx/ParentAwareNamingStrategyCustomizer> (0x00000000ed16a500) thrown at [C:\re\workspace\8-2-build-windows-amd64-cygwin\jdk8u144\9417\hotspot\src\share\vm\classfile\sy
Event: 33.131 Thread 0x0000000005034800 Exception <a 'java/lang/ClassNotFoundException': org/springframework/context/ApplicationContextAwareCustomizer> (0x00000000ed184a08) thrown at [C:\re\workspace\8-2-build-windows-amd64-cygwin\jdk8u144\9417\hotspot\src\share\vm\classfile\systemDictionary.cp
Event: 33.132 Thread 0x0000000005034800 Exception <a 'java/lang/ClassNotFoundException': org/springframework/jmx/export/naming/ObjectNamingStrategyCustomizer> (0x00000000ed1998b8) thrown at [C:\re\workspace\8-2-build-windows-amd64-cygwin\jdk8u144\9417\hotspot\src\share\vm\classfile\systemDictio
Event: 33.132 Thread 0x0000000005034800 Exception <a 'java/lang/ClassNotFoundException': org/springframework/beans/factory/InitializingBeanCustomizer> (0x00000000ed1ac620) thrown at [C:\re\workspace\8-2-build-windows-amd64-cygwin\jdk8u144\9417\hotspot\src\share\vm\classfile\systemDictionary.cpp

Events (10 events):
Event: 33.132 loading class org/springframework/beans/factory/InitializingBeanCustomizer done
Event: 33.132 loading class org/springframework/beans/factory/InitializingBeanCustomizer
Event: 33.132 loading class org/springframework/beans/factory/InitializingBeanCustomizer done
Event: 33.132 loading class org/springframework/beans/factory/InitializingBeanCustomizer
Event: 33.132 loading class org/springframework/beans/factory/InitializingBeanCustomizer done
Event: 33.132 loading class javax/management/InstanceAlreadyExistsException
Event: 33.149 loading class javax/management/InstanceAlreadyExistsException done
Event: 33.149 loading class org/springframework/jmx/export/assembler/MBeanInfoAssembler
Event: 33.149 loading class org/springframework/jmx/export/assembler/MBeanInfoAssembler done
Event: 33.149 loading class javax/management/modelmbean/RequiredModelMBean


Dynamic libraries:
0x00007ff711e00000 - 0x00007ff711e37000 	C:\Program Files\Java\jre1.8.0_144\bin\javaw.exe
0x00007fff99bd0000 - 0x00007fff99db0000 	C:\WINDOWS\SYSTEM32\ntdll.dll
0x00007fff98b20000 - 0x00007fff98bce000 	C:\WINDOWS\System32\KERNEL32.DLL
0x00007fff96100000 - 0x00007fff96366000 	C:\WINDOWS\System32\KERNELBASE.dll
0x00007fff99050000 - 0x00007fff990f1000 	C:\WINDOWS\System32\ADVAPI32.dll
0x00007fff98ce0000 - 0x00007fff98d7d000 	C:\WINDOWS\System32\msvcrt.dll
0x00007fff98e30000 - 0x00007fff98e8b000 	C:\WINDOWS\System32\sechost.dll
0x00007fff99710000 - 0x00007fff9982f000 	C:\WINDOWS\System32\RPCRT4.dll
0x00007fff993c0000 - 0x00007fff9954f000 	C:\WINDOWS\System32\USER32.dll
0x00007fff965c0000 - 0x00007fff965e0000 	C:\WINDOWS\System32\win32u.dll
0x00007fff98df0000 - 0x00007fff98e18000 	C:\WINDOWS\System32\GDI32.dll
0x00007fff967b0000 - 0x00007fff96943000 	C:\WINDOWS\System32\gdi32full.dll
0x00007fff964d0000 - 0x00007fff9656b000 	C:\WINDOWS\System32\msvcp_win.dll
0x00007fff963d0000 - 0x00007fff964c6000 	C:\WINDOWS\System32\ucrtbase.dll
0x00007fff87800000 - 0x00007fff87a69000 	C:\WINDOWS\WinSxS\amd64_microsoft.windows.common-controls_6595b64144ccf1df_6.0.16299.248_none_15ced204935f55d7\COMCTL32.dll
0x00007fff99890000 - 0x00007fff99b98000 	C:\WINDOWS\System32\combase.dll
0x00007fff95fd0000 - 0x00007fff96042000 	C:\WINDOWS\System32\bcryptPrimitives.dll
0x00007fff98f50000 - 0x00007fff98f7d000 	C:\WINDOWS\System32\IMM32.DLL
0x0000000062c80000 - 0x0000000062d52000 	C:\Program Files\Java\jre1.8.0_144\bin\msvcr100.dll
0x00000000620d0000 - 0x000000006296d000 	C:\Program Files\Java\jre1.8.0_144\bin\server\jvm.dll
0x00007fff99550000 - 0x00007fff99558000 	C:\WINDOWS\System32\PSAPI.DLL
0x00007fff924e0000 - 0x00007fff924e9000 	C:\WINDOWS\SYSTEM32\WSOCK32.dll
0x00007fff87fa0000 - 0x00007fff87faa000 	C:\WINDOWS\SYSTEM32\VERSION.dll
0x00007fff8f4f0000 - 0x00007fff8f513000 	C:\WINDOWS\SYSTEM32\WINMM.dll
0x00007fff98d80000 - 0x00007fff98dec000 	C:\WINDOWS\System32\WS2_32.dll
0x00007fff8f490000 - 0x00007fff8f4ba000 	C:\WINDOWS\SYSTEM32\WINMMBASE.dll
0x00007fff96570000 - 0x00007fff965ba000 	C:\WINDOWS\System32\cfgmgr32.dll
0x0000000061fe0000 - 0x0000000061fef000 	C:\Program Files\Java\jre1.8.0_144\bin\verify.dll
0x0000000061fb0000 - 0x0000000061fd9000 	C:\Program Files\Java\jre1.8.0_144\bin\java.dll
0x0000000061f90000 - 0x0000000061fa6000 	C:\Program Files\Java\jre1.8.0_144\bin\zip.dll
0x00007fff971f0000 - 0x00007fff98626000 	C:\WINDOWS\System32\SHELL32.dll
0x00007fff97140000 - 0x00007fff971e6000 	C:\WINDOWS\System32\shcore.dll
0x00007fff96950000 - 0x00007fff97097000 	C:\WINDOWS\System32\windows.storage.dll
0x00007fff98e90000 - 0x00007fff98ee1000 	C:\WINDOWS\System32\shlwapi.dll
0x00007fff95f60000 - 0x00007fff95f71000 	C:\WINDOWS\System32\kernel.appcore.dll
0x00007fff95f80000 - 0x00007fff95fcc000 	C:\WINDOWS\System32\powrprof.dll
0x00007fff95f20000 - 0x00007fff95f3b000 	C:\WINDOWS\System32\profapi.dll
0x0000000061f00000 - 0x0000000061f0d000 	C:\Program Files\Java\jre1.8.0_144\bin\management.dll
0x0000000061f70000 - 0x0000000061f8a000 	C:\Program Files\Java\jre1.8.0_144\bin\net.dll
0x00007fff957b0000 - 0x00007fff95816000 	C:\WINDOWS\system32\mswsock.dll
0x00007fff89280000 - 0x00007fff89296000 	C:\WINDOWS\system32\napinsp.dll
0x00007fff89260000 - 0x00007fff8927a000 	C:\WINDOWS\system32\pnrpnsp.dll
0x00007fff924a0000 - 0x00007fff924b8000 	C:\WINDOWS\system32\NLAapi.dll
0x00007fff95580000 - 0x00007fff95636000 	C:\WINDOWS\SYSTEM32\DNSAPI.dll
0x00007fff99700000 - 0x00007fff99708000 	C:\WINDOWS\System32\NSI.dll
0x00007fff95540000 - 0x00007fff95579000 	C:\WINDOWS\SYSTEM32\IPHLPAPI.DLL
0x00007fff8af10000 - 0x00007fff8af1e000 	C:\WINDOWS\System32\winrnr.dll
0x0000000063180000 - 0x00000000631a6000 	C:\Program Files\Bonjour\mdnsNSP.dll
0x00007fff91030000 - 0x00007fff91045000 	C:\WINDOWS\System32\wshbth.dll
0x00007fff8abe0000 - 0x00007fff8abea000 	C:\Windows\System32\rasadhlp.dll
0x00007fff8ac20000 - 0x00007fff8ac90000 	C:\WINDOWS\System32\fwpuclnt.dll
0x00007fff95a80000 - 0x00007fff95aa5000 	C:\WINDOWS\SYSTEM32\bcrypt.dll
0x0000000061f50000 - 0x0000000061f61000 	C:\Program Files\Java\jre1.8.0_144\bin\nio.dll
0x00007fff95970000 - 0x00007fff95987000 	C:\WINDOWS\SYSTEM32\CRYPTSP.dll
0x00007fff953c0000 - 0x00007fff953f3000 	C:\WINDOWS\system32\rsaenh.dll
0x00007fff95e50000 - 0x00007fff95e79000 	C:\WINDOWS\SYSTEM32\USERENV.dll
0x00007fff95990000 - 0x00007fff9599b000 	C:\WINDOWS\SYSTEM32\CRYPTBASE.dll
0x00007fff8ed50000 - 0x00007fff8ed66000 	C:\WINDOWS\SYSTEM32\dhcpcsvc6.DLL
0x00007fff8ee00000 - 0x00007fff8ee1a000 	C:\WINDOWS\SYSTEM32\dhcpcsvc.DLL

VM Arguments:
jvm_args: -Dfile.encoding=UTF-8 
java_command: com.softtech.localLevel.LocalLevelApplication
java_class_path (initial): C:\Users\Lothbroke\Desktop\Imaginology\project\localLevel\target\classes;C:\Users\Lothbroke\.m2\repository\org\springframework\boot\spring-boot-starter-data-jpa\1.5.10.RELEASE\spring-boot-starter-data-jpa-1.5.10.RELEASE.jar;C:\Users\Lothbroke\.m2\repository\org\springframework\boot\spring-boot-starter\1.5.10.RELEASE\spring-boot-starter-1.5.10.RELEASE.jar;C:\Users\Lothbroke\.m2\repository\org\springframework\boot\spring-boot\1.5.10.RELEASE\spring-boot-1.5.10.RELEASE.jar;C:\Users\Lothbroke\.m2\repository\org\springframework\boot\spring-boot-autoconfigure\1.5.10.RELEASE\spring-boot-autoconfigure-1.5.10.RELEASE.jar;C:\Users\Lothbroke\.m2\repository\org\springframework\boot\spring-boot-starter-logging\1.5.10.RELEASE\spring-boot-starter-logging-1.5.10.RELEASE.jar;C:\Users\Lothbroke\.m2\repository\ch\qos\logback\logback-classic\1.1.11\logback-classic-1.1.11.jar;C:\Users\Lothbroke\.m2\repository\ch\qos\logback\logback-core\1.1.11\logback-core-1.1.11.jar;C:\Users\Lothbroke\.m2\repository\org\slf4j\jul-to-slf4j\1.7.25\jul-to-slf4j-1.7.25.jar;C:\Users\Lothbroke\.m2\repository\org\slf4j\log4j-over-slf4j\1.7.25\log4j-over-slf4j-1.7.25.jar;C:\Users\Lothbroke\.m2\repository\org\yaml\snakeyaml\1.17\snakeyaml-1.17.jar;C:\Users\Lothbroke\.m2\repository\org\springframework\boot\spring-boot-starter-aop\1.5.10.RELEASE\spring-boot-starter-aop-1.5.10.RELEASE.jar;C:\Users\Lothbroke\.m2\repository\org\springframework\spring-aop\4.3.14.RELEASE\spring-aop-4.3.14.RELEASE.jar;C:\Users\Lothbroke\.m2\repository\org\aspectj\aspectjweaver\1.8.13\aspectjweaver-1.8.13.jar;C:\Users\Lothbroke\.m2\repository\org\springframework\boot\spring-boot-starter-jdbc\1.5.10.RELEASE\spring-boot-starter-jdbc-1.5.10.RELEASE.jar;C:\Users\Lothbroke\.m2\repository\org\apache\tomcat\tomcat-jdbc\8.5.27\tomcat-jdbc-8.5.27.jar;C:\Users\Lothbroke\.m2\repository\org\apache\tomcat\tomcat-juli\8.5.27\tomcat-juli-8.5.27.jar;C:\Users\Lothbroke\.m2\repository\org\springframework\spring-jdbc\4.3.14.REL
Launcher Type: SUN_STANDARD

Environment Variables:
JAVA_HOME=C:\Program Files\Java\jdk1.8.0_144
PATH=C:/Program Files/Java/jre1.8.0_144/bin/server;C:/Program Files/Java/jre1.8.0_144/bin;C:/Program Files/Java/jre1.8.0_144/lib/amd64;C:\ProgramData\Oracle\Java\javapath;"C:\ProgramData\Oracle\Java\javapath;C:\Program Files\Java\jdk1.8.0_144\bin;C:\Program Files\Java\jre1.8.0_144";C:\WINDOWS\system32;C:\WINDOWS;C:\WINDOWS\System32\Wbem;C:\WINDOWS\System32\WindowsPowerShell\v1.0\;C:\Program Files\nodejs\;C:\Program Files\PuTTY\;C:\Program Files\Git\cmd;C:\Program Files\Apache software foundation\apache-maven-3.5.0\bin;C:\Program Files (x86)\Microsoft VS Code\bin;C:\Users\Lothbroke\AppData\Roaming\npm;C:\Users\Lothbroke\AppData\Local\Microsoft\WindowsApps;C:\Program Files (x86)\EaseUS\Todo Backup\bin\x64\;C:\Users\Lothbroke\Desktop\eclipse;
USERNAME=Lothbroke
OS=Windows_NT
PROCESSOR_IDENTIFIER=Intel64 Family 6 Model 60 Stepping 3, GenuineIntel



---------------  S Y S T E M  ---------------

OS: Windows 10.0 , 64 bit Build 16299 (10.0.16299.15)

CPU:total 8 (initial active 8) (4 cores per cpu, 2 threads per core) family 6 model 60 stepping 3, cmov, cx8, fxsr, mmx, sse, sse2, sse3, ssse3, sse4.1, sse4.2, popcnt, avx, avx2, aes, clmul, erms, lzcnt, ht, tsc, tscinvbit, bmi1, bmi2

Memory: 4k page, physical 3859708k(255532k free), swap 7955708k(3216k free)

vm_info: Java HotSpot(TM) 64-Bit Server VM (25.144-b01) for windows-amd64 JRE (1.8.0_144-b01), built on Jul 21 2017 21:57:33 by "java_re" with MS VC++ 10.0 (VS2010)

time: Wed Mar 07 10:50:36 2018
elapsed time: 33 seconds (0d 0h 0m 33s)

