#
# There is insufficient memory for the Java Runtime Environment to continue.
# Native memory allocation (malloc) failed to allocate 1589616 bytes for Chunk::new
# Possible reasons:
#   The system is out of physical RAM or swap space
#   In 32 bit mode, the process size limit was hit
# Possible solutions:
#   Reduce memory load on the system
#   Increase physical memory or swap space
#   Check if swap backing store is full
#   Use 64 bit Java on a 64 bit OS
#   Decrease Java heap size (-Xmx/-Xms)
#   Decrease number of Java threads
#   Decrease Java thread stack sizes (-Xss)
#   Set larger code cache with -XX:ReservedCodeCacheSize=
# This output file may be truncated or incomplete.
#
#  Out of Memory Error (allocation.cpp:390), pid=5832, tid=0x0000000000000958
#
# JRE version: Java(TM) SE Runtime Environment (8.0_144-b01) (build 1.8.0_144-b01)
# Java VM: Java HotSpot(TM) 64-Bit Server VM (25.144-b01 mixed mode windows-amd64 compressed oops)
# Failed to write core dump. Minidumps are not enabled by default on client versions of Windows
#

---------------  T H R E A D  ---------------

Current thread (0x0000000019197800):  JavaThread "C2 CompilerThread2" daemon [_thread_in_native, id=2392, stack(0x0000000019b50000,0x0000000019c50000)]

Stack: [0x0000000019b50000,0x0000000019c50000]
[error occurred during error reporting (printing stack bounds), id 0xc0000005]

Native frames: (J=compiled Java code, j=interpreted, Vv=VM code, C=native code)


Current CompileTask:
C2:  11826 5186       4       sun.reflect.generics.parser.SignatureParser::parsePackageNameAndSimpleClassTypeSignature (139 bytes)


---------------  P R O C E S S  ---------------

Java Threads: ( => current thread )
  0x000000001df3a000 JavaThread "DestroyJavaVM" [_thread_blocked, id=5788, stack(0x0000000004850000,0x0000000004950000)]
  0x000000001df37000 JavaThread "http-nio-8088-AsyncTimeout" daemon [_thread_blocked, id=2960, stack(0x0000000024700000,0x0000000024800000)]
  0x000000001df39800 JavaThread "http-nio-8088-Acceptor-0" daemon [_thread_in_native, id=11420, stack(0x0000000024600000,0x0000000024700000)]
  0x000000001df36800 JavaThread "http-nio-8088-ClientPoller-1" daemon [_thread_in_native, id=13064, stack(0x0000000024500000,0x0000000024600000)]
  0x000000001df35800 JavaThread "http-nio-8088-ClientPoller-0" daemon [_thread_in_native, id=10592, stack(0x0000000024400000,0x0000000024500000)]
  0x000000001df38800 JavaThread "http-nio-8088-exec-10" daemon [_thread_blocked, id=812, stack(0x0000000024300000,0x0000000024400000)]
  0x000000001df2f000 JavaThread "http-nio-8088-exec-9" daemon [_thread_blocked, id=13672, stack(0x0000000024200000,0x0000000024300000)]
  0x000000001df2e000 JavaThread "http-nio-8088-exec-8" daemon [_thread_blocked, id=12164, stack(0x0000000024100000,0x0000000024200000)]
  0x000000001df35000 JavaThread "http-nio-8088-exec-7" daemon [_thread_blocked, id=992, stack(0x0000000024000000,0x0000000024100000)]
  0x000000001df2d800 JavaThread "http-nio-8088-exec-6" daemon [_thread_blocked, id=10488, stack(0x0000000023f00000,0x0000000024000000)]
  0x000000001df34000 JavaThread "http-nio-8088-exec-5" daemon [_thread_blocked, id=1936, stack(0x0000000023e00000,0x0000000023f00000)]
  0x000000001df33800 JavaThread "http-nio-8088-exec-4" daemon [_thread_blocked, id=10036, stack(0x0000000023d00000,0x0000000023e00000)]
  0x000000001df2c000 JavaThread "http-nio-8088-exec-3" daemon [_thread_blocked, id=9692, stack(0x0000000023c00000,0x0000000023d00000)]
  0x000000001df32800 JavaThread "http-nio-8088-exec-2" daemon [_thread_blocked, id=1036, stack(0x00000000238b0000,0x00000000239b0000)]
  0x000000001df31000 JavaThread "http-nio-8088-exec-1" daemon [_thread_blocked, id=8444, stack(0x00000000237b0000,0x00000000238b0000)]
  0x000000001df2c800 JavaThread "NioBlockingSelector.BlockPoller-1" daemon [_thread_in_native, id=11892, stack(0x0000000023050000,0x0000000023150000)]
  0x000000001df30800 JavaThread "Abandoned connection cleanup thread" daemon [_thread_blocked, id=8920, stack(0x0000000021b70000,0x0000000021c70000)]
  0x000000001c8a3000 JavaThread "Tomcat JDBC Pool Cleaner[1943105171:1520855981481]" daemon [_thread_blocked, id=17108, stack(0x00000000205d0000,0x00000000206d0000)]
  0x000000001c8a2000 JavaThread "container-0" [_thread_blocked, id=12632, stack(0x00000000204d0000,0x00000000205d0000)]
  0x000000001c8a0000 JavaThread "ContainerBackgroundProcessor[StandardEngine[Tomcat]]" daemon [_thread_blocked, id=8724, stack(0x00000000203d0000,0x00000000204d0000)]
  0x000000001c8a6800 JavaThread "localhost-startStop-1" daemon [_thread_blocked, id=11472, stack(0x00000000202d0000,0x00000000203d0000)]
  0x000000001c8a6000 JavaThread "Tomcat-startStop-1" daemon [_thread_blocked, id=11372, stack(0x000000001d9a0000,0x000000001daa0000)]
  0x0000000019226000 JavaThread "Service Thread" daemon [_thread_blocked, id=8912, stack(0x0000000019d50000,0x0000000019e50000)]
  0x000000001919c800 JavaThread "C1 CompilerThread3" daemon [_thread_blocked, id=16956, stack(0x0000000019c50000,0x0000000019d50000)]
=>0x0000000019197800 JavaThread "C2 CompilerThread2" daemon [_thread_in_native, id=2392, stack(0x0000000019b50000,0x0000000019c50000)]
  0x0000000019196000 JavaThread "C2 CompilerThread1" daemon [_thread_blocked, id=14476, stack(0x0000000019a50000,0x0000000019b50000)]
  0x000000001918e000 JavaThread "C2 CompilerThread0" daemon [_thread_in_native, id=15968, stack(0x0000000019950000,0x0000000019a50000)]
  0x000000001918d000 JavaThread "Attach Listener" daemon [_thread_blocked, id=5228, stack(0x0000000019850000,0x0000000019950000)]
  0x000000001918c000 JavaThread "Signal Dispatcher" daemon [_thread_blocked, id=2692, stack(0x0000000019750000,0x0000000019850000)]
  0x0000000019180800 JavaThread "Finalizer" daemon [_thread_blocked, id=2508, stack(0x0000000019560000,0x0000000019660000)]
  0x0000000004a49000 JavaThread "Reference Handler" daemon [_thread_blocked, id=13848, stack(0x0000000019060000,0x0000000019160000)]

Other Threads:
  0x0000000017279800 VMThread [stack: 0x0000000018f60000,0x0000000019060000] [id=15816]
  0x0000000019248800 WatcherThread [stack: 0x0000000019e50000,0x0000000019f50000] [id=15672]

VM state:not at safepoint (normal execution)

VM Mutex/Monitor currently owned by a thread: None

Heap:
 PSYoungGen      total 161280K, used 79711K [0x00000000ec580000, 0x00000000f7580000, 0x0000000100000000)
  eden space 144896K, 45% used [0x00000000ec580000,0x00000000f0657038,0x00000000f5300000)
  from space 16384K, 81% used [0x00000000f6400000,0x00000000f7100c78,0x00000000f7400000)
  to   space 17408K, 0% used [0x00000000f5300000,0x00000000f5300000,0x00000000f6400000)
 ParOldGen       total 64000K, used 23230K [0x00000000c5000000, 0x00000000c8e80000, 0x00000000ec580000)
  object space 64000K, 36% used [0x00000000c5000000,0x00000000c66af9d0,0x00000000c8e80000)
 Metaspace       used 50749K, capacity 51236K, committed 51712K, reserved 1093632K
  class space    used 6670K, capacity 6791K, committed 6912K, reserved 1048576K

Card table byte_map: [0x0000000013e10000,0x0000000013ff0000] byte_map_base: 0x00000000137e8000

Marking Bits: (ParMarkBitMap*) 0x0000000072b4d850
 Begin Bits: [0x0000000014930000, 0x00000000157f0000)
 End Bits:   [0x00000000157f0000, 0x00000000166b0000)

Polling page: 0x0000000003000000

CodeCache: size=245760Kb used=16881Kb max_used=17062Kb free=228878Kb
 bounds [0x0000000004a50000, 0x0000000005b40000, 0x0000000013a50000]
 total_blobs=5086 nmethods=4542 adapters=455
 compilation: enabled

Compilation events (10 events):
Event: 11.468 Thread 0x000000001919c800 5308       1       com.fasterxml.jackson.annotation.JsonInclude$Value::getValueInclusion (5 bytes)
Event: 11.468 Thread 0x000000001919c800 nmethod 5308 0x0000000005895290 code [0x00000000058953e0, 0x00000000058954f0]
Event: 11.468 Thread 0x000000001919c800 5310       1       java.nio.channels.spi.AbstractInterruptibleChannel::isOpen (5 bytes)
Event: 11.468 Thread 0x000000001919c800 nmethod 5310 0x000000000509d050 code [0x000000000509d1a0, 0x000000000509d2b0]
Event: 11.560 Thread 0x0000000019197800 nmethod 5204 0x00000000053e8010 code [0x00000000053e83e0, 0x00000000053f0038]
Event: 11.560 Thread 0x0000000019197800 5182       4       java.nio.CharBuffer::arrayOffset (35 bytes)
Event: 11.561 Thread 0x0000000019197800 nmethod 5182 0x0000000004ce3250 code [0x0000000004ce3380, 0x0000000004ce3418]
Event: 11.561 Thread 0x0000000019197800 5192       4       java.util.AbstractList$Itr::hasNext (20 bytes)
Event: 11.561 Thread 0x0000000019197800 nmethod 5192 0x0000000004ca4090 code [0x0000000004ca41e0, 0x0000000004ca4298]
Event: 11.561 Thread 0x0000000019197800 5186       4       sun.reflect.generics.parser.SignatureParser::parsePackageNameAndSimpleClassTypeSignature (139 bytes)

GC Heap History (10 events):
Event: 3.136 GC heap before
{Heap before GC invocations=10 (full 1):
 PSYoungGen      total 97792K, used 97706K [0x00000000ec580000, 0x00000000f4a80000, 0x0000000100000000)
  eden space 92672K, 100% used [0x00000000ec580000,0x00000000f2000000,0x00000000f2000000)
  from space 5120K, 98% used [0x00000000f4580000,0x00000000f4a6a840,0x00000000f4a80000)
  to   space 8704K, 0% used [0x00000000f3980000,0x00000000f3980000,0x00000000f4200000)
 ParOldGen       total 37376K, used 10627K [0x00000000c5000000, 0x00000000c7480000, 0x00000000ec580000)
  object space 37376K, 28% used [0x00000000c5000000,0x00000000c5a60f68,0x00000000c7480000)
 Metaspace       used 28823K, capacity 29162K, committed 29440K, reserved 1075200K
  class space    used 3649K, capacity 3740K, committed 3840K, reserved 1048576K
Event: 3.150 GC heap after
Heap after GC invocations=10 (full 1):
 PSYoungGen      total 127488K, used 8675K [0x00000000ec580000, 0x00000000f5180000, 0x0000000100000000)
  eden space 118784K, 0% used [0x00000000ec580000,0x00000000ec580000,0x00000000f3980000)
  from space 8704K, 99% used [0x00000000f3980000,0x00000000f41f8c48,0x00000000f4200000)
  to   space 11264K, 0% used [0x00000000f4680000,0x00000000f4680000,0x00000000f5180000)
 ParOldGen       total 37376K, used 14681K [0x00000000c5000000, 0x00000000c7480000, 0x00000000ec580000)
  object space 37376K, 39% used [0x00000000c5000000,0x00000000c5e566c0,0x00000000c7480000)
 Metaspace       used 28823K, capacity 29162K, committed 29440K, reserved 1075200K
  class space    used 3649K, capacity 3740K, committed 3840K, reserved 1048576K
}
Event: 3.779 GC heap before
{Heap before GC invocations=11 (full 1):
 PSYoungGen      total 127488K, used 88716K [0x00000000ec580000, 0x00000000f5180000, 0x0000000100000000)
  eden space 118784K, 67% used [0x00000000ec580000,0x00000000f13aa680,0x00000000f3980000)
  from space 8704K, 99% used [0x00000000f3980000,0x00000000f41f8c48,0x00000000f4200000)
  to   space 11264K, 0% used [0x00000000f4680000,0x00000000f4680000,0x00000000f5180000)
 ParOldGen       total 37376K, used 14681K [0x00000000c5000000, 0x00000000c7480000, 0x00000000ec580000)
  object space 37376K, 39% used [0x00000000c5000000,0x00000000c5e566c0,0x00000000c7480000)
 Metaspace       used 34904K, capacity 35220K, committed 35416K, reserved 1081344K
  class space    used 4482K, capacity 4579K, committed 4608K, reserved 1048576K
Event: 3.791 GC heap after
Heap after GC invocations=11 (full 1):
 PSYoungGen      total 129024K, used 11257K [0x00000000ec580000, 0x00000000f7800000, 0x0000000100000000)
  eden space 117760K, 0% used [0x00000000ec580000,0x00000000ec580000,0x00000000f3880000)
  from space 11264K, 99% used [0x00000000f4680000,0x00000000f517e620,0x00000000f5180000)
  to   space 14336K, 0% used [0x00000000f3880000,0x00000000f3880000,0x00000000f4680000)
 ParOldGen       total 37376K, used 19023K [0x00000000c5000000, 0x00000000c7480000, 0x00000000ec580000)
  object space 37376K, 50% used [0x00000000c5000000,0x00000000c6293f00,0x00000000c7480000)
 Metaspace       used 34904K, capacity 35220K, committed 35416K, reserved 1081344K
  class space    used 4482K, capacity 4579K, committed 4608K, reserved 1048576K
}
Event: 3.791 GC heap before
{Heap before GC invocations=12 (full 2):
 PSYoungGen      total 129024K, used 11257K [0x00000000ec580000, 0x00000000f7800000, 0x0000000100000000)
  eden space 117760K, 0% used [0x00000000ec580000,0x00000000ec580000,0x00000000f3880000)
  from space 11264K, 99% used [0x00000000f4680000,0x00000000f517e620,0x00000000f5180000)
  to   space 14336K, 0% used [0x00000000f3880000,0x00000000f3880000,0x00000000f4680000)
 ParOldGen       total 37376K, used 19023K [0x00000000c5000000, 0x00000000c7480000, 0x00000000ec580000)
  object space 37376K, 50% used [0x00000000c5000000,0x00000000c6293f00,0x00000000c7480000)
 Metaspace       used 34904K, capacity 35220K, committed 35416K, reserved 1081344K
  class space    used 4482K, capacity 4579K, committed 4608K, reserved 1048576K
Event: 3.857 GC heap after
Heap after GC invocations=12 (full 2):
 PSYoungGen      total 129024K, used 0K [0x00000000ec580000, 0x00000000f7800000, 0x0000000100000000)
  eden space 117760K, 0% used [0x00000000ec580000,0x00000000ec580000,0x00000000f3880000)
  from space 11264K, 0% used [0x00000000f4680000,0x00000000f4680000,0x00000000f5180000)
  to   space 14336K, 0% used [0x00000000f3880000,0x00000000f3880000,0x00000000f4680000)
 ParOldGen       total 64000K, used 23214K [0x00000000c5000000, 0x00000000c8e80000, 0x00000000ec580000)
  object space 64000K, 36% used [0x00000000c5000000,0x00000000c66ab9d0,0x00000000c8e80000)
 Metaspace       used 34904K, capacity 35220K, committed 35416K, reserved 1081344K
  class space    used 4482K, capacity 4579K, committed 4608K, reserved 1048576K
}
Event: 5.822 GC heap before
{Heap before GC invocations=13 (full 2):
 PSYoungGen      total 129024K, used 117760K [0x00000000ec580000, 0x00000000f7800000, 0x0000000100000000)
  eden space 117760K, 100% used [0x00000000ec580000,0x00000000f3880000,0x00000000f3880000)
  from space 11264K, 0% used [0x00000000f4680000,0x00000000f4680000,0x00000000f5180000)
  to   space 14336K, 0% used [0x00000000f3880000,0x00000000f3880000,0x00000000f4680000)
 ParOldGen       total 64000K, used 23214K [0x00000000c5000000, 0x00000000c8e80000, 0x00000000ec580000)
  object space 64000K, 36% used [0x00000000c5000000,0x00000000c66ab9d0,0x00000000c8e80000)
 Metaspace       used 44557K, capacity 44980K, committed 45440K, reserved 1089536K
  class space    used 5828K, capacity 5939K, committed 6016K, reserved 1048576K
Event: 5.841 GC heap after
Heap after GC invocations=13 (full 2):
 PSYoungGen      total 132096K, used 13735K [0x00000000ec580000, 0x00000000f7400000, 0x0000000100000000)
  eden space 117760K, 0% used [0x00000000ec580000,0x00000000ec580000,0x00000000f3880000)
  from space 14336K, 95% used [0x00000000f3880000,0x00000000f45e9f58,0x00000000f4680000)
  to   space 16384K, 0% used [0x00000000f6400000,0x00000000f6400000,0x00000000f7400000)
 ParOldGen       total 64000K, used 23222K [0x00000000c5000000, 0x00000000c8e80000, 0x00000000ec580000)
  object space 64000K, 36% used [0x00000000c5000000,0x00000000c66ad9d0,0x00000000c8e80000)
 Metaspace       used 44557K, capacity 44980K, committed 45440K, reserved 1089536K
  class space    used 5828K, capacity 5939K, committed 6016K, reserved 1048576K
}
Event: 6.671 GC heap before
{Heap before GC invocations=14 (full 2):
 PSYoungGen      total 132096K, used 131495K [0x00000000ec580000, 0x00000000f7400000, 0x0000000100000000)
  eden space 117760K, 100% used [0x00000000ec580000,0x00000000f3880000,0x00000000f3880000)
  from space 14336K, 95% used [0x00000000f3880000,0x00000000f45e9f58,0x00000000f4680000)
  to   space 16384K, 0% used [0x00000000f6400000,0x00000000f6400000,0x00000000f7400000)
 ParOldGen       total 64000K, used 23222K [0x00000000c5000000, 0x00000000c8e80000, 0x00000000ec580000)
  object space 64000K, 36% used [0x00000000c5000000,0x00000000c66ad9d0,0x00000000c8e80000)
 Metaspace       used 46896K, capacity 47256K, committed 47488K, reserved 1091584K
  class space    used 6145K, capacity 6265K, committed 6272K, reserved 1048576K
Event: 6.684 GC heap after
Heap after GC invocations=14 (full 2):
 PSYoungGen      total 161280K, used 13315K [0x00000000ec580000, 0x00000000f7580000, 0x0000000100000000)
  eden space 144896K, 0% used [0x00000000ec580000,0x00000000ec580000,0x00000000f5300000)
  from space 16384K, 81% used [0x00000000f6400000,0x00000000f7100c78,0x00000000f7400000)
  to   space 17408K, 0% used [0x00000000f5300000,0x00000000f5300000,0x00000000f6400000)
 ParOldGen       total 64000K, used 23230K [0x00000000c5000000, 0x00000000c8e80000, 0x00000000ec580000)
  object space 64000K, 36% used [0x00000000c5000000,0x00000000c66af9d0,0x00000000c8e80000)
 Metaspace       used 46896K, capacity 47256K, committed 47488K, reserved 1091584K
  class space    used 6145K, capacity 6265K, committed 6272K, reserved 1048576K
}

Deoptimization events (10 events):
Event: 6.955 Thread 0x0000000004954800 Uncommon trap: reason=bimorphic action=maybe_recompile pc=0x00000000054dc738 method=java.util.Hashtable.get(Ljava/lang/Object;)Ljava/lang/Object; @ 6
Event: 6.956 Thread 0x0000000004954800 Uncommon trap: reason=bimorphic action=maybe_recompile pc=0x00000000054dc738 method=java.util.Hashtable.get(Ljava/lang/Object;)Ljava/lang/Object; @ 6
Event: 10.934 Thread 0x000000001df31000 Uncommon trap: reason=unstable_if action=reinterpret pc=0x000000000507f720 method=java.io.WinNTFileSystem.isLetter(C)Z @ 3
Event: 10.994 Thread 0x000000001df31000 Uncommon trap: reason=class_check action=maybe_recompile pc=0x0000000005493d94 method=java.util.AbstractList$Itr.hasNext()Z @ 8
Event: 10.994 Thread 0x000000001df31000 Uncommon trap: reason=class_check action=maybe_recompile pc=0x0000000005494d04 method=java.util.AbstractList$Itr.next()Ljava/lang/Object; @ 14
Event: 11.007 Thread 0x000000001df31000 Uncommon trap: reason=class_check action=maybe_recompile pc=0x0000000004c87a94 method=sun.nio.cs.ThreadLocalCoders$2.hasName(Ljava/lang/Object;Ljava/lang/Object;)Z @ 23
Event: 11.007 Thread 0x000000001df31000 Uncommon trap: reason=class_check action=maybe_recompile pc=0x0000000004c87a94 method=sun.nio.cs.ThreadLocalCoders$2.hasName(Ljava/lang/Object;Ljava/lang/Object;)Z @ 23
Event: 11.007 Thread 0x000000001df31000 Uncommon trap: reason=class_check action=maybe_recompile pc=0x0000000004c87a94 method=sun.nio.cs.ThreadLocalCoders$2.hasName(Ljava/lang/Object;Ljava/lang/Object;)Z @ 23
Event: 11.218 Thread 0x000000001df32800 Uncommon trap: reason=null_check action=make_not_entrant pc=0x0000000005b03ff8 method=org.springframework.core.annotation.AnnotatedElementUtils.searchWithFindSemantics(Ljava/lang/reflect/AnnotatedElement;Ljava/lang/Class;Ljava/lang/String;Ljava/lang/Class
Event: 11.231 Thread 0x000000001df2c000 Uncommon trap: reason=class_check action=maybe_recompile pc=0x0000000004c87a94 method=sun.nio.cs.ThreadLocalCoders$2.hasName(Ljava/lang/Object;Ljava/lang/Object;)Z @ 23

Internal exceptions (10 events):
Event: 10.950 Thread 0x000000001df31000 Exception <a 'java/lang/ClassNotFoundException': org/springframework/web/servlet/theme/FixedThemeResolverCustomizer> (0x00000000ef1bf730) thrown at [C:\re\workspace\8-2-build-windows-amd64-cygwin\jdk8u144\9417\hotspot\src\share\vm\classfile\systemDictiona
Event: 10.951 Thread 0x000000001df31000 Exception <a 'java/lang/ClassNotFoundException': org/springframework/web/servlet/ThemeResolverCustomizer> (0x00000000ef1d8668) thrown at [C:\re\workspace\8-2-build-windows-amd64-cygwin\jdk8u144\9417\hotspot\src\share\vm\classfile\systemDictionary.cpp, lin
Event: 10.956 Thread 0x000000001df31000 Exception <a 'java/lang/ClassNotFoundException': java/lang/ObjectCustomizer> (0x00000000ef200100) thrown at [C:\re\workspace\8-2-build-windows-amd64-cygwin\jdk8u144\9417\hotspot\src\share\vm\classfile\systemDictionary.cpp, line 210]
Event: 10.958 Thread 0x000000001df31000 Exception <a 'java/lang/ClassNotFoundException': org/springframework/web/servlet/view/DefaultRequestToViewNameTranslatorCustomizer> (0x00000000ef21f690) thrown at [C:\re\workspace\8-2-build-windows-amd64-cygwin\jdk8u144\9417\hotspot\src\share\vm\classfile
Event: 10.959 Thread 0x000000001df31000 Exception <a 'java/lang/ClassNotFoundException': org/springframework/web/servlet/RequestToViewNameTranslatorCustomizer> (0x00000000ef24a368) thrown at [C:\re\workspace\8-2-build-windows-amd64-cygwin\jdk8u144\9417\hotspot\src\share\vm\classfile\systemDicti
Event: 10.963 Thread 0x000000001df31000 Exception <a 'java/lang/ClassNotFoundException': java/lang/ObjectCustomizer> (0x00000000ef2813d0) thrown at [C:\re\workspace\8-2-build-windows-amd64-cygwin\jdk8u144\9417\hotspot\src\share\vm\classfile\systemDictionary.cpp, line 210]
Event: 10.964 Thread 0x000000001df31000 Exception <a 'java/lang/ClassNotFoundException': org/springframework/web/servlet/support/AbstractFlashMapManagerCustomizer> (0x00000000ef29eb20) thrown at [C:\re\workspace\8-2-build-windows-amd64-cygwin\jdk8u144\9417\hotspot\src\share\vm\classfile\systemD
Event: 10.965 Thread 0x000000001df31000 Exception <a 'java/lang/ClassNotFoundException': org/springframework/web/servlet/support/SessionFlashMapManagerCustomizer> (0x00000000ef2c0080) thrown at [C:\re\workspace\8-2-build-windows-amd64-cygwin\jdk8u144\9417\hotspot\src\share\vm\classfile\systemDi
Event: 10.966 Thread 0x000000001df31000 Exception <a 'java/lang/ClassNotFoundException': org/springframework/web/servlet/FlashMapManagerCustomizer> (0x00000000ef2d8e70) thrown at [C:\re\workspace\8-2-build-windows-amd64-cygwin\jdk8u144\9417\hotspot\src\share\vm\classfile\systemDictionary.cpp, l
Event: 11.218 Thread 0x000000001df32800 Implicit null exception at 0x0000000005af9d0d to 0x0000000005b03fc9

Events (10 events):
Event: 11.380 loading class com/google/common/collect/Maps$TransformedEntriesSortedMap
Event: 11.380 loading class com/google/common/collect/Maps$TransformedEntriesSortedMap done
Event: 11.385 loading class com/fasterxml/jackson/databind/ser/std/RawSerializer
Event: 11.385 loading class com/fasterxml/jackson/databind/ser/std/RawSerializer done
Event: 11.460 loading class springfox/documentation/swagger/web/ApiKeyVehicle
Event: 11.460 loading class springfox/documentation/swagger/web/ApiKeyVehicle done
Event: 11.461 Executing VM operation: RevokeBias
Event: 11.461 Executing VM operation: RevokeBias done
Event: 11.461 Executing VM operation: RevokeBias
Event: 11.462 Executing VM operation: RevokeBias done


Dynamic libraries:
0x00007ff706220000 - 0x00007ff706257000 	C:\Program Files\Java\jre1.8.0_144\bin\javaw.exe
0x00007ff9eba60000 - 0x00007ff9ebc40000 	C:\WINDOWS\SYSTEM32\ntdll.dll
0x00007ff9eafa0000 - 0x00007ff9eb04e000 	C:\WINDOWS\System32\KERNEL32.DLL
0x00007ff9e82f0000 - 0x00007ff9e8556000 	C:\WINDOWS\System32\KERNELBASE.dll
0x00007ff9eb050000 - 0x00007ff9eb0f1000 	C:\WINDOWS\System32\ADVAPI32.dll
0x00007ff9eb2f0000 - 0x00007ff9eb38d000 	C:\WINDOWS\System32\msvcrt.dll
0x00007ff9eb850000 - 0x00007ff9eb8ab000 	C:\WINDOWS\System32\sechost.dll
0x00007ff9eb8b0000 - 0x00007ff9eb9cf000 	C:\WINDOWS\System32\RPCRT4.dll
0x00007ff9ea7d0000 - 0x00007ff9ea95f000 	C:\WINDOWS\System32\USER32.dll
0x00007ff9e7e60000 - 0x00007ff9e7e80000 	C:\WINDOWS\System32\win32u.dll
0x00007ff9eb790000 - 0x00007ff9eb7b8000 	C:\WINDOWS\System32\GDI32.dll
0x00007ff9e8150000 - 0x00007ff9e82e3000 	C:\WINDOWS\System32\gdi32full.dll
0x00007ff9e7fb0000 - 0x00007ff9e804b000 	C:\WINDOWS\System32\msvcp_win.dll
0x00007ff9e8050000 - 0x00007ff9e8146000 	C:\WINDOWS\System32\ucrtbase.dll
0x00007ff9d8c60000 - 0x00007ff9d8ec9000 	C:\WINDOWS\WinSxS\amd64_microsoft.windows.common-controls_6595b64144ccf1df_6.0.16299.248_none_15ced204935f55d7\COMCTL32.dll
0x00007ff9e9000000 - 0x00007ff9e9308000 	C:\WINDOWS\System32\combase.dll
0x00007ff9e7e80000 - 0x00007ff9e7ef2000 	C:\WINDOWS\System32\bcryptPrimitives.dll
0x00007ff9e8f30000 - 0x00007ff9e8f5d000 	C:\WINDOWS\System32\IMM32.DLL
0x0000000072d30000 - 0x0000000072e02000 	C:\Program Files\Java\jre1.8.0_144\bin\msvcr100.dll
0x0000000072330000 - 0x0000000072bcd000 	C:\Program Files\Java\jre1.8.0_144\bin\server\jvm.dll
0x00007ff9ea960000 - 0x00007ff9ea968000 	C:\WINDOWS\System32\PSAPI.DLL
0x00007ff9d6800000 - 0x00007ff9d6809000 	C:\WINDOWS\SYSTEM32\WSOCK32.dll
0x00007ff9da2c0000 - 0x00007ff9da2ca000 	C:\WINDOWS\SYSTEM32\VERSION.dll
0x00007ff9e1640000 - 0x00007ff9e1663000 	C:\WINDOWS\SYSTEM32\WINMM.dll
0x00007ff9eb270000 - 0x00007ff9eb2dc000 	C:\WINDOWS\System32\WS2_32.dll
0x00007ff9e1610000 - 0x00007ff9e163a000 	C:\WINDOWS\SYSTEM32\winmmbase.dll
0x00007ff9e7f60000 - 0x00007ff9e7faa000 	C:\WINDOWS\System32\cfgmgr32.dll
0x0000000073100000 - 0x000000007310f000 	C:\Program Files\Java\jre1.8.0_144\bin\verify.dll
0x0000000072ec0000 - 0x0000000072ee9000 	C:\Program Files\Java\jre1.8.0_144\bin\java.dll
0x0000000072ea0000 - 0x0000000072eb6000 	C:\Program Files\Java\jre1.8.0_144\bin\zip.dll
0x00007ff9e9390000 - 0x00007ff9ea7c6000 	C:\WINDOWS\System32\SHELL32.dll
0x00007ff9eaa40000 - 0x00007ff9eaae6000 	C:\WINDOWS\System32\shcore.dll
0x00007ff9e87e0000 - 0x00007ff9e8f27000 	C:\WINDOWS\System32\windows.storage.dll
0x00007ff9eaaf0000 - 0x00007ff9eab41000 	C:\WINDOWS\System32\shlwapi.dll
0x00007ff9e7e40000 - 0x00007ff9e7e51000 	C:\WINDOWS\System32\kernel.appcore.dll
0x00007ff9e7df0000 - 0x00007ff9e7e3c000 	C:\WINDOWS\System32\powrprof.dll
0x00007ff9e7dd0000 - 0x00007ff9e7deb000 	C:\WINDOWS\System32\profapi.dll
0x0000000072e10000 - 0x0000000072e1d000 	C:\Program Files\Java\jre1.8.0_144\bin\management.dll
0x0000000072e80000 - 0x0000000072e9a000 	C:\Program Files\Java\jre1.8.0_144\bin\net.dll
0x00007ff9e7640000 - 0x00007ff9e76a6000 	C:\WINDOWS\system32\mswsock.dll
0x00007ff9c9d00000 - 0x00007ff9c9d16000 	C:\WINDOWS\system32\napinsp.dll
0x00007ff9c9c90000 - 0x00007ff9c9caa000 	C:\WINDOWS\system32\pnrpnsp.dll
0x00007ff9e43b0000 - 0x00007ff9e43c8000 	C:\WINDOWS\system32\NLAapi.dll
0x00007ff9e7410000 - 0x00007ff9e74c6000 	C:\WINDOWS\SYSTEM32\DNSAPI.dll
0x00007ff9eb7c0000 - 0x00007ff9eb7c8000 	C:\WINDOWS\System32\NSI.dll
0x00007ff9e73d0000 - 0x00007ff9e7409000 	C:\WINDOWS\SYSTEM32\IPHLPAPI.DLL
0x00007ff9c9c80000 - 0x00007ff9c9c8e000 	C:\WINDOWS\System32\winrnr.dll
0x0000000073370000 - 0x0000000073396000 	C:\Program Files\Bonjour\mdnsNSP.dll
0x00007ff9e3090000 - 0x00007ff9e30a5000 	C:\WINDOWS\System32\wshbth.dll
0x00007ff9de0a0000 - 0x00007ff9de0aa000 	C:\Windows\System32\rasadhlp.dll
0x00007ff9dee10000 - 0x00007ff9dee80000 	C:\WINDOWS\System32\fwpuclnt.dll
0x00007ff9e7910000 - 0x00007ff9e7935000 	C:\WINDOWS\SYSTEM32\bcrypt.dll
0x0000000072e60000 - 0x0000000072e71000 	C:\Program Files\Java\jre1.8.0_144\bin\nio.dll
0x00007ff9e7800000 - 0x00007ff9e7817000 	C:\WINDOWS\SYSTEM32\CRYPTSP.dll
0x00007ff9e7250000 - 0x00007ff9e7283000 	C:\WINDOWS\system32\rsaenh.dll
0x00007ff9e7ce0000 - 0x00007ff9e7d09000 	C:\WINDOWS\SYSTEM32\USERENV.dll
0x00007ff9e7820000 - 0x00007ff9e782b000 	C:\WINDOWS\SYSTEM32\CRYPTBASE.dll
0x00007ff9e0770000 - 0x00007ff9e0786000 	C:\WINDOWS\SYSTEM32\dhcpcsvc6.DLL
0x00007ff9e08f0000 - 0x00007ff9e090a000 	C:\WINDOWS\SYSTEM32\dhcpcsvc.DLL

VM Arguments:
jvm_args: -Dfile.encoding=UTF-8 
java_command: com.softtech.localLevel.LocalLevelApplication
java_class_path (initial): C:\Users\Lothbroke\Desktop\Softech\Project\LocalLevel\target\classes;C:\Users\Lothbroke\.m2\repository\org\springframework\boot\spring-boot-starter-data-jpa\1.5.10.RELEASE\spring-boot-starter-data-jpa-1.5.10.RELEASE.jar;C:\Users\Lothbroke\.m2\repository\org\springframework\boot\spring-boot-starter\1.5.10.RELEASE\spring-boot-starter-1.5.10.RELEASE.jar;C:\Users\Lothbroke\.m2\repository\org\springframework\boot\spring-boot\1.5.10.RELEASE\spring-boot-1.5.10.RELEASE.jar;C:\Users\Lothbroke\.m2\repository\org\springframework\boot\spring-boot-autoconfigure\1.5.10.RELEASE\spring-boot-autoconfigure-1.5.10.RELEASE.jar;C:\Users\Lothbroke\.m2\repository\org\springframework\boot\spring-boot-starter-logging\1.5.10.RELEASE\spring-boot-starter-logging-1.5.10.RELEASE.jar;C:\Users\Lothbroke\.m2\repository\ch\qos\logback\logback-classic\1.1.11\logback-classic-1.1.11.jar;C:\Users\Lothbroke\.m2\repository\ch\qos\logback\logback-core\1.1.11\logback-core-1.1.11.jar;C:\Users\Lothbroke\.m2\repository\org\slf4j\jul-to-slf4j\1.7.25\jul-to-slf4j-1.7.25.jar;C:\Users\Lothbroke\.m2\repository\org\slf4j\log4j-over-slf4j\1.7.25\log4j-over-slf4j-1.7.25.jar;C:\Users\Lothbroke\.m2\repository\org\yaml\snakeyaml\1.17\snakeyaml-1.17.jar;C:\Users\Lothbroke\.m2\repository\org\springframework\boot\spring-boot-starter-aop\1.5.10.RELEASE\spring-boot-starter-aop-1.5.10.RELEASE.jar;C:\Users\Lothbroke\.m2\repository\org\springframework\spring-aop\4.3.14.RELEASE\spring-aop-4.3.14.RELEASE.jar;C:\Users\Lothbroke\.m2\repository\org\aspectj\aspectjweaver\1.8.13\aspectjweaver-1.8.13.jar;C:\Users\Lothbroke\.m2\repository\org\springframework\boot\spring-boot-starter-jdbc\1.5.10.RELEASE\spring-boot-starter-jdbc-1.5.10.RELEASE.jar;C:\Users\Lothbroke\.m2\repository\org\apache\tomcat\tomcat-jdbc\8.5.27\tomcat-jdbc-8.5.27.jar;C:\Users\Lothbroke\.m2\repository\org\apache\tomcat\tomcat-juli\8.5.27\tomcat-juli-8.5.27.jar;C:\Users\Lothbroke\.m2\repository\org\springframework\spring-jdbc\4.3.14.RELEASE
Launcher Type: SUN_STANDARD

Environment Variables:
JAVA_HOME=C:\Program Files\Java\jdk1.8.0_144
PATH=C:/Program Files/Java/jre1.8.0_144/bin/server;C:/Program Files/Java/jre1.8.0_144/bin;C:/Program Files/Java/jre1.8.0_144/lib/amd64;C:\app\Lothbroke\product\11.2.0\dbhome_1\bin;C:\ProgramData\Oracle\Java\javapath;"C:\ProgramData\Oracle\Java\javapath;C:\Program Files\Java\jdk1.8.0_144\bin;C:\Program Files\Java\jre1.8.0_144";C:\WINDOWS\system32;C:\WINDOWS;C:\WINDOWS\System32\Wbem;C:\WINDOWS\System32\WindowsPowerShell\v1.0\;C:\Program Files\nodejs\;C:\Program Files\PuTTY\;C:\Program Files\Git\cmd;C:\Program Files\Apache software foundation\apache-maven-3.5.0\bin;C:\Program Files (x86)\Microsoft VS Code\bin;C:\Users\Lothbroke\AppData\Roaming\npm;C:\Users\Lothbroke\AppData\Local\Microsoft\WindowsApps;C:\Program Files (x86)\EaseUS\Todo Backup\bin\x64\;C:\Users\Lothbroke\Desktop\eclipse;
USERNAME=Lothbroke
OS=Windows_NT
PROCESSOR_IDENTIFIER=Intel64 Family 6 Model 60 Stepping 3, GenuineIntel



---------------  S Y S T E M  ---------------

OS: Windows 10.0 , 64 bit Build 16299 (10.0.16299.15)

CPU:total 8 (initial active 8) (4 cores per cpu, 2 threads per core) family 6 model 60 stepping 3, cmov, cx8, fxsr, mmx, sse, sse2, sse3, ssse3, sse4.1, sse4.2, popcnt, avx, avx2, aes, clmul, erms, lzcnt, ht, tsc, tscinvbit, bmi1, bmi2

Memory: 4k page, physical 3859708k(403884k free), swap 7955708k(20736k free)

vm_info: Java HotSpot(TM) 64-Bit Server VM (25.144-b01) for windows-amd64 JRE (1.8.0_144-b01), built on Jul 21 2017 21:57:33 by "java_re" with MS VC++ 10.0 (VS2010)

time: Mon Mar 12 17:44:49 2018
elapsed time: 11 seconds (0d 0h 0m 11s)

