#
# There is insufficient memory for the Java Runtime Environment to continue.
# Native memory allocation (malloc) failed to allocate 2204624 bytes for Chunk::new
# Possible reasons:
#   The system is out of physical RAM or swap space
#   In 32 bit mode, the process size limit was hit
# Possible solutions:
#   Reduce memory load on the system
#   Increase physical memory or swap space
#   Check if swap backing store is full
#   Use 64 bit Java on a 64 bit OS
#   Decrease Java heap size (-Xmx/-Xms)
#   Decrease number of Java threads
#   Decrease Java thread stack sizes (-Xss)
#   Set larger code cache with -XX:ReservedCodeCacheSize=
# This output file may be truncated or incomplete.
#
#  Out of Memory Error (allocation.cpp:390), pid=17432, tid=0x00000000000043c4
#
# JRE version: Java(TM) SE Runtime Environment (8.0_144-b01) (build 1.8.0_144-b01)
# Java VM: Java HotSpot(TM) 64-Bit Server VM (25.144-b01 mixed mode windows-amd64 compressed oops)
# Failed to write core dump. Minidumps are not enabled by default on client versions of Windows
#

---------------  T H R E A D  ---------------

Current thread (0x0000000018df0800):  JavaThread "C2 CompilerThread0" daemon [_thread_in_native, id=17348, stack(0x00000000195b0000,0x00000000196b0000)]

Stack: [0x00000000195b0000,0x00000000196b0000]
[error occurred during error reporting (printing stack bounds), id 0xc0000005]

Native frames: (J=compiled Java code, j=interpreted, Vv=VM code, C=native code)


Current CompileTask:
C2:   7349 4392   !   4       org.springframework.core.annotation.AnnotatedElementUtils::searchWithFindSemantics (713 bytes)


---------------  P R O C E S S  ---------------

Java Threads: ( => current thread )
  0x000000001f7a4800 JavaThread "DestroyJavaVM" [_thread_blocked, id=16124, stack(0x00000000044d0000,0x00000000045d0000)]
  0x000000001f79f800 JavaThread "http-nio-8088-AsyncTimeout" daemon [_thread_blocked, id=17552, stack(0x0000000023120000,0x0000000023220000)]
  0x000000001f7a3000 JavaThread "http-nio-8088-Acceptor-0" daemon [_thread_in_native, id=12048, stack(0x0000000023020000,0x0000000023120000)]
  0x000000001f79e800 JavaThread "http-nio-8088-ClientPoller-1" daemon [_thread_in_native, id=6896, stack(0x0000000022f20000,0x0000000023020000)]
  0x000000001f7a2800 JavaThread "http-nio-8088-ClientPoller-0" daemon [_thread_in_native, id=2540, stack(0x0000000022e20000,0x0000000022f20000)]
  0x000000001f7a1800 JavaThread "http-nio-8088-exec-10" daemon [_thread_blocked, id=5856, stack(0x0000000022d20000,0x0000000022e20000)]
  0x000000001f7a0000 JavaThread "http-nio-8088-exec-9" daemon [_thread_blocked, id=12172, stack(0x0000000022c20000,0x0000000022d20000)]
  0x000000001f7a5800 JavaThread "http-nio-8088-exec-8" daemon [_thread_blocked, id=6488, stack(0x0000000022b20000,0x0000000022c20000)]
  0x000000001f7a1000 JavaThread "http-nio-8088-exec-7" daemon [_thread_blocked, id=12600, stack(0x0000000022a20000,0x0000000022b20000)]
  0x000000001def3800 JavaThread "http-nio-8088-exec-6" daemon [_thread_blocked, id=8624, stack(0x0000000022920000,0x0000000022a20000)]
  0x000000001def2800 JavaThread "http-nio-8088-exec-5" daemon [_thread_blocked, id=3748, stack(0x0000000022820000,0x0000000022920000)]
  0x000000001def5800 JavaThread "http-nio-8088-exec-4" daemon [_thread_blocked, id=8660, stack(0x0000000022720000,0x0000000022820000)]
  0x000000001def6800 JavaThread "http-nio-8088-exec-3" daemon [_thread_blocked, id=12540, stack(0x0000000022620000,0x0000000022720000)]
  0x000000001def9800 JavaThread "http-nio-8088-exec-2" daemon [_thread_blocked, id=15564, stack(0x0000000022520000,0x0000000022620000)]
  0x000000001def8800 JavaThread "http-nio-8088-exec-1" daemon [_thread_blocked, id=15188, stack(0x0000000022420000,0x0000000022520000)]
  0x000000001def5000 JavaThread "NioBlockingSelector.BlockPoller-1" daemon [_thread_in_native, id=17692, stack(0x0000000022320000,0x0000000022420000)]
  0x000000001def4000 JavaThread "Abandoned connection cleanup thread" daemon [_thread_blocked, id=9328, stack(0x00000000217f0000,0x00000000218f0000)]
  0x000000001def7000 JavaThread "Tomcat JDBC Pool Cleaner[1943105171:1520339859629]" daemon [_thread_blocked, id=2212, stack(0x00000000216f0000,0x00000000217f0000)]
  0x000000001f7e2800 JavaThread "container-0" [_thread_blocked, id=11760, stack(0x0000000021080000,0x0000000021180000)]
  0x000000001f87e000 JavaThread "ContainerBackgroundProcessor[StandardEngine[Tomcat]]" daemon [_thread_blocked, id=4892, stack(0x000000001fcf0000,0x000000001fdf0000)]
  0x000000001e656800 JavaThread "localhost-startStop-1" daemon [_thread_blocked, id=11200, stack(0x000000001ec10000,0x000000001ed10000)]
  0x000000001e1df800 JavaThread "Tomcat-startStop-1" daemon [_thread_blocked, id=4900, stack(0x000000001d490000,0x000000001d590000)]
  0x0000000018e8b800 JavaThread "Service Thread" daemon [_thread_blocked, id=13548, stack(0x00000000199b0000,0x0000000019ab0000)]
  0x0000000018dfb000 JavaThread "C1 CompilerThread3" daemon [_thread_blocked, id=14216, stack(0x00000000198b0000,0x00000000199b0000)]
  0x0000000018df5000 JavaThread "C2 CompilerThread2" daemon [_thread_in_native, id=16844, stack(0x00000000197b0000,0x00000000198b0000)]
  0x0000000018df3800 JavaThread "C2 CompilerThread1" daemon [_thread_in_native, id=7596, stack(0x00000000196b0000,0x00000000197b0000)]
=>0x0000000018df0800 JavaThread "C2 CompilerThread0" daemon [_thread_in_native, id=17348, stack(0x00000000195b0000,0x00000000196b0000)]
  0x0000000016f0e800 JavaThread "Attach Listener" daemon [_thread_blocked, id=17828, stack(0x00000000194b0000,0x00000000195b0000)]
  0x0000000016f0d800 JavaThread "Signal Dispatcher" daemon [_thread_blocked, id=8080, stack(0x00000000193b0000,0x00000000194b0000)]
  0x0000000018de0800 JavaThread "Finalizer" daemon [_thread_blocked, id=12416, stack(0x00000000191c0000,0x00000000192c0000)]
  0x00000000046c7000 JavaThread "Reference Handler" daemon [_thread_blocked, id=5588, stack(0x0000000018cc0000,0x0000000018dc0000)]

Other Threads:
  0x0000000016ef9800 VMThread [stack: 0x0000000018bc0000,0x0000000018cc0000] [id=15124]
  0x0000000018e9e000 WatcherThread [stack: 0x0000000019ab0000,0x0000000019bb0000] [id=6672]

VM state:not at safepoint (normal execution)

VM Mutex/Monitor currently owned by a thread: None

Heap:
 PSYoungGen      total 134656K, used 80963K [0x00000000ec580000, 0x00000000f7600000, 0x0000000100000000)
  eden space 121856K, 55% used [0x00000000ec580000,0x00000000f0818950,0x00000000f3c80000)
  from space 12800K, 99% used [0x00000000f3c80000,0x00000000f48f82d0,0x00000000f4900000)
  to   space 14848K, 0% used [0x00000000f6780000,0x00000000f6780000,0x00000000f7600000)
 ParOldGen       total 62464K, used 22862K [0x00000000c5000000, 0x00000000c8d00000, 0x00000000ec580000)
  object space 62464K, 36% used [0x00000000c5000000,0x00000000c6653b18,0x00000000c8d00000)
 Metaspace       used 45250K, capacity 45650K, committed 46080K, reserved 1089536K
  class space    used 5926K, capacity 6036K, committed 6144K, reserved 1048576K

Card table byte_map: [0x0000000013a90000,0x0000000013c70000] byte_map_base: 0x0000000013468000

Marking Bits: (ParMarkBitMap*) 0x00000000628ed850
 Begin Bits: [0x00000000145b0000, 0x0000000015470000)
 End Bits:   [0x0000000015470000, 0x0000000016330000)

Polling page: 0x0000000002b80000

CodeCache: size=245760Kb used=15423Kb max_used=16257Kb free=230336Kb
 bounds [0x00000000046d0000, 0x00000000056f0000, 0x00000000136d0000]
 total_blobs=4549 nmethods=4026 adapters=434
 compilation: enabled

Compilation events (10 events):
Event: 6.586 Thread 0x0000000018dfb000 4446       3       org.springframework.core.ResolvableType$WildcardBounds::get (134 bytes)
Event: 6.587 Thread 0x0000000018dfb000 nmethod 4446 0x0000000004ccde50 code [0x0000000004cce0c0, 0x0000000004ccf328]
Event: 6.587 Thread 0x0000000018dfb000 4447   !   3       org.springframework.util.ConcurrentReferenceHashMap$Segment::clear (44 bytes)
Event: 6.587 Thread 0x0000000018dfb000 nmethod 4447 0x0000000004a02b50 code [0x0000000004a02d40, 0x0000000004a037b8]
Event: 6.587 Thread 0x0000000018dfb000 4448       3       java.util.concurrent.ConcurrentHashMap$BaseIterator::remove (37 bytes)
Event: 6.588 Thread 0x0000000018dfb000 nmethod 4448 0x0000000004971e50 code [0x0000000004971fe0, 0x0000000004972318]
Event: 6.589 Thread 0x0000000018dfb000 4451       3       java.lang.reflect.Proxy$KeyX::equals (51 bytes)
Event: 6.590 Thread 0x0000000018dfb000 nmethod 4451 0x0000000004b6c5d0 code [0x0000000004b6c760, 0x0000000004b6cc70]
Event: 6.590 Thread 0x0000000018dfb000 4450       3       java.lang.reflect.Proxy$KeyX::equals (41 bytes)
Event: 6.590 Thread 0x0000000018dfb000 nmethod 4450 0x0000000004c52d10 code [0x0000000004c52ea0, 0x0000000004c532c8]

GC Heap History (10 events):
Event: 1.897 GC heap before
{Heap before GC invocations=9 (full 1):
 PSYoungGen      total 68096K, used 60928K [0x00000000ec580000, 0x00000000f4a80000, 0x0000000100000000)
  eden space 60928K, 100% used [0x00000000ec580000,0x00000000f0100000,0x00000000f0100000)
  from space 7168K, 0% used [0x00000000f0100000,0x00000000f0100000,0x00000000f0800000)
  to   space 7168K, 0% used [0x00000000f4380000,0x00000000f4380000,0x00000000f4a80000)
 ParOldGen       total 33792K, used 7962K [0x00000000c5000000, 0x00000000c7100000, 0x00000000ec580000)
  object space 33792K, 23% used [0x00000000c5000000,0x00000000c57c69f8,0x00000000c7100000)
 Metaspace       used 23870K, capacity 24230K, committed 24448K, reserved 1071104K
  class space    used 3011K, capacity 3126K, committed 3200K, reserved 1048576K
Event: 1.902 GC heap after
Heap after GC invocations=9 (full 1):
 PSYoungGen      total 99840K, used 4830K [0x00000000ec580000, 0x00000000f4880000, 0x0000000100000000)
  eden space 94720K, 0% used [0x00000000ec580000,0x00000000ec580000,0x00000000f2200000)
  from space 5120K, 94% used [0x00000000f4380000,0x00000000f4837858,0x00000000f4880000)
  to   space 7168K, 0% used [0x00000000f3a80000,0x00000000f3a80000,0x00000000f4180000)
 ParOldGen       total 33792K, used 7970K [0x00000000c5000000, 0x00000000c7100000, 0x00000000ec580000)
  object space 33792K, 23% used [0x00000000c5000000,0x00000000c57c89f8,0x00000000c7100000)
 Metaspace       used 23870K, capacity 24230K, committed 24448K, reserved 1071104K
  class space    used 3011K, capacity 3126K, committed 3200K, reserved 1048576K
}
Event: 2.740 GC heap before
{Heap before GC invocations=10 (full 1):
 PSYoungGen      total 99840K, used 99550K [0x00000000ec580000, 0x00000000f4880000, 0x0000000100000000)
  eden space 94720K, 100% used [0x00000000ec580000,0x00000000f2200000,0x00000000f2200000)
  from space 5120K, 94% used [0x00000000f4380000,0x00000000f4837858,0x00000000f4880000)
  to   space 7168K, 0% used [0x00000000f3a80000,0x00000000f3a80000,0x00000000f4180000)
 ParOldGen       total 33792K, used 7970K [0x00000000c5000000, 0x00000000c7100000, 0x00000000ec580000)
  object space 33792K, 23% used [0x00000000c5000000,0x00000000c57c89f8,0x00000000c7100000)
 Metaspace       used 28416K, capacity 28702K, committed 29056K, reserved 1075200K
  class space    used 3584K, capacity 3674K, committed 3712K, reserved 1048576K
Event: 2.752 GC heap after
Heap after GC invocations=10 (full 1):
 PSYoungGen      total 126976K, used 7156K [0x00000000ec580000, 0x00000000f5300000, 0x0000000100000000)
  eden space 119808K, 0% used [0x00000000ec580000,0x00000000ec580000,0x00000000f3a80000)
  from space 7168K, 99% used [0x00000000f3a80000,0x00000000f417d030,0x00000000f4180000)
  to   space 10240K, 0% used [0x00000000f4900000,0x00000000f4900000,0x00000000f5300000)
 ParOldGen       total 33792K, used 13325K [0x00000000c5000000, 0x00000000c7100000, 0x00000000ec580000)
  object space 33792K, 39% used [0x00000000c5000000,0x00000000c5d035f8,0x00000000c7100000)
 Metaspace       used 28416K, capacity 28702K, committed 29056K, reserved 1075200K
  class space    used 3584K, capacity 3674K, committed 3712K, reserved 1048576K
}
Event: 3.394 GC heap before
{Heap before GC invocations=11 (full 1):
 PSYoungGen      total 126976K, used 74367K [0x00000000ec580000, 0x00000000f5300000, 0x0000000100000000)
  eden space 119808K, 56% used [0x00000000ec580000,0x00000000f0722c08,0x00000000f3a80000)
  from space 7168K, 99% used [0x00000000f3a80000,0x00000000f417d030,0x00000000f4180000)
  to   space 10240K, 0% used [0x00000000f4900000,0x00000000f4900000,0x00000000f5300000)
 ParOldGen       total 33792K, used 13325K [0x00000000c5000000, 0x00000000c7100000, 0x00000000ec580000)
  object space 33792K, 39% used [0x00000000c5000000,0x00000000c5d035f8,0x00000000c7100000)
 Metaspace       used 34802K, capacity 35144K, committed 35416K, reserved 1081344K
  class space    used 4461K, capacity 4577K, committed 4608K, reserved 1048576K
Event: 3.406 GC heap after
Heap after GC invocations=11 (full 1):
 PSYoungGen      total 132096K, used 10223K [0x00000000ec580000, 0x00000000f7800000, 0x0000000100000000)
  eden space 121856K, 0% used [0x00000000ec580000,0x00000000ec580000,0x00000000f3c80000)
  from space 10240K, 99% used [0x00000000f4900000,0x00000000f52fbcd8,0x00000000f5300000)
  to   space 12800K, 0% used [0x00000000f3c80000,0x00000000f3c80000,0x00000000f4900000)
 ParOldGen       total 33792K, used 17234K [0x00000000c5000000, 0x00000000c7100000, 0x00000000ec580000)
  object space 33792K, 51% used [0x00000000c5000000,0x00000000c60d4ba8,0x00000000c7100000)
 Metaspace       used 34802K, capacity 35144K, committed 35416K, reserved 1081344K
  class space    used 4461K, capacity 4577K, committed 4608K, reserved 1048576K
}
Event: 3.406 GC heap before
{Heap before GC invocations=12 (full 2):
 PSYoungGen      total 132096K, used 10223K [0x00000000ec580000, 0x00000000f7800000, 0x0000000100000000)
  eden space 121856K, 0% used [0x00000000ec580000,0x00000000ec580000,0x00000000f3c80000)
  from space 10240K, 99% used [0x00000000f4900000,0x00000000f52fbcd8,0x00000000f5300000)
  to   space 12800K, 0% used [0x00000000f3c80000,0x00000000f3c80000,0x00000000f4900000)
 ParOldGen       total 33792K, used 17234K [0x00000000c5000000, 0x00000000c7100000, 0x00000000ec580000)
  object space 33792K, 51% used [0x00000000c5000000,0x00000000c60d4ba8,0x00000000c7100000)
 Metaspace       used 34802K, capacity 35144K, committed 35416K, reserved 1081344K
  class space    used 4461K, capacity 4577K, committed 4608K, reserved 1048576K
Event: 3.469 GC heap after
Heap after GC invocations=12 (full 2):
 PSYoungGen      total 132096K, used 0K [0x00000000ec580000, 0x00000000f7800000, 0x0000000100000000)
  eden space 121856K, 0% used [0x00000000ec580000,0x00000000ec580000,0x00000000f3c80000)
  from space 10240K, 0% used [0x00000000f4900000,0x00000000f4900000,0x00000000f5300000)
  to   space 12800K, 0% used [0x00000000f3c80000,0x00000000f3c80000,0x00000000f4900000)
 ParOldGen       total 62464K, used 22589K [0x00000000c5000000, 0x00000000c8d00000, 0x00000000ec580000)
  object space 62464K, 36% used [0x00000000c5000000,0x00000000c660f4c0,0x00000000c8d00000)
 Metaspace       used 34802K, capacity 35144K, committed 35416K, reserved 1081344K
  class space    used 4461K, capacity 4577K, committed 4608K, reserved 1048576K
}
Event: 5.969 GC heap before
{Heap before GC invocations=13 (full 2):
 PSYoungGen      total 132096K, used 121856K [0x00000000ec580000, 0x00000000f7800000, 0x0000000100000000)
  eden space 121856K, 100% used [0x00000000ec580000,0x00000000f3c80000,0x00000000f3c80000)
  from space 10240K, 0% used [0x00000000f4900000,0x00000000f4900000,0x00000000f5300000)
  to   space 12800K, 0% used [0x00000000f3c80000,0x00000000f3c80000,0x00000000f4900000)
 ParOldGen       total 62464K, used 22589K [0x00000000c5000000, 0x00000000c8d00000, 0x00000000ec580000)
  object space 62464K, 36% used [0x00000000c5000000,0x00000000c660f4c0,0x00000000c8d00000)
 Metaspace       used 43639K, capacity 44008K, committed 44544K, reserved 1087488K
  class space    used 5710K, capacity 5809K, committed 5888K, reserved 1048576K
Event: 5.981 GC heap after
Heap after GC invocations=13 (full 2):
 PSYoungGen      total 134656K, used 12768K [0x00000000ec580000, 0x00000000f7600000, 0x0000000100000000)
  eden space 121856K, 0% used [0x00000000ec580000,0x00000000ec580000,0x00000000f3c80000)
  from space 12800K, 99% used [0x00000000f3c80000,0x00000000f48f82d0,0x00000000f4900000)
  to   space 14848K, 0% used [0x00000000f6780000,0x00000000f6780000,0x00000000f7600000)
 ParOldGen       total 62464K, used 22862K [0x00000000c5000000, 0x00000000c8d00000, 0x00000000ec580000)
  object space 62464K, 36% used [0x00000000c5000000,0x00000000c6653b18,0x00000000c8d00000)
 Metaspace       used 43639K, capacity 44008K, committed 44544K, reserved 1087488K
  class space    used 5710K, capacity 5809K, committed 5888K, reserved 1048576K
}

Deoptimization events (10 events):
Event: 5.675 Thread 0x00000000045d4800 Uncommon trap: reason=bimorphic action=maybe_recompile pc=0x0000000005302564 method=sun.reflect.generics.reflectiveObjects.WildcardTypeImpl.getUpperBounds()[Ljava/lang/reflect/Type; @ 37
Event: 5.731 Thread 0x00000000045d4800 Uncommon trap: reason=unstable_if action=reinterpret pc=0x0000000005198978 method=java.util.concurrent.ConcurrentHashMap.putVal(Ljava/lang/Object;Ljava/lang/Object;Z)Ljava/lang/Object; @ 331
Event: 5.732 Thread 0x00000000045d4800 Uncommon trap: reason=unstable_if action=reinterpret pc=0x000000000518c364 method=java.util.concurrent.ConcurrentHashMap.get(Ljava/lang/Object;)Ljava/lang/Object; @ 86
Event: 6.026 Thread 0x00000000045d4800 Uncommon trap: reason=unstable_if action=reinterpret pc=0x00000000051bf8bc method=java.util.concurrent.ConcurrentHashMap.transfer([Ljava/util/concurrent/ConcurrentHashMap$Node;[Ljava/util/concurrent/ConcurrentHashMap$Node;)V @ 356
Event: 6.026 Thread 0x00000000045d4800 Uncommon trap: reason=unstable_if action=reinterpret pc=0x0000000004fcb73c method=java.util.concurrent.ConcurrentHashMap.transfer([Ljava/util/concurrent/ConcurrentHashMap$Node;[Ljava/util/concurrent/ConcurrentHashMap$Node;)V @ 356
Event: 6.152 Thread 0x00000000045d4800 Uncommon trap: reason=unstable_if action=reinterpret pc=0x0000000004d21e90 method=java.io.WinNTFileSystem.isLetter(C)Z @ 3
Event: 6.380 Thread 0x00000000045d4800 Uncommon trap: reason=unstable_if action=reinterpret pc=0x0000000004ff1d34 method=java.lang.Class$MethodArray.addIfNotPresent(Ljava/lang/reflect/Method;)V @ 19
Event: 6.405 Thread 0x00000000045d4800 Uncommon trap: reason=unstable_if action=reinterpret pc=0x000000000519ef14 method=org.springframework.util.ConcurrentReferenceHashMap$Segment.clear()V @ 4
Event: 6.487 Thread 0x00000000045d4800 Uncommon trap: reason=class_check action=maybe_recompile pc=0x0000000004ff24d4 method=java.util.AbstractList$Itr.hasNext()Z @ 8
Event: 6.487 Thread 0x00000000045d4800 Uncommon trap: reason=class_check action=maybe_recompile pc=0x0000000004ff8544 method=java.util.AbstractList$Itr.next()Ljava/lang/Object; @ 14

Internal exceptions (10 events):
Event: 6.418 Thread 0x00000000045d4800 Exception <a 'java/security/PrivilegedActionException'> (0x00000000f0126388) thrown at [C:\re\workspace\8-2-build-windows-amd64-cygwin\jdk8u144\9417\hotspot\src\share\vm\prims\jvm.cpp, line 1390]
Event: 6.418 Thread 0x00000000045d4800 Exception <a 'java/security/PrivilegedActionException'> (0x00000000f0126780) thrown at [C:\re\workspace\8-2-build-windows-amd64-cygwin\jdk8u144\9417\hotspot\src\share\vm\prims\jvm.cpp, line 1390]
Event: 6.422 Thread 0x00000000045d4800 Exception <a 'java/security/PrivilegedActionException'> (0x00000000f01589b0) thrown at [C:\re\workspace\8-2-build-windows-amd64-cygwin\jdk8u144\9417\hotspot\src\share\vm\prims\jvm.cpp, line 1390]
Event: 6.422 Thread 0x00000000045d4800 Exception <a 'java/security/PrivilegedActionException'> (0x00000000f0158da8) thrown at [C:\re\workspace\8-2-build-windows-amd64-cygwin\jdk8u144\9417\hotspot\src\share\vm\prims\jvm.cpp, line 1390]
Event: 6.423 Thread 0x00000000045d4800 Exception <a 'java/security/PrivilegedActionException'> (0x00000000f0195690) thrown at [C:\re\workspace\8-2-build-windows-amd64-cygwin\jdk8u144\9417\hotspot\src\share\vm\prims\jvm.cpp, line 1390]
Event: 6.423 Thread 0x00000000045d4800 Exception <a 'java/security/PrivilegedActionException'> (0x00000000f0195a88) thrown at [C:\re\workspace\8-2-build-windows-amd64-cygwin\jdk8u144\9417\hotspot\src\share\vm\prims\jvm.cpp, line 1390]
Event: 6.434 Thread 0x00000000045d4800 Exception <a 'java/security/PrivilegedActionException'> (0x00000000f021b1a8) thrown at [C:\re\workspace\8-2-build-windows-amd64-cygwin\jdk8u144\9417\hotspot\src\share\vm\prims\jvm.cpp, line 1390]
Event: 6.434 Thread 0x00000000045d4800 Exception <a 'java/security/PrivilegedActionException'> (0x00000000f021b5a0) thrown at [C:\re\workspace\8-2-build-windows-amd64-cygwin\jdk8u144\9417\hotspot\src\share\vm\prims\jvm.cpp, line 1390]
Event: 6.435 Thread 0x00000000045d4800 Exception <a 'java/security/PrivilegedActionException'> (0x00000000f0258070) thrown at [C:\re\workspace\8-2-build-windows-amd64-cygwin\jdk8u144\9417\hotspot\src\share\vm\prims\jvm.cpp, line 1390]
Event: 6.435 Thread 0x00000000045d4800 Exception <a 'java/security/PrivilegedActionException'> (0x00000000f0258468) thrown at [C:\re\workspace\8-2-build-windows-amd64-cygwin\jdk8u144\9417\hotspot\src\share\vm\prims\jvm.cpp, line 1390]

Events (10 events):
Event: 6.587 loading class org/springframework/util/ConcurrentReferenceHashMap$EntryIterator
Event: 6.587 loading class org/springframework/util/ConcurrentReferenceHashMap$EntryIterator done
Event: 6.588 loading class org/springframework/boot/ApplicationRunner
Event: 6.588 loading class org/springframework/boot/ApplicationRunner done
Event: 6.588 loading class org/springframework/boot/CommandLineRunner
Event: 6.588 loading class org/springframework/boot/CommandLineRunner done
Event: 6.589 loading class org/springframework/util/StopWatch$TaskInfo
Event: 6.589 loading class org/springframework/util/StopWatch$TaskInfo done
Event: 6.590 Thread 0x00000000045d4800 Thread exited: 0x00000000045d4800
Event: 6.590 Thread 0x000000001f7a4800 Thread added: 0x000000001f7a4800


Dynamic libraries:
0x00007ff7f8b40000 - 0x00007ff7f8b77000 	C:\Program Files\Java\jre1.8.0_144\bin\javaw.exe
0x00007fff99bd0000 - 0x00007fff99db0000 	C:\WINDOWS\SYSTEM32\ntdll.dll
0x00007fff98b20000 - 0x00007fff98bce000 	C:\WINDOWS\System32\KERNEL32.DLL
0x00007fff96100000 - 0x00007fff96366000 	C:\WINDOWS\System32\KERNELBASE.dll
0x00007fff99050000 - 0x00007fff990f1000 	C:\WINDOWS\System32\ADVAPI32.dll
0x00007fff98ce0000 - 0x00007fff98d7d000 	C:\WINDOWS\System32\msvcrt.dll
0x00007fff98e30000 - 0x00007fff98e8b000 	C:\WINDOWS\System32\sechost.dll
0x00007fff99710000 - 0x00007fff9982f000 	C:\WINDOWS\System32\RPCRT4.dll
0x00007fff993c0000 - 0x00007fff9954f000 	C:\WINDOWS\System32\USER32.dll
0x00007fff965c0000 - 0x00007fff965e0000 	C:\WINDOWS\System32\win32u.dll
0x00007fff98df0000 - 0x00007fff98e18000 	C:\WINDOWS\System32\GDI32.dll
0x00007fff967b0000 - 0x00007fff96943000 	C:\WINDOWS\System32\gdi32full.dll
0x00007fff964d0000 - 0x00007fff9656b000 	C:\WINDOWS\System32\msvcp_win.dll
0x00007fff963d0000 - 0x00007fff964c6000 	C:\WINDOWS\System32\ucrtbase.dll
0x00007fff87800000 - 0x00007fff87a69000 	C:\WINDOWS\WinSxS\amd64_microsoft.windows.common-controls_6595b64144ccf1df_6.0.16299.248_none_15ced204935f55d7\COMCTL32.dll
0x00007fff99890000 - 0x00007fff99b98000 	C:\WINDOWS\System32\combase.dll
0x00007fff95fd0000 - 0x00007fff96042000 	C:\WINDOWS\System32\bcryptPrimitives.dll
0x00007fff98f50000 - 0x00007fff98f7d000 	C:\WINDOWS\System32\IMM32.DLL
0x0000000062c80000 - 0x0000000062d52000 	C:\Program Files\Java\jre1.8.0_144\bin\msvcr100.dll
0x00000000620d0000 - 0x000000006296d000 	C:\Program Files\Java\jre1.8.0_144\bin\server\jvm.dll
0x00007fff99550000 - 0x00007fff99558000 	C:\WINDOWS\System32\PSAPI.DLL
0x00007fff924e0000 - 0x00007fff924e9000 	C:\WINDOWS\SYSTEM32\WSOCK32.dll
0x00007fff8f4f0000 - 0x00007fff8f513000 	C:\WINDOWS\SYSTEM32\WINMM.dll
0x00007fff87fa0000 - 0x00007fff87faa000 	C:\WINDOWS\SYSTEM32\VERSION.dll
0x00007fff98d80000 - 0x00007fff98dec000 	C:\WINDOWS\System32\WS2_32.dll
0x00007fff8f490000 - 0x00007fff8f4ba000 	C:\WINDOWS\SYSTEM32\WINMMBASE.dll
0x00007fff96570000 - 0x00007fff965ba000 	C:\WINDOWS\System32\cfgmgr32.dll
0x0000000061fe0000 - 0x0000000061fef000 	C:\Program Files\Java\jre1.8.0_144\bin\verify.dll
0x0000000061fb0000 - 0x0000000061fd9000 	C:\Program Files\Java\jre1.8.0_144\bin\java.dll
0x0000000061f90000 - 0x0000000061fa6000 	C:\Program Files\Java\jre1.8.0_144\bin\zip.dll
0x00007fff971f0000 - 0x00007fff98626000 	C:\WINDOWS\System32\SHELL32.dll
0x00007fff97140000 - 0x00007fff971e6000 	C:\WINDOWS\System32\shcore.dll
0x00007fff96950000 - 0x00007fff97097000 	C:\WINDOWS\System32\windows.storage.dll
0x00007fff98e90000 - 0x00007fff98ee1000 	C:\WINDOWS\System32\shlwapi.dll
0x00007fff95f60000 - 0x00007fff95f71000 	C:\WINDOWS\System32\kernel.appcore.dll
0x00007fff95f80000 - 0x00007fff95fcc000 	C:\WINDOWS\System32\powrprof.dll
0x00007fff95f20000 - 0x00007fff95f3b000 	C:\WINDOWS\System32\profapi.dll
0x0000000061f00000 - 0x0000000061f0d000 	C:\Program Files\Java\jre1.8.0_144\bin\management.dll
0x0000000061f70000 - 0x0000000061f8a000 	C:\Program Files\Java\jre1.8.0_144\bin\net.dll
0x00007fff957b0000 - 0x00007fff95816000 	C:\WINDOWS\system32\mswsock.dll
0x00007fff89280000 - 0x00007fff89296000 	C:\WINDOWS\system32\napinsp.dll
0x00007fff89260000 - 0x00007fff8927a000 	C:\WINDOWS\system32\pnrpnsp.dll
0x00007fff924a0000 - 0x00007fff924b8000 	C:\WINDOWS\system32\NLAapi.dll
0x00007fff95580000 - 0x00007fff95636000 	C:\WINDOWS\SYSTEM32\DNSAPI.dll
0x00007fff99700000 - 0x00007fff99708000 	C:\WINDOWS\System32\NSI.dll
0x00007fff95540000 - 0x00007fff95579000 	C:\WINDOWS\SYSTEM32\IPHLPAPI.DLL
0x00007fff8af10000 - 0x00007fff8af1e000 	C:\WINDOWS\System32\winrnr.dll
0x0000000063180000 - 0x00000000631a6000 	C:\Program Files\Bonjour\mdnsNSP.dll
0x00007fff91030000 - 0x00007fff91045000 	C:\WINDOWS\System32\wshbth.dll
0x00007fff8abe0000 - 0x00007fff8abea000 	C:\Windows\System32\rasadhlp.dll
0x00007fff8ac20000 - 0x00007fff8ac90000 	C:\WINDOWS\System32\fwpuclnt.dll
0x00007fff95a80000 - 0x00007fff95aa5000 	C:\WINDOWS\SYSTEM32\bcrypt.dll
0x0000000061f50000 - 0x0000000061f61000 	C:\Program Files\Java\jre1.8.0_144\bin\nio.dll
0x00007fff95970000 - 0x00007fff95987000 	C:\WINDOWS\SYSTEM32\CRYPTSP.dll
0x00007fff953c0000 - 0x00007fff953f3000 	C:\WINDOWS\system32\rsaenh.dll
0x00007fff95e50000 - 0x00007fff95e79000 	C:\WINDOWS\SYSTEM32\USERENV.dll
0x00007fff95990000 - 0x00007fff9599b000 	C:\WINDOWS\SYSTEM32\CRYPTBASE.dll
0x00007fff8ed50000 - 0x00007fff8ed66000 	C:\WINDOWS\SYSTEM32\dhcpcsvc6.DLL
0x00007fff8ee00000 - 0x00007fff8ee1a000 	C:\WINDOWS\SYSTEM32\dhcpcsvc.DLL

VM Arguments:
jvm_args: -Dfile.encoding=UTF-8 
java_command: com.softtech.localLevel.LocalLevelApplication
java_class_path (initial): C:\Users\Lothbroke\Desktop\Imaginology\project\localLevel\target\classes;C:\Users\Lothbroke\.m2\repository\org\springframework\boot\spring-boot-starter-data-jpa\1.5.10.RELEASE\spring-boot-starter-data-jpa-1.5.10.RELEASE.jar;C:\Users\Lothbroke\.m2\repository\org\springframework\boot\spring-boot-starter\1.5.10.RELEASE\spring-boot-starter-1.5.10.RELEASE.jar;C:\Users\Lothbroke\.m2\repository\org\springframework\boot\spring-boot\1.5.10.RELEASE\spring-boot-1.5.10.RELEASE.jar;C:\Users\Lothbroke\.m2\repository\org\springframework\boot\spring-boot-autoconfigure\1.5.10.RELEASE\spring-boot-autoconfigure-1.5.10.RELEASE.jar;C:\Users\Lothbroke\.m2\repository\org\springframework\boot\spring-boot-starter-logging\1.5.10.RELEASE\spring-boot-starter-logging-1.5.10.RELEASE.jar;C:\Users\Lothbroke\.m2\repository\ch\qos\logback\logback-classic\1.1.11\logback-classic-1.1.11.jar;C:\Users\Lothbroke\.m2\repository\ch\qos\logback\logback-core\1.1.11\logback-core-1.1.11.jar;C:\Users\Lothbroke\.m2\repository\org\slf4j\jul-to-slf4j\1.7.25\jul-to-slf4j-1.7.25.jar;C:\Users\Lothbroke\.m2\repository\org\slf4j\log4j-over-slf4j\1.7.25\log4j-over-slf4j-1.7.25.jar;C:\Users\Lothbroke\.m2\repository\org\yaml\snakeyaml\1.17\snakeyaml-1.17.jar;C:\Users\Lothbroke\.m2\repository\org\springframework\boot\spring-boot-starter-aop\1.5.10.RELEASE\spring-boot-starter-aop-1.5.10.RELEASE.jar;C:\Users\Lothbroke\.m2\repository\org\springframework\spring-aop\4.3.14.RELEASE\spring-aop-4.3.14.RELEASE.jar;C:\Users\Lothbroke\.m2\repository\org\aspectj\aspectjweaver\1.8.13\aspectjweaver-1.8.13.jar;C:\Users\Lothbroke\.m2\repository\org\springframework\boot\spring-boot-starter-jdbc\1.5.10.RELEASE\spring-boot-starter-jdbc-1.5.10.RELEASE.jar;C:\Users\Lothbroke\.m2\repository\org\apache\tomcat\tomcat-jdbc\8.5.27\tomcat-jdbc-8.5.27.jar;C:\Users\Lothbroke\.m2\repository\org\apache\tomcat\tomcat-juli\8.5.27\tomcat-juli-8.5.27.jar;C:\Users\Lothbroke\.m2\repository\org\springframework\spring-jdbc\4.3.14.REL
Launcher Type: SUN_STANDARD

Environment Variables:
JAVA_HOME=C:\Program Files\Java\jdk1.8.0_144
PATH=C:/Program Files/Java/jre1.8.0_144/bin/server;C:/Program Files/Java/jre1.8.0_144/bin;C:/Program Files/Java/jre1.8.0_144/lib/amd64;C:\ProgramData\Oracle\Java\javapath;"C:\ProgramData\Oracle\Java\javapath;C:\Program Files\Java\jdk1.8.0_144\bin;C:\Program Files\Java\jre1.8.0_144";C:\WINDOWS\system32;C:\WINDOWS;C:\WINDOWS\System32\Wbem;C:\WINDOWS\System32\WindowsPowerShell\v1.0\;C:\Program Files\nodejs\;C:\Program Files\PuTTY\;C:\Program Files\Git\cmd;C:\Program Files\Apache software foundation\apache-maven-3.5.0\bin;C:\Program Files (x86)\Microsoft VS Code\bin;C:\Users\Lothbroke\AppData\Roaming\npm;C:\Users\Lothbroke\AppData\Local\Microsoft\WindowsApps;C:\Program Files (x86)\EaseUS\Todo Backup\bin\x64\;C:\Users\Lothbroke\Desktop\eclipse;
USERNAME=Lothbroke
OS=Windows_NT
PROCESSOR_IDENTIFIER=Intel64 Family 6 Model 60 Stepping 3, GenuineIntel



---------------  S Y S T E M  ---------------

OS: Windows 10.0 , 64 bit Build 16299 (10.0.16299.15)

CPU:total 8 (initial active 8) (4 cores per cpu, 2 threads per core) family 6 model 60 stepping 3, cmov, cx8, fxsr, mmx, sse, sse2, sse3, ssse3, sse4.1, sse4.2, popcnt, avx, avx2, aes, clmul, erms, lzcnt, ht, tsc, tscinvbit, bmi1, bmi2

Memory: 4k page, physical 3859708k(409512k free), swap 7955708k(6824k free)

vm_info: Java HotSpot(TM) 64-Bit Server VM (25.144-b01) for windows-amd64 JRE (1.8.0_144-b01), built on Jul 21 2017 21:57:33 by "java_re" with MS VC++ 10.0 (VS2010)

time: Tue Mar 06 18:22:43 2018
elapsed time: 7 seconds (0d 0h 0m 7s)

