#
# There is insufficient memory for the Java Runtime Environment to continue.
# Native memory allocation (malloc) failed to allocate 32744 bytes for ChunkPool::allocate
# Possible reasons:
#   The system is out of physical RAM or swap space
#   In 32 bit mode, the process size limit was hit
# Possible solutions:
#   Reduce memory load on the system
#   Increase physical memory or swap space
#   Check if swap backing store is full
#   Use 64 bit Java on a 64 bit OS
#   Decrease Java heap size (-Xmx/-Xms)
#   Decrease number of Java threads
#   Decrease Java thread stack sizes (-Xss)
#   Set larger code cache with -XX:ReservedCodeCacheSize=
# This output file may be truncated or incomplete.
#
#  Out of Memory Error (allocation.cpp:273), pid=3288, tid=0x0000000000000b44
#
# JRE version: Java(TM) SE Runtime Environment (8.0_144-b01) (build 1.8.0_144-b01)
# Java VM: Java HotSpot(TM) 64-Bit Server VM (25.144-b01 mixed mode windows-amd64 compressed oops)
# Failed to write core dump. Minidumps are not enabled by default on client versions of Windows
#

---------------  T H R E A D  ---------------

Current thread (0x0000000019731800):  JavaThread "C2 CompilerThread1" daemon [_thread_in_native, id=2884, stack(0x0000000019ff0000,0x000000001a0f0000)]

Stack: [0x0000000019ff0000,0x000000001a0f0000]
[error occurred during error reporting (printing stack bounds), id 0xc0000005]

Native frames: (J=compiled Java code, j=interpreted, Vv=VM code, C=native code)


Current CompileTask:
C2:3723707 9790       4       org.springframework.core.annotation.AnnotationUtils::synthesizeAnnotation (84 bytes)


---------------  P R O C E S S  ---------------

Java Threads: ( => current thread )
  0x000000001f4ed000 JavaThread "DestroyJavaVM" [_thread_blocked, id=10268, stack(0x0000000004e10000,0x0000000004f10000)]
  0x000000001f4f4000 JavaThread "http-nio-8088-AsyncTimeout" daemon [_thread_blocked, id=13028, stack(0x0000000028990000,0x0000000028a90000)]
  0x000000001f4ee800 JavaThread "http-nio-8088-Acceptor-0" daemon [_thread_in_native, id=12740, stack(0x0000000028890000,0x0000000028990000)]
  0x000000001f4f3000 JavaThread "http-nio-8088-ClientPoller-1" daemon [_thread_in_native, id=8860, stack(0x0000000028790000,0x0000000028890000)]
  0x000000001f4f2800 JavaThread "http-nio-8088-ClientPoller-0" daemon [_thread_in_native, id=10016, stack(0x0000000028690000,0x0000000028790000)]
  0x000000001f4eb000 JavaThread "http-nio-8088-exec-10" daemon [_thread_blocked, id=8316, stack(0x0000000028590000,0x0000000028690000)]
  0x000000001f4f1800 JavaThread "http-nio-8088-exec-9" daemon [_thread_blocked, id=8008, stack(0x0000000028490000,0x0000000028590000)]
  0x000000001f4ec800 JavaThread "http-nio-8088-exec-8" daemon [_thread_blocked, id=3004, stack(0x0000000027390000,0x0000000027490000)]
  0x000000001f4ea000 JavaThread "http-nio-8088-exec-7" daemon [_thread_blocked, id=2036, stack(0x0000000027290000,0x0000000027390000)]
  0x000000001f4f1000 JavaThread "http-nio-8088-exec-6" daemon [_thread_blocked, id=7532, stack(0x0000000025990000,0x0000000025a90000)]
  0x000000001f4ef800 JavaThread "http-nio-8088-exec-5" daemon [_thread_blocked, id=6420, stack(0x0000000025890000,0x0000000025990000)]
  0x000000001f4eb800 JavaThread "http-nio-8088-exec-4" daemon [_thread_blocked, id=10624, stack(0x0000000025790000,0x0000000025890000)]
  0x000000001bc28800 JavaThread "http-nio-8088-exec-3" daemon [_thread_blocked, id=7364, stack(0x0000000025690000,0x0000000025790000)]
  0x000000001bc25800 JavaThread "http-nio-8088-exec-2" daemon [_thread_blocked, id=11760, stack(0x0000000025590000,0x0000000025690000)]
  0x000000001bc24800 JavaThread "http-nio-8088-exec-1" daemon [_thread_blocked, id=12100, stack(0x0000000024230000,0x0000000024330000)]
  0x000000001bc27000 JavaThread "NioBlockingSelector.BlockPoller-1" daemon [_thread_in_native, id=7672, stack(0x0000000024130000,0x0000000024230000)]
  0x000000001bc2a000 JavaThread "Abandoned connection cleanup thread" daemon [_thread_blocked, id=11844, stack(0x0000000023a30000,0x0000000023b30000)]
  0x000000001bc29000 JavaThread "Tomcat JDBC Pool Cleaner[1943105171:1523269926742]" daemon [_thread_blocked, id=7464, stack(0x0000000023930000,0x0000000023a30000)]
  0x000000001cc0a000 JavaThread "container-0" [_thread_blocked, id=11168, stack(0x0000000023570000,0x0000000023670000)]
  0x00000000217b5000 JavaThread "ContainerBackgroundProcessor[StandardEngine[Tomcat]]" daemon [_thread_blocked, id=4776, stack(0x0000000023470000,0x0000000023570000)]
  0x00000000197c0000 JavaThread "Service Thread" daemon [_thread_blocked, id=11992, stack(0x000000001a2f0000,0x000000001a3f0000)]
  0x000000001973b000 JavaThread "C1 CompilerThread3" daemon [_thread_in_vm, id=8424, stack(0x000000001a1f0000,0x000000001a2f0000)]
  0x0000000019733800 JavaThread "C2 CompilerThread2" daemon [_thread_in_native, id=5192, stack(0x000000001a0f0000,0x000000001a1f0000)]
=>0x0000000019731800 JavaThread "C2 CompilerThread1" daemon [_thread_in_native, id=2884, stack(0x0000000019ff0000,0x000000001a0f0000)]
  0x000000001972e000 JavaThread "C2 CompilerThread0" daemon [_thread_blocked, id=2644, stack(0x0000000019ef0000,0x0000000019ff0000)]
  0x000000001972c800 JavaThread "Attach Listener" daemon [_thread_blocked, id=9288, stack(0x0000000019df0000,0x0000000019ef0000)]
  0x000000001784e800 JavaThread "Signal Dispatcher" daemon [_thread_blocked, id=5692, stack(0x0000000019cf0000,0x0000000019df0000)]
  0x0000000019720800 JavaThread "Finalizer" daemon [_thread_blocked, id=7860, stack(0x0000000019b00000,0x0000000019c00000)]
  0x0000000005008800 JavaThread "Reference Handler" daemon [_thread_blocked, id=9092, stack(0x0000000019600000,0x0000000019700000)]

Other Threads:
  0x0000000017839800 VMThread [stack: 0x0000000019500000,0x0000000019600000] [id=4488]
  0x0000000019825000 WatcherThread [stack: 0x000000001a3f0000,0x000000001a4f0000] [id=1232]

VM state:not at safepoint (normal execution)

VM Mutex/Monitor currently owned by a thread: None

Heap:
 PSYoungGen      total 218112K, used 114363K [0x00000000ec580000, 0x00000000fdd00000, 0x0000000100000000)
  eden space 196608K, 58% used [0x00000000ec580000,0x00000000f352ec60,0x00000000f8580000)
  from space 21504K, 0% used [0x00000000f8580000,0x00000000f8580000,0x00000000f9a80000)
  to   space 20992K, 0% used [0x00000000fc880000,0x00000000fc880000,0x00000000fdd00000)
 ParOldGen       total 61440K, used 40029K [0x00000000c5000000, 0x00000000c8c00000, 0x00000000ec580000)
  object space 61440K, 65% used [0x00000000c5000000,0x00000000c7717770,0x00000000c8c00000)
 Metaspace       used 65194K, capacity 66176K, committed 66432K, reserved 1107968K
  class space    used 8091K, capacity 8285K, committed 8320K, reserved 1048576K

Card table byte_map: [0x00000000143d0000,0x00000000145b0000] byte_map_base: 0x0000000013da8000

Marking Bits: (ParMarkBitMap*) 0x000000007572d850
 Begin Bits: [0x0000000014ef0000, 0x0000000015db0000)
 End Bits:   [0x0000000015db0000, 0x0000000016c70000)

Polling page: 0x0000000003060000

CodeCache: size=245760Kb used=29244Kb max_used=29259Kb free=216515Kb
 bounds [0x0000000005010000, 0x0000000006cd0000, 0x0000000014010000]
 total_blobs=9101 nmethods=8288 adapters=724
 compilation: enabled

Compilation events (10 events):
Event: 3663.505 Thread 0x000000001973b000 nmethod 9786 0x0000000006cc6090 code [0x0000000006cc61e0, 0x0000000006cc62f0]
Event: 3722.483 Thread 0x000000001973b000 9787       1       org.apache.catalina.connector.Request::getMappingData (5 bytes)
Event: 3722.483 Thread 0x000000001973b000 nmethod 9787 0x0000000006cc5dd0 code [0x0000000006cc5f20, 0x0000000006cc6030]
Event: 3722.484 Thread 0x000000001973b000 9788       1       org.springframework.web.filter.OncePerRequestFilter::shouldNotFilter (2 bytes)
Event: 3722.484 Thread 0x000000001973b000 nmethod 9788 0x0000000006cc5b10 code [0x0000000006cc5c60, 0x0000000006cc5d70]
Event: 3722.485 Thread 0x000000001973b000 9789       1       org.springframework.web.servlet.HandlerExecutionChain::getHandler (5 bytes)
Event: 3722.485 Thread 0x000000001973b000 nmethod 9789 0x0000000006cc5850 code [0x0000000006cc59a0, 0x0000000006cc5ab0]
Event: 3722.489 Thread 0x0000000019731800 9790       4       org.springframework.core.annotation.AnnotationUtils::synthesizeAnnotation (84 bytes)
Event: 3722.497 Thread 0x0000000019733800 9791       4       org.springframework.transaction.support.TransactionSynchronizationUtils::unwrapResourceIfNecessary (38 bytes)
Event: 3722.502 Thread 0x000000001973b000 9792       1       org.hibernate.loader.hql.QueryLoader::applyPostLoadLocks (1 bytes)

GC Heap History (10 events):
Event: 12.129 GC heap before
{Heap before GC invocations=14 (full 2):
 PSYoungGen      total 134144K, used 120320K [0x00000000ec580000, 0x00000000f7f80000, 0x0000000100000000)
  eden space 120320K, 100% used [0x00000000ec580000,0x00000000f3b00000,0x00000000f3b00000)
  from space 13824K, 0% used [0x00000000f3b00000,0x00000000f3b00000,0x00000000f4880000)
  to   space 13824K, 0% used [0x00000000f7200000,0x00000000f7200000,0x00000000f7f80000)
 ParOldGen       total 61440K, used 22030K [0x00000000c5000000, 0x00000000c8c00000, 0x00000000ec580000)
  object space 61440K, 35% used [0x00000000c5000000,0x00000000c6583a58,0x00000000c8c00000)
 Metaspace       used 44261K, capacity 44682K, committed 44928K, reserved 1089536K
  class space    used 5637K, capacity 5736K, committed 5760K, reserved 1048576K
Event: 12.143 GC heap after
Heap after GC invocations=14 (full 2):
 PSYoungGen      total 169984K, used 13821K [0x00000000ec580000, 0x00000000f7f80000, 0x0000000100000000)
  eden space 156160K, 0% used [0x00000000ec580000,0x00000000ec580000,0x00000000f5e00000)
  from space 13824K, 99% used [0x00000000f7200000,0x00000000f7f7f538,0x00000000f7f80000)
  to   space 16384K, 0% used [0x00000000f5f80000,0x00000000f5f80000,0x00000000f6f80000)
 ParOldGen       total 61440K, used 22958K [0x00000000c5000000, 0x00000000c8c00000, 0x00000000ec580000)
  object space 61440K, 37% used [0x00000000c5000000,0x00000000c666ba00,0x00000000c8c00000)
 Metaspace       used 44261K, capacity 44682K, committed 44928K, reserved 1089536K
  class space    used 5637K, capacity 5736K, committed 5760K, reserved 1048576K
}
Event: 14.150 GC heap before
{Heap before GC invocations=15 (full 2):
 PSYoungGen      total 169984K, used 169981K [0x00000000ec580000, 0x00000000f7f80000, 0x0000000100000000)
  eden space 156160K, 100% used [0x00000000ec580000,0x00000000f5e00000,0x00000000f5e00000)
  from space 13824K, 99% used [0x00000000f7200000,0x00000000f7f7f538,0x00000000f7f80000)
  to   space 16384K, 0% used [0x00000000f5f80000,0x00000000f5f80000,0x00000000f6f80000)
 ParOldGen       total 61440K, used 22958K [0x00000000c5000000, 0x00000000c8c00000, 0x00000000ec580000)
  object space 61440K, 37% used [0x00000000c5000000,0x00000000c666ba00,0x00000000c8c00000)
 Metaspace       used 49881K, capacity 50612K, committed 50816K, reserved 1093632K
  class space    used 6333K, capacity 6511K, committed 6528K, reserved 1048576K
Event: 14.179 GC heap after
Heap after GC invocations=15 (full 2):
 PSYoungGen      total 174080K, used 13735K [0x00000000ec580000, 0x00000000fac00000, 0x0000000100000000)
  eden space 157696K, 0% used [0x00000000ec580000,0x00000000ec580000,0x00000000f5f80000)
  from space 16384K, 83% used [0x00000000f5f80000,0x00000000f6ce9c90,0x00000000f6f80000)
  to   space 17920K, 0% used [0x00000000f9a80000,0x00000000f9a80000,0x00000000fac00000)
 ParOldGen       total 61440K, used 31766K [0x00000000c5000000, 0x00000000c8c00000, 0x00000000ec580000)
  object space 61440K, 51% used [0x00000000c5000000,0x00000000c6f058b0,0x00000000c8c00000)
 Metaspace       used 49881K, capacity 50612K, committed 50816K, reserved 1093632K
  class space    used 6333K, capacity 6511K, committed 6528K, reserved 1048576K
}
Event: 15.664 GC heap before
{Heap before GC invocations=16 (full 2):
 PSYoungGen      total 174080K, used 171431K [0x00000000ec580000, 0x00000000fac00000, 0x0000000100000000)
  eden space 157696K, 100% used [0x00000000ec580000,0x00000000f5f80000,0x00000000f5f80000)
  from space 16384K, 83% used [0x00000000f5f80000,0x00000000f6ce9c90,0x00000000f6f80000)
  to   space 17920K, 0% used [0x00000000f9a80000,0x00000000f9a80000,0x00000000fac00000)
 ParOldGen       total 61440K, used 31766K [0x00000000c5000000, 0x00000000c8c00000, 0x00000000ec580000)
  object space 61440K, 51% used [0x00000000c5000000,0x00000000c6f058b0,0x00000000c8c00000)
 Metaspace       used 54424K, capacity 55174K, committed 55424K, reserved 1097728K
  class space    used 6862K, capacity 7020K, committed 7040K, reserved 1048576K
Event: 15.693 GC heap after
Heap after GC invocations=16 (full 2):
 PSYoungGen      total 214528K, used 17895K [0x00000000ec580000, 0x00000000fb480000, 0x0000000100000000)
  eden space 196608K, 0% used [0x00000000ec580000,0x00000000ec580000,0x00000000f8580000)
  from space 17920K, 99% used [0x00000000f9a80000,0x00000000fabf9f38,0x00000000fac00000)
  to   space 21504K, 0% used [0x00000000f8580000,0x00000000f8580000,0x00000000f9a80000)
 ParOldGen       total 61440K, used 33432K [0x00000000c5000000, 0x00000000c8c00000, 0x00000000ec580000)
  object space 61440K, 54% used [0x00000000c5000000,0x00000000c70a6178,0x00000000c8c00000)
 Metaspace       used 54424K, capacity 55174K, committed 55424K, reserved 1097728K
  class space    used 6862K, capacity 7020K, committed 7040K, reserved 1048576K
}
Event: 29.100 GC heap before
{Heap before GC invocations=17 (full 2):
 PSYoungGen      total 214528K, used 87840K [0x00000000ec580000, 0x00000000fb480000, 0x0000000100000000)
  eden space 196608K, 35% used [0x00000000ec580000,0x00000000f09ce308,0x00000000f8580000)
  from space 17920K, 99% used [0x00000000f9a80000,0x00000000fabf9f38,0x00000000fac00000)
  to   space 21504K, 0% used [0x00000000f8580000,0x00000000f8580000,0x00000000f9a80000)
 ParOldGen       total 61440K, used 33432K [0x00000000c5000000, 0x00000000c8c00000, 0x00000000ec580000)
  object space 61440K, 54% used [0x00000000c5000000,0x00000000c70a6178,0x00000000c8c00000)
 Metaspace       used 58202K, capacity 58954K, committed 59160K, reserved 1101824K
  class space    used 7317K, capacity 7482K, committed 7552K, reserved 1048576K
Event: 29.119 GC heap after
Heap after GC invocations=17 (full 2):
 PSYoungGen      total 218112K, used 4268K [0x00000000ec580000, 0x00000000fdd00000, 0x0000000100000000)
  eden space 196608K, 0% used [0x00000000ec580000,0x00000000ec580000,0x00000000f8580000)
  from space 21504K, 19% used [0x00000000f8580000,0x00000000f89ab088,0x00000000f9a80000)
  to   space 20992K, 0% used [0x00000000fc880000,0x00000000fc880000,0x00000000fdd00000)
 ParOldGen       total 61440K, used 45868K [0x00000000c5000000, 0x00000000c8c00000, 0x00000000ec580000)
  object space 61440K, 74% used [0x00000000c5000000,0x00000000c7ccb218,0x00000000c8c00000)
 Metaspace       used 58202K, capacity 58954K, committed 59160K, reserved 1101824K
  class space    used 7317K, capacity 7482K, committed 7552K, reserved 1048576K
}
Event: 29.119 GC heap before
{Heap before GC invocations=18 (full 3):
 PSYoungGen      total 218112K, used 4268K [0x00000000ec580000, 0x00000000fdd00000, 0x0000000100000000)
  eden space 196608K, 0% used [0x00000000ec580000,0x00000000ec580000,0x00000000f8580000)
  from space 21504K, 19% used [0x00000000f8580000,0x00000000f89ab088,0x00000000f9a80000)
  to   space 20992K, 0% used [0x00000000fc880000,0x00000000fc880000,0x00000000fdd00000)
 ParOldGen       total 61440K, used 45868K [0x00000000c5000000, 0x00000000c8c00000, 0x00000000ec580000)
  object space 61440K, 74% used [0x00000000c5000000,0x00000000c7ccb218,0x00000000c8c00000)
 Metaspace       used 58202K, capacity 58954K, committed 59160K, reserved 1101824K
  class space    used 7317K, capacity 7482K, committed 7552K, reserved 1048576K
Event: 29.337 GC heap after
Heap after GC invocations=18 (full 3):
 PSYoungGen      total 218112K, used 0K [0x00000000ec580000, 0x00000000fdd00000, 0x0000000100000000)
  eden space 196608K, 0% used [0x00000000ec580000,0x00000000ec580000,0x00000000f8580000)
  from space 21504K, 0% used [0x00000000f8580000,0x00000000f8580000,0x00000000f9a80000)
  to   space 20992K, 0% used [0x00000000fc880000,0x00000000fc880000,0x00000000fdd00000)
 ParOldGen       total 61440K, used 40029K [0x00000000c5000000, 0x00000000c8c00000, 0x00000000ec580000)
  object space 61440K, 65% used [0x00000000c5000000,0x00000000c7717770,0x00000000c8c00000)
 Metaspace       used 58202K, capacity 58954K, committed 59160K, reserved 1101824K
  class space    used 7317K, capacity 7482K, committed 7552K, reserved 1048576K
}

Deoptimization events (10 events):
Event: 2051.068 Thread 0x000000001f4ec800 Uncommon trap: reason=speculate_class_check action=maybe_recompile pc=0x0000000006974178 method=java.nio.charset.CharsetDecoder.flush(Ljava/nio/CharBuffer;)Ljava/nio/charset/CoderResult; @ 10
Event: 2051.077 Thread 0x000000001f4ec800 Uncommon trap: reason=class_check action=maybe_recompile pc=0x00000000051772e8 method=java.lang.String.equals(Ljava/lang/Object;)Z @ 8
Event: 3112.867 Thread 0x000000001bc28800 Uncommon trap: reason=class_check action=maybe_recompile pc=0x00000000051772e8 method=java.lang.String.equals(Ljava/lang/Object;)Z @ 8
Event: 3112.890 Thread 0x000000001bc28800 Uncommon trap: reason=unstable_if action=reinterpret pc=0x00000000068be930 method=com.sun.org.apache.xerces.internal.impl.XMLEntityScanner.peekChar()I @ 14
Event: 3112.891 Thread 0x000000001bc28800 Uncommon trap: reason=unstable_if action=reinterpret pc=0x00000000069e8e10 method=com.sun.org.apache.xerces.internal.impl.XMLEntityScanner.scanQName(Lcom/sun/org/apache/xerces/internal/xni/QName;Lcom/sun/org/apache/xerces/internal/impl/XMLScanner$NameType
Event: 3112.944 Thread 0x000000001bc28800 Uncommon trap: reason=class_check action=maybe_recompile pc=0x00000000052de7dc method=java.util.regex.Matcher.search(I)Z @ 86
Event: 3112.944 Thread 0x000000001bc28800 Uncommon trap: reason=class_check action=maybe_recompile pc=0x00000000052de7dc method=java.util.regex.Matcher.search(I)Z @ 86
Event: 3112.945 Thread 0x000000001bc28800 Uncommon trap: reason=null_check action=make_not_entrant pc=0x000000000563b850 method=org.springframework.beans.ExtendedBeanInfo.isCandidateWriteMethod(Ljava/lang/reflect/Method;)Z @ 47
Event: 3113.016 Thread 0x000000001bc28800 Uncommon trap: reason=class_check action=maybe_recompile pc=0x00000000052de7dc method=java.util.regex.Matcher.search(I)Z @ 86
Event: 3148.387 Thread 0x000000001f4f2800 Uncommon trap: reason=class_check action=maybe_recompile pc=0x00000000055c5410 method=java.util.HashMap.removeNode(ILjava/lang/Object;Ljava/lang/Object;ZZ)Ljava/util/HashMap$Node; @ 143

Internal exceptions (10 events):
Event: 1344.448 Thread 0x000000001f4f1800 Exception <a 'java/security/PrivilegedActionException'> (0x00000000ef37e028) thrown at [C:\re\workspace\8-2-build-windows-amd64-cygwin\jdk8u144\9417\hotspot\src\share\vm\prims\jvm.cpp, line 1390]
Event: 1344.448 Thread 0x000000001f4f1800 Exception <a 'java/security/PrivilegedActionException'> (0x00000000ef37e7f0) thrown at [C:\re\workspace\8-2-build-windows-amd64-cygwin\jdk8u144\9417\hotspot\src\share\vm\prims\jvm.cpp, line 1390]
Event: 1344.448 Thread 0x000000001f4f1800 Exception <a 'java/security/PrivilegedActionException'> (0x00000000ef389960) thrown at [C:\re\workspace\8-2-build-windows-amd64-cygwin\jdk8u144\9417\hotspot\src\share\vm\prims\jvm.cpp, line 1390]
Event: 1344.448 Thread 0x000000001f4f1800 Exception <a 'java/security/PrivilegedActionException'> (0x00000000ef38a128) thrown at [C:\re\workspace\8-2-build-windows-amd64-cygwin\jdk8u144\9417\hotspot\src\share\vm\prims\jvm.cpp, line 1390]
Event: 1344.822 Thread 0x000000001f4f1800 Exception <a 'java/lang/reflect/InvocationTargetException'> (0x00000000f04f1868) thrown at [C:\re\workspace\8-2-build-windows-amd64-cygwin\jdk8u144\9417\hotspot\src\share\vm\runtime\reflection.cpp, line 1092]
Event: 1367.971 Thread 0x000000001f4eb000 Exception <a 'java/lang/ClassNotFoundException': java/lang/ObjectCustomizer> (0x00000000f0c226e0) thrown at [C:\re\workspace\8-2-build-windows-amd64-cygwin\jdk8u144\9417\hotspot\src\share\vm\classfile\systemDictionary.cpp, line 210]
Event: 1367.973 Thread 0x000000001f4eb000 Exception <a 'java/lang/ClassNotFoundException': com/softtech/localLevel/model/ProtectedAreasCustomizer> (0x00000000f0c3f100) thrown at [C:\re\workspace\8-2-build-windows-amd64-cygwin\jdk8u144\9417\hotspot\src\share\vm\classfile\systemDictionary.cpp, line
Event: 3112.946 Thread 0x000000001bc28800 Exception <a 'java/lang/ClassNotFoundException': java/lang/ObjectCustomizer> (0x00000000f1bfdd90) thrown at [C:\re\workspace\8-2-build-windows-amd64-cygwin\jdk8u144\9417\hotspot\src\share\vm\classfile\systemDictionary.cpp, line 210]
Event: 3112.947 Thread 0x000000001bc28800 Exception <a 'java/lang/ClassNotFoundException': com/softtech/localLevel/model/MountainsCustomizer> (0x00000000f1c18530) thrown at [C:\re\workspace\8-2-build-windows-amd64-cygwin\jdk8u144\9417\hotspot\src\share\vm\classfile\systemDictionary.cpp, line 210]
Event: 3112.948 Thread 0x000000001bc28800 Exception <a 'java/lang/ClassNotFoundException': java/io/SerializableCustomizer> (0x00000000f1c38e38) thrown at [C:\re\workspace\8-2-build-windows-amd64-cygwin\jdk8u144\9417\hotspot\src\share\vm\classfile\systemDictionary.cpp, line 210]

Events (10 events):
Event: 3349.037 Executing VM operation: RevokeBias
Event: 3349.037 Executing VM operation: RevokeBias done
Event: 3453.503 Executing VM operation: RevokeBias
Event: 3453.503 Executing VM operation: RevokeBias done
Event: 3512.109 Executing VM operation: RevokeBias
Event: 3512.109 Executing VM operation: RevokeBias done
Event: 3633.504 Executing VM operation: RevokeBias
Event: 3633.504 Executing VM operation: RevokeBias done
Event: 3690.685 Executing VM operation: RevokeBias
Event: 3690.685 Executing VM operation: RevokeBias done


Dynamic libraries:
0x00007ff79b660000 - 0x00007ff79b697000 	C:\Program Files\Java\jre1.8.0_144\bin\javaw.exe
0x00007ffac9120000 - 0x00007ffac9300000 	C:\WINDOWS\SYSTEM32\ntdll.dll
0x00007ffac8720000 - 0x00007ffac87ce000 	C:\WINDOWS\System32\KERNEL32.DLL
0x00007ffac6280000 - 0x00007ffac64e6000 	C:\WINDOWS\System32\KERNELBASE.dll
0x00007ffac6980000 - 0x00007ffac6a21000 	C:\WINDOWS\System32\ADVAPI32.dll
0x00007ffac8650000 - 0x00007ffac86ed000 	C:\WINDOWS\System32\msvcrt.dll
0x00007ffac6d00000 - 0x00007ffac6d5b000 	C:\WINDOWS\System32\sechost.dll
0x00007ffac8ed0000 - 0x00007ffac8fef000 	C:\WINDOWS\System32\RPCRT4.dll
0x00007ffac6d70000 - 0x00007ffac6eff000 	C:\WINDOWS\System32\USER32.dll
0x00007ffac5580000 - 0x00007ffac55a0000 	C:\WINDOWS\System32\win32u.dll
0x00007ffac86f0000 - 0x00007ffac8718000 	C:\WINDOWS\System32\GDI32.dll
0x00007ffac6040000 - 0x00007ffac61d3000 	C:\WINDOWS\System32\gdi32full.dll
0x00007ffac61e0000 - 0x00007ffac627b000 	C:\WINDOWS\System32\msvcp_win.dll
0x00007ffac5770000 - 0x00007ffac5866000 	C:\WINDOWS\System32\ucrtbase.dll
0x00007ffab4c80000 - 0x00007ffab4ee9000 	C:\WINDOWS\WinSxS\amd64_microsoft.windows.common-controls_6595b64144ccf1df_6.0.16299.309_none_15cfd4c4935e6b11\COMCTL32.dll
0x00007ffac6670000 - 0x00007ffac6978000 	C:\WINDOWS\System32\combase.dll
0x00007ffac5870000 - 0x00007ffac58e2000 	C:\WINDOWS\System32\bcryptPrimitives.dll
0x00007ffac7090000 - 0x00007ffac70bd000 	C:\WINDOWS\System32\IMM32.DLL
0x0000000075b90000 - 0x0000000075c62000 	C:\Program Files\Java\jre1.8.0_144\bin\msvcr100.dll
0x0000000074f10000 - 0x00000000757ad000 	C:\Program Files\Java\jre1.8.0_144\bin\server\jvm.dll
0x00007ffac70c0000 - 0x00007ffac70c8000 	C:\WINDOWS\System32\PSAPI.DLL
0x00007ffabe480000 - 0x00007ffabe4a3000 	C:\WINDOWS\SYSTEM32\WINMM.dll
0x00007ffab4b20000 - 0x00007ffab4b29000 	C:\WINDOWS\SYSTEM32\WSOCK32.dll
0x00007ffab8290000 - 0x00007ffab829a000 	C:\WINDOWS\SYSTEM32\VERSION.dll
0x00007ffac71a0000 - 0x00007ffac720c000 	C:\WINDOWS\System32\WS2_32.dll
0x00007ffabe450000 - 0x00007ffabe47a000 	C:\WINDOWS\SYSTEM32\WINMMBASE.dll
0x00007ffac65a0000 - 0x00007ffac65ea000 	C:\WINDOWS\System32\cfgmgr32.dll
0x0000000074f00000 - 0x0000000074f0f000 	C:\Program Files\Java\jre1.8.0_144\bin\verify.dll
0x0000000074ed0000 - 0x0000000074ef9000 	C:\Program Files\Java\jre1.8.0_144\bin\java.dll
0x0000000074eb0000 - 0x0000000074ec6000 	C:\Program Files\Java\jre1.8.0_144\bin\zip.dll
0x00007ffac7210000 - 0x00007ffac8646000 	C:\WINDOWS\System32\SHELL32.dll
0x00007ffac89d0000 - 0x00007ffac8a76000 	C:\WINDOWS\System32\shcore.dll
0x00007ffac58f0000 - 0x00007ffac6037000 	C:\WINDOWS\System32\windows.storage.dll
0x00007ffac9090000 - 0x00007ffac90e1000 	C:\WINDOWS\System32\shlwapi.dll
0x00007ffac54e0000 - 0x00007ffac54f1000 	C:\WINDOWS\System32\kernel.appcore.dll
0x00007ffac5490000 - 0x00007ffac54dc000 	C:\WINDOWS\System32\powrprof.dll
0x00007ffac5500000 - 0x00007ffac551b000 	C:\WINDOWS\System32\profapi.dll
0x00000000757b0000 - 0x00000000757bd000 	C:\Program Files\Java\jre1.8.0_144\bin\management.dll
0x0000000074e90000 - 0x0000000074eaa000 	C:\Program Files\Java\jre1.8.0_144\bin\net.dll
0x00007ffac4d00000 - 0x00007ffac4d66000 	C:\WINDOWS\system32\mswsock.dll
0x00007ffab4120000 - 0x00007ffab4136000 	C:\WINDOWS\system32\napinsp.dll
0x00007ffab4080000 - 0x00007ffab409a000 	C:\WINDOWS\system32\pnrpnsp.dll
0x00007ffac1a60000 - 0x00007ffac1a78000 	C:\WINDOWS\system32\NLAapi.dll
0x00007ffac4ad0000 - 0x00007ffac4b86000 	C:\WINDOWS\SYSTEM32\DNSAPI.dll
0x00007ffac6d60000 - 0x00007ffac6d68000 	C:\WINDOWS\System32\NSI.dll
0x00007ffac4a90000 - 0x00007ffac4ac9000 	C:\WINDOWS\SYSTEM32\IPHLPAPI.DLL
0x00007ffab3f80000 - 0x00007ffab3f8e000 	C:\WINDOWS\System32\winrnr.dll
0x0000000076070000 - 0x0000000076096000 	C:\Program Files\Bonjour\mdnsNSP.dll
0x00007ffabe810000 - 0x00007ffabe825000 	C:\WINDOWS\System32\wshbth.dll
0x00007ffabb6a0000 - 0x00007ffabb6aa000 	C:\Windows\System32\rasadhlp.dll
0x00007ffabd770000 - 0x00007ffabd7e0000 	C:\WINDOWS\System32\fwpuclnt.dll
0x00007ffac4fd0000 - 0x00007ffac4ff5000 	C:\WINDOWS\SYSTEM32\bcrypt.dll
0x0000000074e70000 - 0x0000000074e81000 	C:\Program Files\Java\jre1.8.0_144\bin\nio.dll
0x00007ffac4ec0000 - 0x00007ffac4ed7000 	C:\WINDOWS\SYSTEM32\CRYPTSP.dll
0x00007ffac4900000 - 0x00007ffac4933000 	C:\WINDOWS\system32\rsaenh.dll
0x00007ffac53a0000 - 0x00007ffac53c9000 	C:\WINDOWS\SYSTEM32\USERENV.dll
0x00007ffac4ee0000 - 0x00007ffac4eeb000 	C:\WINDOWS\SYSTEM32\CRYPTBASE.dll
0x00007ffabdf50000 - 0x00007ffabdf66000 	C:\WINDOWS\SYSTEM32\dhcpcsvc6.DLL
0x00007ffabe030000 - 0x00007ffabe04a000 	C:\WINDOWS\SYSTEM32\dhcpcsvc.DLL

VM Arguments:
jvm_args: -Dfile.encoding=UTF-8 
java_command: com.softtech.localLevel.LocalLevelApplication
java_class_path (initial): C:\Users\Lothbroke\Desktop\Softech\Project\LocalLevel\target\classes;C:\Users\Lothbroke\.m2\repository\org\springframework\boot\spring-boot-starter-data-jpa\1.5.10.RELEASE\spring-boot-starter-data-jpa-1.5.10.RELEASE.jar;C:\Users\Lothbroke\.m2\repository\org\springframework\boot\spring-boot-starter\1.5.10.RELEASE\spring-boot-starter-1.5.10.RELEASE.jar;C:\Users\Lothbroke\.m2\repository\org\springframework\boot\spring-boot\1.5.10.RELEASE\spring-boot-1.5.10.RELEASE.jar;C:\Users\Lothbroke\.m2\repository\org\springframework\boot\spring-boot-autoconfigure\1.5.10.RELEASE\spring-boot-autoconfigure-1.5.10.RELEASE.jar;C:\Users\Lothbroke\.m2\repository\org\springframework\boot\spring-boot-starter-logging\1.5.10.RELEASE\spring-boot-starter-logging-1.5.10.RELEASE.jar;C:\Users\Lothbroke\.m2\repository\ch\qos\logback\logback-classic\1.1.11\logback-classic-1.1.11.jar;C:\Users\Lothbroke\.m2\repository\ch\qos\logback\logback-core\1.1.11\logback-core-1.1.11.jar;C:\Users\Lothbroke\.m2\repository\org\slf4j\jul-to-slf4j\1.7.25\jul-to-slf4j-1.7.25.jar;C:\Users\Lothbroke\.m2\repository\org\slf4j\log4j-over-slf4j\1.7.25\log4j-over-slf4j-1.7.25.jar;C:\Users\Lothbroke\.m2\repository\org\yaml\snakeyaml\1.17\snakeyaml-1.17.jar;C:\Users\Lothbroke\.m2\repository\org\springframework\boot\spring-boot-starter-aop\1.5.10.RELEASE\spring-boot-starter-aop-1.5.10.RELEASE.jar;C:\Users\Lothbroke\.m2\repository\org\springframework\spring-aop\4.3.14.RELEASE\spring-aop-4.3.14.RELEASE.jar;C:\Users\Lothbroke\.m2\repository\org\aspectj\aspectjweaver\1.8.13\aspectjweaver-1.8.13.jar;C:\Users\Lothbroke\.m2\repository\org\springframework\boot\spring-boot-starter-jdbc\1.5.10.RELEASE\spring-boot-starter-jdbc-1.5.10.RELEASE.jar;C:\Users\Lothbroke\.m2\repository\org\apache\tomcat\tomcat-jdbc\8.5.27\tomcat-jdbc-8.5.27.jar;C:\Users\Lothbroke\.m2\repository\org\apache\tomcat\tomcat-juli\8.5.27\tomcat-juli-8.5.27.jar;C:\Users\Lothbroke\.m2\repository\org\springframework\spring-jdbc\4.3.14.RELEASE
Launcher Type: SUN_STANDARD

Environment Variables:
JAVA_HOME=C:\Program Files\Java\jdk1.8.0_144
PATH=C:/Program Files/Java/jre1.8.0_144/bin/server;C:/Program Files/Java/jre1.8.0_144/bin;C:/Program Files/Java/jre1.8.0_144/lib/amd64;C:\app\Lothbroke\product\11.2.0\dbhome_1\bin;C:\ProgramData\Oracle\Java\javapath;"C:\ProgramData\Oracle\Java\javapath;C:\Program Files\Java\jdk1.8.0_144\bin;C:\Program Files\Java\jre1.8.0_144";C:\WINDOWS\system32;C:\WINDOWS;C:\WINDOWS\System32\Wbem;C:\WINDOWS\System32\WindowsPowerShell\v1.0\;C:\Program Files\PuTTY\;C:\Program Files\Git\cmd;C:\Program Files\nodejs\;C:\Program Files\Apache software foundation\apache-maven-3.5.0\bin;C:\Users\Lothbroke\AppData\Local\Microsoft\WindowsApps;C:\Program Files\Java\jdk1.8.0_144\bin;C:\Users\Lothbroke\AppData\Roaming\npm;C:\Program Files (x86)\Microsoft VS Code\bin;C:\Users\Lothbroke\Desktop\eclipse;
USERNAME=Lothbroke
OS=Windows_NT
PROCESSOR_IDENTIFIER=Intel64 Family 6 Model 60 Stepping 3, GenuineIntel



---------------  S Y S T E M  ---------------

OS: Windows 10.0 , 64 bit Build 16299 (10.0.16299.15)

CPU:total 8 (initial active 8) (4 cores per cpu, 2 threads per core) family 6 model 60 stepping 3, cmov, cx8, fxsr, mmx, sse, sse2, sse3, ssse3, sse4.1, sse4.2, popcnt, avx, avx2, aes, clmul, erms, lzcnt, ht, tsc, tscinvbit, bmi1, bmi2

Memory: 4k page, physical 3859708k(696116k free), swap 7955708k(60k free)

vm_info: Java HotSpot(TM) 64-Bit Server VM (25.144-b01) for windows-amd64 JRE (1.8.0_144-b01), built on Jul 21 2017 21:57:33 by "java_re" with MS VC++ 10.0 (VS2010)

time: Mon Apr 09 17:19:05 2018
elapsed time: 3722 seconds (0d 1h 2m 2s)

