#
# There is insufficient memory for the Java Runtime Environment to continue.
# Native memory allocation (malloc) failed to allocate 2224656 bytes for Chunk::new
# Possible reasons:
#   The system is out of physical RAM or swap space
#   In 32 bit mode, the process size limit was hit
# Possible solutions:
#   Reduce memory load on the system
#   Increase physical memory or swap space
#   Check if swap backing store is full
#   Use 64 bit Java on a 64 bit OS
#   Decrease Java heap size (-Xmx/-Xms)
#   Decrease number of Java threads
#   Decrease Java thread stack sizes (-Xss)
#   Set larger code cache with -XX:ReservedCodeCacheSize=
# This output file may be truncated or incomplete.
#
#  Out of Memory Error (allocation.cpp:390), pid=3044, tid=0x0000000000004374
#
# JRE version: Java(TM) SE Runtime Environment (8.0_144-b01) (build 1.8.0_144-b01)
# Java VM: Java HotSpot(TM) 64-Bit Server VM (25.144-b01 mixed mode windows-amd64 compressed oops)
# Failed to write core dump. Minidumps are not enabled by default on client versions of Windows
#

---------------  T H R E A D  ---------------

Current thread (0x0000000019987000):  JavaThread "C2 CompilerThread2" daemon [_thread_in_native, id=17268, stack(0x000000001a340000,0x000000001a440000)]

Stack: [0x000000001a340000,0x000000001a440000]
[error occurred during error reporting (printing stack bounds), id 0xc0000005]

Native frames: (J=compiled Java code, j=interpreted, Vv=VM code, C=native code)


Current CompileTask:
C2: 129414 9362       4       org.springframework.asm.ClassReader::readMethod (1130 bytes)


---------------  P R O C E S S  ---------------

Java Threads: ( => current thread )
  0x000000001ea1d800 JavaThread "restartedMain" [_thread_in_native, id=12468, stack(0x000000002ab30000,0x000000002ac30000)]
  0x000000001ea1f000 JavaThread "Thread-11" [_thread_blocked, id=15016, stack(0x000000002a730000,0x000000002a830000)]
  0x00000000213b4000 JavaThread "DestroyJavaVM" [_thread_blocked, id=17292, stack(0x0000000005060000,0x0000000005160000)]
  0x000000001bde1000 JavaThread "Live Reload Server" daemon [_thread_in_native, id=14784, stack(0x0000000027320000,0x0000000027420000)]
  0x000000001bce7800 JavaThread "Abandoned connection cleanup thread" daemon [_thread_blocked, id=12880, stack(0x00000000245b0000,0x00000000246b0000)]
  0x0000000019a20000 JavaThread "Service Thread" daemon [_thread_blocked, id=13468, stack(0x000000001a540000,0x000000001a640000)]
  0x000000001999d000 JavaThread "C1 CompilerThread3" daemon [_thread_blocked, id=13904, stack(0x000000001a440000,0x000000001a540000)]
=>0x0000000019987000 JavaThread "C2 CompilerThread2" daemon [_thread_in_native, id=17268, stack(0x000000001a340000,0x000000001a440000)]
  0x0000000019986800 JavaThread "C2 CompilerThread1" daemon [_thread_blocked, id=3956, stack(0x000000001a240000,0x000000001a340000)]
  0x0000000019980000 JavaThread "C2 CompilerThread0" daemon [_thread_blocked, id=13784, stack(0x000000001a140000,0x000000001a240000)]
  0x000000001997e800 JavaThread "Attach Listener" daemon [_thread_blocked, id=16068, stack(0x000000001a040000,0x000000001a140000)]
  0x000000001997c000 JavaThread "Signal Dispatcher" daemon [_thread_blocked, id=12464, stack(0x0000000019f40000,0x000000001a040000)]
  0x000000000525e000 JavaThread "Finalizer" daemon [_thread_blocked, id=10876, stack(0x0000000019d50000,0x0000000019e50000)]
  0x000000000525a000 JavaThread "Reference Handler" daemon [_thread_blocked, id=11004, stack(0x0000000019850000,0x0000000019950000)]

Other Threads:
  0x0000000017a89000 VMThread [stack: 0x0000000019750000,0x0000000019850000] [id=3164]
  0x0000000019a95000 WatcherThread [stack: 0x000000001a640000,0x000000001a740000] [id=14268]

VM state:not at safepoint (normal execution)

VM Mutex/Monitor currently owned by a thread: None

Heap:
 PSYoungGen      total 279552K, used 19490K [0x00000000ec580000, 0x00000000fee80000, 0x0000000100000000)
  eden space 256000K, 7% used [0x00000000ec580000,0x00000000ed888908,0x00000000fbf80000)
  from space 23552K, 0% used [0x00000000fd780000,0x00000000fd780000,0x00000000fee80000)
  to   space 24064K, 0% used [0x00000000fbf80000,0x00000000fbf80000,0x00000000fd700000)
 ParOldGen       total 66560K, used 34154K [0x00000000c5000000, 0x00000000c9100000, 0x00000000ec580000)
  object space 66560K, 51% used [0x00000000c5000000,0x00000000c715a8d0,0x00000000c9100000)
 Metaspace       used 58953K, capacity 59898K, committed 60288K, reserved 1101824K
  class space    used 7253K, capacity 7426K, committed 7552K, reserved 1048576K

Card table byte_map: [0x0000000014620000,0x0000000014800000] byte_map_base: 0x0000000013ff8000

Marking Bits: (ParMarkBitMap*) 0x000000005d1dd850
 Begin Bits: [0x0000000015140000, 0x0000000016000000)
 End Bits:   [0x0000000016000000, 0x0000000016ec0000)

Polling page: 0x0000000003670000

CodeCache: size=245760Kb used=29067Kb max_used=30228Kb free=216692Kb
 bounds [0x0000000005260000, 0x0000000007010000, 0x0000000014260000]
 total_blobs=8428 nmethods=7644 adapters=695
 compilation: enabled

Compilation events (10 events):
Event: 128.654 Thread 0x0000000019987000 nmethod 9357 0x0000000005bb14d0 code [0x0000000005bb16e0, 0x0000000005bb3d38]
Event: 128.745 Thread 0x0000000019986800 9360       4       org.springframework.core.type.classreading.MethodMetadataReadingVisitor::<init> (64 bytes)
Event: 128.748 Thread 0x0000000019986800 nmethod 9360 0x00000000062f6290 code [0x00000000062f63e0, 0x00000000062f6678]
Event: 128.829 Thread 0x0000000019980000 9361       4       org.springframework.core.type.classreading.AnnotationMetadataReadingVisitor::visitField (12 bytes)
Event: 128.829 Thread 0x0000000019980000 nmethod 9361 0x00000000055b7210 code [0x00000000055b7360, 0x00000000055b7438]
Event: 128.993 Thread 0x0000000019987000 9362       4       org.springframework.asm.ClassReader::readMethod (1130 bytes)
Event: 129.210 Thread 0x0000000019986800 9363       4       org.springframework.core.type.classreading.AnnotationMetadataReadingVisitor::visitMethod (48 bytes)
Event: 129.222 Thread 0x0000000019986800 nmethod 9363 0x000000000536bd90 code [0x000000000536c0a0, 0x000000000536cea8]
Event: 129.246 Thread 0x000000001999d000 9364       3       org.springframework.boot.context.TypeExcludeFilter::match (89 bytes)
Event: 129.246 Thread 0x000000001999d000 nmethod 9364 0x0000000006708bd0 code [0x0000000006708de0, 0x0000000006709928]

GC Heap History (10 events):
Event: 58.731 GC heap before
{Heap before GC invocations=18 (full 3):
 PSYoungGen      total 249344K, used 14240K [0x00000000ec580000, 0x00000000fd380000, 0x0000000100000000)
  eden space 228352K, 0% used [0x00000000ec580000,0x00000000ec580000,0x00000000fa480000)
  from space 20992K, 67% used [0x00000000fa480000,0x00000000fb268010,0x00000000fb900000)
  to   space 22016K, 0% used [0x00000000fbe00000,0x00000000fbe00000,0x00000000fd380000)
 ParOldGen       total 66560K, used 39799K [0x00000000c5000000, 0x00000000c9100000, 0x00000000ec580000)
  object space 66560K, 59% used [0x00000000c5000000,0x00000000c76ddc60,0x00000000c9100000)
 Metaspace       used 56432K, capacity 57228K, committed 57472K, reserved 1099776K
  class space    used 7102K, capacity 7264K, committed 7296K, reserved 1048576K
Event: 58.888 GC heap after
Heap after GC invocations=18 (full 3):
 PSYoungGen      total 249344K, used 0K [0x00000000ec580000, 0x00000000fd380000, 0x0000000100000000)
  eden space 228352K, 0% used [0x00000000ec580000,0x00000000ec580000,0x00000000fa480000)
  from space 20992K, 0% used [0x00000000fa480000,0x00000000fa480000,0x00000000fb900000)
  to   space 22016K, 0% used [0x00000000fbe00000,0x00000000fbe00000,0x00000000fd380000)
 ParOldGen       total 66560K, used 32414K [0x00000000c5000000, 0x00000000c9100000, 0x00000000ec580000)
  object space 66560K, 48% used [0x00000000c5000000,0x00000000c6fa7b50,0x00000000c9100000)
 Metaspace       used 56414K, capacity 57198K, committed 57472K, reserved 1099776K
  class space    used 7099K, capacity 7259K, committed 7296K, reserved 1048576K
}
Event: 62.247 GC heap before
{Heap before GC invocations=19 (full 3):
 PSYoungGen      total 249344K, used 228352K [0x00000000ec580000, 0x00000000fd380000, 0x0000000100000000)
  eden space 228352K, 100% used [0x00000000ec580000,0x00000000fa480000,0x00000000fa480000)
  from space 20992K, 0% used [0x00000000fa480000,0x00000000fa480000,0x00000000fb900000)
  to   space 22016K, 0% used [0x00000000fbe00000,0x00000000fbe00000,0x00000000fd380000)
 ParOldGen       total 66560K, used 32414K [0x00000000c5000000, 0x00000000c9100000, 0x00000000ec580000)
  object space 66560K, 48% used [0x00000000c5000000,0x00000000c6fa7b50,0x00000000c9100000)
 Metaspace       used 57396K, capacity 58296K, committed 58624K, reserved 1099776K
  class space    used 7181K, capacity 7350K, committed 7424K, reserved 1048576K
Event: 62.258 GC heap after
Heap after GC invocations=19 (full 3):
 PSYoungGen      total 250368K, used 12950K [0x00000000ec580000, 0x00000000fd380000, 0x0000000100000000)
  eden space 228352K, 0% used [0x00000000ec580000,0x00000000ec580000,0x00000000fa480000)
  from space 22016K, 58% used [0x00000000fbe00000,0x00000000fcaa59c0,0x00000000fd380000)
  to   space 20992K, 0% used [0x00000000fa480000,0x00000000fa480000,0x00000000fb900000)
 ParOldGen       total 66560K, used 32422K [0x00000000c5000000, 0x00000000c9100000, 0x00000000ec580000)
  object space 66560K, 48% used [0x00000000c5000000,0x00000000c6fa9b50,0x00000000c9100000)
 Metaspace       used 57396K, capacity 58296K, committed 58624K, reserved 1099776K
  class space    used 7181K, capacity 7350K, committed 7424K, reserved 1048576K
}
Event: 71.264 GC heap before
{Heap before GC invocations=20 (full 3):
 PSYoungGen      total 250368K, used 241302K [0x00000000ec580000, 0x00000000fd380000, 0x0000000100000000)
  eden space 228352K, 100% used [0x00000000ec580000,0x00000000fa480000,0x00000000fa480000)
  from space 22016K, 58% used [0x00000000fbe00000,0x00000000fcaa59c0,0x00000000fd380000)
  to   space 20992K, 0% used [0x00000000fa480000,0x00000000fa480000,0x00000000fb900000)
 ParOldGen       total 66560K, used 32422K [0x00000000c5000000, 0x00000000c9100000, 0x00000000ec580000)
  object space 66560K, 48% used [0x00000000c5000000,0x00000000c6fa9b50,0x00000000c9100000)
 Metaspace       used 58926K, capacity 59852K, committed 60032K, reserved 1101824K
  class space    used 7255K, capacity 7428K, committed 7552K, reserved 1048576K
Event: 71.284 GC heap after
Heap after GC invocations=20 (full 3):
 PSYoungGen      total 249344K, used 20139K [0x00000000ec580000, 0x00000000fef80000, 0x0000000100000000)
  eden space 228352K, 0% used [0x00000000ec580000,0x00000000ec580000,0x00000000fa480000)
  from space 20992K, 95% used [0x00000000fa480000,0x00000000fb82ad60,0x00000000fb900000)
  to   space 24576K, 0% used [0x00000000fd780000,0x00000000fd780000,0x00000000fef80000)
 ParOldGen       total 66560K, used 32430K [0x00000000c5000000, 0x00000000c9100000, 0x00000000ec580000)
  object space 66560K, 48% used [0x00000000c5000000,0x00000000c6fabb50,0x00000000c9100000)
 Metaspace       used 58926K, capacity 59852K, committed 60032K, reserved 1101824K
  class space    used 7255K, capacity 7428K, committed 7552K, reserved 1048576K
}
Event: 128.351 GC heap before
{Heap before GC invocations=21 (full 3):
 PSYoungGen      total 249344K, used 67136K [0x00000000ec580000, 0x00000000fef80000, 0x0000000100000000)
  eden space 228352K, 20% used [0x00000000ec580000,0x00000000ef3653d8,0x00000000fa480000)
  from space 20992K, 95% used [0x00000000fa480000,0x00000000fb82ad60,0x00000000fb900000)
  to   space 24576K, 0% used [0x00000000fd780000,0x00000000fd780000,0x00000000fef80000)
 ParOldGen       total 66560K, used 32430K [0x00000000c5000000, 0x00000000c9100000, 0x00000000ec580000)
  object space 66560K, 48% used [0x00000000c5000000,0x00000000c6fabb50,0x00000000c9100000)
 Metaspace       used 58954K, capacity 59858K, committed 60032K, reserved 1101824K
  class space    used 7256K, capacity 7430K, committed 7552K, reserved 1048576K
Event: 128.357 GC heap after
Heap after GC invocations=21 (full 3):
 PSYoungGen      total 279552K, used 6608K [0x00000000ec580000, 0x00000000fee80000, 0x0000000100000000)
  eden space 256000K, 0% used [0x00000000ec580000,0x00000000ec580000,0x00000000fbf80000)
  from space 23552K, 28% used [0x00000000fd780000,0x00000000fddf4090,0x00000000fee80000)
  to   space 24064K, 0% used [0x00000000fbf80000,0x00000000fbf80000,0x00000000fd700000)
 ParOldGen       total 66560K, used 32438K [0x00000000c5000000, 0x00000000c9100000, 0x00000000ec580000)
  object space 66560K, 48% used [0x00000000c5000000,0x00000000c6fadb50,0x00000000c9100000)
 Metaspace       used 58954K, capacity 59858K, committed 60032K, reserved 1101824K
  class space    used 7256K, capacity 7430K, committed 7552K, reserved 1048576K
}
Event: 128.357 GC heap before
{Heap before GC invocations=22 (full 4):
 PSYoungGen      total 279552K, used 6608K [0x00000000ec580000, 0x00000000fee80000, 0x0000000100000000)
  eden space 256000K, 0% used [0x00000000ec580000,0x00000000ec580000,0x00000000fbf80000)
  from space 23552K, 28% used [0x00000000fd780000,0x00000000fddf4090,0x00000000fee80000)
  to   space 24064K, 0% used [0x00000000fbf80000,0x00000000fbf80000,0x00000000fd700000)
 ParOldGen       total 66560K, used 32438K [0x00000000c5000000, 0x00000000c9100000, 0x00000000ec580000)
  object space 66560K, 48% used [0x00000000c5000000,0x00000000c6fadb50,0x00000000c9100000)
 Metaspace       used 58954K, capacity 59858K, committed 60032K, reserved 1101824K
  class space    used 7256K, capacity 7430K, committed 7552K, reserved 1048576K
Event: 128.540 GC heap after
Heap after GC invocations=22 (full 4):
 PSYoungGen      total 279552K, used 0K [0x00000000ec580000, 0x00000000fee80000, 0x0000000100000000)
  eden space 256000K, 0% used [0x00000000ec580000,0x00000000ec580000,0x00000000fbf80000)
  from space 23552K, 0% used [0x00000000fd780000,0x00000000fd780000,0x00000000fee80000)
  to   space 24064K, 0% used [0x00000000fbf80000,0x00000000fbf80000,0x00000000fd700000)
 ParOldGen       total 66560K, used 34154K [0x00000000c5000000, 0x00000000c9100000, 0x00000000ec580000)
  object space 66560K, 51% used [0x00000000c5000000,0x00000000c715a8d0,0x00000000c9100000)
 Metaspace       used 58932K, capacity 59822K, committed 60032K, reserved 1101824K
  class space    used 7252K, capacity 7423K, committed 7552K, reserved 1048576K
}

Deoptimization events (10 events):
Event: 62.156 Thread 0x00000000213af800 Uncommon trap: reason=bimorphic action=maybe_recompile pc=0x0000000006213640 method=org.hibernate.internal.util.collections.JoinedIterator.hasNext()Z @ 8
Event: 68.056 Thread 0x00000000213af800 Uncommon trap: reason=null_check action=make_not_entrant pc=0x000000000652f2e4 method=org.springframework.data.util.ClassTypeInformation.from(Ljava/lang/Class;)Lorg/springframework/data/util/ClassTypeInformation; @ 31
Event: 68.139 Thread 0x00000000213af800 Uncommon trap: reason=class_check action=maybe_recompile pc=0x00000000055704dc method=java.util.regex.Matcher.search(I)Z @ 86
Event: 68.139 Thread 0x00000000213af800 Uncommon trap: reason=class_check action=maybe_recompile pc=0x00000000055704dc method=java.util.regex.Matcher.search(I)Z @ 86
Event: 68.139 Thread 0x00000000213af800 Uncommon trap: reason=class_check action=maybe_recompile pc=0x00000000055704dc method=java.util.regex.Matcher.search(I)Z @ 86
Event: 68.156 Thread 0x00000000213af800 Uncommon trap: reason=null_check action=make_not_entrant pc=0x0000000006d5c50c method=org.springframework.orm.jpa.support.PersistenceAnnotationBeanPostProcessor$PersistenceElement.<init>(Lorg/springframework/orm/jpa/support/PersistenceAnnotationBeanPostPr
Event: 68.346 Thread 0x00000000213af800 Uncommon trap: reason=null_check action=make_not_entrant pc=0x0000000005c8cc9c method=org.springframework.util.ClassUtils.isAssignable(Ljava/lang/Class;Ljava/lang/Class;)Z @ 38
Event: 71.066 Thread 0x00000000213af800 Uncommon trap: reason=unstable_if action=reinterpret pc=0x00000000064acea4 method=java.util.concurrent.locks.AbstractQueuedSynchronizer.release(I)Z @ 5
Event: 128.228 Thread 0x00000000213b6800 Uncommon trap: reason=unstable_if action=reinterpret pc=0x0000000006fd31a8 method=org.springframework.boot.devtools.filewatch.FileSnapshot.equals(Ljava/lang/Object;)Z @ 71
Event: 128.790 Thread 0x000000001ea1d800 Uncommon trap: reason=array_check action=maybe_recompile pc=0x00000000066361b4 method=org.springframework.core.annotation.AnnotationUtils.synthesizeAnnotationArray([Ljava/lang/annotation/Annotation;Ljava/lang/Object;)[Ljava/lang/annotation/Annotation; @ 4

Internal exceptions (10 events):
Event: 70.549 Thread 0x00000000213af800 Exception <a 'java/lang/ClassNotFoundException': java/lang/ObjectCustomizer> (0x00000000f2d79858) thrown at [C:\re\workspace\8-2-build-windows-amd64-cygwin\jdk8u144\9417\hotspot\src\share\vm\classfile\systemDictionary.cpp, line 210]
Event: 70.550 Thread 0x00000000213af800 Exception <a 'java/lang/ClassNotFoundException': com/softtech/localLevel/controller/WaterfallControllerCustomizer> (0x00000000f2d97a48) thrown at [C:\re\workspace\8-2-build-windows-amd64-cygwin\jdk8u144\9417\hotspot\src\share\vm\classfile\systemDictionary
Event: 70.551 Thread 0x00000000213af800 Exception <a 'java/lang/ClassNotFoundException': java/lang/ObjectCustomizer> (0x00000000f2db7068) thrown at [C:\re\workspace\8-2-build-windows-amd64-cygwin\jdk8u144\9417\hotspot\src\share\vm\classfile\systemDictionary.cpp, line 210]
Event: 70.552 Thread 0x00000000213af800 Exception <a 'java/lang/ClassNotFoundException': com/softtech/localLevel/service/DemographicServiceCustomizer> (0x00000000f2dd40a0) thrown at [C:\re\workspace\8-2-build-windows-amd64-cygwin\jdk8u144\9417\hotspot\src\share\vm\classfile\systemDictionary.cpp
Event: 70.766 Thread 0x00000000213af800 Exception <a 'java/security/PrivilegedActionException'> (0x00000000f4899a00) thrown at [C:\re\workspace\8-2-build-windows-amd64-cygwin\jdk8u144\9417\hotspot\src\share\vm\prims\jvm.cpp, line 1390]
Event: 70.766 Thread 0x00000000213af800 Exception <a 'java/security/PrivilegedActionException'> (0x00000000f4899df8) thrown at [C:\re\workspace\8-2-build-windows-amd64-cygwin\jdk8u144\9417\hotspot\src\share\vm\prims\jvm.cpp, line 1390]
Event: 128.343 Thread 0x00000000213ac800 Exception <a 'java/lang/InterruptedException': sleep interrupted> (0x00000000ed7f0d78) thrown at [C:\re\workspace\8-2-build-windows-amd64-cygwin\jdk8u144\9417\hotspot\src\share\vm\prims\jvm.cpp, line 3228]
Event: 128.350 Thread 0x00000000213b1000 Exception <a 'java/lang/InterruptedException': sleep interrupted> (0x00000000ef2a6f68) thrown at [C:\re\workspace\8-2-build-windows-amd64-cygwin\jdk8u144\9417\hotspot\src\share\vm\prims\jvm.cpp, line 3228]
Event: 128.573 Thread 0x000000001ea1d800 Exception <a 'java/io/FileNotFoundException'> (0x00000000ec94e340) thrown at [C:\re\workspace\8-2-build-windows-amd64-cygwin\jdk8u144\9417\hotspot\src\share\vm\prims\jni.cpp, line 709]
Event: 128.592 Thread 0x000000001ea1d800 Exception <a 'java/io/FileNotFoundException'> (0x00000000ecdbf780) thrown at [C:\re\workspace\8-2-build-windows-amd64-cygwin\jdk8u144\9417\hotspot\src\share\vm\prims\jni.cpp, line 709]

Events (10 events):
Event: 128.748 Thread 0x0000000019986800 flushing nmethod 0x00000000068cf110
Event: 128.790 Thread 0x000000001ea1d800 Uncommon trap: trap_request=0xffffffd6 fr.pc=0x00000000066361b4
Event: 128.790 Thread 0x000000001ea1d800 DEOPT PACKING pc=0x00000000066361b4 sp=0x000000002ac2d9a0
Event: 128.790 Thread 0x000000001ea1d800 DEOPT UNPACKING pc=0x00000000052a582a sp=0x000000002ac2d938 mode 2
Event: 128.830 Thread 0x0000000019980000 flushing nmethod 0x0000000006b46190
Event: 128.830 Thread 0x0000000019980000 flushing nmethod 0x0000000006bf9c90
Event: 128.830 Thread 0x0000000019980000 flushing nmethod 0x0000000006d51690
Event: 128.830 Thread 0x0000000019980000 flushing nmethod 0x0000000006d5ae90
Event: 128.830 Thread 0x0000000019980000 flushing nmethod 0x0000000006d6dd10
Event: 129.222 Thread 0x0000000019986800 flushing nmethod 0x0000000006da7250


Dynamic libraries:
0x00007ff6d2270000 - 0x00007ff6d22a7000 	C:\Program Files\Java\jre1.8.0_144\bin\javaw.exe
0x00007ffa6da00000 - 0x00007ffa6dbe0000 	C:\WINDOWS\SYSTEM32\ntdll.dll
0x00007ffa6ba60000 - 0x00007ffa6bb0e000 	C:\WINDOWS\System32\KERNEL32.DLL
0x00007ffa69e00000 - 0x00007ffa6a066000 	C:\WINDOWS\System32\KERNELBASE.dll
0x00007ffa6c160000 - 0x00007ffa6c201000 	C:\WINDOWS\System32\ADVAPI32.dll
0x00007ffa6bed0000 - 0x00007ffa6bf6d000 	C:\WINDOWS\System32\msvcrt.dll
0x00007ffa6b3f0000 - 0x00007ffa6b44b000 	C:\WINDOWS\System32\sechost.dll
0x00007ffa6bfe0000 - 0x00007ffa6c0ff000 	C:\WINDOWS\System32\RPCRT4.dll
0x00007ffa6c210000 - 0x00007ffa6c39f000 	C:\WINDOWS\System32\USER32.dll
0x00007ffa6a340000 - 0x00007ffa6a360000 	C:\WINDOWS\System32\win32u.dll
0x00007ffa6b450000 - 0x00007ffa6b478000 	C:\WINDOWS\System32\GDI32.dll
0x00007ffa6a4f0000 - 0x00007ffa6a683000 	C:\WINDOWS\System32\gdi32full.dll
0x00007ffa6a6e0000 - 0x00007ffa6a77b000 	C:\WINDOWS\System32\msvcp_win.dll
0x00007ffa6a240000 - 0x00007ffa6a336000 	C:\WINDOWS\System32\ucrtbase.dll
0x00007ffa59310000 - 0x00007ffa59579000 	C:\WINDOWS\WinSxS\amd64_microsoft.windows.common-controls_6595b64144ccf1df_6.0.16299.371_none_15c7d1789365a290\COMCTL32.dll
0x00007ffa6af30000 - 0x00007ffa6b238000 	C:\WINDOWS\System32\combase.dll
0x00007ffa6a360000 - 0x00007ffa6a3d2000 	C:\WINDOWS\System32\bcryptPrimitives.dll
0x00007ffa6b490000 - 0x00007ffa6b4bd000 	C:\WINDOWS\System32\IMM32.DLL
0x000000005d260000 - 0x000000005d332000 	C:\Program Files\Java\jre1.8.0_144\bin\msvcr100.dll
0x000000005c9c0000 - 0x000000005d25d000 	C:\Program Files\Java\jre1.8.0_144\bin\server\jvm.dll
0x00007ffa6d9c0000 - 0x00007ffa6d9c8000 	C:\WINDOWS\System32\PSAPI.DLL
0x00007ffa62e30000 - 0x00007ffa62e53000 	C:\WINDOWS\SYSTEM32\WINMM.dll
0x00007ffa5c7e0000 - 0x00007ffa5c7e9000 	C:\WINDOWS\SYSTEM32\WSOCK32.dll
0x00007ffa5d3f0000 - 0x00007ffa5d3fa000 	C:\WINDOWS\SYSTEM32\VERSION.dll
0x00007ffa6bf70000 - 0x00007ffa6bfdc000 	C:\WINDOWS\System32\WS2_32.dll
0x00007ffa62dd0000 - 0x00007ffa62dfa000 	C:\WINDOWS\SYSTEM32\WINMMBASE.dll
0x00007ffa6a690000 - 0x00007ffa6a6da000 	C:\WINDOWS\System32\cfgmgr32.dll
0x000000005c9b0000 - 0x000000005c9bf000 	C:\Program Files\Java\jre1.8.0_144\bin\verify.dll
0x000000005c980000 - 0x000000005c9a9000 	C:\Program Files\Java\jre1.8.0_144\bin\java.dll
0x000000005c960000 - 0x000000005c976000 	C:\Program Files\Java\jre1.8.0_144\bin\zip.dll
0x00007ffa6c580000 - 0x00007ffa6d9b6000 	C:\WINDOWS\System32\SHELL32.dll
0x00007ffa6bb10000 - 0x00007ffa6bbb6000 	C:\WINDOWS\System32\shcore.dll
0x00007ffa6a780000 - 0x00007ffa6aec7000 	C:\WINDOWS\System32\windows.storage.dll
0x00007ffa6c510000 - 0x00007ffa6c561000 	C:\WINDOWS\System32\shlwapi.dll
0x00007ffa69de0000 - 0x00007ffa69df1000 	C:\WINDOWS\System32\kernel.appcore.dll
0x00007ffa69d90000 - 0x00007ffa69ddc000 	C:\WINDOWS\System32\powrprof.dll
0x00007ffa69d70000 - 0x00007ffa69d8b000 	C:\WINDOWS\System32\profapi.dll
0x000000005c950000 - 0x000000005c95d000 	C:\Program Files\Java\jre1.8.0_144\bin\management.dll
0x000000005c930000 - 0x000000005c94a000 	C:\Program Files\Java\jre1.8.0_144\bin\net.dll
0x00007ffa695e0000 - 0x00007ffa69646000 	C:\WINDOWS\system32\mswsock.dll
0x00007ffa5dfe0000 - 0x00007ffa5dff6000 	C:\WINDOWS\system32\napinsp.dll
0x00007ffa5dfc0000 - 0x00007ffa5dfda000 	C:\WINDOWS\system32\pnrpnsp.dll
0x00007ffa66340000 - 0x00007ffa66358000 	C:\WINDOWS\system32\NLAapi.dll
0x00007ffa693b0000 - 0x00007ffa69466000 	C:\WINDOWS\SYSTEM32\DNSAPI.dll
0x00007ffa6c570000 - 0x00007ffa6c578000 	C:\WINDOWS\System32\NSI.dll
0x00007ffa69370000 - 0x00007ffa693a9000 	C:\WINDOWS\SYSTEM32\IPHLPAPI.DLL
0x00007ffa5a5d0000 - 0x00007ffa5a5de000 	C:\WINDOWS\System32\winrnr.dll
0x000000005d750000 - 0x000000005d776000 	C:\Program Files\Bonjour\mdnsNSP.dll
0x00007ffa64ad0000 - 0x00007ffa64ae5000 	C:\WINDOWS\System32\wshbth.dll
0x00007ffa60a70000 - 0x00007ffa60a7a000 	C:\Windows\System32\rasadhlp.dll
0x00007ffa62030000 - 0x00007ffa620a0000 	C:\WINDOWS\System32\fwpuclnt.dll
0x00007ffa698b0000 - 0x00007ffa698d5000 	C:\WINDOWS\SYSTEM32\bcrypt.dll
0x000000005c910000 - 0x000000005c921000 	C:\Program Files\Java\jre1.8.0_144\bin\nio.dll
0x00007ffa697a0000 - 0x00007ffa697b7000 	C:\WINDOWS\SYSTEM32\CRYPTSP.dll
0x00007ffa691e0000 - 0x00007ffa69213000 	C:\WINDOWS\system32\rsaenh.dll
0x00007ffa69c80000 - 0x00007ffa69ca9000 	C:\WINDOWS\SYSTEM32\USERENV.dll
0x00007ffa697c0000 - 0x00007ffa697cb000 	C:\WINDOWS\SYSTEM32\CRYPTBASE.dll
0x00007ffa62b70000 - 0x00007ffa62b86000 	C:\WINDOWS\SYSTEM32\dhcpcsvc6.DLL
0x00007ffa62c20000 - 0x00007ffa62c3a000 	C:\WINDOWS\SYSTEM32\dhcpcsvc.DLL

VM Arguments:
jvm_args: -Dfile.encoding=UTF-8 
java_command: com.softtech.localLevel.LocalLevelApplication
java_class_path (initial): C:\Users\Lothbroke\Desktop\SoftechProjects\Project\LocalLevel\target\classes;C:\Users\Lothbroke\.m2\repository\org\springframework\boot\spring-boot-starter-data-jpa\1.5.10.RELEASE\spring-boot-starter-data-jpa-1.5.10.RELEASE.jar;C:\Users\Lothbroke\.m2\repository\org\springframework\boot\spring-boot-starter\1.5.10.RELEASE\spring-boot-starter-1.5.10.RELEASE.jar;C:\Users\Lothbroke\.m2\repository\org\springframework\boot\spring-boot-starter-logging\1.5.10.RELEASE\spring-boot-starter-logging-1.5.10.RELEASE.jar;C:\Users\Lothbroke\.m2\repository\ch\qos\logback\logback-classic\1.1.11\logback-classic-1.1.11.jar;C:\Users\Lothbroke\.m2\repository\ch\qos\logback\logback-core\1.1.11\logback-core-1.1.11.jar;C:\Users\Lothbroke\.m2\repository\org\slf4j\jul-to-slf4j\1.7.25\jul-to-slf4j-1.7.25.jar;C:\Users\Lothbroke\.m2\repository\org\slf4j\log4j-over-slf4j\1.7.25\log4j-over-slf4j-1.7.25.jar;C:\Users\Lothbroke\.m2\repository\org\yaml\snakeyaml\1.17\snakeyaml-1.17.jar;C:\Users\Lothbroke\.m2\repository\org\springframework\boot\spring-boot-starter-aop\1.5.10.RELEASE\spring-boot-starter-aop-1.5.10.RELEASE.jar;C:\Users\Lothbroke\.m2\repository\org\springframework\spring-aop\4.3.14.RELEASE\spring-aop-4.3.14.RELEASE.jar;C:\Users\Lothbroke\.m2\repository\org\aspectj\aspectjweaver\1.8.13\aspectjweaver-1.8.13.jar;C:\Users\Lothbroke\.m2\repository\org\springframework\boot\spring-boot-starter-jdbc\1.5.10.RELEASE\spring-boot-starter-jdbc-1.5.10.RELEASE.jar;C:\Users\Lothbroke\.m2\repository\org\apache\tomcat\tomcat-jdbc\8.5.27\tomcat-jdbc-8.5.27.jar;C:\Users\Lothbroke\.m2\repository\org\apache\tomcat\tomcat-juli\8.5.27\tomcat-juli-8.5.27.jar;C:\Users\Lothbroke\.m2\repository\org\springframework\spring-jdbc\4.3.14.RELEASE\spring-jdbc-4.3.14.RELEASE.jar;C:\Users\Lothbroke\.m2\repository\org\hibernate\hibernate-core\5.0.12.Final\hibernate-core-5.0.12.Final.jar;C:\Users\Lothbroke\.m2\repository\org\jboss\logging\jboss-logging\3.3.1.Final\jboss-logging-3.3.1.Final.jar;C:\Use
Launcher Type: SUN_STANDARD

Environment Variables:
JAVA_HOME=C:\Program Files\Java\jdk1.8.0_144
JRE_HOME=C:\Program Files\Java\jre1.8.0_144
CLASSPATH="C:\mysql-connector-java-5.1.43.jar;C:\apache-tomcat-7.0.86\lib\servlet-api.jar;C:\apache-tomcat-7.0.86\lib\jsp-api.jar;";
PATH=C:/Program Files/Java/jre1.8.0_144/bin/server;C:/Program Files/Java/jre1.8.0_144/bin;C:/Program Files/Java/jre1.8.0_144/lib/amd64;C:\app\Lothbroke\product\11.2.0\dbhome_1\bin;C:\ProgramData\Oracle\Java\javapath;"C:\ProgramData\Oracle\Java\javapath;C:\Program Files\Java\jdk1.8.0_144;C:\Program Files\Java\jre1.8.0_144";C:\WINDOWS\system32;C:\WINDOWS;C:\WINDOWS\System32\Wbem;C:\WINDOWS\System32\WindowsPowerShell\v1.0\;C:\Program Files\PuTTY\;C:\Program Files\nodejs\;C:\Program Files\Apache software foundation\apache-maven-3.5.0\bin;C:\Users\Lothbroke\AppData\Local\Microsoft\WindowsApps;C:\Program Files\Java\jdk1.8.0_144\bin;C:\Users\Lothbroke\AppData\Roaming\npm;C:\Program Files (x86)\Microsoft VS Code\bin;C:\Users\Lothbroke\Desktop\eclipse;
USERNAME=Lothbroke
OS=Windows_NT
PROCESSOR_IDENTIFIER=Intel64 Family 6 Model 60 Stepping 3, GenuineIntel



---------------  S Y S T E M  ---------------

OS: Windows 10.0 , 64 bit Build 16299 (10.0.16299.15)

CPU:total 8 (initial active 8) (4 cores per cpu, 2 threads per core) family 6 model 60 stepping 3, cmov, cx8, fxsr, mmx, sse, sse2, sse3, ssse3, sse4.1, sse4.2, popcnt, avx, avx2, aes, clmul, erms, lzcnt, ht, tsc, tscinvbit, bmi1, bmi2

Memory: 4k page, physical 3859708k(351168k free), swap 7955708k(6404k free)

vm_info: Java HotSpot(TM) 64-Bit Server VM (25.144-b01) for windows-amd64 JRE (1.8.0_144-b01), built on Jul 21 2017 21:57:33 by "java_re" with MS VC++ 10.0 (VS2010)

time: Fri Apr 27 16:24:18 2018
elapsed time: 129 seconds (0d 0h 2m 9s)

