#
# There is insufficient memory for the Java Runtime Environment to continue.
# Native memory allocation (malloc) failed to allocate 1122256 bytes for Chunk::new
# Possible reasons:
#   The system is out of physical RAM or swap space
#   In 32 bit mode, the process size limit was hit
# Possible solutions:
#   Reduce memory load on the system
#   Increase physical memory or swap space
#   Check if swap backing store is full
#   Use 64 bit Java on a 64 bit OS
#   Decrease Java heap size (-Xmx/-Xms)
#   Decrease number of Java threads
#   Decrease Java thread stack sizes (-Xss)
#   Set larger code cache with -XX:ReservedCodeCacheSize=
# This output file may be truncated or incomplete.
#
#  Out of Memory Error (allocation.cpp:390), pid=12088, tid=0x0000000000003444
#
# JRE version: Java(TM) SE Runtime Environment (8.0_144-b01) (build 1.8.0_144-b01)
# Java VM: Java HotSpot(TM) 64-Bit Server VM (25.144-b01 mixed mode windows-amd64 compressed oops)
# Failed to write core dump. Minidumps are not enabled by default on client versions of Windows
#

---------------  T H R E A D  ---------------

Current thread (0x0000000018e05000):  JavaThread "C2 CompilerThread2" daemon [_thread_in_native, id=13380, stack(0x00000000197c0000,0x00000000198c0000)]

Stack: [0x00000000197c0000,0x00000000198c0000]
[error occurred during error reporting (printing stack bounds), id 0xc0000005]

Native frames: (J=compiled Java code, j=interpreted, Vv=VM code, C=native code)


Current CompileTask:
C2:   4767 4087   !   4       java.net.URL::<init> (543 bytes)


---------------  P R O C E S S  ---------------

Java Threads: ( => current thread )
  0x000000001b0b4000 JavaThread "Abandoned connection cleanup thread" daemon [_thread_blocked, id=9172, stack(0x0000000021940000,0x0000000021a40000)]
  0x000000001b0b0000 JavaThread "Tomcat JDBC Pool Cleaner[1943105171:1522402241183]" daemon [_thread_blocked, id=2544, stack(0x0000000021840000,0x0000000021940000)]
  0x000000001ed9c000 JavaThread "container-0" [_thread_blocked, id=1648, stack(0x0000000021340000,0x0000000021440000)]
  0x000000001ed9b000 JavaThread "ContainerBackgroundProcessor[StandardEngine[Tomcat]]" daemon [_thread_blocked, id=1820, stack(0x0000000021240000,0x0000000021340000)]
  0x00000000205ce000 JavaThread "localhost-startStop-1" daemon [_thread_blocked, id=14924, stack(0x000000001ff30000,0x0000000020030000)]
  0x00000000205cd800 JavaThread "Tomcat-startStop-1" daemon [_thread_blocked, id=8932, stack(0x000000001fe30000,0x000000001ff30000)]
  0x0000000018e91800 JavaThread "Service Thread" daemon [_thread_blocked, id=1100, stack(0x00000000199c0000,0x0000000019ac0000)]
  0x0000000018e09000 JavaThread "C1 CompilerThread3" daemon [_thread_blocked, id=7108, stack(0x00000000198c0000,0x00000000199c0000)]
=>0x0000000018e05000 JavaThread "C2 CompilerThread2" daemon [_thread_in_native, id=13380, stack(0x00000000197c0000,0x00000000198c0000)]
  0x0000000018e03800 JavaThread "C2 CompilerThread1" daemon [_thread_in_native, id=17688, stack(0x00000000196c0000,0x00000000197c0000)]
  0x0000000018e00800 JavaThread "C2 CompilerThread0" daemon [_thread_in_native, id=17880, stack(0x00000000195c0000,0x00000000196c0000)]
  0x0000000018dff000 JavaThread "Attach Listener" daemon [_thread_blocked, id=19492, stack(0x00000000194c0000,0x00000000195c0000)]
  0x0000000018dfe000 JavaThread "Signal Dispatcher" daemon [_thread_blocked, id=2380, stack(0x00000000193c0000,0x00000000194c0000)]
  0x00000000046bd800 JavaThread "Finalizer" daemon [_thread_blocked, id=9844, stack(0x00000000191d0000,0x00000000192d0000)]
  0x0000000016eed000 JavaThread "Reference Handler" daemon [_thread_blocked, id=2376, stack(0x0000000018cd0000,0x0000000018dd0000)]
  0x00000000045c4800 JavaThread "main" [_thread_in_vm, id=16388, stack(0x00000000043f0000,0x00000000044f0000)]

Other Threads:
  0x0000000016ee9800 VMThread [stack: 0x0000000018bd0000,0x0000000018cd0000] [id=16748]
  0x0000000018ef6800 WatcherThread [stack: 0x0000000019ac0000,0x0000000019bc0000] [id=11428]

VM state:not at safepoint (normal execution)

VM Mutex/Monitor currently owned by a thread: None

Heap:
 PSYoungGen      total 130560K, used 61356K [0x00000000ec580000, 0x00000000f8300000, 0x0000000100000000)
  eden space 116736K, 52% used [0x00000000ec580000,0x00000000f016b1d8,0x00000000f3780000)
  from space 13824K, 0% used [0x00000000f3780000,0x00000000f3780000,0x00000000f4500000)
  to   space 13824K, 0% used [0x00000000f7580000,0x00000000f7580000,0x00000000f8300000)
 ParOldGen       total 36352K, used 20760K [0x00000000c5000000, 0x00000000c7380000, 0x00000000ec580000)
  object space 36352K, 57% used [0x00000000c5000000,0x00000000c6446268,0x00000000c7380000)
 Metaspace       used 41984K, capacity 42356K, committed 42624K, reserved 1087488K
  class space    used 5400K, capacity 5493K, committed 5504K, reserved 1048576K

Card table byte_map: [0x0000000013a80000,0x0000000013c60000] byte_map_base: 0x0000000013458000

Marking Bits: (ParMarkBitMap*) 0x000000007007d850
 Begin Bits: [0x00000000145a0000, 0x0000000015460000)
 End Bits:   [0x0000000015460000, 0x0000000016320000)

Polling page: 0x0000000002b80000

CodeCache: size=245760Kb used=14451Kb max_used=14697Kb free=231308Kb
 bounds [0x00000000046c0000, 0x0000000005540000, 0x00000000136c0000]
 total_blobs=4305 nmethods=3805 adapters=411
 compilation: enabled

Compilation events (10 events):
Event: 4.693 Thread 0x0000000018e09000 4179       1       javassist.bytecode.StringInfo::hashCode (5 bytes)
Event: 4.693 Thread 0x0000000018e09000 nmethod 4179 0x0000000004c29cd0 code [0x0000000004c29e20, 0x0000000004c29f30]
Event: 4.693 Thread 0x0000000018e00800 nmethod 4162 0x000000000502a950 code [0x000000000502aa80, 0x000000000502aad8]
Event: 4.695 Thread 0x0000000018e09000 4182       3       java.lang.Character::isLetter (5 bytes)
Event: 4.695 Thread 0x0000000018e09000 nmethod 4182 0x00000000048920d0 code [0x0000000004892260, 0x00000000048925b8]
Event: 4.695 Thread 0x0000000018e09000 4183       3       java.lang.Character::isLetter (18 bytes)
Event: 4.696 Thread 0x0000000018e09000 nmethod 4183 0x0000000004c2ff90 code [0x0000000004c30120, 0x0000000004c30418]
Event: 4.696 Thread 0x0000000018e09000 4184       3       org.hibernate.internal.util.collections.JoinedIterator::next (14 bytes)
Event: 4.696 Thread 0x0000000018e09000 nmethod 4184 0x0000000004c2fad0 code [0x0000000004c2fc40, 0x0000000004c2feb8]
Event: 4.701 Thread 0x0000000018e00800 4185       4       java.security.CodeSource::matchCerts (254 bytes)

GC Heap History (10 events):
Event: 1.906 GC heap before
{Heap before GC invocations=9 (full 1):
 PSYoungGen      total 68608K, used 60928K [0x00000000ec580000, 0x00000000f4c80000, 0x0000000100000000)
  eden space 60928K, 100% used [0x00000000ec580000,0x00000000f0100000,0x00000000f0100000)
  from space 7680K, 0% used [0x00000000f0100000,0x00000000f0100000,0x00000000f0880000)
  to   space 8192K, 0% used [0x00000000f4480000,0x00000000f4480000,0x00000000f4c80000)
 ParOldGen       total 36352K, used 9583K [0x00000000c5000000, 0x00000000c7380000, 0x00000000ec580000)
  object space 36352K, 26% used [0x00000000c5000000,0x00000000c595bdf0,0x00000000c7380000)
 Metaspace       used 24136K, capacity 24490K, committed 24704K, reserved 1071104K
  class space    used 3007K, capacity 3102K, committed 3200K, reserved 1048576K
Event: 1.914 GC heap after
Heap after GC invocations=9 (full 1):
 PSYoungGen      total 98816K, used 6398K [0x00000000ec580000, 0x00000000f4b00000, 0x0000000100000000)
  eden space 92160K, 0% used [0x00000000ec580000,0x00000000ec580000,0x00000000f1f80000)
  from space 6656K, 96% used [0x00000000f4480000,0x00000000f4abfaa8,0x00000000f4b00000)
  to   space 8192K, 0% used [0x00000000f3b00000,0x00000000f3b00000,0x00000000f4300000)
 ParOldGen       total 36352K, used 9591K [0x00000000c5000000, 0x00000000c7380000, 0x00000000ec580000)
  object space 36352K, 26% used [0x00000000c5000000,0x00000000c595ddf0,0x00000000c7380000)
 Metaspace       used 24136K, capacity 24490K, committed 24704K, reserved 1071104K
  class space    used 3007K, capacity 3102K, committed 3200K, reserved 1048576K
}
Event: 2.789 GC heap before
{Heap before GC invocations=10 (full 1):
 PSYoungGen      total 98816K, used 98558K [0x00000000ec580000, 0x00000000f4b00000, 0x0000000100000000)
  eden space 92160K, 100% used [0x00000000ec580000,0x00000000f1f80000,0x00000000f1f80000)
  from space 6656K, 96% used [0x00000000f4480000,0x00000000f4abfaa8,0x00000000f4b00000)
  to   space 8192K, 0% used [0x00000000f3b00000,0x00000000f3b00000,0x00000000f4300000)
 ParOldGen       total 36352K, used 9591K [0x00000000c5000000, 0x00000000c7380000, 0x00000000ec580000)
  object space 36352K, 26% used [0x00000000c5000000,0x00000000c595ddf0,0x00000000c7380000)
 Metaspace       used 29663K, capacity 30110K, committed 30336K, reserved 1075200K
  class space    used 3721K, capacity 3852K, committed 3968K, reserved 1048576K
Event: 2.806 GC heap after
Heap after GC invocations=10 (full 1):
 PSYoungGen      total 127488K, used 8183K [0x00000000ec580000, 0x00000000f5000000, 0x0000000100000000)
  eden space 119296K, 0% used [0x00000000ec580000,0x00000000ec580000,0x00000000f3a00000)
  from space 8192K, 99% used [0x00000000f3b00000,0x00000000f42fdf00,0x00000000f4300000)
  to   space 11264K, 0% used [0x00000000f4500000,0x00000000f4500000,0x00000000f5000000)
 ParOldGen       total 36352K, used 14360K [0x00000000c5000000, 0x00000000c7380000, 0x00000000ec580000)
  object space 36352K, 39% used [0x00000000c5000000,0x00000000c5e063d8,0x00000000c7380000)
 Metaspace       used 29663K, capacity 30110K, committed 30336K, reserved 1075200K
  class space    used 3721K, capacity 3852K, committed 3968K, reserved 1048576K
}
Event: 3.997 GC heap before
{Heap before GC invocations=11 (full 1):
 PSYoungGen      total 127488K, used 127479K [0x00000000ec580000, 0x00000000f5000000, 0x0000000100000000)
  eden space 119296K, 100% used [0x00000000ec580000,0x00000000f3a00000,0x00000000f3a00000)
  from space 8192K, 99% used [0x00000000f3b00000,0x00000000f42fdf00,0x00000000f4300000)
  to   space 11264K, 0% used [0x00000000f4500000,0x00000000f4500000,0x00000000f5000000)
 ParOldGen       total 36352K, used 14360K [0x00000000c5000000, 0x00000000c7380000, 0x00000000ec580000)
  object space 36352K, 39% used [0x00000000c5000000,0x00000000c5e063d8,0x00000000c7380000)
 Metaspace       used 34208K, capacity 34562K, committed 34816K, reserved 1079296K
  class space    used 4399K, capacity 4498K, committed 4608K, reserved 1048576K
Event: 4.010 GC heap after
Heap after GC invocations=11 (full 1):
 PSYoungGen      total 128000K, used 11255K [0x00000000ec580000, 0x00000000f7480000, 0x0000000100000000)
  eden space 116736K, 0% used [0x00000000ec580000,0x00000000ec580000,0x00000000f3780000)
  from space 11264K, 99% used [0x00000000f4500000,0x00000000f4ffdee0,0x00000000f5000000)
  to   space 13824K, 0% used [0x00000000f3780000,0x00000000f3780000,0x00000000f4500000)
 ParOldGen       total 36352K, used 18197K [0x00000000c5000000, 0x00000000c7380000, 0x00000000ec580000)
  object space 36352K, 50% used [0x00000000c5000000,0x00000000c61c56f0,0x00000000c7380000)
 Metaspace       used 34208K, capacity 34562K, committed 34816K, reserved 1079296K
  class space    used 4399K, capacity 4498K, committed 4608K, reserved 1048576K
}
Event: 4.051 GC heap before
{Heap before GC invocations=12 (full 1):
 PSYoungGen      total 128000K, used 19031K [0x00000000ec580000, 0x00000000f7480000, 0x0000000100000000)
  eden space 116736K, 6% used [0x00000000ec580000,0x00000000ecd18070,0x00000000f3780000)
  from space 11264K, 99% used [0x00000000f4500000,0x00000000f4ffdee0,0x00000000f5000000)
  to   space 13824K, 0% used [0x00000000f3780000,0x00000000f3780000,0x00000000f4500000)
 ParOldGen       total 36352K, used 18197K [0x00000000c5000000, 0x00000000c7380000, 0x00000000ec580000)
  object space 36352K, 50% used [0x00000000c5000000,0x00000000c61c56f0,0x00000000c7380000)
 Metaspace       used 34840K, capacity 35202K, committed 35456K, reserved 1079296K
  class space    used 4525K, capacity 4626K, committed 4736K, reserved 1048576K
Event: 4.060 GC heap after
Heap after GC invocations=12 (full 1):
 PSYoungGen      total 130560K, used 3902K [0x00000000ec580000, 0x00000000f8300000, 0x0000000100000000)
  eden space 116736K, 0% used [0x00000000ec580000,0x00000000ec580000,0x00000000f3780000)
  from space 13824K, 28% used [0x00000000f3780000,0x00000000f3b4f8b8,0x00000000f4500000)
  to   space 13824K, 0% used [0x00000000f7580000,0x00000000f7580000,0x00000000f8300000)
 ParOldGen       total 36352K, used 26227K [0x00000000c5000000, 0x00000000c7380000, 0x00000000ec580000)
  object space 36352K, 72% used [0x00000000c5000000,0x00000000c699ce60,0x00000000c7380000)
 Metaspace       used 34840K, capacity 35202K, committed 35456K, reserved 1079296K
  class space    used 4525K, capacity 4626K, committed 4736K, reserved 1048576K
}
Event: 4.060 GC heap before
{Heap before GC invocations=13 (full 2):
 PSYoungGen      total 130560K, used 3902K [0x00000000ec580000, 0x00000000f8300000, 0x0000000100000000)
  eden space 116736K, 0% used [0x00000000ec580000,0x00000000ec580000,0x00000000f3780000)
  from space 13824K, 28% used [0x00000000f3780000,0x00000000f3b4f8b8,0x00000000f4500000)
  to   space 13824K, 0% used [0x00000000f7580000,0x00000000f7580000,0x00000000f8300000)
 ParOldGen       total 36352K, used 26227K [0x00000000c5000000, 0x00000000c7380000, 0x00000000ec580000)
  object space 36352K, 72% used [0x00000000c5000000,0x00000000c699ce60,0x00000000c7380000)
 Metaspace       used 34840K, capacity 35202K, committed 35456K, reserved 1079296K
  class space    used 4525K, capacity 4626K, committed 4736K, reserved 1048576K
Event: 4.119 GC heap after
Heap after GC invocations=13 (full 2):
 PSYoungGen      total 130560K, used 0K [0x00000000ec580000, 0x00000000f8300000, 0x0000000100000000)
  eden space 116736K, 0% used [0x00000000ec580000,0x00000000ec580000,0x00000000f3780000)
  from space 13824K, 0% used [0x00000000f3780000,0x00000000f3780000,0x00000000f4500000)
  to   space 13824K, 0% used [0x00000000f7580000,0x00000000f7580000,0x00000000f8300000)
 ParOldGen       total 36352K, used 20760K [0x00000000c5000000, 0x00000000c7380000, 0x00000000ec580000)
  object space 36352K, 57% used [0x00000000c5000000,0x00000000c6446268,0x00000000c7380000)
 Metaspace       used 34840K, capacity 35202K, committed 35456K, reserved 1079296K
  class space    used 4525K, capacity 4626K, committed 4736K, reserved 1048576K
}

Deoptimization events (10 events):
Event: 4.459 Thread 0x00000000045c4800 Uncommon trap: reason=class_check action=maybe_recompile pc=0x0000000004854e8c method=java.util.TreeMap.getEntry(Ljava/lang/Object;)Ljava/util/TreeMap$Entry; @ 26
Event: 4.492 Thread 0x00000000045c4800 Uncommon trap: reason=class_check action=maybe_recompile pc=0x0000000004854e8c method=java.util.TreeMap.getEntry(Ljava/lang/Object;)Ljava/util/TreeMap$Entry; @ 26
Event: 4.492 Thread 0x00000000045c4800 Uncommon trap: reason=class_check action=maybe_recompile pc=0x0000000004854e8c method=java.util.TreeMap.getEntry(Ljava/lang/Object;)Ljava/util/TreeMap$Entry; @ 26
Event: 4.543 Thread 0x00000000045c4800 Uncommon trap: reason=unstable_if action=reinterpret pc=0x0000000004805c68 method=java.util.HashMap.putMapEntries(Ljava/util/Map;Z)V @ 15
Event: 4.602 Thread 0x00000000045c4800 Uncommon trap: reason=unstable_if action=reinterpret pc=0x0000000004f10824 method=java.lang.reflect.Method.invoke(Ljava/lang/Object;[Ljava/lang/Object;)Ljava/lang/Object; @ 18
Event: 4.687 Thread 0x00000000045c4800 Uncommon trap: reason=unstable_if action=reinterpret pc=0x0000000004b2b428 method=java.util.HashMap.putVal(ILjava/lang/Object;Ljava/lang/Object;ZZ)Ljava/lang/Object; @ 162
Event: 4.688 Thread 0x00000000045c4800 Uncommon trap: reason=unstable_if action=reinterpret pc=0x00000000049b762c method=java.util.HashMap.getNode(ILjava/lang/Object;)Ljava/util/HashMap$Node; @ 84
Event: 4.688 Thread 0x00000000045c4800 Uncommon trap: reason=unstable_if action=reinterpret pc=0x00000000048f661c method=java.util.HashMap.getNode(ILjava/lang/Object;)Ljava/util/HashMap$Node; @ 84
Event: 4.688 Thread 0x00000000045c4800 Uncommon trap: reason=unstable_if action=reinterpret pc=0x0000000004b9b240 method=java.util.HashMap.putVal(ILjava/lang/Object;Ljava/lang/Object;ZZ)Ljava/lang/Object; @ 109
Event: 4.689 Thread 0x00000000045c4800 Uncommon trap: reason=unstable_if action=reinterpret pc=0x0000000004b4de38 method=java.util.HashMap.resize()[Ljava/util/HashMap$Node; @ 206

Internal exceptions (10 events):
Event: 3.371 Thread 0x00000000045c4800 Exception <a 'java/lang/ClassNotFoundException': org/springframework/context/weaving/LoadTimeWeaverAwareCustomizer> (0x00000000f21cbf90) thrown at [C:\re\workspace\8-2-build-windows-amd64-cygwin\jdk8u144\9417\hotspot\src\share\vm\classfile\systemDictionar
Event: 3.372 Thread 0x00000000045c4800 Exception <a 'java/lang/ClassNotFoundException': org/springframework/beans/factory/FactoryBeanCustomizer> (0x00000000f21e2250) thrown at [C:\re\workspace\8-2-build-windows-amd64-cygwin\jdk8u144\9417\hotspot\src\share\vm\classfile\systemDictionary.cpp, lin
Event: 3.372 Thread 0x00000000045c4800 Exception <a 'java/lang/ClassNotFoundException': org/springframework/beans/factory/BeanClassLoaderAwareCustomizer> (0x00000000f21fd800) thrown at [C:\re\workspace\8-2-build-windows-amd64-cygwin\jdk8u144\9417\hotspot\src\share\vm\classfile\systemDictionary
Event: 3.373 Thread 0x00000000045c4800 Exception <a 'java/lang/ClassNotFoundException': org/springframework/beans/factory/BeanFactoryAwareCustomizer> (0x00000000f2214d58) thrown at [C:\re\workspace\8-2-build-windows-amd64-cygwin\jdk8u144\9417\hotspot\src\share\vm\classfile\systemDictionary.cpp
Event: 3.373 Thread 0x00000000045c4800 Exception <a 'java/lang/ClassNotFoundException': org/springframework/beans/factory/BeanNameAwareCustomizer> (0x00000000f222b848) thrown at [C:\re\workspace\8-2-build-windows-amd64-cygwin\jdk8u144\9417\hotspot\src\share\vm\classfile\systemDictionary.cpp, l
Event: 3.374 Thread 0x00000000045c4800 Exception <a 'java/lang/ClassNotFoundException': org/springframework/beans/factory/InitializingBeanCustomizer> (0x00000000f2242cc0) thrown at [C:\re\workspace\8-2-build-windows-amd64-cygwin\jdk8u144\9417\hotspot\src\share\vm\classfile\systemDictionary.cpp
Event: 3.374 Thread 0x00000000045c4800 Exception <a 'java/lang/ClassNotFoundException': org/springframework/beans/factory/DisposableBeanCustomizer> (0x00000000f22589a8) thrown at [C:\re\workspace\8-2-build-windows-amd64-cygwin\jdk8u144\9417\hotspot\src\share\vm\classfile\systemDictionary.cpp, 
Event: 3.374 Thread 0x00000000045c4800 Exception <a 'java/lang/ClassNotFoundException': org/springframework/orm/jpa/EntityManagerFactoryInfoCustomizer> (0x00000000f226fc20) thrown at [C:\re\workspace\8-2-build-windows-amd64-cygwin\jdk8u144\9417\hotspot\src\share\vm\classfile\systemDictionary.c
Event: 3.375 Thread 0x00000000045c4800 Exception <a 'java/lang/ClassNotFoundException': org/springframework/dao/support/PersistenceExceptionTranslatorCustomizer> (0x00000000f2292f38) thrown at [C:\re\workspace\8-2-build-windows-amd64-cygwin\jdk8u144\9417\hotspot\src\share\vm\classfile\systemDi
Event: 3.375 Thread 0x00000000045c4800 Exception <a 'java/lang/ClassNotFoundException': java/io/SerializableCustomizer> (0x00000000f229b1f8) thrown at [C:\re\workspace\8-2-build-windows-amd64-cygwin\jdk8u144\9417\hotspot\src\share\vm\classfile\systemDictionary.cpp, line 210]

Events (10 events):
Event: 4.700 loading class org/hibernate/dialect/lock/PessimisticWriteSelectLockingStrategy
Event: 4.700 loading class org/hibernate/dialect/lock/PessimisticWriteSelectLockingStrategy done
Event: 4.701 loading class org/hibernate/dialect/lock/PessimisticForceIncrementLockingStrategy
Event: 4.701 loading class org/hibernate/dialect/lock/PessimisticForceIncrementLockingStrategy done
Event: 4.701 loading class org/hibernate/dialect/lock/OptimisticLockingStrategy
Event: 4.701 loading class org/hibernate/dialect/lock/OptimisticLockingStrategy done
Event: 4.701 loading class org/hibernate/OptimisticLockException
Event: 4.701 loading class org/hibernate/OptimisticLockException done
Event: 4.701 loading class org/hibernate/dialect/lock/OptimisticForceIncrementLockingStrategy
Event: 4.701 loading class org/hibernate/dialect/lock/OptimisticForceIncrementLockingStrategy done


Dynamic libraries:
0x00007ff6d57c0000 - 0x00007ff6d57f7000 	C:\Program Files\Java\jre1.8.0_144\bin\javaw.exe
0x00007ff97bfe0000 - 0x00007ff97c1c0000 	C:\WINDOWS\SYSTEM32\ntdll.dll
0x00007ff97ac20000 - 0x00007ff97acce000 	C:\WINDOWS\System32\KERNEL32.DLL
0x00007ff979040000 - 0x00007ff9792a6000 	C:\WINDOWS\System32\KERNELBASE.dll
0x00007ff97aa00000 - 0x00007ff97aaa1000 	C:\WINDOWS\System32\ADVAPI32.dll
0x00007ff97b150000 - 0x00007ff97b1ed000 	C:\WINDOWS\System32\msvcrt.dll
0x00007ff97b1f0000 - 0x00007ff97b24b000 	C:\WINDOWS\System32\sechost.dll
0x00007ff97b250000 - 0x00007ff97b36f000 	C:\WINDOWS\System32\RPCRT4.dll
0x00007ff97b850000 - 0x00007ff97b9df000 	C:\WINDOWS\System32\USER32.dll
0x00007ff9783e0000 - 0x00007ff978400000 	C:\WINDOWS\System32\win32u.dll
0x00007ff97acd0000 - 0x00007ff97acf8000 	C:\WINDOWS\System32\GDI32.dll
0x00007ff9784d0000 - 0x00007ff978663000 	C:\WINDOWS\System32\gdi32full.dll
0x00007ff979410000 - 0x00007ff9794ab000 	C:\WINDOWS\System32\msvcp_win.dll
0x00007ff979310000 - 0x00007ff979406000 	C:\WINDOWS\System32\ucrtbase.dll
0x00007ff968900000 - 0x00007ff968b69000 	C:\WINDOWS\WinSxS\amd64_microsoft.windows.common-controls_6595b64144ccf1df_6.0.16299.309_none_15cfd4c4935e6b11\COMCTL32.dll
0x00007ff97b540000 - 0x00007ff97b848000 	C:\WINDOWS\System32\combase.dll
0x00007ff978450000 - 0x00007ff9784c2000 	C:\WINDOWS\System32\bcryptPrimitives.dll
0x00007ff9794b0000 - 0x00007ff9794dd000 	C:\WINDOWS\System32\IMM32.DLL
0x00000000702e0000 - 0x00000000703b2000 	C:\Program Files\Java\jre1.8.0_144\bin\msvcr100.dll
0x000000006f860000 - 0x00000000700fd000 	C:\Program Files\Java\jre1.8.0_144\bin\server\jvm.dll
0x00007ff97be30000 - 0x00007ff97be38000 	C:\WINDOWS\System32\PSAPI.DLL
0x00007ff96ba50000 - 0x00007ff96ba59000 	C:\WINDOWS\SYSTEM32\WSOCK32.dll
0x00007ff971310000 - 0x00007ff971333000 	C:\WINDOWS\SYSTEM32\WINMM.dll
0x00007ff96ba30000 - 0x00007ff96ba3a000 	C:\WINDOWS\SYSTEM32\VERSION.dll
0x00007ff97b0e0000 - 0x00007ff97b14c000 	C:\WINDOWS\System32\WS2_32.dll
0x00007ff9712e0000 - 0x00007ff97130a000 	C:\WINDOWS\SYSTEM32\winmmbase.dll
0x00007ff978400000 - 0x00007ff97844a000 	C:\WINDOWS\System32\cfgmgr32.dll
0x00000000704b0000 - 0x00000000704bf000 	C:\Program Files\Java\jre1.8.0_144\bin\verify.dll
0x0000000070480000 - 0x00000000704a9000 	C:\Program Files\Java\jre1.8.0_144\bin\java.dll
0x0000000070460000 - 0x0000000070476000 	C:\Program Files\Java\jre1.8.0_144\bin\zip.dll
0x00007ff9795c0000 - 0x00007ff97a9f6000 	C:\WINDOWS\System32\SHELL32.dll
0x00007ff97ad20000 - 0x00007ff97adc6000 	C:\WINDOWS\System32\shcore.dll
0x00007ff978840000 - 0x00007ff978f87000 	C:\WINDOWS\System32\windows.storage.dll
0x00007ff97b080000 - 0x00007ff97b0d1000 	C:\WINDOWS\System32\shlwapi.dll
0x00007ff9783a0000 - 0x00007ff9783b1000 	C:\WINDOWS\System32\kernel.appcore.dll
0x00007ff978350000 - 0x00007ff97839c000 	C:\WINDOWS\System32\powrprof.dll
0x00007ff978330000 - 0x00007ff97834b000 	C:\WINDOWS\System32\profapi.dll
0x00000000703c0000 - 0x00000000703cd000 	C:\Program Files\Java\jre1.8.0_144\bin\management.dll
0x0000000070440000 - 0x000000007045a000 	C:\Program Files\Java\jre1.8.0_144\bin\net.dll
0x00007ff977bc0000 - 0x00007ff977c26000 	C:\WINDOWS\system32\mswsock.dll
0x00007ff9694d0000 - 0x00007ff9694e6000 	C:\WINDOWS\system32\napinsp.dll
0x00007ff9694b0000 - 0x00007ff9694ca000 	C:\WINDOWS\system32\pnrpnsp.dll
0x00007ff974920000 - 0x00007ff974938000 	C:\WINDOWS\system32\NLAapi.dll
0x00007ff977990000 - 0x00007ff977a46000 	C:\WINDOWS\SYSTEM32\DNSAPI.dll
0x00007ff97ad10000 - 0x00007ff97ad18000 	C:\WINDOWS\System32\NSI.dll
0x00007ff977950000 - 0x00007ff977989000 	C:\WINDOWS\SYSTEM32\IPHLPAPI.DLL
0x00007ff9694a0000 - 0x00007ff9694ae000 	C:\WINDOWS\System32\winrnr.dll
0x00000000709a0000 - 0x00000000709c6000 	C:\Program Files\Bonjour\mdnsNSP.dll
0x00007ff973030000 - 0x00007ff973045000 	C:\WINDOWS\System32\wshbth.dll
0x00007ff96ee40000 - 0x00007ff96ee4a000 	C:\Windows\System32\rasadhlp.dll
0x00007ff96f2d0000 - 0x00007ff96f340000 	C:\WINDOWS\System32\fwpuclnt.dll
0x00007ff977e90000 - 0x00007ff977eb5000 	C:\WINDOWS\SYSTEM32\bcrypt.dll
0x0000000070420000 - 0x0000000070431000 	C:\Program Files\Java\jre1.8.0_144\bin\nio.dll
0x00007ff977d80000 - 0x00007ff977d97000 	C:\WINDOWS\SYSTEM32\CRYPTSP.dll
0x00007ff9777c0000 - 0x00007ff9777f3000 	C:\WINDOWS\system32\rsaenh.dll
0x00007ff978260000 - 0x00007ff978289000 	C:\WINDOWS\SYSTEM32\USERENV.dll
0x00007ff977da0000 - 0x00007ff977dab000 	C:\WINDOWS\SYSTEM32\CRYPTBASE.dll
0x00007ff970e10000 - 0x00007ff970e26000 	C:\WINDOWS\SYSTEM32\dhcpcsvc6.DLL
0x00007ff970f60000 - 0x00007ff970f7a000 	C:\WINDOWS\SYSTEM32\dhcpcsvc.DLL

VM Arguments:
jvm_args: -Dfile.encoding=UTF-8 
java_command: com.softtech.localLevel.LocalLevelApplication
java_class_path (initial): C:\Users\Lothbroke\Desktop\Softech\Project\LocalLevel\target\classes;C:\Users\Lothbroke\.m2\repository\org\springframework\boot\spring-boot-starter-data-jpa\1.5.10.RELEASE\spring-boot-starter-data-jpa-1.5.10.RELEASE.jar;C:\Users\Lothbroke\.m2\repository\org\springframework\boot\spring-boot-starter\1.5.10.RELEASE\spring-boot-starter-1.5.10.RELEASE.jar;C:\Users\Lothbroke\.m2\repository\org\springframework\boot\spring-boot\1.5.10.RELEASE\spring-boot-1.5.10.RELEASE.jar;C:\Users\Lothbroke\.m2\repository\org\springframework\boot\spring-boot-autoconfigure\1.5.10.RELEASE\spring-boot-autoconfigure-1.5.10.RELEASE.jar;C:\Users\Lothbroke\.m2\repository\org\springframework\boot\spring-boot-starter-logging\1.5.10.RELEASE\spring-boot-starter-logging-1.5.10.RELEASE.jar;C:\Users\Lothbroke\.m2\repository\ch\qos\logback\logback-classic\1.1.11\logback-classic-1.1.11.jar;C:\Users\Lothbroke\.m2\repository\ch\qos\logback\logback-core\1.1.11\logback-core-1.1.11.jar;C:\Users\Lothbroke\.m2\repository\org\slf4j\jul-to-slf4j\1.7.25\jul-to-slf4j-1.7.25.jar;C:\Users\Lothbroke\.m2\repository\org\slf4j\log4j-over-slf4j\1.7.25\log4j-over-slf4j-1.7.25.jar;C:\Users\Lothbroke\.m2\repository\org\yaml\snakeyaml\1.17\snakeyaml-1.17.jar;C:\Users\Lothbroke\.m2\repository\org\springframework\boot\spring-boot-starter-aop\1.5.10.RELEASE\spring-boot-starter-aop-1.5.10.RELEASE.jar;C:\Users\Lothbroke\.m2\repository\org\springframework\spring-aop\4.3.14.RELEASE\spring-aop-4.3.14.RELEASE.jar;C:\Users\Lothbroke\.m2\repository\org\aspectj\aspectjweaver\1.8.13\aspectjweaver-1.8.13.jar;C:\Users\Lothbroke\.m2\repository\org\springframework\boot\spring-boot-starter-jdbc\1.5.10.RELEASE\spring-boot-starter-jdbc-1.5.10.RELEASE.jar;C:\Users\Lothbroke\.m2\repository\org\apache\tomcat\tomcat-jdbc\8.5.27\tomcat-jdbc-8.5.27.jar;C:\Users\Lothbroke\.m2\repository\org\apache\tomcat\tomcat-juli\8.5.27\tomcat-juli-8.5.27.jar;C:\Users\Lothbroke\.m2\repository\org\springframework\spring-jdbc\4.3.14.RELEASE
Launcher Type: SUN_STANDARD

Environment Variables:
JAVA_HOME=C:\Program Files\Java\jdk1.8.0_144
PATH=C:/Program Files/Java/jre1.8.0_144/bin/server;C:/Program Files/Java/jre1.8.0_144/bin;C:/Program Files/Java/jre1.8.0_144/lib/amd64;C:\app\Lothbroke\product\11.2.0\dbhome_1\bin;C:\ProgramData\Oracle\Java\javapath;"C:\ProgramData\Oracle\Java\javapath;C:\Program Files\Java\jdk1.8.0_144\bin;C:\Program Files\Java\jre1.8.0_144";C:\WINDOWS\system32;C:\WINDOWS;C:\WINDOWS\System32\Wbem;C:\WINDOWS\System32\WindowsPowerShell\v1.0\;C:\Program Files\PuTTY\;C:\Program Files\Git\cmd;C:\Program Files\nodejs\;C:\Program Files\Apache software foundation\apache-maven-3.5.0\bin;C:\Users\Lothbroke\AppData\Local\Microsoft\WindowsApps;C:\Program Files\Java\jdk1.8.0_144\bin;C:\Users\Lothbroke\AppData\Roaming\npm;C:\Program Files (x86)\Microsoft VS Code\bin;C:\Users\Lothbroke\Desktop\eclipse;
USERNAME=Lothbroke
OS=Windows_NT
PROCESSOR_IDENTIFIER=Intel64 Family 6 Model 60 Stepping 3, GenuineIntel



---------------  S Y S T E M  ---------------

OS: Windows 10.0 , 64 bit Build 16299 (10.0.16299.15)

CPU:total 8 (initial active 8) (4 cores per cpu, 2 threads per core) family 6 model 60 stepping 3, cmov, cx8, fxsr, mmx, sse, sse2, sse3, ssse3, sse4.1, sse4.2, popcnt, avx, avx2, aes, clmul, erms, lzcnt, ht, tsc, tscinvbit, bmi1, bmi2

Memory: 4k page, physical 3859708k(337104k free), swap 7955708k(5864k free)

vm_info: Java HotSpot(TM) 64-Bit Server VM (25.144-b01) for windows-amd64 JRE (1.8.0_144-b01), built on Jul 21 2017 21:57:33 by "java_re" with MS VC++ 10.0 (VS2010)

time: Fri Mar 30 15:15:41 2018
elapsed time: 4 seconds (0d 0h 0m 4s)

