#
# There is insufficient memory for the Java Runtime Environment to continue.
# Native memory allocation (malloc) failed to allocate 1120016 bytes for Chunk::new
# Possible reasons:
#   The system is out of physical RAM or swap space
#   In 32 bit mode, the process size limit was hit
# Possible solutions:
#   Reduce memory load on the system
#   Increase physical memory or swap space
#   Check if swap backing store is full
#   Use 64 bit Java on a 64 bit OS
#   Decrease Java heap size (-Xmx/-Xms)
#   Decrease number of Java threads
#   Decrease Java thread stack sizes (-Xss)
#   Set larger code cache with -XX:ReservedCodeCacheSize=
# This output file may be truncated or incomplete.
#
#  Out of Memory Error (allocation.cpp:390), pid=6640, tid=0x0000000000002cf0
#
# JRE version: Java(TM) SE Runtime Environment (8.0_144-b01) (build 1.8.0_144-b01)
# Java VM: Java HotSpot(TM) 64-Bit Server VM (25.144-b01 mixed mode windows-amd64 compressed oops)
# Failed to write core dump. Minidumps are not enabled by default on client versions of Windows
#

---------------  T H R E A D  ---------------

Current thread (0x000000001900f800):  JavaThread "C2 CompilerThread0" daemon [_thread_in_native, id=11504, stack(0x00000000197d0000,0x00000000198d0000)]

Stack: [0x00000000197d0000,0x00000000198d0000]
[error occurred during error reporting (printing stack bounds), id 0xc0000005]

Native frames: (J=compiled Java code, j=interpreted, Vv=VM code, C=native code)


Current CompileTask:
C2:  11202 5683       4       org.springframework.core.ResolvableType::forType (107 bytes)


---------------  P R O C E S S  ---------------

Java Threads: ( => current thread )
  0x0000000019e6d800 JavaThread "Abandoned connection cleanup thread" daemon [_thread_blocked, id=8548, stack(0x0000000024cc0000,0x0000000024dc0000)]
  0x0000000019e0f800 JavaThread "Tomcat JDBC Pool Cleaner[1943105171:1525333890464]" daemon [_thread_blocked, id=9992, stack(0x0000000024bc0000,0x0000000024cc0000)]
  0x000000001f5e3000 JavaThread "container-0" [_thread_blocked, id=12036, stack(0x0000000022900000,0x0000000022a00000)]
  0x000000001d56d800 JavaThread "ContainerBackgroundProcessor[StandardEngine[Tomcat]]" daemon [_thread_blocked, id=8068, stack(0x00000000225e0000,0x00000000226e0000)]
  0x0000000020582000 JavaThread "localhost-startStop-1" daemon [_thread_blocked, id=3364, stack(0x00000000224e0000,0x00000000225e0000)]
  0x000000001e880000 JavaThread "Tomcat-startStop-1" daemon [_thread_blocked, id=5464, stack(0x00000000223e0000,0x00000000224e0000)]
  0x000000001b1a8000 JavaThread "restartedMain" [_thread_in_native, id=4976, stack(0x000000001ba80000,0x000000001bb80000)]
  0x000000001ac75800 JavaThread "Thread-0" [_thread_blocked, id=772, stack(0x000000001b980000,0x000000001ba80000)]
  0x00000000190a9800 JavaThread "Service Thread" daemon [_thread_blocked, id=11508, stack(0x0000000019bd0000,0x0000000019cd0000)]
  0x0000000019027800 JavaThread "C1 CompilerThread3" daemon [_thread_blocked, id=7556, stack(0x0000000019ad0000,0x0000000019bd0000)]
  0x0000000019017000 JavaThread "C2 CompilerThread2" daemon [_thread_in_native, id=6336, stack(0x00000000199d0000,0x0000000019ad0000)]
  0x0000000019016800 JavaThread "C2 CompilerThread1" daemon [_thread_in_native, id=9548, stack(0x00000000198d0000,0x00000000199d0000)]
=>0x000000001900f800 JavaThread "C2 CompilerThread0" daemon [_thread_in_native, id=11504, stack(0x00000000197d0000,0x00000000198d0000)]
  0x000000001900e800 JavaThread "Attach Listener" daemon [_thread_blocked, id=8940, stack(0x00000000196d0000,0x00000000197d0000)]
  0x000000001900c000 JavaThread "Signal Dispatcher" daemon [_thread_blocked, id=10684, stack(0x00000000195d0000,0x00000000196d0000)]
  0x00000000048ce000 JavaThread "Finalizer" daemon [_thread_blocked, id=1912, stack(0x00000000193e0000,0x00000000194e0000)]
  0x00000000048ca800 JavaThread "Reference Handler" daemon [_thread_blocked, id=10152, stack(0x0000000018ee0000,0x0000000018fe0000)]
  0x00000000047d5000 JavaThread "main" [_thread_blocked, id=7128, stack(0x00000000046d0000,0x00000000047d0000)]

Other Threads:
  0x00000000170f9000 VMThread [stack: 0x0000000018de0000,0x0000000018ee0000] [id=7188]
  0x00000000190ec000 WatcherThread [stack: 0x0000000019cd0000,0x0000000019dd0000] [id=6232]

VM state:not at safepoint (normal execution)

VM Mutex/Monitor currently owned by a thread: None

Heap:
 PSYoungGen      total 165888K, used 32703K [0x00000000ec580000, 0x00000000fa300000, 0x0000000100000000)
  eden space 154624K, 18% used [0x00000000ec580000,0x00000000ee113448,0x00000000f5c80000)
  from space 11264K, 39% used [0x00000000f6d00000,0x00000000f715ca88,0x00000000f7800000)
  to   space 16896K, 0% used [0x00000000f5c80000,0x00000000f5c80000,0x00000000f6d00000)
 ParOldGen       total 33792K, used 33608K [0x00000000c5000000, 0x00000000c7100000, 0x00000000ec580000)
  object space 33792K, 99% used [0x00000000c5000000,0x00000000c70d2188,0x00000000c7100000)
 Metaspace       used 46325K, capacity 46906K, committed 47360K, reserved 1091584K
  class space    used 5909K, capacity 6038K, committed 6144K, reserved 1048576K

Card table byte_map: [0x0000000013c90000,0x0000000013e70000] byte_map_base: 0x0000000013668000

Marking Bits: (ParMarkBitMap*) 0x00000000729fd850
 Begin Bits: [0x00000000147b0000, 0x0000000015670000)
 End Bits:   [0x0000000015670000, 0x0000000016530000)

Polling page: 0x00000000028e0000

CodeCache: size=245760Kb used=19293Kb max_used=20555Kb free=226466Kb
 bounds [0x00000000048d0000, 0x0000000005d30000, 0x00000000138d0000]
 total_blobs=5558 nmethods=5046 adapters=423
 compilation: enabled

Compilation events (10 events):
Event: 10.712 Thread 0x0000000019027800 5760       3       org.springframework.core.ResolvableType::forMethodParameter (9 bytes)
Event: 10.712 Thread 0x0000000019027800 nmethod 5760 0x00000000053a8e10 code [0x00000000053a8f80, 0x00000000053a90e8]
Event: 10.712 Thread 0x0000000019027800 5759       3       org.springframework.util.ClassUtils::isAssignableValue (34 bytes)
Event: 10.712 Thread 0x0000000019027800 nmethod 5759 0x0000000004b76a50 code [0x0000000004b76c00, 0x0000000004b770c8]
Event: 10.800 Thread 0x0000000019017000 nmethod 5626 0x0000000005d0fd50 code [0x0000000005d10480, 0x0000000005d17f38]
Event: 10.800 Thread 0x0000000019017000 5700   !   4       org.springframework.core.annotation.AnnotatedElementUtils::searchWithFindSemantics (713 bytes)
Event: 10.842 Thread 0x0000000019027800 5761       3       java.util.Locale::getVariant (8 bytes)
Event: 10.842 Thread 0x0000000019027800 nmethod 5761 0x0000000004b53250 code [0x0000000004b533a0, 0x0000000004b53590]
Event: 10.878 Thread 0x0000000019027800 5762       3       ch.qos.logback.classic.selector.DefaultContextSelector::getLoggerContext (5 bytes)
Event: 10.878 Thread 0x0000000019027800 nmethod 5762 0x0000000004c3e5d0 code [0x0000000004c3e720, 0x0000000004c3e890]

GC Heap History (10 events):
Event: 3.635 GC heap before
{Heap before GC invocations=11 (full 1):
 PSYoungGen      total 130048K, used 127567K [0x00000000ec580000, 0x00000000f7800000, 0x0000000100000000)
  eden space 119296K, 100% used [0x00000000ec580000,0x00000000f3a00000,0x00000000f3a00000)
  from space 10752K, 76% used [0x00000000f3a00000,0x00000000f4213d88,0x00000000f4480000)
  to   space 11264K, 0% used [0x00000000f6d00000,0x00000000f6d00000,0x00000000f7800000)
 ParOldGen       total 33792K, used 8815K [0x00000000c5000000, 0x00000000c7100000, 0x00000000ec580000)
  object space 33792K, 26% used [0x00000000c5000000,0x00000000c589bdb8,0x00000000c7100000)
 Metaspace       used 30289K, capacity 30744K, committed 30848K, reserved 1077248K
  class space    used 3812K, capacity 3963K, committed 3968K, reserved 1048576K
Event: 3.648 GC heap after
Heap after GC invocations=11 (full 1):
 PSYoungGen      total 168960K, used 11261K [0x00000000ec580000, 0x00000000f7a80000, 0x0000000100000000)
  eden space 157696K, 0% used [0x00000000ec580000,0x00000000ec580000,0x00000000f5f80000)
  from space 11264K, 99% used [0x00000000f6d00000,0x00000000f77ff748,0x00000000f7800000)
  to   space 13824K, 0% used [0x00000000f5f80000,0x00000000f5f80000,0x00000000f6d00000)
 ParOldGen       total 33792K, used 11548K [0x00000000c5000000, 0x00000000c7100000, 0x00000000ec580000)
  object space 33792K, 34% used [0x00000000c5000000,0x00000000c5b471a0,0x00000000c7100000)
 Metaspace       used 30289K, capacity 30744K, committed 30848K, reserved 1077248K
  class space    used 3812K, capacity 3963K, committed 3968K, reserved 1048576K
}
Event: 4.535 GC heap before
{Heap before GC invocations=12 (full 1):
 PSYoungGen      total 168960K, used 160536K [0x00000000ec580000, 0x00000000f7a80000, 0x0000000100000000)
  eden space 157696K, 94% used [0x00000000ec580000,0x00000000f5746b50,0x00000000f5f80000)
  from space 11264K, 99% used [0x00000000f6d00000,0x00000000f77ff748,0x00000000f7800000)
  to   space 13824K, 0% used [0x00000000f5f80000,0x00000000f5f80000,0x00000000f6d00000)
 ParOldGen       total 33792K, used 11548K [0x00000000c5000000, 0x00000000c7100000, 0x00000000ec580000)
  object space 33792K, 34% used [0x00000000c5000000,0x00000000c5b471a0,0x00000000c7100000)
 Metaspace       used 34832K, capacity 35260K, committed 35456K, reserved 1079296K
  class space    used 4458K, capacity 4609K, committed 4736K, reserved 1048576K
Event: 4.548 GC heap after
Heap after GC invocations=12 (full 1):
 PSYoungGen      total 171520K, used 7120K [0x00000000ec580000, 0x00000000f7a80000, 0x0000000100000000)
  eden space 157696K, 0% used [0x00000000ec580000,0x00000000ec580000,0x00000000f5f80000)
  from space 13824K, 51% used [0x00000000f5f80000,0x00000000f6674138,0x00000000f6d00000)
  to   space 11264K, 0% used [0x00000000f6d00000,0x00000000f6d00000,0x00000000f7800000)
 ParOldGen       total 33792K, used 22273K [0x00000000c5000000, 0x00000000c7100000, 0x00000000ec580000)
  object space 33792K, 65% used [0x00000000c5000000,0x00000000c65c04a8,0x00000000c7100000)
 Metaspace       used 34832K, capacity 35260K, committed 35456K, reserved 1079296K
  class space    used 4458K, capacity 4609K, committed 4736K, reserved 1048576K
}
Event: 4.548 GC heap before
{Heap before GC invocations=13 (full 2):
 PSYoungGen      total 171520K, used 7120K [0x00000000ec580000, 0x00000000f7a80000, 0x0000000100000000)
  eden space 157696K, 0% used [0x00000000ec580000,0x00000000ec580000,0x00000000f5f80000)
  from space 13824K, 51% used [0x00000000f5f80000,0x00000000f6674138,0x00000000f6d00000)
  to   space 11264K, 0% used [0x00000000f6d00000,0x00000000f6d00000,0x00000000f7800000)
 ParOldGen       total 33792K, used 22273K [0x00000000c5000000, 0x00000000c7100000, 0x00000000ec580000)
  object space 33792K, 65% used [0x00000000c5000000,0x00000000c65c04a8,0x00000000c7100000)
 Metaspace       used 34832K, capacity 35260K, committed 35456K, reserved 1079296K
  class space    used 4458K, capacity 4609K, committed 4736K, reserved 1048576K
Event: 4.669 GC heap after
Heap after GC invocations=13 (full 2):
 PSYoungGen      total 171520K, used 0K [0x00000000ec580000, 0x00000000f7a80000, 0x0000000100000000)
  eden space 157696K, 0% used [0x00000000ec580000,0x00000000ec580000,0x00000000f5f80000)
  from space 13824K, 0% used [0x00000000f5f80000,0x00000000f5f80000,0x00000000f6d00000)
  to   space 11264K, 0% used [0x00000000f6d00000,0x00000000f6d00000,0x00000000f7800000)
 ParOldGen       total 33792K, used 24960K [0x00000000c5000000, 0x00000000c7100000, 0x00000000ec580000)
  object space 33792K, 73% used [0x00000000c5000000,0x00000000c6860210,0x00000000c7100000)
 Metaspace       used 34832K, capacity 35260K, committed 35456K, reserved 1079296K
  class space    used 4458K, capacity 4609K, committed 4736K, reserved 1048576K
}
Event: 10.326 GC heap before
{Heap before GC invocations=14 (full 2):
 PSYoungGen      total 171520K, used 157696K [0x00000000ec580000, 0x00000000f7a80000, 0x0000000100000000)
  eden space 157696K, 100% used [0x00000000ec580000,0x00000000f5f80000,0x00000000f5f80000)
  from space 13824K, 0% used [0x00000000f5f80000,0x00000000f5f80000,0x00000000f6d00000)
  to   space 11264K, 0% used [0x00000000f6d00000,0x00000000f6d00000,0x00000000f7800000)
 ParOldGen       total 33792K, used 24960K [0x00000000c5000000, 0x00000000c7100000, 0x00000000ec580000)
  object space 33792K, 73% used [0x00000000c5000000,0x00000000c6860210,0x00000000c7100000)
 Metaspace       used 45511K, capacity 46030K, committed 46464K, reserved 1089536K
  class space    used 5801K, capacity 5940K, committed 6016K, reserved 1048576K
Event: 10.342 GC heap after
Heap after GC invocations=14 (full 2):
 PSYoungGen      total 165888K, used 11253K [0x00000000ec580000, 0x00000000fa300000, 0x0000000100000000)
  eden space 154624K, 0% used [0x00000000ec580000,0x00000000ec580000,0x00000000f5c80000)
  from space 11264K, 99% used [0x00000000f6d00000,0x00000000f77fd468,0x00000000f7800000)
  to   space 16896K, 0% used [0x00000000f5c80000,0x00000000f5c80000,0x00000000f6d00000)
 ParOldGen       total 33792K, used 31365K [0x00000000c5000000, 0x00000000c7100000, 0x00000000ec580000)
  object space 33792K, 92% used [0x00000000c5000000,0x00000000c6ea1670,0x00000000c7100000)
 Metaspace       used 45511K, capacity 46030K, committed 46464K, reserved 1089536K
  class space    used 5801K, capacity 5940K, committed 6016K, reserved 1048576K
}
Event: 10.342 GC heap before
{Heap before GC invocations=15 (full 3):
 PSYoungGen      total 165888K, used 11253K [0x00000000ec580000, 0x00000000fa300000, 0x0000000100000000)
  eden space 154624K, 0% used [0x00000000ec580000,0x00000000ec580000,0x00000000f5c80000)
  from space 11264K, 99% used [0x00000000f6d00000,0x00000000f77fd468,0x00000000f7800000)
  to   space 16896K, 0% used [0x00000000f5c80000,0x00000000f5c80000,0x00000000f6d00000)
 ParOldGen       total 33792K, used 31365K [0x00000000c5000000, 0x00000000c7100000, 0x00000000ec580000)
  object space 33792K, 92% used [0x00000000c5000000,0x00000000c6ea1670,0x00000000c7100000)
 Metaspace       used 45511K, capacity 46030K, committed 46464K, reserved 1089536K
  class space    used 5801K, capacity 5940K, committed 6016K, reserved 1048576K
Event: 10.593 GC heap after
Heap after GC invocations=15 (full 3):
 PSYoungGen      total 165888K, used 4466K [0x00000000ec580000, 0x00000000fa300000, 0x0000000100000000)
  eden space 154624K, 0% used [0x00000000ec580000,0x00000000ec580000,0x00000000f5c80000)
  from space 11264K, 39% used [0x00000000f6d00000,0x00000000f715ca88,0x00000000f7800000)
  to   space 16896K, 0% used [0x00000000f5c80000,0x00000000f5c80000,0x00000000f6d00000)
 ParOldGen       total 33792K, used 33608K [0x00000000c5000000, 0x00000000c7100000, 0x00000000ec580000)
  object space 33792K, 99% used [0x00000000c5000000,0x00000000c70d2188,0x00000000c7100000)
 Metaspace       used 45511K, capacity 46030K, committed 46464K, reserved 1089536K
  class space    used 5801K, capacity 5940K, committed 6016K, reserved 1048576K
}

Deoptimization events (10 events):
Event: 9.716 Thread 0x000000001b1a8000 Uncommon trap: reason=class_check action=maybe_recompile pc=0x000000000551dc70 method=org.springframework.beans.factory.support.AbstractBeanFactory.isTypeMatch(Ljava/lang/String;Lorg/springframework/core/ResolvableType;)Z @ 37
Event: 9.833 Thread 0x000000001b1a8000 Uncommon trap: reason=null_check action=make_not_entrant pc=0x00000000054b06d8 method=org.springframework.util.ClassUtils.isAssignable(Ljava/lang/Class;Ljava/lang/Class;)Z @ 14
Event: 10.073 Thread 0x000000001b1a8000 Uncommon trap: reason=unstable_if action=reinterpret pc=0x00000000056da188 method=sun.reflect.misc.ReflectUtil.isNonPublicProxyClass(Ljava/lang/Class;)Z @ 33
Event: 10.085 Thread 0x000000001b1a8000 Uncommon trap: reason=class_check action=maybe_recompile pc=0x000000000551dc70 method=org.springframework.beans.factory.support.AbstractBeanFactory.isTypeMatch(Ljava/lang/String;Lorg/springframework/core/ResolvableType;)Z @ 37
Event: 10.086 Thread 0x000000001b1a8000 Uncommon trap: reason=unstable_if action=reinterpret pc=0x000000000594ded4 method=java.util.HashMap.putMapEntries(Ljava/util/Map;Z)V @ 53
Event: 10.597 Thread 0x000000001b1a8000 Uncommon trap: reason=class_check action=maybe_recompile pc=0x00000000055a18e4 method=org.springframework.asm.ClassReader.readCode(Lorg/springframework/asm/MethodVisitor;Lorg/springframework/asm/Context;I)V @ 2505
Event: 10.611 Thread 0x000000001b1a8000 Uncommon trap: reason=class_check action=maybe_recompile pc=0x0000000005cfdb8c method=org.springframework.core.ResolvableType.calculateHashCode()I @ 48
Event: 10.612 Thread 0x000000001b1a8000 Uncommon trap: reason=class_check action=maybe_recompile pc=0x0000000005cfdb8c method=org.springframework.core.ResolvableType.calculateHashCode()I @ 48
Event: 10.612 Thread 0x000000001b1a8000 Uncommon trap: reason=class_check action=maybe_recompile pc=0x0000000005cfdb8c method=org.springframework.core.ResolvableType.calculateHashCode()I @ 48
Event: 10.612 Thread 0x000000001b1a8000 Uncommon trap: reason=class_check action=maybe_recompile pc=0x0000000005cfdb8c method=org.springframework.core.ResolvableType.calculateHashCode()I @ 48

Internal exceptions (10 events):
Event: 10.694 Thread 0x000000001b1a8000 Exception <a 'java/lang/ClassNotFoundException': java/io/SerializableCustomizer> (0x00000000ed698e78) thrown at [C:\re\workspace\8-2-build-windows-amd64-cygwin\jdk8u144\9417\hotspot\src\share\vm\classfile\systemDictionary.cpp, line 210]
Event: 10.700 Thread 0x000000001b1a8000 Exception <a 'java/lang/ClassNotFoundException': com/softtech/localLevel/model/LoginTokenBeanInfo> (0x00000000ed7a7b60) thrown at [C:\re\workspace\8-2-build-windows-amd64-cygwin\jdk8u144\9417\hotspot\src\share\vm\classfile\systemDictionary.cpp, line 210]
Event: 10.700 Thread 0x000000001b1a8000 Exception <a 'java/lang/ClassNotFoundException': com/softtech/localLevel/model/LoginTokenCustomizer> (0x00000000ed7be960) thrown at [C:\re\workspace\8-2-build-windows-amd64-cygwin\jdk8u144\9417\hotspot\src\share\vm\classfile\systemDictionary.cpp, line 210
Event: 10.702 Thread 0x000000001b1a8000 Exception <a 'java/lang/ClassNotFoundException': com/softtech/localLevel/model/CitizenCharterBeanInfo> (0x00000000ed80c858) thrown at [C:\re\workspace\8-2-build-windows-amd64-cygwin\jdk8u144\9417\hotspot\src\share\vm\classfile\systemDictionary.cpp, line 2
Event: 10.703 Thread 0x000000001b1a8000 Exception <a 'java/lang/ClassNotFoundException': com/softtech/localLevel/model/CitizenCharterCustomizer> (0x00000000ed824cf8) thrown at [C:\re\workspace\8-2-build-windows-amd64-cygwin\jdk8u144\9417\hotspot\src\share\vm\classfile\systemDictionary.cpp, line
Event: 10.704 Thread 0x000000001b1a8000 Exception <a 'java/lang/ClassNotFoundException': java/io/SerializableCustomizer> (0x00000000ed847270) thrown at [C:\re\workspace\8-2-build-windows-amd64-cygwin\jdk8u144\9417\hotspot\src\share\vm\classfile\systemDictionary.cpp, line 210]
Event: 10.706 Thread 0x000000001b1a8000 Exception <a 'java/lang/ClassNotFoundException': com/softtech/localLevel/model/RiversBeanInfo> (0x00000000ed8a1cf0) thrown at [C:\re\workspace\8-2-build-windows-amd64-cygwin\jdk8u144\9417\hotspot\src\share\vm\classfile\systemDictionary.cpp, line 210]
Event: 10.707 Thread 0x000000001b1a8000 Exception <a 'java/lang/ClassNotFoundException': com/softtech/localLevel/model/RiversCustomizer> (0x00000000ed8b7e90) thrown at [C:\re\workspace\8-2-build-windows-amd64-cygwin\jdk8u144\9417\hotspot\src\share\vm\classfile\systemDictionary.cpp, line 210]
Event: 10.707 Thread 0x000000001b1a8000 Exception <a 'java/lang/ClassNotFoundException': java/io/SerializableCustomizer> (0x00000000ed8d2108) thrown at [C:\re\workspace\8-2-build-windows-amd64-cygwin\jdk8u144\9417\hotspot\src\share\vm\classfile\systemDictionary.cpp, line 210]
Event: 10.709 Thread 0x000000001b1a8000 Exception <a 'java/lang/ClassNotFoundException': java/io/SerializableCustomizer> (0x00000000ed90bfb8) thrown at [C:\re\workspace\8-2-build-windows-amd64-cygwin\jdk8u144\9417\hotspot\src\share\vm\classfile\systemDictionary.cpp, line 210]

Events (10 events):
Event: 10.882 loading class org/springframework/data/util/TypeVariableTypeInformation
Event: 10.882 loading class org/springframework/data/util/TypeVariableTypeInformation done
Event: 10.883 loading class org/springframework/data/repository/core/support/RepositoryFactorySupport$RepositoryInformationCacheKey
Event: 10.883 loading class org/springframework/data/repository/core/support/RepositoryFactorySupport$RepositoryInformationCacheKey done
Event: 10.883 loading class org/springframework/data/jpa/repository/support/SimpleJpaRepository
Event: 10.883 loading class org/springframework/data/jpa/repository/support/SimpleJpaRepository done
Event: 10.899 loading class org/springframework/data/jpa/repository/JpaSpecificationExecutor
Event: 10.899 loading class org/springframework/data/jpa/repository/JpaSpecificationExecutor done
Event: 10.900 loading class org/springframework/data/repository/core/support/DefaultRepositoryInformation
Event: 10.900 loading class org/springframework/data/repository/core/support/DefaultRepositoryInformation done


Dynamic libraries:
0x00007ff61cad0000 - 0x00007ff61cb07000 	C:\Program Files\Java\jre1.8.0_144\bin\javaw.exe
0x00007ff90c7f0000 - 0x00007ff90c9d0000 	C:\WINDOWS\SYSTEM32\ntdll.dll
0x00007ff90b2e0000 - 0x00007ff90b38e000 	C:\WINDOWS\System32\KERNEL32.DLL
0x00007ff909660000 - 0x00007ff9098c6000 	C:\WINDOWS\System32\KERNELBASE.dll
0x00007ff909dd0000 - 0x00007ff909e71000 	C:\WINDOWS\System32\ADVAPI32.dll
0x00007ff90c490000 - 0x00007ff90c52d000 	C:\WINDOWS\System32\msvcrt.dll
0x00007ff90b3f0000 - 0x00007ff90b44b000 	C:\WINDOWS\System32\sechost.dll
0x00007ff90bba0000 - 0x00007ff90bcbf000 	C:\WINDOWS\System32\RPCRT4.dll
0x00007ff90c530000 - 0x00007ff90c6bf000 	C:\WINDOWS\System32\USER32.dll
0x00007ff909ca0000 - 0x00007ff909cc0000 	C:\WINDOWS\System32\win32u.dll
0x00007ff90c2c0000 - 0x00007ff90c2e8000 	C:\WINDOWS\System32\GDI32.dll
0x00007ff908bf0000 - 0x00007ff908d83000 	C:\WINDOWS\System32\gdi32full.dll
0x00007ff908e10000 - 0x00007ff908eab000 	C:\WINDOWS\System32\msvcp_win.dll
0x00007ff909b50000 - 0x00007ff909c46000 	C:\WINDOWS\System32\ucrtbase.dll
0x00007ff8f7e70000 - 0x00007ff8f80d9000 	C:\WINDOWS\WinSxS\amd64_microsoft.windows.common-controls_6595b64144ccf1df_6.0.16299.371_none_15c7d1789365a290\COMCTL32.dll
0x00007ff90b520000 - 0x00007ff90b828000 	C:\WINDOWS\System32\combase.dll
0x00007ff908d90000 - 0x00007ff908e02000 	C:\WINDOWS\System32\bcryptPrimitives.dll
0x00007ff90c290000 - 0x00007ff90c2bd000 	C:\WINDOWS\System32\IMM32.DLL
0x0000000072010000 - 0x00000000720e2000 	C:\Program Files\Java\jre1.8.0_144\bin\msvcr100.dll
0x00000000721e0000 - 0x0000000072a7d000 	C:\Program Files\Java\jre1.8.0_144\bin\server\jvm.dll
0x00007ff90b2c0000 - 0x00007ff90b2c8000 	C:\WINDOWS\System32\PSAPI.DLL
0x00007ff8fbbf0000 - 0x00007ff8fbbfa000 	C:\WINDOWS\SYSTEM32\VERSION.dll
0x00007ff8faf50000 - 0x00007ff8faf59000 	C:\WINDOWS\SYSTEM32\WSOCK32.dll
0x00007ff902020000 - 0x00007ff902043000 	C:\WINDOWS\SYSTEM32\WINMM.dll
0x00007ff90bdd0000 - 0x00007ff90be3c000 	C:\WINDOWS\System32\WS2_32.dll
0x00007ff901ff0000 - 0x00007ff90201a000 	C:\WINDOWS\SYSTEM32\WINMMBASE.dll
0x00007ff909c50000 - 0x00007ff909c9a000 	C:\WINDOWS\System32\cfgmgr32.dll
0x00000000721d0000 - 0x00000000721df000 	C:\Program Files\Java\jre1.8.0_144\bin\verify.dll
0x00000000721a0000 - 0x00000000721c9000 	C:\Program Files\Java\jre1.8.0_144\bin\java.dll
0x0000000072180000 - 0x0000000072196000 	C:\Program Files\Java\jre1.8.0_144\bin\zip.dll
0x00007ff909e80000 - 0x00007ff90b2b6000 	C:\WINDOWS\System32\SHELL32.dll
0x00007ff90bd20000 - 0x00007ff90bdc6000 	C:\WINDOWS\System32\shcore.dll
0x00007ff908f10000 - 0x00007ff909657000 	C:\WINDOWS\System32\windows.storage.dll
0x00007ff90b390000 - 0x00007ff90b3e1000 	C:\WINDOWS\System32\shlwapi.dll
0x00007ff908b40000 - 0x00007ff908b51000 	C:\WINDOWS\System32\kernel.appcore.dll
0x00007ff908ba0000 - 0x00007ff908bec000 	C:\WINDOWS\System32\powrprof.dll
0x00007ff908b60000 - 0x00007ff908b7b000 	C:\WINDOWS\System32\profapi.dll
0x00000000720f0000 - 0x00000000720fd000 	C:\Program Files\Java\jre1.8.0_144\bin\management.dll
0x0000000072160000 - 0x000000007217a000 	C:\Program Files\Java\jre1.8.0_144\bin\net.dll
0x00007ff9083d0000 - 0x00007ff908436000 	C:\WINDOWS\system32\mswsock.dll
0x00007ff8fe7c0000 - 0x00007ff8fe7d6000 	C:\WINDOWS\system32\napinsp.dll
0x00007ff8fe7a0000 - 0x00007ff8fe7ba000 	C:\WINDOWS\system32\pnrpnsp.dll
0x00007ff905130000 - 0x00007ff905148000 	C:\WINDOWS\system32\NLAapi.dll
0x00007ff9081a0000 - 0x00007ff908256000 	C:\WINDOWS\SYSTEM32\DNSAPI.dll
0x00007ff90c310000 - 0x00007ff90c318000 	C:\WINDOWS\System32\NSI.dll
0x00007ff908160000 - 0x00007ff908199000 	C:\WINDOWS\SYSTEM32\IPHLPAPI.DLL
0x00007ff8fe790000 - 0x00007ff8fe79e000 	C:\WINDOWS\System32\winrnr.dll
0x0000000073290000 - 0x00000000732b6000 	C:\Program Files\Bonjour\mdnsNSP.dll
0x00007ff9038d0000 - 0x00007ff9038e5000 	C:\WINDOWS\System32\wshbth.dll
0x00007ff8ffa20000 - 0x00007ff8ffa2a000 	C:\Windows\System32\rasadhlp.dll
0x00007ff901130000 - 0x00007ff9011a0000 	C:\WINDOWS\System32\fwpuclnt.dll
0x00007ff9086a0000 - 0x00007ff9086c5000 	C:\WINDOWS\SYSTEM32\bcrypt.dll
0x0000000072140000 - 0x0000000072151000 	C:\Program Files\Java\jre1.8.0_144\bin\nio.dll
0x00007ff908590000 - 0x00007ff9085a7000 	C:\WINDOWS\SYSTEM32\CRYPTSP.dll
0x00007ff907fd0000 - 0x00007ff908003000 	C:\WINDOWS\system32\rsaenh.dll
0x00007ff908a70000 - 0x00007ff908a99000 	C:\WINDOWS\SYSTEM32\USERENV.dll
0x00007ff9085b0000 - 0x00007ff9085bb000 	C:\WINDOWS\SYSTEM32\CRYPTBASE.dll
0x00007ff901620000 - 0x00007ff901636000 	C:\WINDOWS\SYSTEM32\dhcpcsvc6.DLL
0x00007ff901700000 - 0x00007ff90171a000 	C:\WINDOWS\SYSTEM32\dhcpcsvc.DLL

VM Arguments:
jvm_args: -Dfile.encoding=UTF-8 
java_command: com.softtech.localLevel.LocalLevelApplication
java_class_path (initial): C:\Users\Lothbroke\Desktop\SoftechProjects\Project\LocalLevel\target\classes;C:\Users\Lothbroke\.m2\repository\org\springframework\boot\spring-boot-starter-data-jpa\1.5.10.RELEASE\spring-boot-starter-data-jpa-1.5.10.RELEASE.jar;C:\Users\Lothbroke\.m2\repository\org\springframework\boot\spring-boot-starter\1.5.10.RELEASE\spring-boot-starter-1.5.10.RELEASE.jar;C:\Users\Lothbroke\.m2\repository\org\springframework\boot\spring-boot-starter-logging\1.5.10.RELEASE\spring-boot-starter-logging-1.5.10.RELEASE.jar;C:\Users\Lothbroke\.m2\repository\ch\qos\logback\logback-classic\1.1.11\logback-classic-1.1.11.jar;C:\Users\Lothbroke\.m2\repository\ch\qos\logback\logback-core\1.1.11\logback-core-1.1.11.jar;C:\Users\Lothbroke\.m2\repository\org\slf4j\jul-to-slf4j\1.7.25\jul-to-slf4j-1.7.25.jar;C:\Users\Lothbroke\.m2\repository\org\slf4j\log4j-over-slf4j\1.7.25\log4j-over-slf4j-1.7.25.jar;C:\Users\Lothbroke\.m2\repository\org\yaml\snakeyaml\1.17\snakeyaml-1.17.jar;C:\Users\Lothbroke\.m2\repository\org\springframework\boot\spring-boot-starter-aop\1.5.10.RELEASE\spring-boot-starter-aop-1.5.10.RELEASE.jar;C:\Users\Lothbroke\.m2\repository\org\springframework\spring-aop\4.3.14.RELEASE\spring-aop-4.3.14.RELEASE.jar;C:\Users\Lothbroke\.m2\repository\org\aspectj\aspectjweaver\1.8.13\aspectjweaver-1.8.13.jar;C:\Users\Lothbroke\.m2\repository\org\springframework\boot\spring-boot-starter-jdbc\1.5.10.RELEASE\spring-boot-starter-jdbc-1.5.10.RELEASE.jar;C:\Users\Lothbroke\.m2\repository\org\apache\tomcat\tomcat-jdbc\8.5.27\tomcat-jdbc-8.5.27.jar;C:\Users\Lothbroke\.m2\repository\org\apache\tomcat\tomcat-juli\8.5.27\tomcat-juli-8.5.27.jar;C:\Users\Lothbroke\.m2\repository\org\springframework\spring-jdbc\4.3.14.RELEASE\spring-jdbc-4.3.14.RELEASE.jar;C:\Users\Lothbroke\.m2\repository\org\hibernate\hibernate-core\5.0.12.Final\hibernate-core-5.0.12.Final.jar;C:\Users\Lothbroke\.m2\repository\org\jboss\logging\jboss-logging\3.3.1.Final\jboss-logging-3.3.1.Final.jar;C:\Use
Launcher Type: SUN_STANDARD

Environment Variables:
JAVA_HOME=C:\Program Files\Java\jdk1.8.0_144
JRE_HOME=C:\Program Files\Java\jre1.8.0_144
CLASSPATH="C:\mysql-connector-java-5.1.43.jar;C:\apache-tomcat-7.0.86\lib\servlet-api.jar;C:\apache-tomcat-7.0.86\lib\jsp-api.jar;";
PATH=C:/Program Files/Java/jre1.8.0_144/bin/server;C:/Program Files/Java/jre1.8.0_144/bin;C:/Program Files/Java/jre1.8.0_144/lib/amd64;C:\app\Lothbroke\product\11.2.0\dbhome_1\bin;C:\ProgramData\Oracle\Java\javapath;"C:\ProgramData\Oracle\Java\javapath;C:\Program Files\Java\jdk1.8.0_144;C:\Program Files\Java\jre1.8.0_144";C:\WINDOWS\system32;C:\WINDOWS;C:\WINDOWS\System32\Wbem;C:\WINDOWS\System32\WindowsPowerShell\v1.0\;C:\Program Files\PuTTY\;C:\Program Files\nodejs\;C:\Program Files\Apache software foundation\apache-maven-3.5.0\bin;C:\Users\Lothbroke\AppData\Local\Microsoft\WindowsApps;C:\Program Files\Java\jdk1.8.0_144\bin;C:\Users\Lothbroke\AppData\Roaming\npm;C:\Program Files (x86)\Microsoft VS Code\bin;C:\Users\Lothbroke\Desktop\eclipse;
USERNAME=Lothbroke
OS=Windows_NT
PROCESSOR_IDENTIFIER=Intel64 Family 6 Model 60 Stepping 3, GenuineIntel



---------------  S Y S T E M  ---------------

OS: Windows 10.0 , 64 bit Build 16299 (10.0.16299.15)

CPU:total 8 (initial active 8) (4 cores per cpu, 2 threads per core) family 6 model 60 stepping 3, cmov, cx8, fxsr, mmx, sse, sse2, sse3, ssse3, sse4.1, sse4.2, popcnt, avx, avx2, aes, clmul, erms, lzcnt, ht, tsc, tscinvbit, bmi1, bmi2

Memory: 4k page, physical 3859708k(506772k free), swap 7955708k(5308k free)

vm_info: Java HotSpot(TM) 64-Bit Server VM (25.144-b01) for windows-amd64 JRE (1.8.0_144-b01), built on Jul 21 2017 21:57:33 by "java_re" with MS VC++ 10.0 (VS2010)

time: Thu May 03 13:36:36 2018
elapsed time: 11 seconds (0d 0h 0m 11s)

