#
# There is insufficient memory for the Java Runtime Environment to continue.
# Native memory allocation (malloc) failed to allocate 799856 bytes for Chunk::new
# Possible reasons:
#   The system is out of physical RAM or swap space
#   In 32 bit mode, the process size limit was hit
# Possible solutions:
#   Reduce memory load on the system
#   Increase physical memory or swap space
#   Check if swap backing store is full
#   Use 64 bit Java on a 64 bit OS
#   Decrease Java heap size (-Xmx/-Xms)
#   Decrease number of Java threads
#   Decrease Java thread stack sizes (-Xss)
#   Set larger code cache with -XX:ReservedCodeCacheSize=
# This output file may be truncated or incomplete.
#
#  Out of Memory Error (allocation.cpp:390), pid=2464, tid=0x00000000000046a0
#
# JRE version: Java(TM) SE Runtime Environment (8.0_144-b01) (build 1.8.0_144-b01)
# Java VM: Java HotSpot(TM) 64-Bit Server VM (25.144-b01 mixed mode windows-amd64 compressed oops)
# Failed to write core dump. Minidumps are not enabled by default on client versions of Windows
#

---------------  T H R E A D  ---------------

Current thread (0x0000000019666000):  JavaThread "C2 CompilerThread2" daemon [_thread_in_native, id=18080, stack(0x000000001a020000,0x000000001a120000)]

Stack: [0x000000001a020000,0x000000001a120000]
[error occurred during error reporting (printing stack bounds), id 0xc0000005]

Native frames: (J=compiled Java code, j=interpreted, Vv=VM code, C=native code)


Current CompileTask:
C2:   1208 1840       4       java.io.WinNTFileSystem::normalize (231 bytes)


---------------  P R O C E S S  ---------------

Java Threads: ( => current thread )
  0x00000000196fe800 JavaThread "Service Thread" daemon [_thread_blocked, id=17952, stack(0x000000001a220000,0x000000001a320000)]
  0x000000001966c000 JavaThread "C1 CompilerThread3" daemon [_thread_blocked, id=13540, stack(0x000000001a120000,0x000000001a220000)]
=>0x0000000019666000 JavaThread "C2 CompilerThread2" daemon [_thread_in_native, id=18080, stack(0x000000001a020000,0x000000001a120000)]
  0x0000000019663800 JavaThread "C2 CompilerThread1" daemon [_thread_in_native, id=9040, stack(0x0000000019f20000,0x000000001a020000)]
  0x000000001965e000 JavaThread "C2 CompilerThread0" daemon [_thread_in_native, id=19240, stack(0x0000000019e20000,0x0000000019f20000)]
  0x000000001965c800 JavaThread "Attach Listener" daemon [_thread_blocked, id=7656, stack(0x0000000019d20000,0x0000000019e20000)]
  0x000000001773e800 JavaThread "Signal Dispatcher" daemon [_thread_blocked, id=8264, stack(0x0000000019c20000,0x0000000019d20000)]
  0x0000000019650800 JavaThread "Finalizer" daemon [_thread_blocked, id=7104, stack(0x0000000019a30000,0x0000000019b30000)]
  0x0000000004ef9000 JavaThread "Reference Handler" daemon [_thread_blocked, id=20028, stack(0x0000000019530000,0x0000000019630000)]
  0x0000000004e04800 JavaThread "main" [_thread_in_vm, id=13228, stack(0x0000000004d00000,0x0000000004e00000)]

Other Threads:
  0x0000000017729000 VMThread [stack: 0x0000000019430000,0x0000000019530000] [id=3636]
  0x0000000019766000 WatcherThread [stack: 0x000000001a320000,0x000000001a420000] [id=4960]

VM state:not at safepoint (normal execution)

VM Mutex/Monitor currently owned by a thread: None

Heap:
 PSYoungGen      total 68096K, used 33158K [0x00000000ec580000, 0x00000000f1080000, 0x0000000100000000)
  eden space 60928K, 45% used [0x00000000ec580000,0x00000000ee048ed8,0x00000000f0100000)
  from space 7168K, 79% used [0x00000000f0880000,0x00000000f0e18ca0,0x00000000f0f80000)
  to   space 7680K, 0% used [0x00000000f0100000,0x00000000f0100000,0x00000000f0880000)
 ParOldGen       total 40960K, used 9578K [0x00000000c5000000, 0x00000000c7800000, 0x00000000ec580000)
  object space 40960K, 23% used [0x00000000c5000000,0x00000000c595aac8,0x00000000c7800000)
 Metaspace       used 20573K, capacity 20868K, committed 21120K, reserved 1067008K
  class space    used 2504K, capacity 2611K, committed 2688K, reserved 1048576K

Card table byte_map: [0x00000000142c0000,0x00000000144a0000] byte_map_base: 0x0000000013c98000

Marking Bits: (ParMarkBitMap*) 0x000000007007d850
 Begin Bits: [0x0000000014de0000, 0x0000000015ca0000)
 End Bits:   [0x0000000015ca0000, 0x0000000016b60000)

Polling page: 0x0000000002f30000

CodeCache: size=245760Kb used=7036Kb max_used=7036Kb free=238723Kb
 bounds [0x0000000004f00000, 0x00000000055f0000, 0x0000000013f00000]
 total_blobs=2319 nmethods=1958 adapters=273
 compilation: enabled

Compilation events (10 events):
Event: 1.204 Thread 0x000000001966c000 1957       3       org.springframework.core.type.classreading.AnnotationMetadataReadingVisitor::visit (14 bytes)
Event: 1.204 Thread 0x000000001966c000 nmethod 1957 0x00000000055cf710 code [0x00000000055cf880, 0x00000000055cfa08]
Event: 1.204 Thread 0x000000001966c000 1958       3       org.springframework.core.type.classreading.ClassMetadataReadingVisitor::visit (139 bytes)
Event: 1.205 Thread 0x000000001966c000 nmethod 1958 0x00000000055dc6d0 code [0x00000000055dc900, 0x00000000055dd758]
Event: 1.205 Thread 0x000000001966c000 1959       3       sun.reflect.annotation.AnnotationInvocationHandler::hashCodeImpl (69 bytes)
Event: 1.205 Thread 0x000000001966c000 nmethod 1959 0x00000000055ddf50 code [0x00000000055de160, 0x00000000055dead8]
Event: 1.205 Thread 0x000000001966c000 1960       3       org.springframework.core.type.classreading.AnnotationMetadataReadingVisitor::visitEnd (5 bytes)
Event: 1.205 Thread 0x000000001966c000 nmethod 1960 0x00000000055cf350 code [0x00000000055cf4a0, 0x00000000055cf650]
Event: 1.205 Thread 0x000000001966c000 1961       3       org.springframework.core.type.classreading.ClassMetadataReadingVisitor::visitEnd (1 bytes)
Event: 1.205 Thread 0x000000001966c000 nmethod 1961 0x00000000055cefd0 code [0x00000000055cf120, 0x00000000055cf270]

GC Heap History (10 events):
Event: 0.499 GC heap before
{Heap before GC invocations=2 (full 0):
 PSYoungGen      total 17920K, used 17896K [0x00000000ec580000, 0x00000000ed980000, 0x0000000100000000)
  eden space 15360K, 100% used [0x00000000ec580000,0x00000000ed480000,0x00000000ed480000)
  from space 2560K, 99% used [0x00000000ed480000,0x00000000ed6fa3f0,0x00000000ed700000)
  to   space 2560K, 0% used [0x00000000ed700000,0x00000000ed700000,0x00000000ed980000)
 ParOldGen       total 40960K, used 540K [0x00000000c5000000, 0x00000000c7800000, 0x00000000ec580000)
  object space 40960K, 1% used [0x00000000c5000000,0x00000000c5087258,0x00000000c7800000)
 Metaspace       used 8376K, capacity 8486K, committed 8576K, reserved 1056768K
  class space    used 1065K, capacity 1107K, committed 1152K, reserved 1048576K
Event: 0.502 GC heap after
Heap after GC invocations=2 (full 0):
 PSYoungGen      total 17920K, used 2547K [0x00000000ec580000, 0x00000000ee880000, 0x0000000100000000)
  eden space 15360K, 0% used [0x00000000ec580000,0x00000000ec580000,0x00000000ed480000)
  from space 2560K, 99% used [0x00000000ed700000,0x00000000ed97ccf0,0x00000000ed980000)
  to   space 2560K, 0% used [0x00000000ed480000,0x00000000ed480000,0x00000000ed700000)
 ParOldGen       total 40960K, used 1410K [0x00000000c5000000, 0x00000000c7800000, 0x00000000ec580000)
  object space 40960K, 3% used [0x00000000c5000000,0x00000000c51608e8,0x00000000c7800000)
 Metaspace       used 8376K, capacity 8486K, committed 8576K, reserved 1056768K
  class space    used 1065K, capacity 1107K, committed 1152K, reserved 1048576K
}
Event: 0.559 GC heap before
{Heap before GC invocations=3 (full 0):
 PSYoungGen      total 17920K, used 17907K [0x00000000ec580000, 0x00000000ee880000, 0x0000000100000000)
  eden space 15360K, 100% used [0x00000000ec580000,0x00000000ed480000,0x00000000ed480000)
  from space 2560K, 99% used [0x00000000ed700000,0x00000000ed97ccf0,0x00000000ed980000)
  to   space 2560K, 0% used [0x00000000ed480000,0x00000000ed480000,0x00000000ed700000)
 ParOldGen       total 40960K, used 1410K [0x00000000c5000000, 0x00000000c7800000, 0x00000000ec580000)
  object space 40960K, 3% used [0x00000000c5000000,0x00000000c51608e8,0x00000000c7800000)
 Metaspace       used 10625K, capacity 10726K, committed 10880K, reserved 1058816K
  class space    used 1319K, capacity 1363K, committed 1408K, reserved 1048576K
Event: 0.561 GC heap after
Heap after GC invocations=3 (full 0):
 PSYoungGen      total 17920K, used 2553K [0x00000000ec580000, 0x00000000ee880000, 0x0000000100000000)
  eden space 15360K, 0% used [0x00000000ec580000,0x00000000ec580000,0x00000000ed480000)
  from space 2560K, 99% used [0x00000000ed480000,0x00000000ed6fe7c8,0x00000000ed700000)
  to   space 2560K, 0% used [0x00000000ee600000,0x00000000ee600000,0x00000000ee880000)
 ParOldGen       total 40960K, used 3209K [0x00000000c5000000, 0x00000000c7800000, 0x00000000ec580000)
  object space 40960K, 7% used [0x00000000c5000000,0x00000000c53226a0,0x00000000c7800000)
 Metaspace       used 10625K, capacity 10726K, committed 10880K, reserved 1058816K
  class space    used 1319K, capacity 1363K, committed 1408K, reserved 1048576K
}
Event: 0.613 GC heap before
{Heap before GC invocations=4 (full 0):
 PSYoungGen      total 17920K, used 17913K [0x00000000ec580000, 0x00000000ee880000, 0x0000000100000000)
  eden space 15360K, 100% used [0x00000000ec580000,0x00000000ed480000,0x00000000ed480000)
  from space 2560K, 99% used [0x00000000ed480000,0x00000000ed6fe7c8,0x00000000ed700000)
  to   space 2560K, 0% used [0x00000000ee600000,0x00000000ee600000,0x00000000ee880000)
 ParOldGen       total 40960K, used 3209K [0x00000000c5000000, 0x00000000c7800000, 0x00000000ec580000)
  object space 40960K, 7% used [0x00000000c5000000,0x00000000c53226a0,0x00000000c7800000)
 Metaspace       used 12564K, capacity 12646K, committed 12928K, reserved 1060864K
  class space    used 1569K, capacity 1619K, committed 1664K, reserved 1048576K
Event: 0.616 GC heap after
Heap after GC invocations=4 (full 0):
 PSYoungGen      total 33280K, used 2560K [0x00000000ec580000, 0x00000000ee880000, 0x0000000100000000)
  eden space 30720K, 0% used [0x00000000ec580000,0x00000000ec580000,0x00000000ee380000)
  from space 2560K, 100% used [0x00000000ee600000,0x00000000ee880000,0x00000000ee880000)
  to   space 2560K, 0% used [0x00000000ee380000,0x00000000ee380000,0x00000000ee600000)
 ParOldGen       total 40960K, used 5093K [0x00000000c5000000, 0x00000000c7800000, 0x00000000ec580000)
  object space 40960K, 12% used [0x00000000c5000000,0x00000000c54f9420,0x00000000c7800000)
 Metaspace       used 12564K, capacity 12646K, committed 12928K, reserved 1060864K
  class space    used 1569K, capacity 1619K, committed 1664K, reserved 1048576K
}
Event: 0.833 GC heap before
{Heap before GC invocations=5 (full 0):
 PSYoungGen      total 33280K, used 33280K [0x00000000ec580000, 0x00000000ee880000, 0x0000000100000000)
  eden space 30720K, 100% used [0x00000000ec580000,0x00000000ee380000,0x00000000ee380000)
  from space 2560K, 100% used [0x00000000ee600000,0x00000000ee880000,0x00000000ee880000)
  to   space 2560K, 0% used [0x00000000ee380000,0x00000000ee380000,0x00000000ee600000)
 ParOldGen       total 40960K, used 5093K [0x00000000c5000000, 0x00000000c7800000, 0x00000000ec580000)
  object space 40960K, 12% used [0x00000000c5000000,0x00000000c54f9420,0x00000000c7800000)
 Metaspace       used 17359K, capacity 17508K, committed 17536K, reserved 1064960K
  class space    used 2129K, capacity 2152K, committed 2176K, reserved 1048576K
Event: 0.841 GC heap after
Heap after GC invocations=5 (full 0):
 PSYoungGen      total 33280K, used 2533K [0x00000000ec580000, 0x00000000f0f80000, 0x0000000100000000)
  eden space 30720K, 0% used [0x00000000ec580000,0x00000000ec580000,0x00000000ee380000)
  from space 2560K, 98% used [0x00000000ee380000,0x00000000ee5f94a8,0x00000000ee600000)
  to   space 7168K, 0% used [0x00000000f0880000,0x00000000f0880000,0x00000000f0f80000)
 ParOldGen       total 40960K, used 9570K [0x00000000c5000000, 0x00000000c7800000, 0x00000000ec580000)
  object space 40960K, 23% used [0x00000000c5000000,0x00000000c5958ac8,0x00000000c7800000)
 Metaspace       used 17359K, capacity 17508K, committed 17536K, reserved 1064960K
  class space    used 2129K, capacity 2152K, committed 2176K, reserved 1048576K
}
Event: 1.067 GC heap before
{Heap before GC invocations=6 (full 0):
 PSYoungGen      total 33280K, used 33253K [0x00000000ec580000, 0x00000000f0f80000, 0x0000000100000000)
  eden space 30720K, 100% used [0x00000000ec580000,0x00000000ee380000,0x00000000ee380000)
  from space 2560K, 98% used [0x00000000ee380000,0x00000000ee5f94a8,0x00000000ee600000)
  to   space 7168K, 0% used [0x00000000f0880000,0x00000000f0880000,0x00000000f0f80000)
 ParOldGen       total 40960K, used 9570K [0x00000000c5000000, 0x00000000c7800000, 0x00000000ec580000)
  object space 40960K, 23% used [0x00000000c5000000,0x00000000c5958ac8,0x00000000c7800000)
 Metaspace       used 19992K, capacity 20312K, committed 20480K, reserved 1067008K
  class space    used 2433K, capacity 2513K, committed 2560K, reserved 1048576K
Event: 1.075 GC heap after
Heap after GC invocations=6 (full 0):
 PSYoungGen      total 68096K, used 5731K [0x00000000ec580000, 0x00000000f1080000, 0x0000000100000000)
  eden space 60928K, 0% used [0x00000000ec580000,0x00000000ec580000,0x00000000f0100000)
  from space 7168K, 79% used [0x00000000f0880000,0x00000000f0e18ca0,0x00000000f0f80000)
  to   space 7680K, 0% used [0x00000000f0100000,0x00000000f0100000,0x00000000f0880000)
 ParOldGen       total 40960K, used 9578K [0x00000000c5000000, 0x00000000c7800000, 0x00000000ec580000)
  object space 40960K, 23% used [0x00000000c5000000,0x00000000c595aac8,0x00000000c7800000)
 Metaspace       used 19992K, capacity 20312K, committed 20480K, reserved 1067008K
  class space    used 2433K, capacity 2513K, committed 2560K, reserved 1048576K
}

Deoptimization events (10 events):
Event: 0.857 Thread 0x000000001b02c800 Uncommon trap: reason=class_check action=maybe_recompile pc=0x00000000051c165c method=java.util.regex.Matcher.search(I)Z @ 86
Event: 0.857 Thread 0x000000001b02c800 Uncommon trap: reason=bimorphic action=maybe_recompile pc=0x00000000051dcfb0 method=java.util.regex.Pattern$BmpCharProperty.match(Ljava/util/regex/Matcher;ILjava/lang/CharSequence;)Z @ 31
Event: 0.857 Thread 0x000000001b02c800 Uncommon trap: reason=unstable_if action=reinterpret pc=0x00000000051dcf58 method=java.util.regex.Pattern$BmpCharProperty.match(Ljava/util/regex/Matcher;ILjava/lang/CharSequence;)Z @ 5
Event: 0.868 Thread 0x000000001b02c800 Uncommon trap: reason=unstable_if action=reinterpret pc=0x00000000050e2ff4 method=sun.misc.MetaIndex.mayContain(Ljava/lang/String;)Z @ 38
Event: 0.944 Thread 0x000000001b02c800 Uncommon trap: reason=predicate action=maybe_recompile pc=0x0000000005208fe8 method=java.lang.String.regionMatches(ZILjava/lang/String;II)Z @ 63
Event: 0.965 Thread 0x000000001b02c800 Uncommon trap: reason=unstable_if action=reinterpret pc=0x00000000051aeeb0 method=java.util.HashMap.hash(Ljava/lang/Object;)I @ 1
Event: 0.978 Thread 0x0000000004e04800 Uncommon trap: reason=unstable_if action=reinterpret pc=0x0000000005456fe8 method=org.springframework.asm.ClassReader.readUTF8(I[C)Ljava/lang/String; @ 11
Event: 1.006 Thread 0x0000000004e04800 Uncommon trap: reason=unstable_if action=reinterpret pc=0x000000000548cadc method=java.io.WinNTFileSystem.normalize(Ljava/lang/String;)Ljava/lang/String; @ 128
Event: 1.024 Thread 0x0000000004e04800 Uncommon trap: reason=unstable_if action=reinterpret pc=0x00000000054b5348 method=org.springframework.asm.ClassReader.readUTF(II[C)Ljava/lang/String; @ 77
Event: 1.026 Thread 0x0000000004e04800 Uncommon trap: reason=unstable_if action=reinterpret pc=0x000000000541ac7c method=org.springframework.asm.ClassReader.readUTF(II[C)Ljava/lang/String; @ 77

Internal exceptions (10 events):
Event: 0.787 Thread 0x0000000004e04800 Exception <a 'java/lang/ClassNotFoundException': java/lang/ObjectCustomizer> (0x00000000edee9880) thrown at [C:\re\workspace\8-2-build-windows-amd64-cygwin\jdk8u144\9417\hotspot\src\share\vm\classfile\systemDictionary.cpp, line 210]
Event: 0.788 Thread 0x0000000004e04800 Exception <a 'java/lang/ClassNotFoundException': org/springframework/context/annotation/ConfigurationClassPostProcessorCustomizer> (0x00000000edf08af0) thrown at [C:\re\workspace\8-2-build-windows-amd64-cygwin\jdk8u144\9417\hotspot\src\share\vm\classfile\
Event: 0.789 Thread 0x0000000004e04800 Exception <a 'java/lang/ClassNotFoundException': org/springframework/beans/factory/support/BeanDefinitionRegistryPostProcessorCustomizer> (0x00000000edf38430) thrown at [C:\re\workspace\8-2-build-windows-amd64-cygwin\jdk8u144\9417\hotspot\src\share\vm\cla
Event: 0.789 Thread 0x0000000004e04800 Exception <a 'java/lang/ClassNotFoundException': org/springframework/core/PriorityOrderedCustomizer> (0x00000000edf4cbb0) thrown at [C:\re\workspace\8-2-build-windows-amd64-cygwin\jdk8u144\9417\hotspot\src\share\vm\classfile\systemDictionary.cpp, line 210
Event: 0.790 Thread 0x0000000004e04800 Exception <a 'java/lang/ClassNotFoundException': org/springframework/context/ResourceLoaderAwareCustomizer> (0x00000000edf623a0) thrown at [C:\re\workspace\8-2-build-windows-amd64-cygwin\jdk8u144\9417\hotspot\src\share\vm\classfile\systemDictionary.cpp, l
Event: 0.790 Thread 0x0000000004e04800 Exception <a 'java/lang/ClassNotFoundException': org/springframework/beans/factory/BeanClassLoaderAwareCustomizer> (0x00000000edf7ad60) thrown at [C:\re\workspace\8-2-build-windows-amd64-cygwin\jdk8u144\9417\hotspot\src\share\vm\classfile\systemDictionary
Event: 0.791 Thread 0x0000000004e04800 Exception <a 'java/lang/ClassNotFoundException': org/springframework/context/EnvironmentAwareCustomizer> (0x00000000edf90b90) thrown at [C:\re\workspace\8-2-build-windows-amd64-cygwin\jdk8u144\9417\hotspot\src\share\vm\classfile\systemDictionary.cpp, line
Event: 0.934 Thread 0x000000001b02c800 Exception <a 'java/lang/NoSuchFieldError': method resolution failed> (0x00000000ed178b78) thrown at [C:\re\workspace\8-2-build-windows-amd64-cygwin\jdk8u144\9417\hotspot\src\share\vm\prims\methodHandles.cpp, line 1146]
Event: 0.936 Thread 0x000000001b02c800 Exception <a 'java/lang/NoSuchFieldError': method resolution failed> (0x00000000ed186238) thrown at [C:\re\workspace\8-2-build-windows-amd64-cygwin\jdk8u144\9417\hotspot\src\share\vm\prims\methodHandles.cpp, line 1146]
Event: 0.965 Thread 0x000000001b02c800 Implicit null exception at 0x00000000051aee18 to 0x00000000051aeea6

Events (10 events):
Event: 1.204 loading class org/springframework/boot/autoconfigure/condition/ConditionalOnWebApplication
Event: 1.204 loading class org/springframework/boot/autoconfigure/condition/ConditionalOnWebApplication done
Event: 1.204 loading class org/springframework/boot/autoconfigure/condition/OnWebApplicationCondition
Event: 1.204 loading class org/springframework/boot/autoconfigure/condition/OnWebApplicationCondition done
Event: 1.204 loading class org/springframework/boot/autoconfigure/AutoConfigureBefore
Event: 1.204 loading class org/springframework/boot/autoconfigure/AutoConfigureBefore done
Event: 1.205 loading class org/springframework/boot/autoconfigure/AutoConfigureAfter
Event: 1.205 loading class org/springframework/boot/autoconfigure/AutoConfigureAfter done
Event: 1.206 loading class org/springframework/boot/autoconfigure/condition/ConditionalOnResource
Event: 1.206 loading class org/springframework/boot/autoconfigure/condition/ConditionalOnResource done


Dynamic libraries:
0x00007ff6d57c0000 - 0x00007ff6d57f7000 	C:\Program Files\Java\jre1.8.0_144\bin\javaw.exe
0x00007ff97bfe0000 - 0x00007ff97c1c0000 	C:\WINDOWS\SYSTEM32\ntdll.dll
0x00007ff97ac20000 - 0x00007ff97acce000 	C:\WINDOWS\System32\KERNEL32.DLL
0x00007ff979040000 - 0x00007ff9792a6000 	C:\WINDOWS\System32\KERNELBASE.dll
0x00007ff97aa00000 - 0x00007ff97aaa1000 	C:\WINDOWS\System32\ADVAPI32.dll
0x00007ff97b150000 - 0x00007ff97b1ed000 	C:\WINDOWS\System32\msvcrt.dll
0x00007ff97b1f0000 - 0x00007ff97b24b000 	C:\WINDOWS\System32\sechost.dll
0x00007ff97b250000 - 0x00007ff97b36f000 	C:\WINDOWS\System32\RPCRT4.dll
0x00007ff97b850000 - 0x00007ff97b9df000 	C:\WINDOWS\System32\USER32.dll
0x00007ff9783e0000 - 0x00007ff978400000 	C:\WINDOWS\System32\win32u.dll
0x00007ff97acd0000 - 0x00007ff97acf8000 	C:\WINDOWS\System32\GDI32.dll
0x00007ff9784d0000 - 0x00007ff978663000 	C:\WINDOWS\System32\gdi32full.dll
0x00007ff979410000 - 0x00007ff9794ab000 	C:\WINDOWS\System32\msvcp_win.dll
0x00007ff979310000 - 0x00007ff979406000 	C:\WINDOWS\System32\ucrtbase.dll
0x00007ff968900000 - 0x00007ff968b69000 	C:\WINDOWS\WinSxS\amd64_microsoft.windows.common-controls_6595b64144ccf1df_6.0.16299.309_none_15cfd4c4935e6b11\COMCTL32.dll
0x00007ff97b540000 - 0x00007ff97b848000 	C:\WINDOWS\System32\combase.dll
0x00007ff978450000 - 0x00007ff9784c2000 	C:\WINDOWS\System32\bcryptPrimitives.dll
0x00007ff9794b0000 - 0x00007ff9794dd000 	C:\WINDOWS\System32\IMM32.DLL
0x00000000702e0000 - 0x00000000703b2000 	C:\Program Files\Java\jre1.8.0_144\bin\msvcr100.dll
0x000000006f860000 - 0x00000000700fd000 	C:\Program Files\Java\jre1.8.0_144\bin\server\jvm.dll
0x00007ff97be30000 - 0x00007ff97be38000 	C:\WINDOWS\System32\PSAPI.DLL
0x00007ff96ba30000 - 0x00007ff96ba3a000 	C:\WINDOWS\SYSTEM32\VERSION.dll
0x00007ff96ba50000 - 0x00007ff96ba59000 	C:\WINDOWS\SYSTEM32\WSOCK32.dll
0x00007ff971310000 - 0x00007ff971333000 	C:\WINDOWS\SYSTEM32\WINMM.dll
0x00007ff97b0e0000 - 0x00007ff97b14c000 	C:\WINDOWS\System32\WS2_32.dll
0x00007ff9712e0000 - 0x00007ff97130a000 	C:\WINDOWS\SYSTEM32\winmmbase.dll
0x00007ff978400000 - 0x00007ff97844a000 	C:\WINDOWS\System32\cfgmgr32.dll
0x00000000704b0000 - 0x00000000704bf000 	C:\Program Files\Java\jre1.8.0_144\bin\verify.dll
0x0000000070480000 - 0x00000000704a9000 	C:\Program Files\Java\jre1.8.0_144\bin\java.dll
0x0000000070460000 - 0x0000000070476000 	C:\Program Files\Java\jre1.8.0_144\bin\zip.dll
0x00007ff9795c0000 - 0x00007ff97a9f6000 	C:\WINDOWS\System32\SHELL32.dll
0x00007ff97ad20000 - 0x00007ff97adc6000 	C:\WINDOWS\System32\shcore.dll
0x00007ff978840000 - 0x00007ff978f87000 	C:\WINDOWS\System32\windows.storage.dll
0x00007ff97b080000 - 0x00007ff97b0d1000 	C:\WINDOWS\System32\shlwapi.dll
0x00007ff9783a0000 - 0x00007ff9783b1000 	C:\WINDOWS\System32\kernel.appcore.dll
0x00007ff978350000 - 0x00007ff97839c000 	C:\WINDOWS\System32\powrprof.dll
0x00007ff978330000 - 0x00007ff97834b000 	C:\WINDOWS\System32\profapi.dll
0x00000000703c0000 - 0x00000000703cd000 	C:\Program Files\Java\jre1.8.0_144\bin\management.dll
0x0000000070440000 - 0x000000007045a000 	C:\Program Files\Java\jre1.8.0_144\bin\net.dll
0x00007ff977bc0000 - 0x00007ff977c26000 	C:\WINDOWS\system32\mswsock.dll
0x00007ff9694d0000 - 0x00007ff9694e6000 	C:\WINDOWS\system32\napinsp.dll
0x00007ff9694b0000 - 0x00007ff9694ca000 	C:\WINDOWS\system32\pnrpnsp.dll
0x00007ff974920000 - 0x00007ff974938000 	C:\WINDOWS\system32\NLAapi.dll
0x00007ff977990000 - 0x00007ff977a46000 	C:\WINDOWS\SYSTEM32\DNSAPI.dll
0x00007ff97ad10000 - 0x00007ff97ad18000 	C:\WINDOWS\System32\NSI.dll
0x00007ff977950000 - 0x00007ff977989000 	C:\WINDOWS\SYSTEM32\IPHLPAPI.DLL
0x00007ff9694a0000 - 0x00007ff9694ae000 	C:\WINDOWS\System32\winrnr.dll
0x00000000709a0000 - 0x00000000709c6000 	C:\Program Files\Bonjour\mdnsNSP.dll
0x00007ff973030000 - 0x00007ff973045000 	C:\WINDOWS\System32\wshbth.dll
0x00007ff96ee40000 - 0x00007ff96ee4a000 	C:\Windows\System32\rasadhlp.dll
0x00007ff96f2d0000 - 0x00007ff96f340000 	C:\WINDOWS\System32\fwpuclnt.dll
0x00007ff977e90000 - 0x00007ff977eb5000 	C:\WINDOWS\SYSTEM32\bcrypt.dll
0x0000000070420000 - 0x0000000070431000 	C:\Program Files\Java\jre1.8.0_144\bin\nio.dll

VM Arguments:
jvm_args: -Dfile.encoding=UTF-8 
java_command: com.softtech.localLevel.LocalLevelApplication
java_class_path (initial): C:\Users\Lothbroke\Desktop\Softech\Project\LocalLevel\target\classes;C:\Users\Lothbroke\.m2\repository\org\springframework\boot\spring-boot-starter-data-jpa\1.5.10.RELEASE\spring-boot-starter-data-jpa-1.5.10.RELEASE.jar;C:\Users\Lothbroke\.m2\repository\org\springframework\boot\spring-boot-starter\1.5.10.RELEASE\spring-boot-starter-1.5.10.RELEASE.jar;C:\Users\Lothbroke\.m2\repository\org\springframework\boot\spring-boot\1.5.10.RELEASE\spring-boot-1.5.10.RELEASE.jar;C:\Users\Lothbroke\.m2\repository\org\springframework\boot\spring-boot-autoconfigure\1.5.10.RELEASE\spring-boot-autoconfigure-1.5.10.RELEASE.jar;C:\Users\Lothbroke\.m2\repository\org\springframework\boot\spring-boot-starter-logging\1.5.10.RELEASE\spring-boot-starter-logging-1.5.10.RELEASE.jar;C:\Users\Lothbroke\.m2\repository\ch\qos\logback\logback-classic\1.1.11\logback-classic-1.1.11.jar;C:\Users\Lothbroke\.m2\repository\ch\qos\logback\logback-core\1.1.11\logback-core-1.1.11.jar;C:\Users\Lothbroke\.m2\repository\org\slf4j\jul-to-slf4j\1.7.25\jul-to-slf4j-1.7.25.jar;C:\Users\Lothbroke\.m2\repository\org\slf4j\log4j-over-slf4j\1.7.25\log4j-over-slf4j-1.7.25.jar;C:\Users\Lothbroke\.m2\repository\org\yaml\snakeyaml\1.17\snakeyaml-1.17.jar;C:\Users\Lothbroke\.m2\repository\org\springframework\boot\spring-boot-starter-aop\1.5.10.RELEASE\spring-boot-starter-aop-1.5.10.RELEASE.jar;C:\Users\Lothbroke\.m2\repository\org\springframework\spring-aop\4.3.14.RELEASE\spring-aop-4.3.14.RELEASE.jar;C:\Users\Lothbroke\.m2\repository\org\aspectj\aspectjweaver\1.8.13\aspectjweaver-1.8.13.jar;C:\Users\Lothbroke\.m2\repository\org\springframework\boot\spring-boot-starter-jdbc\1.5.10.RELEASE\spring-boot-starter-jdbc-1.5.10.RELEASE.jar;C:\Users\Lothbroke\.m2\repository\org\apache\tomcat\tomcat-jdbc\8.5.27\tomcat-jdbc-8.5.27.jar;C:\Users\Lothbroke\.m2\repository\org\apache\tomcat\tomcat-juli\8.5.27\tomcat-juli-8.5.27.jar;C:\Users\Lothbroke\.m2\repository\org\springframework\spring-jdbc\4.3.14.RELEASE
Launcher Type: SUN_STANDARD

Environment Variables:
JAVA_HOME=C:\Program Files\Java\jdk1.8.0_144
PATH=C:/Program Files/Java/jre1.8.0_144/bin/server;C:/Program Files/Java/jre1.8.0_144/bin;C:/Program Files/Java/jre1.8.0_144/lib/amd64;C:\app\Lothbroke\product\11.2.0\dbhome_1\bin;C:\ProgramData\Oracle\Java\javapath;"C:\ProgramData\Oracle\Java\javapath;C:\Program Files\Java\jdk1.8.0_144\bin;C:\Program Files\Java\jre1.8.0_144";C:\WINDOWS\system32;C:\WINDOWS;C:\WINDOWS\System32\Wbem;C:\WINDOWS\System32\WindowsPowerShell\v1.0\;C:\Program Files\PuTTY\;C:\Program Files\Git\cmd;C:\Program Files\nodejs\;C:\Program Files\Apache software foundation\apache-maven-3.5.0\bin;C:\Users\Lothbroke\AppData\Local\Microsoft\WindowsApps;C:\Program Files\Java\jdk1.8.0_144\bin;C:\Users\Lothbroke\AppData\Roaming\npm;C:\Program Files (x86)\Microsoft VS Code\bin;C:\Users\Lothbroke\Desktop\eclipse;
USERNAME=Lothbroke
OS=Windows_NT
PROCESSOR_IDENTIFIER=Intel64 Family 6 Model 60 Stepping 3, GenuineIntel



---------------  S Y S T E M  ---------------

OS: Windows 10.0 , 64 bit Build 16299 (10.0.16299.15)

CPU:total 8 (initial active 8) (4 cores per cpu, 2 threads per core) family 6 model 60 stepping 3, cmov, cx8, fxsr, mmx, sse, sse2, sse3, ssse3, sse4.1, sse4.2, popcnt, avx, avx2, aes, clmul, erms, lzcnt, ht, tsc, tscinvbit, bmi1, bmi2

Memory: 4k page, physical 3859708k(435656k free), swap 7955708k(5896k free)

vm_info: Java HotSpot(TM) 64-Bit Server VM (25.144-b01) for windows-amd64 JRE (1.8.0_144-b01), built on Jul 21 2017 21:57:33 by "java_re" with MS VC++ 10.0 (VS2010)

time: Fri Mar 30 13:35:43 2018
elapsed time: 1 seconds (0d 0h 0m 1s)

