#
# There is insufficient memory for the Java Runtime Environment to continue.
# Native memory allocation (malloc) failed to allocate 131088 bytes for Chunk::new
# Possible reasons:
#   The system is out of physical RAM or swap space
#   In 32 bit mode, the process size limit was hit
# Possible solutions:
#   Reduce memory load on the system
#   Increase physical memory or swap space
#   Check if swap backing store is full
#   Use 64 bit Java on a 64 bit OS
#   Decrease Java heap size (-Xmx/-Xms)
#   Decrease number of Java threads
#   Decrease Java thread stack sizes (-Xss)
#   Set larger code cache with -XX:ReservedCodeCacheSize=
# This output file may be truncated or incomplete.
#
#  Out of Memory Error (allocation.cpp:390), pid=2224, tid=0x0000000000002f90
#
# JRE version: Java(TM) SE Runtime Environment (8.0_144-b01) (build 1.8.0_144-b01)
# Java VM: Java HotSpot(TM) 64-Bit Server VM (25.144-b01 mixed mode windows-amd64 compressed oops)
# Failed to write core dump. Minidumps are not enabled by default on client versions of Windows
#

---------------  T H R E A D  ---------------

Current thread (0x00000000194e5000):  JavaThread "C2 CompilerThread1" daemon [_thread_in_native, id=12176, stack(0x0000000019da0000,0x0000000019ea0000)]

Stack: [0x0000000019da0000,0x0000000019ea0000]
[error occurred during error reporting (printing stack bounds), id 0xc0000005]

Native frames: (J=compiled Java code, j=interpreted, Vv=VM code, C=native code)


Current CompileTask:
C2:  14185 5270   !   4       org.hibernate.persister.walking.spi.MetamodelGraphWalker::visitAttributeDefinition (221 bytes)


---------------  P R O C E S S  ---------------

Java Threads: ( => current thread )
  0x000000001ae90800 JavaThread "Abandoned connection cleanup thread" daemon [_thread_blocked, id=4476, stack(0x0000000022430000,0x0000000022530000)]
  0x000000001b689800 JavaThread "Tomcat JDBC Pool Cleaner[1943105171:1525333819557]" daemon [_thread_blocked, id=1244, stack(0x0000000022330000,0x0000000022430000)]
  0x000000001af30800 JavaThread "container-0" [_thread_blocked, id=9848, stack(0x0000000021d20000,0x0000000021e20000)]
  0x000000001f5b4000 JavaThread "ContainerBackgroundProcessor[StandardEngine[Tomcat]]" daemon [_thread_blocked, id=6520, stack(0x0000000020be0000,0x0000000020ce0000)]
  0x000000001f81b000 JavaThread "localhost-startStop-1" daemon [_thread_blocked, id=12156, stack(0x0000000020ae0000,0x0000000020be0000)]
  0x000000001affc000 JavaThread "Tomcat-startStop-1" daemon [_thread_blocked, id=10908, stack(0x000000001e230000,0x000000001e330000)]
  0x000000001b007000 JavaThread "restartedMain" [_thread_in_native, id=8388, stack(0x000000001bf50000,0x000000001c050000)]
  0x000000001b76c800 JavaThread "Thread-0" [_thread_blocked, id=7116, stack(0x000000001be50000,0x000000001bf50000)]
  0x000000001956f800 JavaThread "Service Thread" daemon [_thread_blocked, id=9780, stack(0x000000001a0a0000,0x000000001a1a0000)]
  0x00000000194f2000 JavaThread "C1 CompilerThread3" daemon [_thread_blocked, id=3028, stack(0x0000000019fa0000,0x000000001a0a0000)]
  0x00000000194e9800 JavaThread "C2 CompilerThread2" daemon [_thread_in_native, id=7700, stack(0x0000000019ea0000,0x0000000019fa0000)]
=>0x00000000194e5000 JavaThread "C2 CompilerThread1" daemon [_thread_in_native, id=12176, stack(0x0000000019da0000,0x0000000019ea0000)]
  0x00000000194de800 JavaThread "C2 CompilerThread0" daemon [_thread_blocked, id=11428, stack(0x0000000019ca0000,0x0000000019da0000)]
  0x00000000194dd800 JavaThread "Attach Listener" daemon [_thread_blocked, id=9788, stack(0x0000000019ba0000,0x0000000019ca0000)]
  0x00000000194db000 JavaThread "Signal Dispatcher" daemon [_thread_blocked, id=8224, stack(0x0000000019aa0000,0x0000000019ba0000)]
  0x00000000194d0800 JavaThread "Finalizer" daemon [_thread_blocked, id=3340, stack(0x00000000198b0000,0x00000000199b0000)]
  0x00000000175cd000 JavaThread "Reference Handler" daemon [_thread_blocked, id=9368, stack(0x00000000193b0000,0x00000000194b0000)]
  0x0000000004ca5000 JavaThread "main" [_thread_blocked, id=7608, stack(0x0000000004ba0000,0x0000000004ca0000)]

Other Threads:
  0x00000000175c8800 VMThread [stack: 0x00000000192b0000,0x00000000193b0000] [id=9128]
  0x00000000195d5000 WatcherThread [stack: 0x000000001a1a0000,0x000000001a2a0000] [id=9888]

VM state:not at safepoint (normal execution)

VM Mutex/Monitor currently owned by a thread: None

Heap:
 PSYoungGen      total 166400K, used 113922K [0x00000000ec580000, 0x00000000fa300000, 0x0000000100000000)
  eden space 152576K, 74% used [0x00000000ec580000,0x00000000f34c0a38,0x00000000f5a80000)
  from space 13824K, 0% used [0x00000000f5a80000,0x00000000f5a80000,0x00000000f6800000)
  to   space 17408K, 0% used [0x00000000f9200000,0x00000000f9200000,0x00000000fa300000)
 ParOldGen       total 34304K, used 25133K [0x00000000c5000000, 0x00000000c7180000, 0x00000000ec580000)
  object space 34304K, 73% used [0x00000000c5000000,0x00000000c688b650,0x00000000c7180000)
 Metaspace       used 44407K, capacity 44924K, committed 45312K, reserved 1089536K
  class space    used 5660K, capacity 5809K, committed 5888K, reserved 1048576K

Card table byte_map: [0x0000000014160000,0x0000000014340000] byte_map_base: 0x0000000013b38000

Marking Bits: (ParMarkBitMap*) 0x00000000729fd850
 Begin Bits: [0x0000000014c80000, 0x0000000015b40000)
 End Bits:   [0x0000000015b40000, 0x0000000016a00000)

Polling page: 0x0000000002c70000

CodeCache: size=245760Kb used=17850Kb max_used=17850Kb free=227909Kb
 bounds [0x0000000004da0000, 0x0000000005f30000, 0x0000000013da0000]
 total_blobs=5146 nmethods=4638 adapters=419
 compilation: enabled

Compilation events (10 events):
Event: 14.125 Thread 0x00000000194de800 nmethod 5268 0x0000000005f14610 code [0x0000000005f14b20, 0x0000000005f180c8]
Event: 14.147 Thread 0x00000000194f2000 5288       3       com.mysql.jdbc.util.ReadAheadInputStream::read (54 bytes)
Event: 14.147 Thread 0x00000000194f2000 nmethod 5288 0x0000000005ef6290 code [0x0000000005ef6420, 0x0000000005ef67d8]
Event: 14.149 Thread 0x00000000194f2000 5289       3       com.mysql.jdbc.ByteArrayRow::getString (28 bytes)
Event: 14.149 Thread 0x00000000194f2000 nmethod 5289 0x0000000005ef6e10 code [0x0000000005ef6f80, 0x0000000005ef7208]
Event: 14.149 Thread 0x00000000194f2000 5290   !   3       com.mysql.jdbc.ResultSetRow::getString (124 bytes)
Event: 14.151 Thread 0x00000000194f2000 nmethod 5290 0x0000000005f1e3d0 code [0x0000000005f1e820, 0x0000000005f21548]
Event: 14.151 Thread 0x00000000194f2000 5291       3       com.mysql.jdbc.Field::determineNeedsQuoting (93 bytes)
Event: 14.152 Thread 0x00000000194f2000 nmethod 5291 0x0000000005ef5f10 code [0x0000000005ef6060, 0x0000000005ef6210]
Event: 14.152 Thread 0x00000000194f2000 5292       3       com.mysql.jdbc.ResultSetImpl::getString (107 bytes)

GC Heap History (10 events):
Event: 3.150 GC heap before
{Heap before GC invocations=9 (full 1):
 PSYoungGen      total 129536K, used 7075K [0x00000000ec580000, 0x00000000f4f80000, 0x0000000100000000)
  eden space 119296K, 0% used [0x00000000ec580000,0x00000000ec580000,0x00000000f3a00000)
  from space 10240K, 69% used [0x00000000f4480000,0x00000000f4b68cd0,0x00000000f4e80000)
  to   space 10752K, 0% used [0x00000000f3a00000,0x00000000f3a00000,0x00000000f4480000)
 ParOldGen       total 40960K, used 9322K [0x00000000c5000000, 0x00000000c7800000, 0x00000000ec580000)
  object space 40960K, 22% used [0x00000000c5000000,0x00000000c591a8d8,0x00000000c7800000)
 Metaspace       used 20914K, capacity 21184K, committed 21296K, reserved 1069056K
  class space    used 2536K, capacity 2644K, committed 2688K, reserved 1048576K
Event: 3.200 GC heap after
Heap after GC invocations=9 (full 1):
 PSYoungGen      total 129536K, used 0K [0x00000000ec580000, 0x00000000f4f80000, 0x0000000100000000)
  eden space 119296K, 0% used [0x00000000ec580000,0x00000000ec580000,0x00000000f3a00000)
  from space 10240K, 0% used [0x00000000f4480000,0x00000000f4480000,0x00000000f4e80000)
  to   space 10752K, 0% used [0x00000000f3a00000,0x00000000f3a00000,0x00000000f4480000)
 ParOldGen       total 34304K, used 8821K [0x00000000c5000000, 0x00000000c7180000, 0x00000000ec580000)
  object space 34304K, 25% used [0x00000000c5000000,0x00000000c589d558,0x00000000c7180000)
 Metaspace       used 20914K, capacity 21184K, committed 21296K, reserved 1069056K
  class space    used 2536K, capacity 2644K, committed 2688K, reserved 1048576K
}
Event: 6.273 GC heap before
{Heap before GC invocations=10 (full 1):
 PSYoungGen      total 129536K, used 119296K [0x00000000ec580000, 0x00000000f4f80000, 0x0000000100000000)
  eden space 119296K, 100% used [0x00000000ec580000,0x00000000f3a00000,0x00000000f3a00000)
  from space 10240K, 0% used [0x00000000f4480000,0x00000000f4480000,0x00000000f4e80000)
  to   space 10752K, 0% used [0x00000000f3a00000,0x00000000f3a00000,0x00000000f4480000)
 ParOldGen       total 34304K, used 8821K [0x00000000c5000000, 0x00000000c7180000, 0x00000000ec580000)
  object space 34304K, 25% used [0x00000000c5000000,0x00000000c589d558,0x00000000c7180000)
 Metaspace       used 25065K, capacity 25470K, committed 25600K, reserved 1071104K
  class space    used 3122K, capacity 3244K, committed 3328K, reserved 1048576K
Event: 6.282 GC heap after
Heap after GC invocations=10 (full 1):
 PSYoungGen      total 130048K, used 8202K [0x00000000ec580000, 0x00000000f7480000, 0x0000000100000000)
  eden space 119296K, 0% used [0x00000000ec580000,0x00000000ec580000,0x00000000f3a00000)
  from space 10752K, 76% used [0x00000000f3a00000,0x00000000f4202b78,0x00000000f4480000)
  to   space 11264K, 0% used [0x00000000f6980000,0x00000000f6980000,0x00000000f7480000)
 ParOldGen       total 34304K, used 8829K [0x00000000c5000000, 0x00000000c7180000, 0x00000000ec580000)
  object space 34304K, 25% used [0x00000000c5000000,0x00000000c589f558,0x00000000c7180000)
 Metaspace       used 25065K, capacity 25470K, committed 25600K, reserved 1071104K
  class space    used 3122K, capacity 3244K, committed 3328K, reserved 1048576K
}
Event: 9.090 GC heap before
{Heap before GC invocations=11 (full 1):
 PSYoungGen      total 130048K, used 127498K [0x00000000ec580000, 0x00000000f7480000, 0x0000000100000000)
  eden space 119296K, 100% used [0x00000000ec580000,0x00000000f3a00000,0x00000000f3a00000)
  from space 10752K, 76% used [0x00000000f3a00000,0x00000000f4202b78,0x00000000f4480000)
  to   space 11264K, 0% used [0x00000000f6980000,0x00000000f6980000,0x00000000f7480000)
 ParOldGen       total 34304K, used 8829K [0x00000000c5000000, 0x00000000c7180000, 0x00000000ec580000)
  object space 34304K, 25% used [0x00000000c5000000,0x00000000c589f558,0x00000000c7180000)
 Metaspace       used 30029K, capacity 30488K, committed 30592K, reserved 1075200K
  class space    used 3773K, capacity 3899K, committed 3968K, reserved 1048576K
Event: 9.101 GC heap after
Heap after GC invocations=11 (full 1):
 PSYoungGen      total 163840K, used 11256K [0x00000000ec580000, 0x00000000f7580000, 0x0000000100000000)
  eden space 152576K, 0% used [0x00000000ec580000,0x00000000ec580000,0x00000000f5a80000)
  from space 11264K, 99% used [0x00000000f6980000,0x00000000f747e050,0x00000000f7480000)
  to   space 13824K, 0% used [0x00000000f5a80000,0x00000000f5a80000,0x00000000f6800000)
 ParOldGen       total 34304K, used 11258K [0x00000000c5000000, 0x00000000c7180000, 0x00000000ec580000)
  object space 34304K, 32% used [0x00000000c5000000,0x00000000c5afe9e0,0x00000000c7180000)
 Metaspace       used 30029K, capacity 30488K, committed 30592K, reserved 1075200K
  class space    used 3773K, capacity 3899K, committed 3968K, reserved 1048576K
}
Event: 11.160 GC heap before
{Heap before GC invocations=12 (full 1):
 PSYoungGen      total 163840K, used 163832K [0x00000000ec580000, 0x00000000f7580000, 0x0000000100000000)
  eden space 152576K, 100% used [0x00000000ec580000,0x00000000f5a80000,0x00000000f5a80000)
  from space 11264K, 99% used [0x00000000f6980000,0x00000000f747e050,0x00000000f7480000)
  to   space 13824K, 0% used [0x00000000f5a80000,0x00000000f5a80000,0x00000000f6800000)
 ParOldGen       total 34304K, used 11258K [0x00000000c5000000, 0x00000000c7180000, 0x00000000ec580000)
  object space 34304K, 32% used [0x00000000c5000000,0x00000000c5afe9e0,0x00000000c7180000)
 Metaspace       used 34863K, capacity 35260K, committed 35456K, reserved 1079296K
  class space    used 4472K, capacity 4609K, committed 4736K, reserved 1048576K
Event: 11.174 GC heap after
Heap after GC invocations=12 (full 1):
 PSYoungGen      total 166400K, used 13819K [0x00000000ec580000, 0x00000000fa300000, 0x0000000100000000)
  eden space 152576K, 0% used [0x00000000ec580000,0x00000000ec580000,0x00000000f5a80000)
  from space 13824K, 99% used [0x00000000f5a80000,0x00000000f67fec30,0x00000000f6800000)
  to   space 17408K, 0% used [0x00000000f9200000,0x00000000f9200000,0x00000000fa300000)
 ParOldGen       total 34304K, used 15412K [0x00000000c5000000, 0x00000000c7180000, 0x00000000ec580000)
  object space 34304K, 44% used [0x00000000c5000000,0x00000000c5f0d368,0x00000000c7180000)
 Metaspace       used 34863K, capacity 35260K, committed 35456K, reserved 1079296K
  class space    used 4472K, capacity 4609K, committed 4736K, reserved 1048576K
}
Event: 11.174 GC heap before
{Heap before GC invocations=13 (full 2):
 PSYoungGen      total 166400K, used 13819K [0x00000000ec580000, 0x00000000fa300000, 0x0000000100000000)
  eden space 152576K, 0% used [0x00000000ec580000,0x00000000ec580000,0x00000000f5a80000)
  from space 13824K, 99% used [0x00000000f5a80000,0x00000000f67fec30,0x00000000f6800000)
  to   space 17408K, 0% used [0x00000000f9200000,0x00000000f9200000,0x00000000fa300000)
 ParOldGen       total 34304K, used 15412K [0x00000000c5000000, 0x00000000c7180000, 0x00000000ec580000)
  object space 34304K, 44% used [0x00000000c5000000,0x00000000c5f0d368,0x00000000c7180000)
 Metaspace       used 34863K, capacity 35260K, committed 35456K, reserved 1079296K
  class space    used 4472K, capacity 4609K, committed 4736K, reserved 1048576K
Event: 11.290 GC heap after
Heap after GC invocations=13 (full 2):
 PSYoungGen      total 166400K, used 0K [0x00000000ec580000, 0x00000000fa300000, 0x0000000100000000)
  eden space 152576K, 0% used [0x00000000ec580000,0x00000000ec580000,0x00000000f5a80000)
  from space 13824K, 0% used [0x00000000f5a80000,0x00000000f5a80000,0x00000000f6800000)
  to   space 17408K, 0% used [0x00000000f9200000,0x00000000f9200000,0x00000000fa300000)
 ParOldGen       total 34304K, used 25133K [0x00000000c5000000, 0x00000000c7180000, 0x00000000ec580000)
  object space 34304K, 73% used [0x00000000c5000000,0x00000000c688b650,0x00000000c7180000)
 Metaspace       used 34863K, capacity 35260K, committed 35456K, reserved 1079296K
  class space    used 4472K, capacity 4609K, committed 4736K, reserved 1048576K
}

Deoptimization events (10 events):
Event: 12.510 Thread 0x000000001b007000 Uncommon trap: reason=class_check action=maybe_recompile pc=0x0000000004fde92c method=java.util.TreeMap.getEntry(Ljava/lang/Object;)Ljava/util/TreeMap$Entry; @ 26
Event: 12.510 Thread 0x000000001b007000 Uncommon trap: reason=class_check action=maybe_recompile pc=0x0000000004fde92c method=java.util.TreeMap.getEntry(Ljava/lang/Object;)Ljava/util/TreeMap$Entry; @ 26
Event: 12.575 Thread 0x000000001b007000 Uncommon trap: reason=null_assert action=make_not_entrant pc=0x0000000005bcba64 method=org.hibernate.annotations.common.reflection.java.generics.TypeSwitch.doSwitch(Ljava/lang/reflect/Type;)Ljava/lang/Object; @ 17
Event: 12.638 Thread 0x000000001b007000 Uncommon trap: reason=unstable_if action=reinterpret pc=0x00000000053cc564 method=java.util.HashMap.putMapEntries(Ljava/util/Map;Z)V @ 15
Event: 12.803 Thread 0x000000001b007000 Uncommon trap: reason=unstable_if action=reinterpret pc=0x000000000538b4a4 method=java.lang.reflect.Method.invoke(Ljava/lang/Object;[Ljava/lang/Object;)Ljava/lang/Object; @ 18
Event: 13.024 Thread 0x000000001b007000 Uncommon trap: reason=unstable_if action=reinterpret pc=0x0000000005728560 method=javassist.bytecode.LongVector.elementAt(I)Ljavassist/bytecode/ConstInfo; @ 9
Event: 13.027 Thread 0x000000001b007000 Uncommon trap: reason=unstable_if action=reinterpret pc=0x00000000052c0ba8 method=java.util.HashMap.putVal(ILjava/lang/Object;Ljava/lang/Object;ZZ)Ljava/lang/Object; @ 162
Event: 13.027 Thread 0x000000001b007000 Uncommon trap: reason=unstable_if action=reinterpret pc=0x00000000050f7b6c method=java.util.HashMap.getNode(ILjava/lang/Object;)Ljava/util/HashMap$Node; @ 84
Event: 13.027 Thread 0x000000001b007000 Uncommon trap: reason=unstable_if action=reinterpret pc=0x0000000004fe59dc method=java.util.HashMap.getNode(ILjava/lang/Object;)Ljava/util/HashMap$Node; @ 84
Event: 13.028 Thread 0x000000001b007000 Uncommon trap: reason=unstable_if action=reinterpret pc=0x00000000052acbb8 method=java.util.HashMap.resize()[Ljava/util/HashMap$Node; @ 206

Internal exceptions (10 events):
Event: 10.528 Thread 0x000000001b007000 Exception <a 'java/lang/ClassNotFoundException': org/springframework/context/weaving/LoadTimeWeaverAwareCustomizer> (0x00000000f398dab8) thrown at [C:\re\workspace\8-2-build-windows-amd64-cygwin\jdk8u144\9417\hotspot\src\share\vm\classfile\systemDictionar
Event: 10.528 Thread 0x000000001b007000 Exception <a 'java/lang/ClassNotFoundException': org/springframework/beans/factory/FactoryBeanCustomizer> (0x00000000f39a5988) thrown at [C:\re\workspace\8-2-build-windows-amd64-cygwin\jdk8u144\9417\hotspot\src\share\vm\classfile\systemDictionary.cpp, lin
Event: 10.528 Thread 0x000000001b007000 Exception <a 'java/lang/ClassNotFoundException': org/springframework/beans/factory/BeanClassLoaderAwareCustomizer> (0x00000000f39c2c20) thrown at [C:\re\workspace\8-2-build-windows-amd64-cygwin\jdk8u144\9417\hotspot\src\share\vm\classfile\systemDictionary
Event: 10.528 Thread 0x000000001b007000 Exception <a 'java/lang/ClassNotFoundException': org/springframework/beans/factory/BeanFactoryAwareCustomizer> (0x00000000f39dbe40) thrown at [C:\re\workspace\8-2-build-windows-amd64-cygwin\jdk8u144\9417\hotspot\src\share\vm\classfile\systemDictionary.cpp
Event: 10.529 Thread 0x000000001b007000 Exception <a 'java/lang/ClassNotFoundException': org/springframework/beans/factory/BeanNameAwareCustomizer> (0x00000000f39f4580) thrown at [C:\re\workspace\8-2-build-windows-amd64-cygwin\jdk8u144\9417\hotspot\src\share\vm\classfile\systemDictionary.cpp, l
Event: 10.529 Thread 0x000000001b007000 Exception <a 'java/lang/ClassNotFoundException': org/springframework/beans/factory/InitializingBeanCustomizer> (0x00000000f3a0d6c0) thrown at [C:\re\workspace\8-2-build-windows-amd64-cygwin\jdk8u144\9417\hotspot\src\share\vm\classfile\systemDictionary.cpp
Event: 10.529 Thread 0x000000001b007000 Exception <a 'java/lang/ClassNotFoundException': org/springframework/beans/factory/DisposableBeanCustomizer> (0x00000000f3a25008) thrown at [C:\re\workspace\8-2-build-windows-amd64-cygwin\jdk8u144\9417\hotspot\src\share\vm\classfile\systemDictionary.cpp, 
Event: 10.530 Thread 0x000000001b007000 Exception <a 'java/lang/ClassNotFoundException': org/springframework/orm/jpa/EntityManagerFactoryInfoCustomizer> (0x00000000f3a3df98) thrown at [C:\re\workspace\8-2-build-windows-amd64-cygwin\jdk8u144\9417\hotspot\src\share\vm\classfile\systemDictionary.c
Event: 10.530 Thread 0x000000001b007000 Exception <a 'java/lang/ClassNotFoundException': org/springframework/dao/support/PersistenceExceptionTranslatorCustomizer> (0x00000000f3a630c0) thrown at [C:\re\workspace\8-2-build-windows-amd64-cygwin\jdk8u144\9417\hotspot\src\share\vm\classfile\systemDi
Event: 10.530 Thread 0x000000001b007000 Exception <a 'java/lang/ClassNotFoundException': java/io/SerializableCustomizer> (0x00000000f3a6c998) thrown at [C:\re\workspace\8-2-build-windows-amd64-cygwin\jdk8u144\9417\hotspot\src\share\vm\classfile\systemDictionary.cpp, line 210]

Events (10 events):
Event: 14.147 loading class com/mysql/jdbc/DatabaseMetaData$TableType
Event: 14.147 loading class com/mysql/jdbc/DatabaseMetaData$TableType done
Event: 14.148 loading class com/mysql/jdbc/DatabaseMetaData$11
Event: 14.148 loading class com/mysql/jdbc/DatabaseMetaData$11 done
Event: 14.148 loading class com/mysql/jdbc/DatabaseMetaData$TableMetaDataKey
Event: 14.148 loading class com/mysql/jdbc/DatabaseMetaData$TableMetaDataKey done
Event: 14.148 loading class org/hibernate/tool/schema/extract/internal/TableInformationImpl
Event: 14.148 loading class org/hibernate/tool/schema/extract/internal/TableInformationImpl done
Event: 14.149 loading class com/mysql/jdbc/DatabaseMetaData$2
Event: 14.149 loading class com/mysql/jdbc/DatabaseMetaData$2 done


Dynamic libraries:
0x00007ff61cad0000 - 0x00007ff61cb07000 	C:\Program Files\Java\jre1.8.0_144\bin\javaw.exe
0x00007ff90c7f0000 - 0x00007ff90c9d0000 	C:\WINDOWS\SYSTEM32\ntdll.dll
0x00007ff90b2e0000 - 0x00007ff90b38e000 	C:\WINDOWS\System32\KERNEL32.DLL
0x00007ff909660000 - 0x00007ff9098c6000 	C:\WINDOWS\System32\KERNELBASE.dll
0x00007ff909dd0000 - 0x00007ff909e71000 	C:\WINDOWS\System32\ADVAPI32.dll
0x00007ff90c490000 - 0x00007ff90c52d000 	C:\WINDOWS\System32\msvcrt.dll
0x00007ff90b3f0000 - 0x00007ff90b44b000 	C:\WINDOWS\System32\sechost.dll
0x00007ff90bba0000 - 0x00007ff90bcbf000 	C:\WINDOWS\System32\RPCRT4.dll
0x00007ff90c530000 - 0x00007ff90c6bf000 	C:\WINDOWS\System32\USER32.dll
0x00007ff909ca0000 - 0x00007ff909cc0000 	C:\WINDOWS\System32\win32u.dll
0x00007ff90c2c0000 - 0x00007ff90c2e8000 	C:\WINDOWS\System32\GDI32.dll
0x00007ff908bf0000 - 0x00007ff908d83000 	C:\WINDOWS\System32\gdi32full.dll
0x00007ff908e10000 - 0x00007ff908eab000 	C:\WINDOWS\System32\msvcp_win.dll
0x00007ff909b50000 - 0x00007ff909c46000 	C:\WINDOWS\System32\ucrtbase.dll
0x00007ff8f7e70000 - 0x00007ff8f80d9000 	C:\WINDOWS\WinSxS\amd64_microsoft.windows.common-controls_6595b64144ccf1df_6.0.16299.371_none_15c7d1789365a290\COMCTL32.dll
0x00007ff90b520000 - 0x00007ff90b828000 	C:\WINDOWS\System32\combase.dll
0x00007ff908d90000 - 0x00007ff908e02000 	C:\WINDOWS\System32\bcryptPrimitives.dll
0x00007ff90c290000 - 0x00007ff90c2bd000 	C:\WINDOWS\System32\IMM32.DLL
0x0000000072010000 - 0x00000000720e2000 	C:\Program Files\Java\jre1.8.0_144\bin\msvcr100.dll
0x00000000721e0000 - 0x0000000072a7d000 	C:\Program Files\Java\jre1.8.0_144\bin\server\jvm.dll
0x00007ff90b2c0000 - 0x00007ff90b2c8000 	C:\WINDOWS\System32\PSAPI.DLL
0x00007ff902020000 - 0x00007ff902043000 	C:\WINDOWS\SYSTEM32\WINMM.dll
0x00007ff8fbbf0000 - 0x00007ff8fbbfa000 	C:\WINDOWS\SYSTEM32\VERSION.dll
0x00007ff8faf50000 - 0x00007ff8faf59000 	C:\WINDOWS\SYSTEM32\WSOCK32.dll
0x00007ff90bdd0000 - 0x00007ff90be3c000 	C:\WINDOWS\System32\WS2_32.dll
0x00007ff901ff0000 - 0x00007ff90201a000 	C:\WINDOWS\SYSTEM32\winmmbase.dll
0x00007ff909c50000 - 0x00007ff909c9a000 	C:\WINDOWS\System32\cfgmgr32.dll
0x00000000721d0000 - 0x00000000721df000 	C:\Program Files\Java\jre1.8.0_144\bin\verify.dll
0x00000000721a0000 - 0x00000000721c9000 	C:\Program Files\Java\jre1.8.0_144\bin\java.dll
0x0000000072180000 - 0x0000000072196000 	C:\Program Files\Java\jre1.8.0_144\bin\zip.dll
0x00007ff909e80000 - 0x00007ff90b2b6000 	C:\WINDOWS\System32\SHELL32.dll
0x00007ff90bd20000 - 0x00007ff90bdc6000 	C:\WINDOWS\System32\shcore.dll
0x00007ff908f10000 - 0x00007ff909657000 	C:\WINDOWS\System32\windows.storage.dll
0x00007ff90b390000 - 0x00007ff90b3e1000 	C:\WINDOWS\System32\shlwapi.dll
0x00007ff908b40000 - 0x00007ff908b51000 	C:\WINDOWS\System32\kernel.appcore.dll
0x00007ff908ba0000 - 0x00007ff908bec000 	C:\WINDOWS\System32\powrprof.dll
0x00007ff908b60000 - 0x00007ff908b7b000 	C:\WINDOWS\System32\profapi.dll
0x00000000720f0000 - 0x00000000720fd000 	C:\Program Files\Java\jre1.8.0_144\bin\management.dll
0x0000000072160000 - 0x000000007217a000 	C:\Program Files\Java\jre1.8.0_144\bin\net.dll
0x00007ff9083d0000 - 0x00007ff908436000 	C:\WINDOWS\system32\mswsock.dll
0x00007ff8fe7c0000 - 0x00007ff8fe7d6000 	C:\WINDOWS\system32\napinsp.dll
0x00007ff8fe7a0000 - 0x00007ff8fe7ba000 	C:\WINDOWS\system32\pnrpnsp.dll
0x00007ff905130000 - 0x00007ff905148000 	C:\WINDOWS\system32\NLAapi.dll
0x00007ff9081a0000 - 0x00007ff908256000 	C:\WINDOWS\SYSTEM32\DNSAPI.dll
0x00007ff90c310000 - 0x00007ff90c318000 	C:\WINDOWS\System32\NSI.dll
0x00007ff908160000 - 0x00007ff908199000 	C:\WINDOWS\SYSTEM32\IPHLPAPI.DLL
0x00007ff8fe790000 - 0x00007ff8fe79e000 	C:\WINDOWS\System32\winrnr.dll
0x0000000073290000 - 0x00000000732b6000 	C:\Program Files\Bonjour\mdnsNSP.dll
0x00007ff9038d0000 - 0x00007ff9038e5000 	C:\WINDOWS\System32\wshbth.dll
0x00007ff8ffa20000 - 0x00007ff8ffa2a000 	C:\Windows\System32\rasadhlp.dll
0x00007ff901130000 - 0x00007ff9011a0000 	C:\WINDOWS\System32\fwpuclnt.dll
0x00007ff9086a0000 - 0x00007ff9086c5000 	C:\WINDOWS\SYSTEM32\bcrypt.dll
0x0000000072140000 - 0x0000000072151000 	C:\Program Files\Java\jre1.8.0_144\bin\nio.dll
0x00007ff908590000 - 0x00007ff9085a7000 	C:\WINDOWS\SYSTEM32\CRYPTSP.dll
0x00007ff907fd0000 - 0x00007ff908003000 	C:\WINDOWS\system32\rsaenh.dll
0x00007ff908a70000 - 0x00007ff908a99000 	C:\WINDOWS\SYSTEM32\USERENV.dll
0x00007ff9085b0000 - 0x00007ff9085bb000 	C:\WINDOWS\SYSTEM32\CRYPTBASE.dll
0x00007ff901620000 - 0x00007ff901636000 	C:\WINDOWS\SYSTEM32\dhcpcsvc6.DLL
0x00007ff901700000 - 0x00007ff90171a000 	C:\WINDOWS\SYSTEM32\dhcpcsvc.DLL

VM Arguments:
jvm_args: -Dfile.encoding=UTF-8 
java_command: com.softtech.localLevel.LocalLevelApplication
java_class_path (initial): C:\Users\Lothbroke\Desktop\SoftechProjects\Project\LocalLevel\target\classes;C:\Users\Lothbroke\.m2\repository\org\springframework\boot\spring-boot-starter-data-jpa\1.5.10.RELEASE\spring-boot-starter-data-jpa-1.5.10.RELEASE.jar;C:\Users\Lothbroke\.m2\repository\org\springframework\boot\spring-boot-starter\1.5.10.RELEASE\spring-boot-starter-1.5.10.RELEASE.jar;C:\Users\Lothbroke\.m2\repository\org\springframework\boot\spring-boot-starter-logging\1.5.10.RELEASE\spring-boot-starter-logging-1.5.10.RELEASE.jar;C:\Users\Lothbroke\.m2\repository\ch\qos\logback\logback-classic\1.1.11\logback-classic-1.1.11.jar;C:\Users\Lothbroke\.m2\repository\ch\qos\logback\logback-core\1.1.11\logback-core-1.1.11.jar;C:\Users\Lothbroke\.m2\repository\org\slf4j\jul-to-slf4j\1.7.25\jul-to-slf4j-1.7.25.jar;C:\Users\Lothbroke\.m2\repository\org\slf4j\log4j-over-slf4j\1.7.25\log4j-over-slf4j-1.7.25.jar;C:\Users\Lothbroke\.m2\repository\org\yaml\snakeyaml\1.17\snakeyaml-1.17.jar;C:\Users\Lothbroke\.m2\repository\org\springframework\boot\spring-boot-starter-aop\1.5.10.RELEASE\spring-boot-starter-aop-1.5.10.RELEASE.jar;C:\Users\Lothbroke\.m2\repository\org\springframework\spring-aop\4.3.14.RELEASE\spring-aop-4.3.14.RELEASE.jar;C:\Users\Lothbroke\.m2\repository\org\aspectj\aspectjweaver\1.8.13\aspectjweaver-1.8.13.jar;C:\Users\Lothbroke\.m2\repository\org\springframework\boot\spring-boot-starter-jdbc\1.5.10.RELEASE\spring-boot-starter-jdbc-1.5.10.RELEASE.jar;C:\Users\Lothbroke\.m2\repository\org\apache\tomcat\tomcat-jdbc\8.5.27\tomcat-jdbc-8.5.27.jar;C:\Users\Lothbroke\.m2\repository\org\apache\tomcat\tomcat-juli\8.5.27\tomcat-juli-8.5.27.jar;C:\Users\Lothbroke\.m2\repository\org\springframework\spring-jdbc\4.3.14.RELEASE\spring-jdbc-4.3.14.RELEASE.jar;C:\Users\Lothbroke\.m2\repository\org\hibernate\hibernate-core\5.0.12.Final\hibernate-core-5.0.12.Final.jar;C:\Users\Lothbroke\.m2\repository\org\jboss\logging\jboss-logging\3.3.1.Final\jboss-logging-3.3.1.Final.jar;C:\Use
Launcher Type: SUN_STANDARD

Environment Variables:
JAVA_HOME=C:\Program Files\Java\jdk1.8.0_144
JRE_HOME=C:\Program Files\Java\jre1.8.0_144
CLASSPATH="C:\mysql-connector-java-5.1.43.jar;C:\apache-tomcat-7.0.86\lib\servlet-api.jar;C:\apache-tomcat-7.0.86\lib\jsp-api.jar;";
PATH=C:/Program Files/Java/jre1.8.0_144/bin/server;C:/Program Files/Java/jre1.8.0_144/bin;C:/Program Files/Java/jre1.8.0_144/lib/amd64;C:\app\Lothbroke\product\11.2.0\dbhome_1\bin;C:\ProgramData\Oracle\Java\javapath;"C:\ProgramData\Oracle\Java\javapath;C:\Program Files\Java\jdk1.8.0_144;C:\Program Files\Java\jre1.8.0_144";C:\WINDOWS\system32;C:\WINDOWS;C:\WINDOWS\System32\Wbem;C:\WINDOWS\System32\WindowsPowerShell\v1.0\;C:\Program Files\PuTTY\;C:\Program Files\nodejs\;C:\Program Files\Apache software foundation\apache-maven-3.5.0\bin;C:\Users\Lothbroke\AppData\Local\Microsoft\WindowsApps;C:\Program Files\Java\jdk1.8.0_144\bin;C:\Users\Lothbroke\AppData\Roaming\npm;C:\Program Files (x86)\Microsoft VS Code\bin;C:\Users\Lothbroke\Desktop\eclipse;
USERNAME=Lothbroke
OS=Windows_NT
PROCESSOR_IDENTIFIER=Intel64 Family 6 Model 60 Stepping 3, GenuineIntel



---------------  S Y S T E M  ---------------

OS: Windows 10.0 , 64 bit Build 16299 (10.0.16299.15)

CPU:total 8 (initial active 8) (4 cores per cpu, 2 threads per core) family 6 model 60 stepping 3, cmov, cx8, fxsr, mmx, sse, sse2, sse3, ssse3, sse4.1, sse4.2, popcnt, avx, avx2, aes, clmul, erms, lzcnt, ht, tsc, tscinvbit, bmi1, bmi2

Memory: 4k page, physical 3859708k(404788k free), swap 7955708k(3188k free)

vm_info: Java HotSpot(TM) 64-Bit Server VM (25.144-b01) for windows-amd64 JRE (1.8.0_144-b01), built on Jul 21 2017 21:57:33 by "java_re" with MS VC++ 10.0 (VS2010)

time: Thu May 03 13:35:22 2018
elapsed time: 14 seconds (0d 0h 0m 14s)

