#
# There is insufficient memory for the Java Runtime Environment to continue.
# Native memory allocation (malloc) failed to allocate 1231568 bytes for Chunk::new
# Possible reasons:
#   The system is out of physical RAM or swap space
#   In 32 bit mode, the process size limit was hit
# Possible solutions:
#   Reduce memory load on the system
#   Increase physical memory or swap space
#   Check if swap backing store is full
#   Use 64 bit Java on a 64 bit OS
#   Decrease Java heap size (-Xmx/-Xms)
#   Decrease number of Java threads
#   Decrease Java thread stack sizes (-Xss)
#   Set larger code cache with -XX:ReservedCodeCacheSize=
# This output file may be truncated or incomplete.
#
#  Out of Memory Error (allocation.cpp:390), pid=6088, tid=0x0000000000003188
#
# JRE version: Java(TM) SE Runtime Environment (8.0_144-b01) (build 1.8.0_144-b01)
# Java VM: Java HotSpot(TM) 64-Bit Server VM (25.144-b01 mixed mode windows-amd64 compressed oops)
# Failed to write core dump. Minidumps are not enabled by default on client versions of Windows
#

---------------  T H R E A D  ---------------

Current thread (0x00000000199ce800):  JavaThread "C2 CompilerThread0" daemon [_thread_in_native, id=12680, stack(0x000000001a190000,0x000000001a290000)]

Stack: [0x000000001a190000,0x000000001a290000]
[error occurred during error reporting (printing stack bounds), id 0xc0000005]

Native frames: (J=compiled Java code, j=interpreted, Vv=VM code, C=native code)


Current CompileTask:
C2:   7189 4884   !   4       com.sun.beans.TypeResolver::resolve (274 bytes)


---------------  P R O C E S S  ---------------

Java Threads: ( => current thread )
  0x000000001d07e000 JavaThread "Abandoned connection cleanup thread" daemon [_thread_blocked, id=18272, stack(0x0000000022d00000,0x0000000022e00000)]
  0x000000001d080800 JavaThread "Tomcat JDBC Pool Cleaner[1943105171:1522394959821]" daemon [_thread_blocked, id=10592, stack(0x0000000021f50000,0x0000000022050000)]
  0x0000000020da3800 JavaThread "container-0" [_thread_blocked, id=13352, stack(0x0000000021e50000,0x0000000021f50000)]
  0x0000000020173000 JavaThread "ContainerBackgroundProcessor[StandardEngine[Tomcat]]" daemon [_thread_blocked, id=18320, stack(0x0000000020ae0000,0x0000000020be0000)]
  0x000000001ef7b800 JavaThread "localhost-startStop-1" daemon [_thread_blocked, id=3108, stack(0x00000000209e0000,0x0000000020ae0000)]
  0x000000001ef7a800 JavaThread "Tomcat-startStop-1" daemon [_thread_blocked, id=20288, stack(0x00000000208e0000,0x00000000209e0000)]
  0x0000000019a68800 JavaThread "Service Thread" daemon [_thread_blocked, id=16232, stack(0x000000001a590000,0x000000001a690000)]
  0x0000000019a08800 JavaThread "C1 CompilerThread3" daemon [_thread_in_vm, id=3248, stack(0x000000001a490000,0x000000001a590000)]
  0x00000000199e5000 JavaThread "C2 CompilerThread2" daemon [_thread_in_native, id=15580, stack(0x000000001a390000,0x000000001a490000)]
  0x00000000199d6000 JavaThread "C2 CompilerThread1" daemon [_thread_in_native, id=7848, stack(0x000000001a290000,0x000000001a390000)]
=>0x00000000199ce800 JavaThread "C2 CompilerThread0" daemon [_thread_in_native, id=12680, stack(0x000000001a190000,0x000000001a290000)]
  0x00000000199cd800 JavaThread "Attach Listener" daemon [_thread_blocked, id=16772, stack(0x000000001a090000,0x000000001a190000)]
  0x00000000199cd000 JavaThread "Signal Dispatcher" daemon [_thread_blocked, id=676, stack(0x0000000019f90000,0x000000001a090000)]
  0x00000000199c0800 JavaThread "Finalizer" daemon [_thread_blocked, id=2204, stack(0x0000000019da0000,0x0000000019ea0000)]
  0x000000000529a000 JavaThread "Reference Handler" daemon [_thread_blocked, id=13732, stack(0x00000000198a0000,0x00000000199a0000)]
  0x00000000051a4800 JavaThread "main" [_thread_in_vm, id=6988, stack(0x0000000005070000,0x0000000005170000)]

Other Threads:
  0x0000000017ac9000 VMThread [stack: 0x00000000197a0000,0x00000000198a0000] [id=19864]
  0x0000000019a99000 WatcherThread [stack: 0x000000001a690000,0x000000001a790000] [id=11360]

VM state:not at safepoint (normal execution)

VM Mutex/Monitor currently owned by a thread: None

Heap:
 PSYoungGen      total 156672K, used 15207K [0x00000000ec580000, 0x00000000f7000000, 0x0000000100000000)
  eden space 143872K, 1% used [0x00000000ec580000,0x00000000ec7dc6f8,0x00000000f5200000)
  from space 12800K, 99% used [0x00000000f6180000,0x00000000f6dfd6a0,0x00000000f6e00000)
  to   space 15360K, 0% used [0x00000000f5200000,0x00000000f5200000,0x00000000f6100000)
 ParOldGen       total 65536K, used 23222K [0x00000000c5000000, 0x00000000c9000000, 0x00000000ec580000)
  object space 65536K, 35% used [0x00000000c5000000,0x00000000c66adaf0,0x00000000c9000000)
 Metaspace       used 45493K, capacity 45894K, committed 46208K, reserved 1091584K
  class space    used 5851K, capacity 5944K, committed 6016K, reserved 1048576K

Card table byte_map: [0x0000000014660000,0x0000000014840000] byte_map_base: 0x0000000014038000

Marking Bits: (ParMarkBitMap*) 0x000000007007d850
 Begin Bits: [0x0000000015180000, 0x0000000016040000)
 End Bits:   [0x0000000016040000, 0x0000000016f00000)

Polling page: 0x0000000003840000

CodeCache: size=245760Kb used=16550Kb max_used=16976Kb free=229209Kb
 bounds [0x00000000052a0000, 0x0000000006350000, 0x00000000142a0000]
 total_blobs=4912 nmethods=4400 adapters=424
 compilation: enabled

Compilation events (10 events):
Event: 7.174 Thread 0x0000000019a08800 nmethod 4970 0x0000000005412c10 code [0x0000000005412da0, 0x00000000054130f8]
Event: 7.174 Thread 0x0000000019a08800 4971   !   3       java.util.Formatter$FormatSpecifier::precision (63 bytes)
Event: 7.175 Thread 0x0000000019a08800 nmethod 4971 0x00000000053e2090 code [0x00000000053e2240, 0x00000000053e2648]
Event: 7.183 Thread 0x0000000019a08800 4972       3       java.util.regex.Pattern$CharProperty::<init> (5 bytes)
Event: 7.184 Thread 0x0000000019a08800 nmethod 4972 0x000000000540cdd0 code [0x000000000540cf40, 0x000000000540d1d0]
Event: 7.184 Thread 0x0000000019a08800 4973       3       java.util.regex.Pattern$CharProperty::<init> (5 bytes)
Event: 7.184 Thread 0x0000000019a08800 nmethod 4973 0x00000000053bcad0 code [0x00000000053bcc40, 0x00000000053bce70]
Event: 7.185 Thread 0x0000000019a08800 4974       3       java.util.regex.Pattern$BmpCharProperty::<init> (5 bytes)
Event: 7.185 Thread 0x0000000019a08800 nmethod 4974 0x000000000552ad50 code [0x000000000552aee0, 0x000000000552b230]
Event: 7.185 Thread 0x0000000019a08800 4975       3       java.util.regex.Pattern$BmpCharProperty::<init> (6 bytes)

GC Heap History (10 events):
Event: 2.859 GC heap before
{Heap before GC invocations=10 (full 1):
 PSYoungGen      total 95232K, used 94915K [0x00000000ec580000, 0x00000000f4b00000, 0x0000000100000000)
  eden space 88576K, 99% used [0x00000000ec580000,0x00000000f1bfe640,0x00000000f1c00000)
  from space 6656K, 95% used [0x00000000f4480000,0x00000000f4ab2728,0x00000000f4b00000)
  to   space 8192K, 0% used [0x00000000f3b00000,0x00000000f3b00000,0x00000000f4300000)
 ParOldGen       total 37376K, used 9593K [0x00000000c5000000, 0x00000000c7480000, 0x00000000ec580000)
  object space 37376K, 25% used [0x00000000c5000000,0x00000000c595e468,0x00000000c7480000)
 Metaspace       used 29666K, capacity 30078K, committed 30208K, reserved 1075200K
  class space    used 3713K, capacity 3820K, committed 3840K, reserved 1048576K
Event: 2.872 GC heap after
Heap after GC invocations=10 (full 1):
 PSYoungGen      total 119296K, used 8175K [0x00000000ec580000, 0x00000000f4800000, 0x0000000100000000)
  eden space 111104K, 0% used [0x00000000ec580000,0x00000000ec580000,0x00000000f3200000)
  from space 8192K, 99% used [0x00000000f3b00000,0x00000000f42fbc88,0x00000000f4300000)
  to   space 5120K, 0% used [0x00000000f4300000,0x00000000f4300000,0x00000000f4800000)
 ParOldGen       total 37376K, used 14337K [0x00000000c5000000, 0x00000000c7480000, 0x00000000ec580000)
  object space 37376K, 38% used [0x00000000c5000000,0x00000000c5e00408,0x00000000c7480000)
 Metaspace       used 29666K, capacity 30078K, committed 30208K, reserved 1075200K
  class space    used 3713K, capacity 3820K, committed 3840K, reserved 1048576K
}
Event: 3.464 GC heap before
{Heap before GC invocations=11 (full 1):
 PSYoungGen      total 119296K, used 119279K [0x00000000ec580000, 0x00000000f4800000, 0x0000000100000000)
  eden space 111104K, 100% used [0x00000000ec580000,0x00000000f3200000,0x00000000f3200000)
  from space 8192K, 99% used [0x00000000f3b00000,0x00000000f42fbc88,0x00000000f4300000)
  to   space 5120K, 0% used [0x00000000f4300000,0x00000000f4300000,0x00000000f4800000)
 ParOldGen       total 37376K, used 14337K [0x00000000c5000000, 0x00000000c7480000, 0x00000000ec580000)
  object space 37376K, 38% used [0x00000000c5000000,0x00000000c5e00408,0x00000000c7480000)
 Metaspace       used 33029K, capacity 33500K, committed 33792K, reserved 1079296K
  class space    used 4208K, capacity 4337K, committed 4352K, reserved 1048576K
Event: 3.475 GC heap after
Heap after GC invocations=11 (full 1):
 PSYoungGen      total 120320K, used 5090K [0x00000000ec580000, 0x00000000f6700000, 0x0000000100000000)
  eden space 115200K, 0% used [0x00000000ec580000,0x00000000ec580000,0x00000000f3600000)
  from space 5120K, 99% used [0x00000000f4300000,0x00000000f47f8af8,0x00000000f4800000)
  to   space 13312K, 0% used [0x00000000f3600000,0x00000000f3600000,0x00000000f4300000)
 ParOldGen       total 37376K, used 22893K [0x00000000c5000000, 0x00000000c7480000, 0x00000000ec580000)
  object space 37376K, 61% used [0x00000000c5000000,0x00000000c665b460,0x00000000c7480000)
 Metaspace       used 33029K, capacity 33500K, committed 33792K, reserved 1079296K
  class space    used 4208K, capacity 4337K, committed 4352K, reserved 1048576K
}
Event: 3.643 GC heap before
{Heap before GC invocations=12 (full 1):
 PSYoungGen      total 120320K, used 23115K [0x00000000ec580000, 0x00000000f6700000, 0x0000000100000000)
  eden space 115200K, 15% used [0x00000000ec580000,0x00000000ed71a238,0x00000000f3600000)
  from space 5120K, 99% used [0x00000000f4300000,0x00000000f47f8af8,0x00000000f4800000)
  to   space 13312K, 0% used [0x00000000f3600000,0x00000000f3600000,0x00000000f4300000)
 ParOldGen       total 37376K, used 22893K [0x00000000c5000000, 0x00000000c7480000, 0x00000000ec580000)
  object space 37376K, 61% used [0x00000000c5000000,0x00000000c665b460,0x00000000c7480000)
 Metaspace       used 34826K, capacity 35202K, committed 35456K, reserved 1079296K
  class space    used 4523K, capacity 4626K, committed 4736K, reserved 1048576K
Event: 3.650 GC heap after
Heap after GC invocations=12 (full 1):
 PSYoungGen      total 128512K, used 5756K [0x00000000ec580000, 0x00000000f6e00000, 0x0000000100000000)
  eden space 115200K, 0% used [0x00000000ec580000,0x00000000ec580000,0x00000000f3600000)
  from space 13312K, 43% used [0x00000000f3600000,0x00000000f3b9f210,0x00000000f4300000)
  to   space 12800K, 0% used [0x00000000f6180000,0x00000000f6180000,0x00000000f6e00000)
 ParOldGen       total 37376K, used 24229K [0x00000000c5000000, 0x00000000c7480000, 0x00000000ec580000)
  object space 37376K, 64% used [0x00000000c5000000,0x00000000c67a9480,0x00000000c7480000)
 Metaspace       used 34826K, capacity 35202K, committed 35456K, reserved 1079296K
  class space    used 4523K, capacity 4626K, committed 4736K, reserved 1048576K
}
Event: 3.650 GC heap before
{Heap before GC invocations=13 (full 2):
 PSYoungGen      total 128512K, used 5756K [0x00000000ec580000, 0x00000000f6e00000, 0x0000000100000000)
  eden space 115200K, 0% used [0x00000000ec580000,0x00000000ec580000,0x00000000f3600000)
  from space 13312K, 43% used [0x00000000f3600000,0x00000000f3b9f210,0x00000000f4300000)
  to   space 12800K, 0% used [0x00000000f6180000,0x00000000f6180000,0x00000000f6e00000)
 ParOldGen       total 37376K, used 24229K [0x00000000c5000000, 0x00000000c7480000, 0x00000000ec580000)
  object space 37376K, 64% used [0x00000000c5000000,0x00000000c67a9480,0x00000000c7480000)
 Metaspace       used 34826K, capacity 35202K, committed 35456K, reserved 1079296K
  class space    used 4523K, capacity 4626K, committed 4736K, reserved 1048576K
Event: 3.718 GC heap after
Heap after GC invocations=13 (full 2):
 PSYoungGen      total 128512K, used 0K [0x00000000ec580000, 0x00000000f6e00000, 0x0000000100000000)
  eden space 115200K, 0% used [0x00000000ec580000,0x00000000ec580000,0x00000000f3600000)
  from space 13312K, 0% used [0x00000000f3600000,0x00000000f3600000,0x00000000f4300000)
  to   space 12800K, 0% used [0x00000000f6180000,0x00000000f6180000,0x00000000f6e00000)
 ParOldGen       total 65536K, used 21839K [0x00000000c5000000, 0x00000000c9000000, 0x00000000ec580000)
  object space 65536K, 33% used [0x00000000c5000000,0x00000000c6553f98,0x00000000c9000000)
 Metaspace       used 34826K, capacity 35202K, committed 35456K, reserved 1079296K
  class space    used 4523K, capacity 4626K, committed 4736K, reserved 1048576K
}
Event: 7.147 GC heap before
{Heap before GC invocations=14 (full 2):
 PSYoungGen      total 128512K, used 115200K [0x00000000ec580000, 0x00000000f6e00000, 0x0000000100000000)
  eden space 115200K, 100% used [0x00000000ec580000,0x00000000f3600000,0x00000000f3600000)
  from space 13312K, 0% used [0x00000000f3600000,0x00000000f3600000,0x00000000f4300000)
  to   space 12800K, 0% used [0x00000000f6180000,0x00000000f6180000,0x00000000f6e00000)
 ParOldGen       total 65536K, used 21839K [0x00000000c5000000, 0x00000000c9000000, 0x00000000ec580000)
  object space 65536K, 33% used [0x00000000c5000000,0x00000000c6553f98,0x00000000c9000000)
 Metaspace       used 45156K, capacity 45542K, committed 45952K, reserved 1091584K
  class space    used 5802K, capacity 5912K, committed 6016K, reserved 1048576K
Event: 7.163 GC heap after
Heap after GC invocations=14 (full 2):
 PSYoungGen      total 156672K, used 12789K [0x00000000ec580000, 0x00000000f7000000, 0x0000000100000000)
  eden space 143872K, 0% used [0x00000000ec580000,0x00000000ec580000,0x00000000f5200000)
  from space 12800K, 99% used [0x00000000f6180000,0x00000000f6dfd6a0,0x00000000f6e00000)
  to   space 15360K, 0% used [0x00000000f5200000,0x00000000f5200000,0x00000000f6100000)
 ParOldGen       total 65536K, used 23222K [0x00000000c5000000, 0x00000000c9000000, 0x00000000ec580000)
  object space 65536K, 35% used [0x00000000c5000000,0x00000000c66adaf0,0x00000000c9000000)
 Metaspace       used 45156K, capacity 45542K, committed 45952K, reserved 1091584K
  class space    used 5802K, capacity 5912K, committed 6016K, reserved 1048576K
}

Deoptimization events (10 events):
Event: 4.335 Thread 0x00000000051a4800 Uncommon trap: reason=unstable_if action=reinterpret pc=0x00000000056ff6c0 method=java.util.HashMap.putVal(ILjava/lang/Object;Ljava/lang/Object;ZZ)Ljava/lang/Object; @ 109
Event: 4.335 Thread 0x00000000051a4800 Uncommon trap: reason=unstable_if action=reinterpret pc=0x0000000005735f78 method=java.util.HashMap.resize()[Ljava/util/HashMap$Node; @ 206
Event: 4.533 Thread 0x00000000051a4800 Uncommon trap: reason=unstable_if action=reinterpret pc=0x0000000005b8ce00 method=java.util.StringTokenizer.nextToken()Ljava/lang/String; @ 5
Event: 5.903 Thread 0x00000000051a4800 Uncommon trap: reason=unstable_if action=reinterpret pc=0x0000000005540a7c method=java.lang.CharacterDataLatin1.isWhitespace(I)Z @ 14
Event: 6.952 Thread 0x00000000051a4800 Uncommon trap: reason=class_check action=maybe_recompile pc=0x0000000005da8590 method=org.springframework.beans.factory.support.AbstractBeanFactory.isTypeMatch(Ljava/lang/String;Lorg/springframework/core/ResolvableType;)Z @ 37
Event: 6.955 Thread 0x00000000051a4800 Uncommon trap: reason=class_check action=maybe_recompile pc=0x0000000005da8590 method=org.springframework.beans.factory.support.AbstractBeanFactory.isTypeMatch(Ljava/lang/String;Lorg/springframework/core/ResolvableType;)Z @ 37
Event: 6.961 Thread 0x00000000051a4800 Uncommon trap: reason=null_check action=make_not_entrant pc=0x0000000005da3060 method=org.springframework.util.ClassUtils.isAssignable(Ljava/lang/Class;Ljava/lang/Class;)Z @ 14
Event: 6.981 Thread 0x00000000051a4800 Uncommon trap: reason=unstable_if action=reinterpret pc=0x0000000005f9a8d8 method=java.lang.reflect.Proxy.isProxyClass(Ljava/lang/Class;)Z @ 16
Event: 6.981 Thread 0x00000000051a4800 Uncommon trap: reason=unstable_if action=reinterpret pc=0x0000000005f96190 method=sun.reflect.misc.ReflectUtil.isNonPublicProxyClass(Ljava/lang/Class;)Z @ 33
Event: 6.987 Thread 0x00000000051a4800 Uncommon trap: reason=class_check action=maybe_recompile pc=0x0000000005da8590 method=org.springframework.beans.factory.support.AbstractBeanFactory.isTypeMatch(Ljava/lang/String;Lorg/springframework/core/ResolvableType;)Z @ 37

Internal exceptions (10 events):
Event: 7.046 Thread 0x00000000051a4800 Exception <a 'java/lang/ClassNotFoundException': com/softtech/localLevel/model/NewWardCustomizer> (0x00000000f2c65a10) thrown at [C:\re\workspace\8-2-build-windows-amd64-cygwin\jdk8u144\9417\hotspot\src\share\vm\classfile\systemDictionary.cpp, line 210]
Event: 7.046 Thread 0x00000000051a4800 Exception <a 'java/lang/ClassNotFoundException': java/io/SerializableCustomizer> (0x00000000f2c7c288) thrown at [C:\re\workspace\8-2-build-windows-amd64-cygwin\jdk8u144\9417\hotspot\src\share\vm\classfile\systemDictionary.cpp, line 210]
Event: 7.048 Thread 0x00000000051a4800 Exception <a 'java/lang/ClassNotFoundException': java/lang/ObjectCustomizer> (0x00000000f2ca93b8) thrown at [C:\re\workspace\8-2-build-windows-amd64-cygwin\jdk8u144\9417\hotspot\src\share\vm\classfile\systemDictionary.cpp, line 210]
Event: 7.048 Thread 0x00000000051a4800 Exception <a 'java/lang/ClassNotFoundException': com/softtech/localLevel/model/OldWardCustomizer> (0x00000000f2cc0728) thrown at [C:\re\workspace\8-2-build-windows-amd64-cygwin\jdk8u144\9417\hotspot\src\share\vm\classfile\systemDictionary.cpp, line 210]
Event: 7.049 Thread 0x00000000051a4800 Exception <a 'java/lang/ClassNotFoundException': java/io/SerializableCustomizer> (0x00000000f2cd1880) thrown at [C:\re\workspace\8-2-build-windows-amd64-cygwin\jdk8u144\9417\hotspot\src\share\vm\classfile\systemDictionary.cpp, line 210]
Event: 7.051 Thread 0x00000000051a4800 Exception <a 'java/lang/ClassNotFoundException': java/lang/ObjectCustomizer> (0x00000000f2d1c5f0) thrown at [C:\re\workspace\8-2-build-windows-amd64-cygwin\jdk8u144\9417\hotspot\src\share\vm\classfile\systemDictionary.cpp, line 210]
Event: 7.051 Thread 0x00000000051a4800 Exception <a 'java/lang/ClassNotFoundException': com/softtech/localLevel/model/SDistrictCustomizer> (0x00000000f2d33f08) thrown at [C:\re\workspace\8-2-build-windows-amd64-cygwin\jdk8u144\9417\hotspot\src\share\vm\classfile\systemDictionary.cpp, line 210]
Event: 7.052 Thread 0x00000000051a4800 Exception <a 'java/lang/ClassNotFoundException': java/io/SerializableCustomizer> (0x00000000f2d4f970) thrown at [C:\re\workspace\8-2-build-windows-amd64-cygwin\jdk8u144\9417\hotspot\src\share\vm\classfile\systemDictionary.cpp, line 210]
Event: 7.053 Thread 0x00000000051a4800 Exception <a 'java/lang/ClassNotFoundException': java/lang/ObjectCustomizer> (0x00000000f2d89288) thrown at [C:\re\workspace\8-2-build-windows-amd64-cygwin\jdk8u144\9417\hotspot\src\share\vm\classfile\systemDictionary.cpp, line 210]
Event: 7.054 Thread 0x00000000051a4800 Exception <a 'java/lang/ClassNotFoundException': com/softtech/localLevel/model/VdcCustomizer> (0x00000000f2d9fab8) thrown at [C:\re\workspace\8-2-build-windows-amd64-cygwin\jdk8u144\9417\hotspot\src\share\vm\classfile\systemDictionary.cpp, line 210]

Events (10 events):
Event: 7.185 loading class java/util/regex/Pattern$All
Event: 7.185 loading class java/util/regex/Pattern$All done
Event: 7.185 loading class org/springframework/data/jpa/repository/query/JpaQueryFactory
Event: 7.185 loading class org/springframework/data/jpa/repository/query/JpaQueryFactory done
Event: 7.185 Thread 0x0000000019a08800 flushing nmethod 0x000000000584c710
Event: 7.185 Thread 0x0000000019a08800 flushing nmethod 0x0000000005851390
Event: 7.185 Thread 0x0000000019a08800 flushing nmethod 0x000000000585a910
Event: 7.185 Thread 0x0000000019a08800 flushing nmethod 0x000000000585b010
Event: 7.185 Thread 0x0000000019a08800 flushing nmethod 0x000000000585b610
Event: 7.185 Thread 0x0000000019a08800 flushing nmethod 0x0000000005869d50


Dynamic libraries:
0x00007ff6d57c0000 - 0x00007ff6d57f7000 	C:\Program Files\Java\jre1.8.0_144\bin\javaw.exe
0x00007ff97bfe0000 - 0x00007ff97c1c0000 	C:\WINDOWS\SYSTEM32\ntdll.dll
0x00007ff97ac20000 - 0x00007ff97acce000 	C:\WINDOWS\System32\KERNEL32.DLL
0x00007ff979040000 - 0x00007ff9792a6000 	C:\WINDOWS\System32\KERNELBASE.dll
0x00007ff97aa00000 - 0x00007ff97aaa1000 	C:\WINDOWS\System32\ADVAPI32.dll
0x00007ff97b150000 - 0x00007ff97b1ed000 	C:\WINDOWS\System32\msvcrt.dll
0x00007ff97b1f0000 - 0x00007ff97b24b000 	C:\WINDOWS\System32\sechost.dll
0x00007ff97b250000 - 0x00007ff97b36f000 	C:\WINDOWS\System32\RPCRT4.dll
0x00007ff97b850000 - 0x00007ff97b9df000 	C:\WINDOWS\System32\USER32.dll
0x00007ff9783e0000 - 0x00007ff978400000 	C:\WINDOWS\System32\win32u.dll
0x00007ff97acd0000 - 0x00007ff97acf8000 	C:\WINDOWS\System32\GDI32.dll
0x00007ff9784d0000 - 0x00007ff978663000 	C:\WINDOWS\System32\gdi32full.dll
0x00007ff979410000 - 0x00007ff9794ab000 	C:\WINDOWS\System32\msvcp_win.dll
0x00007ff979310000 - 0x00007ff979406000 	C:\WINDOWS\System32\ucrtbase.dll
0x00007ff968900000 - 0x00007ff968b69000 	C:\WINDOWS\WinSxS\amd64_microsoft.windows.common-controls_6595b64144ccf1df_6.0.16299.309_none_15cfd4c4935e6b11\COMCTL32.dll
0x00007ff97b540000 - 0x00007ff97b848000 	C:\WINDOWS\System32\combase.dll
0x00007ff978450000 - 0x00007ff9784c2000 	C:\WINDOWS\System32\bcryptPrimitives.dll
0x00007ff9794b0000 - 0x00007ff9794dd000 	C:\WINDOWS\System32\IMM32.DLL
0x00000000702e0000 - 0x00000000703b2000 	C:\Program Files\Java\jre1.8.0_144\bin\msvcr100.dll
0x000000006f860000 - 0x00000000700fd000 	C:\Program Files\Java\jre1.8.0_144\bin\server\jvm.dll
0x00007ff97be30000 - 0x00007ff97be38000 	C:\WINDOWS\System32\PSAPI.DLL
0x00007ff96ba50000 - 0x00007ff96ba59000 	C:\WINDOWS\SYSTEM32\WSOCK32.dll
0x00007ff96ba30000 - 0x00007ff96ba3a000 	C:\WINDOWS\SYSTEM32\VERSION.dll
0x00007ff971310000 - 0x00007ff971333000 	C:\WINDOWS\SYSTEM32\WINMM.dll
0x00007ff97b0e0000 - 0x00007ff97b14c000 	C:\WINDOWS\System32\WS2_32.dll
0x00007ff9712e0000 - 0x00007ff97130a000 	C:\WINDOWS\SYSTEM32\winmmbase.dll
0x00007ff978400000 - 0x00007ff97844a000 	C:\WINDOWS\System32\cfgmgr32.dll
0x00000000704b0000 - 0x00000000704bf000 	C:\Program Files\Java\jre1.8.0_144\bin\verify.dll
0x0000000070480000 - 0x00000000704a9000 	C:\Program Files\Java\jre1.8.0_144\bin\java.dll
0x0000000070460000 - 0x0000000070476000 	C:\Program Files\Java\jre1.8.0_144\bin\zip.dll
0x00007ff9795c0000 - 0x00007ff97a9f6000 	C:\WINDOWS\System32\SHELL32.dll
0x00007ff97ad20000 - 0x00007ff97adc6000 	C:\WINDOWS\System32\shcore.dll
0x00007ff978840000 - 0x00007ff978f87000 	C:\WINDOWS\System32\windows.storage.dll
0x00007ff97b080000 - 0x00007ff97b0d1000 	C:\WINDOWS\System32\shlwapi.dll
0x00007ff9783a0000 - 0x00007ff9783b1000 	C:\WINDOWS\System32\kernel.appcore.dll
0x00007ff978350000 - 0x00007ff97839c000 	C:\WINDOWS\System32\powrprof.dll
0x00007ff978330000 - 0x00007ff97834b000 	C:\WINDOWS\System32\profapi.dll
0x00000000703c0000 - 0x00000000703cd000 	C:\Program Files\Java\jre1.8.0_144\bin\management.dll
0x0000000070440000 - 0x000000007045a000 	C:\Program Files\Java\jre1.8.0_144\bin\net.dll
0x00007ff977bc0000 - 0x00007ff977c26000 	C:\WINDOWS\system32\mswsock.dll
0x00007ff9694d0000 - 0x00007ff9694e6000 	C:\WINDOWS\system32\napinsp.dll
0x00007ff9694b0000 - 0x00007ff9694ca000 	C:\WINDOWS\system32\pnrpnsp.dll
0x00007ff974920000 - 0x00007ff974938000 	C:\WINDOWS\system32\NLAapi.dll
0x00007ff977990000 - 0x00007ff977a46000 	C:\WINDOWS\SYSTEM32\DNSAPI.dll
0x00007ff97ad10000 - 0x00007ff97ad18000 	C:\WINDOWS\System32\NSI.dll
0x00007ff977950000 - 0x00007ff977989000 	C:\WINDOWS\SYSTEM32\IPHLPAPI.DLL
0x00007ff9694a0000 - 0x00007ff9694ae000 	C:\WINDOWS\System32\winrnr.dll
0x00000000709a0000 - 0x00000000709c6000 	C:\Program Files\Bonjour\mdnsNSP.dll
0x00007ff973030000 - 0x00007ff973045000 	C:\WINDOWS\System32\wshbth.dll
0x00007ff96ee40000 - 0x00007ff96ee4a000 	C:\Windows\System32\rasadhlp.dll
0x00007ff96f2d0000 - 0x00007ff96f340000 	C:\WINDOWS\System32\fwpuclnt.dll
0x00007ff977e90000 - 0x00007ff977eb5000 	C:\WINDOWS\SYSTEM32\bcrypt.dll
0x0000000070420000 - 0x0000000070431000 	C:\Program Files\Java\jre1.8.0_144\bin\nio.dll
0x00007ff977d80000 - 0x00007ff977d97000 	C:\WINDOWS\SYSTEM32\CRYPTSP.dll
0x00007ff9777c0000 - 0x00007ff9777f3000 	C:\WINDOWS\system32\rsaenh.dll
0x00007ff978260000 - 0x00007ff978289000 	C:\WINDOWS\SYSTEM32\USERENV.dll
0x00007ff977da0000 - 0x00007ff977dab000 	C:\WINDOWS\SYSTEM32\CRYPTBASE.dll
0x00007ff970e10000 - 0x00007ff970e26000 	C:\WINDOWS\SYSTEM32\dhcpcsvc6.DLL
0x00007ff970f60000 - 0x00007ff970f7a000 	C:\WINDOWS\SYSTEM32\dhcpcsvc.DLL

VM Arguments:
jvm_args: -Dfile.encoding=UTF-8 
java_command: com.softtech.localLevel.LocalLevelApplication
java_class_path (initial): C:\Users\Lothbroke\Desktop\Softech\Project\LocalLevel\target\classes;C:\Users\Lothbroke\.m2\repository\org\springframework\boot\spring-boot-starter-data-jpa\1.5.10.RELEASE\spring-boot-starter-data-jpa-1.5.10.RELEASE.jar;C:\Users\Lothbroke\.m2\repository\org\springframework\boot\spring-boot-starter\1.5.10.RELEASE\spring-boot-starter-1.5.10.RELEASE.jar;C:\Users\Lothbroke\.m2\repository\org\springframework\boot\spring-boot\1.5.10.RELEASE\spring-boot-1.5.10.RELEASE.jar;C:\Users\Lothbroke\.m2\repository\org\springframework\boot\spring-boot-autoconfigure\1.5.10.RELEASE\spring-boot-autoconfigure-1.5.10.RELEASE.jar;C:\Users\Lothbroke\.m2\repository\org\springframework\boot\spring-boot-starter-logging\1.5.10.RELEASE\spring-boot-starter-logging-1.5.10.RELEASE.jar;C:\Users\Lothbroke\.m2\repository\ch\qos\logback\logback-classic\1.1.11\logback-classic-1.1.11.jar;C:\Users\Lothbroke\.m2\repository\ch\qos\logback\logback-core\1.1.11\logback-core-1.1.11.jar;C:\Users\Lothbroke\.m2\repository\org\slf4j\jul-to-slf4j\1.7.25\jul-to-slf4j-1.7.25.jar;C:\Users\Lothbroke\.m2\repository\org\slf4j\log4j-over-slf4j\1.7.25\log4j-over-slf4j-1.7.25.jar;C:\Users\Lothbroke\.m2\repository\org\yaml\snakeyaml\1.17\snakeyaml-1.17.jar;C:\Users\Lothbroke\.m2\repository\org\springframework\boot\spring-boot-starter-aop\1.5.10.RELEASE\spring-boot-starter-aop-1.5.10.RELEASE.jar;C:\Users\Lothbroke\.m2\repository\org\springframework\spring-aop\4.3.14.RELEASE\spring-aop-4.3.14.RELEASE.jar;C:\Users\Lothbroke\.m2\repository\org\aspectj\aspectjweaver\1.8.13\aspectjweaver-1.8.13.jar;C:\Users\Lothbroke\.m2\repository\org\springframework\boot\spring-boot-starter-jdbc\1.5.10.RELEASE\spring-boot-starter-jdbc-1.5.10.RELEASE.jar;C:\Users\Lothbroke\.m2\repository\org\apache\tomcat\tomcat-jdbc\8.5.27\tomcat-jdbc-8.5.27.jar;C:\Users\Lothbroke\.m2\repository\org\apache\tomcat\tomcat-juli\8.5.27\tomcat-juli-8.5.27.jar;C:\Users\Lothbroke\.m2\repository\org\springframework\spring-jdbc\4.3.14.RELEASE
Launcher Type: SUN_STANDARD

Environment Variables:
JAVA_HOME=C:\Program Files\Java\jdk1.8.0_144
PATH=C:/Program Files/Java/jre1.8.0_144/bin/server;C:/Program Files/Java/jre1.8.0_144/bin;C:/Program Files/Java/jre1.8.0_144/lib/amd64;C:\app\Lothbroke\product\11.2.0\dbhome_1\bin;C:\ProgramData\Oracle\Java\javapath;"C:\ProgramData\Oracle\Java\javapath;C:\Program Files\Java\jdk1.8.0_144\bin;C:\Program Files\Java\jre1.8.0_144";C:\WINDOWS\system32;C:\WINDOWS;C:\WINDOWS\System32\Wbem;C:\WINDOWS\System32\WindowsPowerShell\v1.0\;C:\Program Files\PuTTY\;C:\Program Files\Git\cmd;C:\Program Files\nodejs\;C:\Program Files\Apache software foundation\apache-maven-3.5.0\bin;C:\Users\Lothbroke\AppData\Local\Microsoft\WindowsApps;C:\Program Files\Java\jdk1.8.0_144\bin;C:\Users\Lothbroke\AppData\Roaming\npm;C:\Program Files (x86)\Microsoft VS Code\bin;C:\Users\Lothbroke\Desktop\eclipse;
USERNAME=Lothbroke
OS=Windows_NT
PROCESSOR_IDENTIFIER=Intel64 Family 6 Model 60 Stepping 3, GenuineIntel



---------------  S Y S T E M  ---------------

OS: Windows 10.0 , 64 bit Build 16299 (10.0.16299.15)

CPU:total 8 (initial active 8) (4 cores per cpu, 2 threads per core) family 6 model 60 stepping 3, cmov, cx8, fxsr, mmx, sse, sse2, sse3, ssse3, sse4.1, sse4.2, popcnt, avx, avx2, aes, clmul, erms, lzcnt, ht, tsc, tscinvbit, bmi1, bmi2

Memory: 4k page, physical 3859708k(501236k free), swap 7955708k(6028k free)

vm_info: Java HotSpot(TM) 64-Bit Server VM (25.144-b01) for windows-amd64 JRE (1.8.0_144-b01), built on Jul 21 2017 21:57:33 by "java_re" with MS VC++ 10.0 (VS2010)

time: Fri Mar 30 13:14:23 2018
elapsed time: 7 seconds (0d 0h 0m 7s)

