#
# There is insufficient memory for the Java Runtime Environment to continue.
# Native memory allocation (malloc) failed to allocate 1999664 bytes for Chunk::new
# Possible reasons:
#   The system is out of physical RAM or swap space
#   In 32 bit mode, the process size limit was hit
# Possible solutions:
#   Reduce memory load on the system
#   Increase physical memory or swap space
#   Check if swap backing store is full
#   Use 64 bit Java on a 64 bit OS
#   Decrease Java heap size (-Xmx/-Xms)
#   Decrease number of Java threads
#   Decrease Java thread stack sizes (-Xss)
#   Set larger code cache with -XX:ReservedCodeCacheSize=
# This output file may be truncated or incomplete.
#
#  Out of Memory Error (allocation.cpp:390), pid=14152, tid=0x0000000000003c20
#
# JRE version: Java(TM) SE Runtime Environment (8.0_144-b01) (build 1.8.0_144-b01)
# Java VM: Java HotSpot(TM) 64-Bit Server VM (25.144-b01 mixed mode windows-amd64 compressed oops)
# Failed to write core dump. Minidumps are not enabled by default on client versions of Windows
#

---------------  T H R E A D  ---------------

Current thread (0x0000000018ce6000):  JavaThread "C2 CompilerThread2" daemon [_thread_in_native, id=15392, stack(0x00000000196a0000,0x00000000197a0000)]

Stack: [0x00000000196a0000,0x00000000197a0000]
[error occurred during error reporting (printing stack bounds), id 0xc0000005]

Native frames: (J=compiled Java code, j=interpreted, Vv=VM code, C=native code)


Current CompileTask:
C2:  12874 4235       4       org.springframework.transaction.interceptor.TransactionAttributeSourcePointcut::matches (41 bytes)


---------------  P R O C E S S  ---------------

Java Threads: ( => current thread )
  0x000000001b355800 JavaThread "Abandoned connection cleanup thread" daemon [_thread_blocked, id=2200, stack(0x000000001f500000,0x000000001f600000)]
  0x000000001b354800 JavaThread "Tomcat JDBC Pool Cleaner[1943105171:1520339835955]" daemon [_thread_blocked, id=18380, stack(0x000000001f400000,0x000000001f500000)]
  0x000000001d172000 JavaThread "container-0" [_thread_blocked, id=16624, stack(0x000000001ec40000,0x000000001ed40000)]
  0x000000001d1c2000 JavaThread "ContainerBackgroundProcessor[StandardEngine[Tomcat]]" daemon [_thread_blocked, id=16800, stack(0x000000001db60000,0x000000001dc60000)]
  0x000000001decb000 JavaThread "localhost-startStop-1" daemon [_thread_blocked, id=14796, stack(0x000000001da60000,0x000000001db60000)]
  0x000000001dd6f800 JavaThread "Tomcat-startStop-1" daemon [_thread_blocked, id=8420, stack(0x000000001d530000,0x000000001d630000)]
  0x0000000018d7d000 JavaThread "Service Thread" daemon [_thread_blocked, id=13100, stack(0x00000000198a0000,0x00000000199a0000)]
  0x0000000018cec000 JavaThread "C1 CompilerThread3" daemon [_thread_blocked, id=10820, stack(0x00000000197a0000,0x00000000198a0000)]
=>0x0000000018ce6000 JavaThread "C2 CompilerThread2" daemon [_thread_in_native, id=15392, stack(0x00000000196a0000,0x00000000197a0000)]
  0x0000000018ce3800 JavaThread "C2 CompilerThread1" daemon [_thread_in_native, id=12100, stack(0x00000000195a0000,0x00000000196a0000)]
  0x0000000018ce0800 JavaThread "C2 CompilerThread0" daemon [_thread_in_native, id=2232, stack(0x00000000194a0000,0x00000000195a0000)]
  0x0000000016dde800 JavaThread "Attach Listener" daemon [_thread_blocked, id=16632, stack(0x00000000193a0000,0x00000000194a0000)]
  0x0000000016ddd800 JavaThread "Signal Dispatcher" daemon [_thread_blocked, id=17604, stack(0x00000000192a0000,0x00000000193a0000)]
  0x0000000018cd0800 JavaThread "Finalizer" daemon [_thread_blocked, id=10252, stack(0x00000000190b0000,0x00000000191b0000)]
  0x0000000004507000 JavaThread "Reference Handler" daemon [_thread_blocked, id=15272, stack(0x0000000018bb0000,0x0000000018cb0000)]
  0x0000000004414800 JavaThread "main" [_thread_in_native, id=6772, stack(0x00000000042a0000,0x00000000043a0000)]

Other Threads:
  0x0000000016dc9800 VMThread [stack: 0x0000000018ab0000,0x0000000018bb0000] [id=13072]
  0x0000000018d98000 WatcherThread [stack: 0x00000000199a0000,0x0000000019aa0000] [id=15896]

VM state:not at safepoint (normal execution)

VM Mutex/Monitor currently owned by a thread: None

Heap:
 PSYoungGen      total 128512K, used 80593K [0x00000000ec580000, 0x00000000f7000000, 0x0000000100000000)
  eden space 115712K, 58% used [0x00000000ec580000,0x00000000f07ee730,0x00000000f3680000)
  from space 12800K, 98% used [0x00000000f3680000,0x00000000f42c6068,0x00000000f4300000)
  to   space 14336K, 0% used [0x00000000f6200000,0x00000000f6200000,0x00000000f7000000)
 ParOldGen       total 62464K, used 22613K [0x00000000c5000000, 0x00000000c8d00000, 0x00000000ec580000)
  object space 62464K, 36% used [0x00000000c5000000,0x00000000c66155e0,0x00000000c8d00000)
 Metaspace       used 44768K, capacity 45134K, committed 45440K, reserved 1089536K
  class space    used 5856K, capacity 5970K, committed 6016K, reserved 1048576K

Card table byte_map: [0x0000000013960000,0x0000000013b40000] byte_map_base: 0x0000000013338000

Marking Bits: (ParMarkBitMap*) 0x00000000628ed850
 Begin Bits: [0x0000000014480000, 0x0000000015340000)
 End Bits:   [0x0000000015340000, 0x0000000016200000)

Polling page: 0x00000000043a0000

CodeCache: size=245760Kb used=14279Kb max_used=14565Kb free=231480Kb
 bounds [0x00000000045a0000, 0x00000000053f0000, 0x00000000135a0000]
 total_blobs=4383 nmethods=3870 adapters=424
 compilation: enabled

Compilation events (10 events):
Event: 12.790 Thread 0x0000000018cec000 nmethod 4475 0x00000000047cf6d0 code [0x00000000047cf860, 0x00000000047cfc58]
Event: 12.793 Thread 0x0000000018cec000 4476       3       java.util.Calendar::isFieldSet (14 bytes)
Event: 12.794 Thread 0x0000000018cec000 nmethod 4476 0x000000000483a090 code [0x000000000483a1e0, 0x000000000483a370]
Event: 12.795 Thread 0x0000000018cec000 4477       3       javax.management.JMX::isMXBeanInterface (58 bytes)
Event: 12.796 Thread 0x0000000018cec000 nmethod 4477 0x00000000047f7b90 code [0x00000000047f7dc0, 0x00000000047f8a68]
Event: 12.797 Thread 0x0000000018cec000 4478       3       org.springframework.jmx.support.JmxUtils::getMBeanInterface (92 bytes)
Event: 12.798 Thread 0x0000000018cec000 nmethod 4478 0x00000000047c3090 code [0x00000000047c32e0, 0x00000000047c4178]
Event: 12.798 Thread 0x0000000018cec000 4479       3       org.springframework.jmx.support.JmxUtils::getMXBeanInterface (63 bytes)
Event: 12.798 Thread 0x0000000018cec000 nmethod 4479 0x0000000004833250 code [0x0000000004833400, 0x0000000004833968]
Event: 12.799 Thread 0x0000000018cec000 4480       3       org.springframework.jmx.export.MBeanExporter::isExcluded (49 bytes)

GC Heap History (10 events):
Event: 3.089 GC heap before
{Heap before GC invocations=9 (full 1):
 PSYoungGen      total 68096K, used 60928K [0x00000000ec580000, 0x00000000f4a80000, 0x0000000100000000)
  eden space 60928K, 100% used [0x00000000ec580000,0x00000000f0100000,0x00000000f0100000)
  from space 7168K, 0% used [0x00000000f0100000,0x00000000f0100000,0x00000000f0800000)
  to   space 7168K, 0% used [0x00000000f4380000,0x00000000f4380000,0x00000000f4a80000)
 ParOldGen       total 34304K, used 7948K [0x00000000c5000000, 0x00000000c7180000, 0x00000000ec580000)
  object space 34304K, 23% used [0x00000000c5000000,0x00000000c57c3198,0x00000000c7180000)
 Metaspace       used 23916K, capacity 24230K, committed 24448K, reserved 1071104K
  class space    used 3016K, capacity 3126K, committed 3200K, reserved 1048576K
Event: 3.095 GC heap after
Heap after GC invocations=9 (full 1):
 PSYoungGen      total 97280K, used 4819K [0x00000000ec580000, 0x00000000f4880000, 0x0000000100000000)
  eden space 92160K, 0% used [0x00000000ec580000,0x00000000ec580000,0x00000000f1f80000)
  from space 5120K, 94% used [0x00000000f4380000,0x00000000f4834cf0,0x00000000f4880000)
  to   space 7168K, 0% used [0x00000000f3a80000,0x00000000f3a80000,0x00000000f4180000)
 ParOldGen       total 34304K, used 7956K [0x00000000c5000000, 0x00000000c7180000, 0x00000000ec580000)
  object space 34304K, 23% used [0x00000000c5000000,0x00000000c57c5198,0x00000000c7180000)
 Metaspace       used 23916K, capacity 24230K, committed 24448K, reserved 1071104K
  class space    used 3016K, capacity 3126K, committed 3200K, reserved 1048576K
}
Event: 5.228 GC heap before
{Heap before GC invocations=10 (full 1):
 PSYoungGen      total 97280K, used 96979K [0x00000000ec580000, 0x00000000f4880000, 0x0000000100000000)
  eden space 92160K, 100% used [0x00000000ec580000,0x00000000f1f80000,0x00000000f1f80000)
  from space 5120K, 94% used [0x00000000f4380000,0x00000000f4834cf0,0x00000000f4880000)
  to   space 7168K, 0% used [0x00000000f3a80000,0x00000000f3a80000,0x00000000f4180000)
 ParOldGen       total 34304K, used 7956K [0x00000000c5000000, 0x00000000c7180000, 0x00000000ec580000)
  object space 34304K, 23% used [0x00000000c5000000,0x00000000c57c5198,0x00000000c7180000)
 Metaspace       used 28415K, capacity 28702K, committed 29056K, reserved 1075200K
  class space    used 3579K, capacity 3674K, committed 3712K, reserved 1048576K
Event: 5.243 GC heap after
Heap after GC invocations=10 (full 1):
 PSYoungGen      total 125440K, used 7151K [0x00000000ec580000, 0x00000000f4d00000, 0x0000000100000000)
  eden space 118272K, 0% used [0x00000000ec580000,0x00000000ec580000,0x00000000f3900000)
  from space 7168K, 99% used [0x00000000f3a80000,0x00000000f417bc70,0x00000000f4180000)
  to   space 10240K, 0% used [0x00000000f4300000,0x00000000f4300000,0x00000000f4d00000)
 ParOldGen       total 34304K, used 13204K [0x00000000c5000000, 0x00000000c7180000, 0x00000000ec580000)
  object space 34304K, 38% used [0x00000000c5000000,0x00000000c5ce5300,0x00000000c7180000)
 Metaspace       used 28415K, capacity 28702K, committed 29056K, reserved 1075200K
  class space    used 3579K, capacity 3674K, committed 3712K, reserved 1048576K
}
Event: 7.778 GC heap before
{Heap before GC invocations=11 (full 1):
 PSYoungGen      total 125440K, used 75219K [0x00000000ec580000, 0x00000000f4d00000, 0x0000000100000000)
  eden space 118272K, 57% used [0x00000000ec580000,0x00000000f07f9110,0x00000000f3900000)
  from space 7168K, 99% used [0x00000000f3a80000,0x00000000f417bc70,0x00000000f4180000)
  to   space 10240K, 0% used [0x00000000f4300000,0x00000000f4300000,0x00000000f4d00000)
 ParOldGen       total 34304K, used 13204K [0x00000000c5000000, 0x00000000c7180000, 0x00000000ec580000)
  object space 34304K, 38% used [0x00000000c5000000,0x00000000c5ce5300,0x00000000c7180000)
 Metaspace       used 34801K, capacity 35112K, committed 35416K, reserved 1081344K
  class space    used 4459K, capacity 4545K, committed 4608K, reserved 1048576K
Event: 7.789 GC heap after
Heap after GC invocations=11 (full 1):
 PSYoungGen      total 125952K, used 10232K [0x00000000ec580000, 0x00000000f6f00000, 0x0000000100000000)
  eden space 115712K, 0% used [0x00000000ec580000,0x00000000ec580000,0x00000000f3680000)
  from space 10240K, 99% used [0x00000000f4300000,0x00000000f4cfe030,0x00000000f4d00000)
  to   space 12800K, 0% used [0x00000000f3680000,0x00000000f3680000,0x00000000f4300000)
 ParOldGen       total 34304K, used 17113K [0x00000000c5000000, 0x00000000c7180000, 0x00000000ec580000)
  object space 34304K, 49% used [0x00000000c5000000,0x00000000c60b64a8,0x00000000c7180000)
 Metaspace       used 34801K, capacity 35112K, committed 35416K, reserved 1081344K
  class space    used 4459K, capacity 4545K, committed 4608K, reserved 1048576K
}
Event: 7.789 GC heap before
{Heap before GC invocations=12 (full 2):
 PSYoungGen      total 125952K, used 10232K [0x00000000ec580000, 0x00000000f6f00000, 0x0000000100000000)
  eden space 115712K, 0% used [0x00000000ec580000,0x00000000ec580000,0x00000000f3680000)
  from space 10240K, 99% used [0x00000000f4300000,0x00000000f4cfe030,0x00000000f4d00000)
  to   space 12800K, 0% used [0x00000000f3680000,0x00000000f3680000,0x00000000f4300000)
 ParOldGen       total 34304K, used 17113K [0x00000000c5000000, 0x00000000c7180000, 0x00000000ec580000)
  object space 34304K, 49% used [0x00000000c5000000,0x00000000c60b64a8,0x00000000c7180000)
 Metaspace       used 34801K, capacity 35112K, committed 35416K, reserved 1081344K
  class space    used 4459K, capacity 4545K, committed 4608K, reserved 1048576K
Event: 7.842 GC heap after
Heap after GC invocations=12 (full 2):
 PSYoungGen      total 125952K, used 0K [0x00000000ec580000, 0x00000000f6f00000, 0x0000000100000000)
  eden space 115712K, 0% used [0x00000000ec580000,0x00000000ec580000,0x00000000f3680000)
  from space 10240K, 0% used [0x00000000f4300000,0x00000000f4300000,0x00000000f4d00000)
  to   space 12800K, 0% used [0x00000000f3680000,0x00000000f3680000,0x00000000f4300000)
 ParOldGen       total 62464K, used 22605K [0x00000000c5000000, 0x00000000c8d00000, 0x00000000ec580000)
  object space 62464K, 36% used [0x00000000c5000000,0x00000000c66135e0,0x00000000c8d00000)
 Metaspace       used 34801K, capacity 35112K, committed 35416K, reserved 1081344K
  class space    used 4459K, capacity 4545K, committed 4608K, reserved 1048576K
}
Event: 12.174 GC heap before
{Heap before GC invocations=13 (full 2):
 PSYoungGen      total 125952K, used 115712K [0x00000000ec580000, 0x00000000f6f00000, 0x0000000100000000)
  eden space 115712K, 100% used [0x00000000ec580000,0x00000000f3680000,0x00000000f3680000)
  from space 10240K, 0% used [0x00000000f4300000,0x00000000f4300000,0x00000000f4d00000)
  to   space 12800K, 0% used [0x00000000f3680000,0x00000000f3680000,0x00000000f4300000)
 ParOldGen       total 62464K, used 22605K [0x00000000c5000000, 0x00000000c8d00000, 0x00000000ec580000)
  object space 62464K, 36% used [0x00000000c5000000,0x00000000c66135e0,0x00000000c8d00000)
 Metaspace       used 43443K, capacity 43784K, committed 44288K, reserved 1087488K
  class space    used 5680K, capacity 5777K, committed 5888K, reserved 1048576K
Event: 12.186 GC heap after
Heap after GC invocations=13 (full 2):
 PSYoungGen      total 128512K, used 12568K [0x00000000ec580000, 0x00000000f7000000, 0x0000000100000000)
  eden space 115712K, 0% used [0x00000000ec580000,0x00000000ec580000,0x00000000f3680000)
  from space 12800K, 98% used [0x00000000f3680000,0x00000000f42c6068,0x00000000f4300000)
  to   space 14336K, 0% used [0x00000000f6200000,0x00000000f6200000,0x00000000f7000000)
 ParOldGen       total 62464K, used 22613K [0x00000000c5000000, 0x00000000c8d00000, 0x00000000ec580000)
  object space 62464K, 36% used [0x00000000c5000000,0x00000000c66155e0,0x00000000c8d00000)
 Metaspace       used 43443K, capacity 43784K, committed 44288K, reserved 1087488K
  class space    used 5680K, capacity 5777K, committed 5888K, reserved 1048576K
}

Deoptimization events (10 events):
Event: 11.673 Thread 0x0000000004414800 Uncommon trap: reason=unstable_if action=reinterpret pc=0x0000000004e08c20 method=org.springframework.beans.factory.support.AbstractAutowireCapableBeanFactory.predictBeanType(Ljava/lang/String;Lorg/springframework/beans/factory/support/RootBeanDefinition;
Event: 11.900 Thread 0x0000000004414800 Uncommon trap: reason=unstable_if action=reinterpret pc=0x00000000050854f8 method=java.util.concurrent.ConcurrentHashMap.putVal(Ljava/lang/Object;Ljava/lang/Object;Z)Ljava/lang/Object; @ 331
Event: 11.933 Thread 0x0000000004414800 Uncommon trap: reason=unstable_if action=reinterpret pc=0x000000000512cf28 method=java.util.concurrent.ConcurrentHashMap.get(Ljava/lang/Object;)Ljava/lang/Object; @ 86
Event: 12.090 Thread 0x0000000004414800 Uncommon trap: reason=null_check action=make_not_entrant pc=0x000000000534cf38 method=org.springframework.core.annotation.AnnotatedElementUtils.searchWithGetSemanticsInAnnotations(Ljava/lang/reflect/AnnotatedElement;Ljava/util/List;Ljava/lang/Class;Ljava/
Event: 12.125 Thread 0x0000000004414800 Uncommon trap: reason=unstable_if action=reinterpret pc=0x0000000004931c54 method=sun.reflect.generics.reflectiveObjects.WildcardTypeImpl.getLowerBounds()[Ljava/lang/reflect/Type; @ 23
Event: 12.305 Thread 0x0000000004414800 Uncommon trap: reason=unstable_if action=reinterpret pc=0x0000000004f86d20 method=java.util.concurrent.ConcurrentHashMap.transfer([Ljava/util/concurrent/ConcurrentHashMap$Node;[Ljava/util/concurrent/ConcurrentHashMap$Node;)V @ 356
Event: 12.305 Thread 0x0000000004414800 Uncommon trap: reason=unstable_if action=reinterpret pc=0x0000000004ec8fdc method=java.util.concurrent.ConcurrentHashMap.transfer([Ljava/util/concurrent/ConcurrentHashMap$Node;[Ljava/util/concurrent/ConcurrentHashMap$Node;)V @ 356
Event: 12.319 Thread 0x0000000004414800 Uncommon trap: reason=predicate action=maybe_recompile pc=0x00000000052f2d4c method=org.springframework.util.ReflectionUtils.doWithMethods(Ljava/lang/Class;Lorg/springframework/util/ReflectionUtils$MethodCallback;Lorg/springframework/util/ReflectionUtils$
Event: 12.426 Thread 0x0000000004414800 Uncommon trap: reason=unstable_if action=reinterpret pc=0x0000000004b9abf0 method=java.io.WinNTFileSystem.isLetter(C)Z @ 3
Event: 12.789 Thread 0x0000000004414800 Uncommon trap: reason=unstable_if action=reinterpret pc=0x0000000004ee15b4 method=java.lang.Class$MethodArray.addIfNotPresent(Ljava/lang/reflect/Method;)V @ 19

Internal exceptions (10 events):
Event: 12.733 Thread 0x0000000004414800 Exception <a 'java/lang/ClassNotFoundException': java/lang/ObjectCustomizer> (0x00000000ef917c48) thrown at [C:\re\workspace\8-2-build-windows-amd64-cygwin\jdk8u144\9417\hotspot\src\share\vm\classfile\systemDictionary.cpp, line 210]
Event: 12.733 Thread 0x0000000004414800 Exception <a 'java/lang/ClassNotFoundException': org/springframework/boot/autoconfigure/web/WebClientAutoConfiguration$RestTemplateConfigurationCustomizer> (0x00000000ef936048) thrown at [C:\re\workspace\8-2-build-windows-amd64-cygwin\jdk8u144\9417\hotspo
Event: 12.734 Thread 0x0000000004414800 Exception <a 'java/lang/ClassNotFoundException': org/springframework/boot/autoconfigure/web/WebClientAutoConfiguration$RestTemplateConfiguration$$EnhancerBySpringCGLIB$$2d7bd72cCustomizer> (0x00000000ef958bf0) thrown at [C:\re\workspace\8-2-build-windows-
Event: 12.734 Thread 0x0000000004414800 Exception <a 'java/lang/ClassNotFoundException': org/springframework/context/annotation/ConfigurationClassEnhancer$EnhancedConfigurationCustomizer> (0x00000000ef979098) thrown at [C:\re\workspace\8-2-build-windows-amd64-cygwin\jdk8u144\9417\hotspot\src\sh
Event: 12.746 Thread 0x0000000004414800 Exception <a 'java/lang/ClassNotFoundException': org/springframework/boot/web/client/RestTemplateBuilderBeanInfo> (0x00000000efa2c418) thrown at [C:\re\workspace\8-2-build-windows-amd64-cygwin\jdk8u144\9417\hotspot\src\share\vm\classfile\systemDictionary.
Event: 12.747 Thread 0x0000000004414800 Exception <a 'java/lang/ClassNotFoundException': org/springframework/boot/web/client/RestTemplateBuilderCustomizer> (0x00000000efa3ebb8) thrown at [C:\re\workspace\8-2-build-windows-amd64-cygwin\jdk8u144\9417\hotspot\src\share\vm\classfile\systemDictionar
Event: 12.749 Thread 0x0000000004414800 Exception <a 'java/lang/ClassNotFoundException': java/lang/ObjectCustomizer> (0x00000000efa72f70) thrown at [C:\re\workspace\8-2-build-windows-amd64-cygwin\jdk8u144\9417\hotspot\src\share\vm\classfile\systemDictionary.cpp, line 210]
Event: 12.749 Thread 0x0000000004414800 Exception <a 'java/lang/ClassNotFoundException': org/springframework/boot/autoconfigure/web/WebClientAutoConfigurationCustomizer> (0x00000000efa8c308) thrown at [C:\re\workspace\8-2-build-windows-amd64-cygwin\jdk8u144\9417\hotspot\src\share\vm\classfile\s
Event: 12.749 Thread 0x0000000004414800 Exception <a 'java/lang/ClassNotFoundException': org/springframework/boot/autoconfigure/web/WebClientAutoConfiguration$$EnhancerBySpringCGLIB$$36eb84c8Customizer> (0x00000000efaa99a0) thrown at [C:\re\workspace\8-2-build-windows-amd64-cygwin\jdk8u144\9417
Event: 12.750 Thread 0x0000000004414800 Exception <a 'java/lang/ClassNotFoundException': org/springframework/context/annotation/ConfigurationClassEnhancer$EnhancedConfigurationCustomizer> (0x00000000efac8350) thrown at [C:\re\workspace\8-2-build-windows-amd64-cygwin\jdk8u144\9417\hotspot\src\sh

Events (10 events):
Event: 12.797 loading class org/springframework/jmx/export/annotation/ManagedResource
Event: 12.797 loading class org/springframework/jmx/export/annotation/ManagedResource done
Event: 12.798 Thread 0x0000000018cec000 flushing nmethod 0x0000000004a050d0
Event: 12.798 Thread 0x0000000018cec000 flushing nmethod 0x0000000004a1ae90
Event: 12.798 Thread 0x0000000018cec000 flushing nmethod 0x0000000004a3fc50
Event: 12.798 Thread 0x0000000018cec000 flushing nmethod 0x0000000004a43b50
Event: 12.799 Thread 0x0000000018cec000 flushing nmethod 0x0000000004b0a9d0
Event: 12.799 Thread 0x0000000018cec000 flushing nmethod 0x0000000004b69450
Event: 12.799 loading class org/springframework/context/support/DefaultLifecycleProcessor
Event: 12.799 loading class org/springframework/context/support/DefaultLifecycleProcessor done


Dynamic libraries:
0x00007ff7f8b40000 - 0x00007ff7f8b77000 	C:\Program Files\Java\jre1.8.0_144\bin\javaw.exe
0x00007fff99bd0000 - 0x00007fff99db0000 	C:\WINDOWS\SYSTEM32\ntdll.dll
0x00007fff98b20000 - 0x00007fff98bce000 	C:\WINDOWS\System32\KERNEL32.DLL
0x00007fff96100000 - 0x00007fff96366000 	C:\WINDOWS\System32\KERNELBASE.dll
0x00007fff99050000 - 0x00007fff990f1000 	C:\WINDOWS\System32\ADVAPI32.dll
0x00007fff98ce0000 - 0x00007fff98d7d000 	C:\WINDOWS\System32\msvcrt.dll
0x00007fff98e30000 - 0x00007fff98e8b000 	C:\WINDOWS\System32\sechost.dll
0x00007fff99710000 - 0x00007fff9982f000 	C:\WINDOWS\System32\RPCRT4.dll
0x00007fff993c0000 - 0x00007fff9954f000 	C:\WINDOWS\System32\USER32.dll
0x00007fff965c0000 - 0x00007fff965e0000 	C:\WINDOWS\System32\win32u.dll
0x00007fff98df0000 - 0x00007fff98e18000 	C:\WINDOWS\System32\GDI32.dll
0x00007fff967b0000 - 0x00007fff96943000 	C:\WINDOWS\System32\gdi32full.dll
0x00007fff964d0000 - 0x00007fff9656b000 	C:\WINDOWS\System32\msvcp_win.dll
0x00007fff963d0000 - 0x00007fff964c6000 	C:\WINDOWS\System32\ucrtbase.dll
0x00007fff87800000 - 0x00007fff87a69000 	C:\WINDOWS\WinSxS\amd64_microsoft.windows.common-controls_6595b64144ccf1df_6.0.16299.248_none_15ced204935f55d7\COMCTL32.dll
0x00007fff99890000 - 0x00007fff99b98000 	C:\WINDOWS\System32\combase.dll
0x00007fff95fd0000 - 0x00007fff96042000 	C:\WINDOWS\System32\bcryptPrimitives.dll
0x00007fff98f50000 - 0x00007fff98f7d000 	C:\WINDOWS\System32\IMM32.DLL
0x0000000062c80000 - 0x0000000062d52000 	C:\Program Files\Java\jre1.8.0_144\bin\msvcr100.dll
0x00000000620d0000 - 0x000000006296d000 	C:\Program Files\Java\jre1.8.0_144\bin\server\jvm.dll
0x00007fff99550000 - 0x00007fff99558000 	C:\WINDOWS\System32\PSAPI.DLL
0x00007fff87fa0000 - 0x00007fff87faa000 	C:\WINDOWS\SYSTEM32\VERSION.dll
0x00007fff924e0000 - 0x00007fff924e9000 	C:\WINDOWS\SYSTEM32\WSOCK32.dll
0x00007fff8f4f0000 - 0x00007fff8f513000 	C:\WINDOWS\SYSTEM32\WINMM.dll
0x00007fff98d80000 - 0x00007fff98dec000 	C:\WINDOWS\System32\WS2_32.dll
0x00007fff8f490000 - 0x00007fff8f4ba000 	C:\WINDOWS\SYSTEM32\winmmbase.dll
0x00007fff96570000 - 0x00007fff965ba000 	C:\WINDOWS\System32\cfgmgr32.dll
0x0000000061fe0000 - 0x0000000061fef000 	C:\Program Files\Java\jre1.8.0_144\bin\verify.dll
0x0000000061fb0000 - 0x0000000061fd9000 	C:\Program Files\Java\jre1.8.0_144\bin\java.dll
0x0000000061f90000 - 0x0000000061fa6000 	C:\Program Files\Java\jre1.8.0_144\bin\zip.dll
0x00007fff971f0000 - 0x00007fff98626000 	C:\WINDOWS\System32\SHELL32.dll
0x00007fff97140000 - 0x00007fff971e6000 	C:\WINDOWS\System32\shcore.dll
0x00007fff96950000 - 0x00007fff97097000 	C:\WINDOWS\System32\windows.storage.dll
0x00007fff98e90000 - 0x00007fff98ee1000 	C:\WINDOWS\System32\shlwapi.dll
0x00007fff95f60000 - 0x00007fff95f71000 	C:\WINDOWS\System32\kernel.appcore.dll
0x00007fff95f80000 - 0x00007fff95fcc000 	C:\WINDOWS\System32\powrprof.dll
0x00007fff95f20000 - 0x00007fff95f3b000 	C:\WINDOWS\System32\profapi.dll
0x0000000061f00000 - 0x0000000061f0d000 	C:\Program Files\Java\jre1.8.0_144\bin\management.dll
0x0000000061f70000 - 0x0000000061f8a000 	C:\Program Files\Java\jre1.8.0_144\bin\net.dll
0x00007fff957b0000 - 0x00007fff95816000 	C:\WINDOWS\system32\mswsock.dll
0x00007fff89280000 - 0x00007fff89296000 	C:\WINDOWS\system32\napinsp.dll
0x00007fff89260000 - 0x00007fff8927a000 	C:\WINDOWS\system32\pnrpnsp.dll
0x00007fff924a0000 - 0x00007fff924b8000 	C:\WINDOWS\system32\NLAapi.dll
0x00007fff95580000 - 0x00007fff95636000 	C:\WINDOWS\SYSTEM32\DNSAPI.dll
0x00007fff99700000 - 0x00007fff99708000 	C:\WINDOWS\System32\NSI.dll
0x00007fff95540000 - 0x00007fff95579000 	C:\WINDOWS\SYSTEM32\IPHLPAPI.DLL
0x00007fff8af10000 - 0x00007fff8af1e000 	C:\WINDOWS\System32\winrnr.dll
0x0000000063180000 - 0x00000000631a6000 	C:\Program Files\Bonjour\mdnsNSP.dll
0x00007fff91030000 - 0x00007fff91045000 	C:\WINDOWS\System32\wshbth.dll
0x00007fff8abe0000 - 0x00007fff8abea000 	C:\Windows\System32\rasadhlp.dll
0x00007fff8ac20000 - 0x00007fff8ac90000 	C:\WINDOWS\System32\fwpuclnt.dll
0x00007fff95a80000 - 0x00007fff95aa5000 	C:\WINDOWS\SYSTEM32\bcrypt.dll
0x0000000061f50000 - 0x0000000061f61000 	C:\Program Files\Java\jre1.8.0_144\bin\nio.dll
0x00007fff95970000 - 0x00007fff95987000 	C:\WINDOWS\SYSTEM32\CRYPTSP.dll
0x00007fff953c0000 - 0x00007fff953f3000 	C:\WINDOWS\system32\rsaenh.dll
0x00007fff95e50000 - 0x00007fff95e79000 	C:\WINDOWS\SYSTEM32\USERENV.dll
0x00007fff95990000 - 0x00007fff9599b000 	C:\WINDOWS\SYSTEM32\CRYPTBASE.dll
0x00007fff8ed50000 - 0x00007fff8ed66000 	C:\WINDOWS\SYSTEM32\dhcpcsvc6.DLL
0x00007fff8ee00000 - 0x00007fff8ee1a000 	C:\WINDOWS\SYSTEM32\dhcpcsvc.DLL

VM Arguments:
jvm_args: -Dfile.encoding=UTF-8 
java_command: com.softtech.localLevel.LocalLevelApplication
java_class_path (initial): C:\Users\Lothbroke\Desktop\Imaginology\project\localLevel\target\classes;C:\Users\Lothbroke\.m2\repository\org\springframework\boot\spring-boot-starter-data-jpa\1.5.10.RELEASE\spring-boot-starter-data-jpa-1.5.10.RELEASE.jar;C:\Users\Lothbroke\.m2\repository\org\springframework\boot\spring-boot-starter\1.5.10.RELEASE\spring-boot-starter-1.5.10.RELEASE.jar;C:\Users\Lothbroke\.m2\repository\org\springframework\boot\spring-boot\1.5.10.RELEASE\spring-boot-1.5.10.RELEASE.jar;C:\Users\Lothbroke\.m2\repository\org\springframework\boot\spring-boot-autoconfigure\1.5.10.RELEASE\spring-boot-autoconfigure-1.5.10.RELEASE.jar;C:\Users\Lothbroke\.m2\repository\org\springframework\boot\spring-boot-starter-logging\1.5.10.RELEASE\spring-boot-starter-logging-1.5.10.RELEASE.jar;C:\Users\Lothbroke\.m2\repository\ch\qos\logback\logback-classic\1.1.11\logback-classic-1.1.11.jar;C:\Users\Lothbroke\.m2\repository\ch\qos\logback\logback-core\1.1.11\logback-core-1.1.11.jar;C:\Users\Lothbroke\.m2\repository\org\slf4j\jul-to-slf4j\1.7.25\jul-to-slf4j-1.7.25.jar;C:\Users\Lothbroke\.m2\repository\org\slf4j\log4j-over-slf4j\1.7.25\log4j-over-slf4j-1.7.25.jar;C:\Users\Lothbroke\.m2\repository\org\yaml\snakeyaml\1.17\snakeyaml-1.17.jar;C:\Users\Lothbroke\.m2\repository\org\springframework\boot\spring-boot-starter-aop\1.5.10.RELEASE\spring-boot-starter-aop-1.5.10.RELEASE.jar;C:\Users\Lothbroke\.m2\repository\org\springframework\spring-aop\4.3.14.RELEASE\spring-aop-4.3.14.RELEASE.jar;C:\Users\Lothbroke\.m2\repository\org\aspectj\aspectjweaver\1.8.13\aspectjweaver-1.8.13.jar;C:\Users\Lothbroke\.m2\repository\org\springframework\boot\spring-boot-starter-jdbc\1.5.10.RELEASE\spring-boot-starter-jdbc-1.5.10.RELEASE.jar;C:\Users\Lothbroke\.m2\repository\org\apache\tomcat\tomcat-jdbc\8.5.27\tomcat-jdbc-8.5.27.jar;C:\Users\Lothbroke\.m2\repository\org\apache\tomcat\tomcat-juli\8.5.27\tomcat-juli-8.5.27.jar;C:\Users\Lothbroke\.m2\repository\org\springframework\spring-jdbc\4.3.14.REL
Launcher Type: SUN_STANDARD

Environment Variables:
JAVA_HOME=C:\Program Files\Java\jdk1.8.0_144
PATH=C:/Program Files/Java/jre1.8.0_144/bin/server;C:/Program Files/Java/jre1.8.0_144/bin;C:/Program Files/Java/jre1.8.0_144/lib/amd64;C:\ProgramData\Oracle\Java\javapath;"C:\ProgramData\Oracle\Java\javapath;C:\Program Files\Java\jdk1.8.0_144\bin;C:\Program Files\Java\jre1.8.0_144";C:\WINDOWS\system32;C:\WINDOWS;C:\WINDOWS\System32\Wbem;C:\WINDOWS\System32\WindowsPowerShell\v1.0\;C:\Program Files\nodejs\;C:\Program Files\PuTTY\;C:\Program Files\Git\cmd;C:\Program Files\Apache software foundation\apache-maven-3.5.0\bin;C:\Program Files (x86)\Microsoft VS Code\bin;C:\Users\Lothbroke\AppData\Roaming\npm;C:\Users\Lothbroke\AppData\Local\Microsoft\WindowsApps;C:\Program Files (x86)\EaseUS\Todo Backup\bin\x64\;C:\Users\Lothbroke\Desktop\eclipse;
USERNAME=Lothbroke
OS=Windows_NT
PROCESSOR_IDENTIFIER=Intel64 Family 6 Model 60 Stepping 3, GenuineIntel



---------------  S Y S T E M  ---------------

OS: Windows 10.0 , 64 bit Build 16299 (10.0.16299.15)

CPU:total 8 (initial active 8) (4 cores per cpu, 2 threads per core) family 6 model 60 stepping 3, cmov, cx8, fxsr, mmx, sse, sse2, sse3, ssse3, sse4.1, sse4.2, popcnt, avx, avx2, aes, clmul, erms, lzcnt, ht, tsc, tscinvbit, bmi1, bmi2

Memory: 4k page, physical 3859708k(367128k free), swap 7955708k(5564k free)

vm_info: Java HotSpot(TM) 64-Bit Server VM (25.144-b01) for windows-amd64 JRE (1.8.0_144-b01), built on Jul 21 2017 21:57:33 by "java_re" with MS VC++ 10.0 (VS2010)

time: Tue Mar 06 18:22:21 2018
elapsed time: 12 seconds (0d 0h 0m 12s)

