#
# There is insufficient memory for the Java Runtime Environment to continue.
# Native memory allocation (malloc) failed to allocate 1186544 bytes for Chunk::new
# Possible reasons:
#   The system is out of physical RAM or swap space
#   In 32 bit mode, the process size limit was hit
# Possible solutions:
#   Reduce memory load on the system
#   Increase physical memory or swap space
#   Check if swap backing store is full
#   Use 64 bit Java on a 64 bit OS
#   Decrease Java heap size (-Xmx/-Xms)
#   Decrease number of Java threads
#   Decrease Java thread stack sizes (-Xss)
#   Set larger code cache with -XX:ReservedCodeCacheSize=
# This output file may be truncated or incomplete.
#
#  Out of Memory Error (allocation.cpp:390), pid=9132, tid=0x0000000000000fa8
#
# JRE version: Java(TM) SE Runtime Environment (8.0_144-b01) (build 1.8.0_144-b01)
# Java VM: Java HotSpot(TM) 64-Bit Server VM (25.144-b01 mixed mode windows-amd64 compressed oops)
# Failed to write core dump. Minidumps are not enabled by default on client versions of Windows
#

---------------  T H R E A D  ---------------

Current thread (0x0000000019051000):  JavaThread "C2 CompilerThread0" daemon [_thread_in_native, id=4008, stack(0x0000000019810000,0x0000000019910000)]

Stack: [0x0000000019810000,0x0000000019910000]
[error occurred during error reporting (printing stack bounds), id 0xc0000005]

Native frames: (J=compiled Java code, j=interpreted, Vv=VM code, C=native code)


Current CompileTask:
C2:  57486 6019 % !   4       org.springframework.beans.factory.support.DefaultListableBeanFactory::doGetBeanNamesForType @ 20 (593 bytes)


---------------  P R O C E S S  ---------------

Java Threads: ( => current thread )
  0x000000001d2b2800 JavaThread "Abandoned connection cleanup thread" daemon [_thread_blocked, id=7408, stack(0x0000000022cc0000,0x0000000022dc0000)]
  0x000000001d2b2000 JavaThread "Tomcat JDBC Pool Cleaner[1943105171:1522844976351]" daemon [_thread_blocked, id=10692, stack(0x0000000021b70000,0x0000000021c70000)]
  0x000000001c623800 JavaThread "container-0" [_thread_blocked, id=11140, stack(0x0000000021670000,0x0000000021770000)]
  0x000000001d120000 JavaThread "ContainerBackgroundProcessor[StandardEngine[Tomcat]]" daemon [_thread_blocked, id=8044, stack(0x0000000021570000,0x0000000021670000)]
  0x00000000190e7800 JavaThread "Service Thread" daemon [_thread_blocked, id=11864, stack(0x0000000019c10000,0x0000000019d10000)]
  0x0000000019062800 JavaThread "C1 CompilerThread3" daemon [_thread_blocked, id=11432, stack(0x0000000019b10000,0x0000000019c10000)]
  0x000000001905c800 JavaThread "C2 CompilerThread2" daemon [_thread_in_native, id=780, stack(0x0000000019a10000,0x0000000019b10000)]
  0x0000000019058800 JavaThread "C2 CompilerThread1" daemon [_thread_in_native, id=1124, stack(0x0000000019910000,0x0000000019a10000)]
=>0x0000000019051000 JavaThread "C2 CompilerThread0" daemon [_thread_in_native, id=4008, stack(0x0000000019810000,0x0000000019910000)]
  0x0000000019050000 JavaThread "Attach Listener" daemon [_thread_blocked, id=9784, stack(0x0000000019710000,0x0000000019810000)]
  0x000000001904f000 JavaThread "Signal Dispatcher" daemon [_thread_blocked, id=11544, stack(0x0000000019610000,0x0000000019710000)]
  0x0000000019040800 JavaThread "Finalizer" daemon [_thread_blocked, id=12276, stack(0x0000000019420000,0x0000000019520000)]
  0x00000000047fa000 JavaThread "Reference Handler" daemon [_thread_blocked, id=8684, stack(0x0000000018f20000,0x0000000019020000)]
  0x0000000004704800 JavaThread "main" [_thread_in_native, id=9372, stack(0x0000000004580000,0x0000000004680000)]

Other Threads:
  0x0000000017109000 VMThread [stack: 0x0000000018e20000,0x0000000018f20000] [id=6332]
  0x000000001912a000 WatcherThread [stack: 0x0000000019d10000,0x0000000019e10000] [id=9952]

VM state:not at safepoint (normal execution)

VM Mutex/Monitor currently owned by a thread: None

Heap:
 PSYoungGen      total 175616K, used 120780K [0x00000000ec580000, 0x00000000f8b00000, 0x0000000100000000)
  eden space 161280K, 66% used [0x00000000ec580000,0x00000000f2d77c00,0x00000000f6300000)
  from space 14336K, 99% used [0x00000000f6300000,0x00000000f70fb5f0,0x00000000f7100000)
  to   space 11264K, 0% used [0x00000000f7100000,0x00000000f7100000,0x00000000f7c00000)
 ParOldGen       total 56320K, used 28801K [0x00000000c5000000, 0x00000000c8700000, 0x00000000ec580000)
  object space 56320K, 51% used [0x00000000c5000000,0x00000000c6c207d0,0x00000000c8700000)
 Metaspace       used 49539K, capacity 50172K, committed 50560K, reserved 1093632K
  class space    used 6335K, capacity 6479K, committed 6528K, reserved 1048576K

Card table byte_map: [0x0000000013ca0000,0x0000000013e80000] byte_map_base: 0x0000000013678000

Marking Bits: (ParMarkBitMap*) 0x00000000614ad850
 Begin Bits: [0x00000000147c0000, 0x0000000015680000)
 End Bits:   [0x0000000015680000, 0x0000000016540000)

Polling page: 0x0000000002970000

CodeCache: size=245760Kb used=21614Kb max_used=21614Kb free=224145Kb
 bounds [0x00000000048e0000, 0x0000000005e20000, 0x00000000138e0000]
 total_blobs=5880 nmethods=5362 adapters=430
 compilation: enabled

Compilation events (10 events):
Event: 57.077 Thread 0x0000000019062800 6041   !   3       org.springframework.beans.factory.support.DefaultSingletonBeanRegistry::registerDependentBean (189 bytes)
Event: 57.079 Thread 0x0000000019062800 nmethod 6041 0x0000000005ddee90 code [0x0000000005ddf1a0, 0x0000000005de0b48]
Event: 57.232 Thread 0x0000000019062800 6042   !   3       com.sun.beans.TypeResolver::resolve (274 bytes)
Event: 57.234 Thread 0x0000000019062800 nmethod 6042 0x0000000005e0cc10 code [0x0000000005e0d060, 0x0000000005e0fc38]
Event: 57.234 Thread 0x0000000019062800 6043  s    3       java.lang.StringBuffer::append (15 bytes)
Event: 57.234 Thread 0x0000000019062800 nmethod 6043 0x0000000005de9610 code [0x0000000005de9780, 0x0000000005de9aa8]
Event: 57.407 Thread 0x0000000019062800 6044       3       org.springframework.core.ResolvableType::isAssignableFrom (7 bytes)
Event: 57.407 Thread 0x0000000019062800 nmethod 6044 0x0000000005de9290 code [0x0000000005de9400, 0x0000000005de9588]
Event: 57.408 Thread 0x0000000019062800 6045       1       java.text.DontCareFieldPosition::getFieldDelegate (5 bytes)
Event: 57.408 Thread 0x0000000019062800 nmethod 6045 0x0000000005de8fd0 code [0x0000000005de9120, 0x0000000005de9230]

GC Heap History (10 events):
Event: 6.120 GC heap before
{Heap before GC invocations=9 (full 1):
 PSYoungGen      total 68608K, used 60928K [0x00000000ec580000, 0x00000000f4c80000, 0x0000000100000000)
  eden space 60928K, 100% used [0x00000000ec580000,0x00000000f0100000,0x00000000f0100000)
  from space 7680K, 0% used [0x00000000f0100000,0x00000000f0100000,0x00000000f0880000)
  to   space 8192K, 0% used [0x00000000f4480000,0x00000000f4480000,0x00000000f4c80000)
 ParOldGen       total 35328K, used 9623K [0x00000000c5000000, 0x00000000c7280000, 0x00000000ec580000)
  object space 35328K, 27% used [0x00000000c5000000,0x00000000c5965f78,0x00000000c7280000)
 Metaspace       used 24213K, capacity 24502K, committed 24704K, reserved 1071104K
  class space    used 3006K, capacity 3102K, committed 3200K, reserved 1048576K
Event: 6.563 GC heap after
Heap after GC invocations=9 (full 1):
 PSYoungGen      total 118272K, used 6306K [0x00000000ec580000, 0x00000000f4b00000, 0x0000000100000000)
  eden space 111616K, 0% used [0x00000000ec580000,0x00000000ec580000,0x00000000f3280000)
  from space 6656K, 94% used [0x00000000f4480000,0x00000000f4aa88b8,0x00000000f4b00000)
  to   space 8192K, 0% used [0x00000000f3b00000,0x00000000f3b00000,0x00000000f4300000)
 ParOldGen       total 35328K, used 9631K [0x00000000c5000000, 0x00000000c7280000, 0x00000000ec580000)
  object space 35328K, 27% used [0x00000000c5000000,0x00000000c5967f78,0x00000000c7280000)
 Metaspace       used 24213K, capacity 24502K, committed 24704K, reserved 1071104K
  class space    used 3006K, capacity 3102K, committed 3200K, reserved 1048576K
}
Event: 10.764 GC heap before
{Heap before GC invocations=10 (full 1):
 PSYoungGen      total 118272K, used 117922K [0x00000000ec580000, 0x00000000f4b00000, 0x0000000100000000)
  eden space 111616K, 100% used [0x00000000ec580000,0x00000000f3280000,0x00000000f3280000)
  from space 6656K, 94% used [0x00000000f4480000,0x00000000f4aa88b8,0x00000000f4b00000)
  to   space 8192K, 0% used [0x00000000f3b00000,0x00000000f3b00000,0x00000000f4300000)
 ParOldGen       total 35328K, used 9631K [0x00000000c5000000, 0x00000000c7280000, 0x00000000ec580000)
  object space 35328K, 27% used [0x00000000c5000000,0x00000000c5967f78,0x00000000c7280000)
 Metaspace       used 29738K, capacity 30122K, committed 30336K, reserved 1075200K
  class space    used 3723K, capacity 3852K, committed 3968K, reserved 1048576K
Event: 10.784 GC heap after
Heap after GC invocations=10 (full 1):
 PSYoungGen      total 128512K, used 8179K [0x00000000ec580000, 0x00000000f7c00000, 0x0000000100000000)
  eden space 120320K, 0% used [0x00000000ec580000,0x00000000ec580000,0x00000000f3b00000)
  from space 8192K, 99% used [0x00000000f3b00000,0x00000000f42fcf00,0x00000000f4300000)
  to   space 11264K, 0% used [0x00000000f7100000,0x00000000f7100000,0x00000000f7c00000)
 ParOldGen       total 35328K, used 14275K [0x00000000c5000000, 0x00000000c7280000, 0x00000000ec580000)
  object space 35328K, 40% used [0x00000000c5000000,0x00000000c5df0fd8,0x00000000c7280000)
 Metaspace       used 29738K, capacity 30122K, committed 30336K, reserved 1075200K
  class space    used 3723K, capacity 3852K, committed 3968K, reserved 1048576K
}
Event: 24.923 GC heap before
{Heap before GC invocations=11 (full 1):
 PSYoungGen      total 128512K, used 115416K [0x00000000ec580000, 0x00000000f7c00000, 0x0000000100000000)
  eden space 120320K, 89% used [0x00000000ec580000,0x00000000f2e39180,0x00000000f3b00000)
  from space 8192K, 99% used [0x00000000f3b00000,0x00000000f42fcf00,0x00000000f4300000)
  to   space 11264K, 0% used [0x00000000f7100000,0x00000000f7100000,0x00000000f7c00000)
 ParOldGen       total 35328K, used 14275K [0x00000000c5000000, 0x00000000c7280000, 0x00000000ec580000)
  object space 35328K, 40% used [0x00000000c5000000,0x00000000c5df0fd8,0x00000000c7280000)
 Metaspace       used 34806K, capacity 35214K, committed 35456K, reserved 1079296K
  class space    used 4512K, capacity 4626K, committed 4736K, reserved 1048576K
Event: 24.953 GC heap after
Heap after GC invocations=11 (full 1):
 PSYoungGen      total 172544K, used 11250K [0x00000000ec580000, 0x00000000f8b00000, 0x0000000100000000)
  eden space 161280K, 0% used [0x00000000ec580000,0x00000000ec580000,0x00000000f6300000)
  from space 11264K, 99% used [0x00000000f7100000,0x00000000f7bfca48,0x00000000f7c00000)
  to   space 14336K, 0% used [0x00000000f6300000,0x00000000f6300000,0x00000000f7100000)
 ParOldGen       total 35328K, used 18743K [0x00000000c5000000, 0x00000000c7280000, 0x00000000ec580000)
  object space 35328K, 53% used [0x00000000c5000000,0x00000000c624dc08,0x00000000c7280000)
 Metaspace       used 34806K, capacity 35214K, committed 35456K, reserved 1079296K
  class space    used 4512K, capacity 4626K, committed 4736K, reserved 1048576K
}
Event: 24.953 GC heap before
{Heap before GC invocations=12 (full 2):
 PSYoungGen      total 172544K, used 11250K [0x00000000ec580000, 0x00000000f8b00000, 0x0000000100000000)
  eden space 161280K, 0% used [0x00000000ec580000,0x00000000ec580000,0x00000000f6300000)
  from space 11264K, 99% used [0x00000000f7100000,0x00000000f7bfca48,0x00000000f7c00000)
  to   space 14336K, 0% used [0x00000000f6300000,0x00000000f6300000,0x00000000f7100000)
 ParOldGen       total 35328K, used 18743K [0x00000000c5000000, 0x00000000c7280000, 0x00000000ec580000)
  object space 35328K, 53% used [0x00000000c5000000,0x00000000c624dc08,0x00000000c7280000)
 Metaspace       used 34806K, capacity 35214K, committed 35456K, reserved 1079296K
  class space    used 4512K, capacity 4626K, committed 4736K, reserved 1048576K
Event: 25.064 GC heap after
Heap after GC invocations=12 (full 2):
 PSYoungGen      total 172544K, used 0K [0x00000000ec580000, 0x00000000f8b00000, 0x0000000100000000)
  eden space 161280K, 0% used [0x00000000ec580000,0x00000000ec580000,0x00000000f6300000)
  from space 11264K, 0% used [0x00000000f7100000,0x00000000f7100000,0x00000000f7c00000)
  to   space 14336K, 0% used [0x00000000f6300000,0x00000000f6300000,0x00000000f7100000)
 ParOldGen       total 56320K, used 24321K [0x00000000c5000000, 0x00000000c8700000, 0x00000000ec580000)
  object space 56320K, 43% used [0x00000000c5000000,0x00000000c67c0410,0x00000000c8700000)
 Metaspace       used 34806K, capacity 35214K, committed 35456K, reserved 1079296K
  class space    used 4512K, capacity 4626K, committed 4736K, reserved 1048576K
}
Event: 52.427 GC heap before
{Heap before GC invocations=13 (full 2):
 PSYoungGen      total 172544K, used 161280K [0x00000000ec580000, 0x00000000f8b00000, 0x0000000100000000)
  eden space 161280K, 100% used [0x00000000ec580000,0x00000000f6300000,0x00000000f6300000)
  from space 11264K, 0% used [0x00000000f7100000,0x00000000f7100000,0x00000000f7c00000)
  to   space 14336K, 0% used [0x00000000f6300000,0x00000000f6300000,0x00000000f7100000)
 ParOldGen       total 56320K, used 24321K [0x00000000c5000000, 0x00000000c8700000, 0x00000000ec580000)
  object space 56320K, 43% used [0x00000000c5000000,0x00000000c67c0410,0x00000000c8700000)
 Metaspace       used 47018K, capacity 47506K, committed 47872K, reserved 1091584K
  class space    used 6005K, capacity 6104K, committed 6144K, reserved 1048576K
Event: 52.523 GC heap after
Heap after GC invocations=13 (full 2):
 PSYoungGen      total 175616K, used 14317K [0x00000000ec580000, 0x00000000f8b00000, 0x0000000100000000)
  eden space 161280K, 0% used [0x00000000ec580000,0x00000000ec580000,0x00000000f6300000)
  from space 14336K, 99% used [0x00000000f6300000,0x00000000f70fb5f0,0x00000000f7100000)
  to   space 11264K, 0% used [0x00000000f7100000,0x00000000f7100000,0x00000000f7c00000)
 ParOldGen       total 56320K, used 28801K [0x00000000c5000000, 0x00000000c8700000, 0x00000000ec580000)
  object space 56320K, 51% used [0x00000000c5000000,0x00000000c6c207d0,0x00000000c8700000)
 Metaspace       used 47018K, capacity 47506K, committed 47872K, reserved 1091584K
  class space    used 6005K, capacity 6104K, committed 6144K, reserved 1048576K
}

Deoptimization events (10 events):
Event: 55.720 Thread 0x0000000004704800 Uncommon trap: reason=unstable_if action=reinterpret pc=0x00000000050a9d7c method=java.util.concurrent.ConcurrentHashMap.putVal(Ljava/lang/Object;Ljava/lang/Object;Z)Ljava/lang/Object; @ 331
Event: 56.053 Thread 0x0000000004704800 Uncommon trap: reason=unstable_if action=reinterpret pc=0x0000000005467014 method=java.util.concurrent.ConcurrentHashMap.transfer([Ljava/util/concurrent/ConcurrentHashMap$Node;[Ljava/util/concurrent/ConcurrentHashMap$Node;)V @ 356
Event: 56.320 Thread 0x0000000004704800 Uncommon trap: reason=class_check action=maybe_recompile pc=0x000000000502ec20 method=java.lang.reflect.Array.newInstance(Ljava/lang/Class;I)Ljava/lang/Object; @ 2
Event: 56.321 Thread 0x0000000004704800 Uncommon trap: reason=class_check action=maybe_recompile pc=0x000000000502ec20 method=java.lang.reflect.Array.newInstance(Ljava/lang/Class;I)Ljava/lang/Object; @ 2
Event: 56.321 Thread 0x0000000004704800 Uncommon trap: reason=class_check action=maybe_recompile pc=0x000000000502ec20 method=java.lang.reflect.Array.newInstance(Ljava/lang/Class;I)Ljava/lang/Object; @ 2
Event: 56.321 Thread 0x0000000004704800 Uncommon trap: reason=class_check action=maybe_recompile pc=0x000000000502ec20 method=java.lang.reflect.Array.newInstance(Ljava/lang/Class;I)Ljava/lang/Object; @ 2
Event: 56.337 Thread 0x0000000004704800 Uncommon trap: reason=unstable_if action=reinterpret pc=0x0000000005bb6b18 method=java.util.concurrent.ConcurrentHashMap.get(Ljava/lang/Object;)Ljava/lang/Object; @ 86
Event: 56.347 Thread 0x0000000004704800 Uncommon trap: reason=unstable_if action=reinterpret pc=0x0000000005bda2b8 method=java.util.concurrent.ConcurrentHashMap.get(Ljava/lang/Object;)Ljava/lang/Object; @ 86
Event: 56.347 Thread 0x0000000004704800 Uncommon trap: reason=unstable_if action=reinterpret pc=0x00000000054cc404 method=java.util.concurrent.ConcurrentHashMap.get(Ljava/lang/Object;)Ljava/lang/Object; @ 86
Event: 56.830 Thread 0x0000000004704800 Uncommon trap: reason=unstable_if action=reinterpret pc=0x0000000005cd3188 method=sun.reflect.generics.reflectiveObjects.WildcardTypeImpl.getLowerBounds()[Ljava/lang/reflect/Type; @ 23

Internal exceptions (10 events):
Event: 57.233 Thread 0x0000000004704800 Exception <a 'java/lang/ClassNotFoundException': org/springframework/web/context/support/WebApplicationObjectSupportCustomizer> (0x00000000f27d65c0) thrown at [C:\re\workspace\8-2-build-windows-amd64-cygwin\jdk8u144\9417\hotspot\src\share\vm\classfile\sys
Event: 57.234 Thread 0x0000000004704800 Exception <a 'java/lang/ClassNotFoundException': org/springframework/web/servlet/support/WebContentGeneratorCustomizer> (0x00000000f27f1368) thrown at [C:\re\workspace\8-2-build-windows-amd64-cygwin\jdk8u144\9417\hotspot\src\share\vm\classfile\systemDicti
Event: 57.236 Thread 0x0000000004704800 Exception <a 'java/lang/ClassNotFoundException': org/springframework/web/servlet/mvc/method/AbstractHandlerMethodAdapterCustomizer> (0x00000000f282bd78) thrown at [C:\re\workspace\8-2-build-windows-amd64-cygwin\jdk8u144\9417\hotspot\src\share\vm\classfile
Event: 57.237 Thread 0x0000000004704800 Exception <a 'java/lang/ClassNotFoundException': org/springframework/web/servlet/mvc/method/annotation/RequestMappingHandlerAdapterCustomizer> (0x00000000f2852b78) thrown at [C:\re\workspace\8-2-build-windows-amd64-cygwin\jdk8u144\9417\hotspot\src\share\v
Event: 57.240 Thread 0x0000000004704800 Exception <a 'java/lang/ClassNotFoundException': org/springframework/beans/factory/BeanFactoryAwareCustomizer> (0x00000000f28e99b0) thrown at [C:\re\workspace\8-2-build-windows-amd64-cygwin\jdk8u144\9417\hotspot\src\share\vm\classfile\systemDictionary.cpp
Event: 57.240 Thread 0x0000000004704800 Exception <a 'java/lang/ClassNotFoundException': org/springframework/beans/factory/InitializingBeanCustomizer> (0x00000000f2901468) thrown at [C:\re\workspace\8-2-build-windows-amd64-cygwin\jdk8u144\9417\hotspot\src\share\vm\classfile\systemDictionary.cpp
Event: 57.241 Thread 0x0000000004704800 Exception <a 'java/lang/ClassNotFoundException': org/springframework/web/servlet/HandlerAdapterCustomizer> (0x00000000f2917138) thrown at [C:\re\workspace\8-2-build-windows-amd64-cygwin\jdk8u144\9417\hotspot\src\share\vm\classfile\systemDictionary.cpp, li
Event: 57.241 Thread 0x0000000004704800 Exception <a 'java/lang/ClassNotFoundException': org/springframework/core/OrderedCustomizer> (0x00000000f2929e90) thrown at [C:\re\workspace\8-2-build-windows-amd64-cygwin\jdk8u144\9417\hotspot\src\share\vm\classfile\systemDictionary.cpp, line 210]
Event: 57.242 Thread 0x0000000004704800 Exception <a 'java/lang/ClassNotFoundException': org/springframework/web/context/ServletContextAwareCustomizer> (0x00000000f2941488) thrown at [C:\re\workspace\8-2-build-windows-amd64-cygwin\jdk8u144\9417\hotspot\src\share\vm\classfile\systemDictionary.cp
Event: 57.242 Thread 0x0000000004704800 Exception <a 'java/lang/ClassNotFoundException': org/springframework/context/ApplicationContextAwareCustomizer> (0x00000000f2958ec8) thrown at [C:\re\workspace\8-2-build-windows-amd64-cygwin\jdk8u144\9417\hotspot\src\share\vm\classfile\systemDictionary.cp

Events (10 events):
Event: 57.403 loading class com/google/common/collect/ImmutableList$Builder
Event: 57.403 loading class com/google/common/collect/ImmutableList$Builder done
Event: 57.403 loading class com/google/common/collect/ImmutableCollection$ArrayBasedBuilder
Event: 57.403 loading class com/google/common/collect/ImmutableCollection$ArrayBasedBuilder done
Event: 57.404 loading class com/google/common/collect/ImmutableCollection$Builder
Event: 57.404 loading class com/google/common/collect/ImmutableCollection$Builder done
Event: 57.405 loading class com/google/common/collect/Platform
Event: 57.405 loading class com/google/common/collect/Platform done
Event: 57.408 loading class org/springframework/web/method/ControllerAdviceBean
Event: 57.408 loading class org/springframework/web/method/ControllerAdviceBean done


Dynamic libraries:
0x00007ff723660000 - 0x00007ff723697000 	C:\Program Files\Java\jre1.8.0_144\bin\javaw.exe
0x00007ffa5bd00000 - 0x00007ffa5bee0000 	C:\WINDOWS\SYSTEM32\ntdll.dll
0x00007ffa5ba70000 - 0x00007ffa5bb1e000 	C:\WINDOWS\System32\KERNEL32.DLL
0x00007ffa58100000 - 0x00007ffa58366000 	C:\WINDOWS\System32\KERNELBASE.dll
0x00007ffa5a4e0000 - 0x00007ffa5a581000 	C:\WINDOWS\System32\ADVAPI32.dll
0x00007ffa5bc30000 - 0x00007ffa5bccd000 	C:\WINDOWS\System32\msvcrt.dll
0x00007ffa59390000 - 0x00007ffa593eb000 	C:\WINDOWS\System32\sechost.dll
0x00007ffa59c20000 - 0x00007ffa59d3f000 	C:\WINDOWS\System32\RPCRT4.dll
0x00007ffa59980000 - 0x00007ffa59b0f000 	C:\WINDOWS\System32\USER32.dll
0x00007ffa58b40000 - 0x00007ffa58b60000 	C:\WINDOWS\System32\win32u.dll
0x00007ffa5a5a0000 - 0x00007ffa5a5c8000 	C:\WINDOWS\System32\GDI32.dll
0x00007ffa58d90000 - 0x00007ffa58f23000 	C:\WINDOWS\System32\gdi32full.dll
0x00007ffa58f80000 - 0x00007ffa5901b000 	C:\WINDOWS\System32\msvcp_win.dll
0x00007ffa590d0000 - 0x00007ffa591c6000 	C:\WINDOWS\System32\ucrtbase.dll
0x00007ffa47750000 - 0x00007ffa479b9000 	C:\WINDOWS\WinSxS\amd64_microsoft.windows.common-controls_6595b64144ccf1df_6.0.16299.309_none_15cfd4c4935e6b11\COMCTL32.dll
0x00007ffa59ee0000 - 0x00007ffa5a1e8000 	C:\WINDOWS\System32\combase.dll
0x00007ffa58ac0000 - 0x00007ffa58b32000 	C:\WINDOWS\System32\bcryptPrimitives.dll
0x00007ffa5a1f0000 - 0x00007ffa5a21d000 	C:\WINDOWS\System32\IMM32.DLL
0x0000000060aa0000 - 0x0000000060b72000 	C:\Program Files\Java\jre1.8.0_144\bin\msvcr100.dll
0x0000000060c90000 - 0x000000006152d000 	C:\Program Files\Java\jre1.8.0_144\bin\server\jvm.dll
0x00007ffa5a590000 - 0x00007ffa5a598000 	C:\WINDOWS\System32\PSAPI.DLL
0x00007ffa4ae30000 - 0x00007ffa4ae39000 	C:\WINDOWS\SYSTEM32\WSOCK32.dll
0x00007ffa518a0000 - 0x00007ffa518c3000 	C:\WINDOWS\SYSTEM32\WINMM.dll
0x00007ffa4b140000 - 0x00007ffa4b14a000 	C:\WINDOWS\SYSTEM32\VERSION.dll
0x00007ffa59320000 - 0x00007ffa5938c000 	C:\WINDOWS\System32\WS2_32.dll
0x00007ffa51870000 - 0x00007ffa5189a000 	C:\WINDOWS\SYSTEM32\WINMMBASE.dll
0x00007ffa58f30000 - 0x00007ffa58f7a000 	C:\WINDOWS\System32\cfgmgr32.dll
0x0000000060c80000 - 0x0000000060c8f000 	C:\Program Files\Java\jre1.8.0_144\bin\verify.dll
0x0000000060c50000 - 0x0000000060c79000 	C:\Program Files\Java\jre1.8.0_144\bin\java.dll
0x0000000060c30000 - 0x0000000060c46000 	C:\Program Files\Java\jre1.8.0_144\bin\zip.dll
0x00007ffa5a5d0000 - 0x00007ffa5ba06000 	C:\WINDOWS\System32\SHELL32.dll
0x00007ffa59b10000 - 0x00007ffa59bb6000 	C:\WINDOWS\System32\shcore.dll
0x00007ffa58370000 - 0x00007ffa58ab7000 	C:\WINDOWS\System32\windows.storage.dll
0x00007ffa59bc0000 - 0x00007ffa59c11000 	C:\WINDOWS\System32\shlwapi.dll
0x00007ffa58090000 - 0x00007ffa580a1000 	C:\WINDOWS\System32\kernel.appcore.dll
0x00007ffa580b0000 - 0x00007ffa580fc000 	C:\WINDOWS\System32\powrprof.dll
0x00007ffa58050000 - 0x00007ffa5806b000 	C:\WINDOWS\System32\profapi.dll
0x0000000060b80000 - 0x0000000060b8d000 	C:\Program Files\Java\jre1.8.0_144\bin\management.dll
0x0000000060c10000 - 0x0000000060c2a000 	C:\Program Files\Java\jre1.8.0_144\bin\net.dll
0x00007ffa578e0000 - 0x00007ffa57946000 	C:\WINDOWS\system32\mswsock.dll
0x00007ffa49750000 - 0x00007ffa49766000 	C:\WINDOWS\system32\napinsp.dll
0x00007ffa49730000 - 0x00007ffa4974a000 	C:\WINDOWS\system32\pnrpnsp.dll
0x00007ffa54640000 - 0x00007ffa54658000 	C:\WINDOWS\system32\NLAapi.dll
0x00007ffa576b0000 - 0x00007ffa57766000 	C:\WINDOWS\SYSTEM32\DNSAPI.dll
0x00007ffa59970000 - 0x00007ffa59978000 	C:\WINDOWS\System32\NSI.dll
0x00007ffa57670000 - 0x00007ffa576a9000 	C:\WINDOWS\SYSTEM32\IPHLPAPI.DLL
0x00007ffa49720000 - 0x00007ffa4972e000 	C:\WINDOWS\System32\winrnr.dll
0x0000000061af0000 - 0x0000000061b16000 	C:\Program Files\Bonjour\mdnsNSP.dll
0x00007ffa532f0000 - 0x00007ffa53305000 	C:\WINDOWS\System32\wshbth.dll
0x00007ffa4ee70000 - 0x00007ffa4ee7a000 	C:\Windows\System32\rasadhlp.dll
0x00007ffa4fe80000 - 0x00007ffa4fef0000 	C:\WINDOWS\System32\fwpuclnt.dll
0x00007ffa57bb0000 - 0x00007ffa57bd5000 	C:\WINDOWS\SYSTEM32\bcrypt.dll
0x0000000060bf0000 - 0x0000000060c01000 	C:\Program Files\Java\jre1.8.0_144\bin\nio.dll
0x00007ffa57aa0000 - 0x00007ffa57ab7000 	C:\WINDOWS\SYSTEM32\CRYPTSP.dll
0x00007ffa574e0000 - 0x00007ffa57513000 	C:\WINDOWS\system32\rsaenh.dll
0x00007ffa57f80000 - 0x00007ffa57fa9000 	C:\WINDOWS\SYSTEM32\USERENV.dll
0x00007ffa57ac0000 - 0x00007ffa57acb000 	C:\WINDOWS\SYSTEM32\CRYPTBASE.dll
0x00007ffa50b60000 - 0x00007ffa50b76000 	C:\WINDOWS\SYSTEM32\dhcpcsvc6.DLL
0x00007ffa50c10000 - 0x00007ffa50c2a000 	C:\WINDOWS\SYSTEM32\dhcpcsvc.DLL

VM Arguments:
jvm_args: -Dfile.encoding=UTF-8 
java_command: com.softtech.localLevel.LocalLevelApplication
java_class_path (initial): C:\Users\Lothbroke\Desktop\Softech\Project\LocalLevel\target\classes;C:\Users\Lothbroke\.m2\repository\org\springframework\boot\spring-boot-starter-data-jpa\1.5.10.RELEASE\spring-boot-starter-data-jpa-1.5.10.RELEASE.jar;C:\Users\Lothbroke\.m2\repository\org\springframework\boot\spring-boot-starter\1.5.10.RELEASE\spring-boot-starter-1.5.10.RELEASE.jar;C:\Users\Lothbroke\.m2\repository\org\springframework\boot\spring-boot\1.5.10.RELEASE\spring-boot-1.5.10.RELEASE.jar;C:\Users\Lothbroke\.m2\repository\org\springframework\boot\spring-boot-autoconfigure\1.5.10.RELEASE\spring-boot-autoconfigure-1.5.10.RELEASE.jar;C:\Users\Lothbroke\.m2\repository\org\springframework\boot\spring-boot-starter-logging\1.5.10.RELEASE\spring-boot-starter-logging-1.5.10.RELEASE.jar;C:\Users\Lothbroke\.m2\repository\ch\qos\logback\logback-classic\1.1.11\logback-classic-1.1.11.jar;C:\Users\Lothbroke\.m2\repository\ch\qos\logback\logback-core\1.1.11\logback-core-1.1.11.jar;C:\Users\Lothbroke\.m2\repository\org\slf4j\jul-to-slf4j\1.7.25\jul-to-slf4j-1.7.25.jar;C:\Users\Lothbroke\.m2\repository\org\slf4j\log4j-over-slf4j\1.7.25\log4j-over-slf4j-1.7.25.jar;C:\Users\Lothbroke\.m2\repository\org\yaml\snakeyaml\1.17\snakeyaml-1.17.jar;C:\Users\Lothbroke\.m2\repository\org\springframework\boot\spring-boot-starter-aop\1.5.10.RELEASE\spring-boot-starter-aop-1.5.10.RELEASE.jar;C:\Users\Lothbroke\.m2\repository\org\springframework\spring-aop\4.3.14.RELEASE\spring-aop-4.3.14.RELEASE.jar;C:\Users\Lothbroke\.m2\repository\org\aspectj\aspectjweaver\1.8.13\aspectjweaver-1.8.13.jar;C:\Users\Lothbroke\.m2\repository\org\springframework\boot\spring-boot-starter-jdbc\1.5.10.RELEASE\spring-boot-starter-jdbc-1.5.10.RELEASE.jar;C:\Users\Lothbroke\.m2\repository\org\apache\tomcat\tomcat-jdbc\8.5.27\tomcat-jdbc-8.5.27.jar;C:\Users\Lothbroke\.m2\repository\org\apache\tomcat\tomcat-juli\8.5.27\tomcat-juli-8.5.27.jar;C:\Users\Lothbroke\.m2\repository\org\springframework\spring-jdbc\4.3.14.RELEASE
Launcher Type: SUN_STANDARD

Environment Variables:
JAVA_HOME=C:\Program Files\Java\jdk1.8.0_144
PATH=C:/Program Files/Java/jre1.8.0_144/bin/server;C:/Program Files/Java/jre1.8.0_144/bin;C:/Program Files/Java/jre1.8.0_144/lib/amd64;C:\app\Lothbroke\product\11.2.0\dbhome_1\bin;C:\ProgramData\Oracle\Java\javapath;"C:\ProgramData\Oracle\Java\javapath;C:\Program Files\Java\jdk1.8.0_144\bin;C:\Program Files\Java\jre1.8.0_144";C:\WINDOWS\system32;C:\WINDOWS;C:\WINDOWS\System32\Wbem;C:\WINDOWS\System32\WindowsPowerShell\v1.0\;C:\Program Files\PuTTY\;C:\Program Files\Git\cmd;C:\Program Files\nodejs\;C:\Program Files\Apache software foundation\apache-maven-3.5.0\bin;C:\Users\Lothbroke\AppData\Local\Microsoft\WindowsApps;C:\Program Files\Java\jdk1.8.0_144\bin;C:\Users\Lothbroke\AppData\Roaming\npm;C:\Program Files (x86)\Microsoft VS Code\bin;C:\Users\Lothbroke\Desktop\eclipse;
USERNAME=Lothbroke
OS=Windows_NT
PROCESSOR_IDENTIFIER=Intel64 Family 6 Model 60 Stepping 3, GenuineIntel



---------------  S Y S T E M  ---------------

OS: Windows 10.0 , 64 bit Build 16299 (10.0.16299.15)

CPU:total 8 (initial active 8) (4 cores per cpu, 2 threads per core) family 6 model 60 stepping 3, cmov, cx8, fxsr, mmx, sse, sse2, sse3, ssse3, sse4.1, sse4.2, popcnt, avx, avx2, aes, clmul, erms, lzcnt, ht, tsc, tscinvbit, bmi1, bmi2

Memory: 4k page, physical 3859708k(259800k free), swap 7955708k(6980k free)

vm_info: Java HotSpot(TM) 64-Bit Server VM (25.144-b01) for windows-amd64 JRE (1.8.0_144-b01), built on Jul 21 2017 21:57:33 by "java_re" with MS VC++ 10.0 (VS2010)

time: Wed Apr 04 18:15:08 2018
elapsed time: 57 seconds (0d 0h 0m 57s)

