#
# There is insufficient memory for the Java Runtime Environment to continue.
# Native memory allocation (malloc) failed to allocate 1010256 bytes for Chunk::new
# Possible reasons:
#   The system is out of physical RAM or swap space
#   In 32 bit mode, the process size limit was hit
# Possible solutions:
#   Reduce memory load on the system
#   Increase physical memory or swap space
#   Check if swap backing store is full
#   Use 64 bit Java on a 64 bit OS
#   Decrease Java heap size (-Xmx/-Xms)
#   Decrease number of Java threads
#   Decrease Java thread stack sizes (-Xss)
#   Set larger code cache with -XX:ReservedCodeCacheSize=
# This output file may be truncated or incomplete.
#
#  Out of Memory Error (allocation.cpp:390), pid=14236, tid=0x00000000000025a0
#
# JRE version: Java(TM) SE Runtime Environment (8.0_144-b01) (build 1.8.0_144-b01)
# Java VM: Java HotSpot(TM) 64-Bit Server VM (25.144-b01 mixed mode windows-amd64 compressed oops)
# Failed to write core dump. Minidumps are not enabled by default on client versions of Windows
#

---------------  T H R E A D  ---------------

Current thread (0x0000000019303800):  JavaThread "C2 CompilerThread1" daemon [_thread_in_native, id=9632, stack(0x0000000019bc0000,0x0000000019cc0000)]

Stack: [0x0000000019bc0000,0x0000000019cc0000]
[error occurred during error reporting (printing stack bounds), id 0xc0000005]

Native frames: (J=compiled Java code, j=interpreted, Vv=VM code, C=native code)


Current CompileTask:
C2:  12920 6226       4       org.springframework.core.BridgeMethodResolver::findBridgedMethod (110 bytes)


---------------  P R O C E S S  ---------------

Java Threads: ( => current thread )
  0x000000001e826000 JavaThread "Abandoned connection cleanup thread" daemon [_thread_blocked, id=5484, stack(0x0000000024350000,0x0000000024450000)]
  0x000000001e821800 JavaThread "Tomcat JDBC Pool Cleaner[1943105171:1523003201952]" daemon [_thread_blocked, id=8496, stack(0x0000000023fa0000,0x00000000240a0000)]
  0x0000000022ace000 JavaThread "container-0" [_thread_blocked, id=13024, stack(0x0000000023ca0000,0x0000000023da0000)]
  0x000000001fb30800 JavaThread "ContainerBackgroundProcessor[StandardEngine[Tomcat]]" daemon [_thread_blocked, id=9420, stack(0x0000000021920000,0x0000000021a20000)]
  0x000000001ef6a000 JavaThread "localhost-startStop-1" daemon [_thread_blocked, id=3608, stack(0x0000000021820000,0x0000000021920000)]
  0x000000001ef69800 JavaThread "Tomcat-startStop-1" daemon [_thread_blocked, id=13008, stack(0x0000000021720000,0x0000000021820000)]
  0x0000000019392000 JavaThread "Service Thread" daemon [_thread_blocked, id=5352, stack(0x0000000019ec0000,0x0000000019fc0000)]
  0x0000000019308800 JavaThread "C1 CompilerThread3" daemon [_thread_in_native, id=12320, stack(0x0000000019dc0000,0x0000000019ec0000)]
  0x0000000019304800 JavaThread "C2 CompilerThread2" daemon [_thread_in_native, id=10340, stack(0x0000000019cc0000,0x0000000019dc0000)]
=>0x0000000019303800 JavaThread "C2 CompilerThread1" daemon [_thread_in_native, id=9632, stack(0x0000000019bc0000,0x0000000019cc0000)]
  0x0000000019300000 JavaThread "C2 CompilerThread0" daemon [_thread_in_native, id=10524, stack(0x0000000019ac0000,0x0000000019bc0000)]
  0x00000000192fe800 JavaThread "Attach Listener" daemon [_thread_blocked, id=10860, stack(0x00000000199c0000,0x0000000019ac0000)]
  0x000000001740e800 JavaThread "Signal Dispatcher" daemon [_thread_blocked, id=11540, stack(0x00000000198c0000,0x00000000199c0000)]
  0x00000000192f0800 JavaThread "Finalizer" daemon [_thread_blocked, id=2888, stack(0x00000000196d0000,0x00000000197d0000)]
  0x0000000004bc8800 JavaThread "Reference Handler" daemon [_thread_blocked, id=6548, stack(0x00000000191d0000,0x00000000192d0000)]
  0x0000000004ad4800 JavaThread "main" [_thread_in_Java, id=9324, stack(0x00000000049d0000,0x0000000004ad0000)]

Other Threads:
  0x00000000173f9800 VMThread [stack: 0x00000000190d0000,0x00000000191d0000] [id=11776]
  0x00000000193fc800 WatcherThread [stack: 0x0000000019fc0000,0x000000001a0c0000] [id=12776]

VM state:not at safepoint (normal execution)

VM Mutex/Monitor currently owned by a thread: None

Heap:
 PSYoungGen      total 164864K, used 19142K [0x00000000ec580000, 0x00000000f9e80000, 0x0000000100000000)
  eden space 148480K, 1% used [0x00000000ec580000,0x00000000ec8354e8,0x00000000f5680000)
  from space 16384K, 99% used [0x00000000f8e80000,0x00000000f9e7c678,0x00000000f9e80000)
  to   space 15360K, 0% used [0x00000000f5680000,0x00000000f5680000,0x00000000f6580000)
 ParOldGen       total 61952K, used 32502K [0x00000000c5000000, 0x00000000c8c80000, 0x00000000ec580000)
  object space 61952K, 52% used [0x00000000c5000000,0x00000000c6fbd918,0x00000000c8c80000)
 Metaspace       used 53981K, capacity 54646K, committed 54912K, reserved 1097728K
  class space    used 6832K, capacity 6960K, committed 7040K, reserved 1048576K

Card table byte_map: [0x0000000013f90000,0x0000000014170000] byte_map_base: 0x0000000013968000

Marking Bits: (ParMarkBitMap*) 0x0000000061c5d850
 Begin Bits: [0x0000000014ab0000, 0x0000000015970000)
 End Bits:   [0x0000000015970000, 0x0000000016830000)

Polling page: 0x0000000002c40000

CodeCache: size=245760Kb used=22221Kb max_used=22221Kb free=223538Kb
 bounds [0x0000000004bd0000, 0x00000000061a0000, 0x0000000013bd0000]
 total_blobs=6621 nmethods=5848 adapters=684
 compilation: enabled

Compilation events (10 events):
Event: 12.868 Thread 0x0000000019308800 6520       2       com.google.common.base.Predicates$InstanceOfPredicate::<init> (6 bytes)
Event: 12.868 Thread 0x0000000019308800 nmethod 6520 0x000000000618b390 code [0x000000000618b500, 0x000000000618b708]
Event: 12.868 Thread 0x0000000019308800 6521       2       com.google.common.base.Predicates$InstanceOfPredicate::<init> (16 bytes)
Event: 12.868 Thread 0x0000000019308800 nmethod 6521 0x000000000618b850 code [0x000000000618b9c0, 0x000000000618bbc8]
Event: 12.868 Thread 0x0000000019308800 6523       2       com.google.common.collect.ImmutableSet::construct (245 bytes)
Event: 12.870 Thread 0x0000000019308800 nmethod 6523 0x000000000618bcd0 code [0x000000000618bf20, 0x000000000618cb48]
Event: 12.870 Thread 0x0000000019308800 6524       2       com.google.common.collect.ImmutableSet::copyOf (60 bytes)
Event: 12.870 Thread 0x0000000019308800 nmethod 6524 0x000000000618d6d0 code [0x000000000618d8a0, 0x000000000618dcf8]
Event: 12.870 Thread 0x0000000019308800 6522       1       springfox.documentation.spi.schema.contexts.ModelContext::getDocumentationType (5 bytes)
Event: 12.870 Thread 0x0000000019308800 nmethod 6522 0x000000000618e050 code [0x000000000618e1a0, 0x000000000618e2b0]

GC Heap History (10 events):
Event: 4.386 GC heap before
{Heap before GC invocations=11 (full 1):
 PSYoungGen      total 125440K, used 125409K [0x00000000ec580000, 0x00000000f4e00000, 0x0000000100000000)
  eden space 117248K, 100% used [0x00000000ec580000,0x00000000f3800000,0x00000000f3800000)
  from space 8192K, 99% used [0x00000000f3b00000,0x00000000f42f8430,0x00000000f4300000)
  to   space 11264K, 0% used [0x00000000f4300000,0x00000000f4300000,0x00000000f4e00000)
 ParOldGen       total 36864K, used 14830K [0x00000000c5000000, 0x00000000c7400000, 0x00000000ec580000)
  object space 36864K, 40% used [0x00000000c5000000,0x00000000c5e7ba48,0x00000000c7400000)
 Metaspace       used 33241K, capacity 33694K, committed 34048K, reserved 1079296K
  class space    used 4231K, capacity 4338K, committed 4352K, reserved 1048576K
Event: 4.405 GC heap after
Heap after GC invocations=11 (full 1):
 PSYoungGen      total 125952K, used 11262K [0x00000000ec580000, 0x00000000f7280000, 0x0000000100000000)
  eden space 114688K, 0% used [0x00000000ec580000,0x00000000ec580000,0x00000000f3580000)
  from space 11264K, 99% used [0x00000000f4300000,0x00000000f4dff8e0,0x00000000f4e00000)
  to   space 13824K, 0% used [0x00000000f3580000,0x00000000f3580000,0x00000000f4300000)
 ParOldGen       total 36864K, used 17393K [0x00000000c5000000, 0x00000000c7400000, 0x00000000ec580000)
  object space 36864K, 47% used [0x00000000c5000000,0x00000000c60fc450,0x00000000c7400000)
 Metaspace       used 33241K, capacity 33694K, committed 34048K, reserved 1079296K
  class space    used 4231K, capacity 4338K, committed 4352K, reserved 1048576K
}
Event: 4.605 GC heap before
{Heap before GC invocations=12 (full 1):
 PSYoungGen      total 125952K, used 27588K [0x00000000ec580000, 0x00000000f7280000, 0x0000000100000000)
  eden space 114688K, 14% used [0x00000000ec580000,0x00000000ed571950,0x00000000f3580000)
  from space 11264K, 99% used [0x00000000f4300000,0x00000000f4dff8e0,0x00000000f4e00000)
  to   space 13824K, 0% used [0x00000000f3580000,0x00000000f3580000,0x00000000f4300000)
 ParOldGen       total 36864K, used 17393K [0x00000000c5000000, 0x00000000c7400000, 0x00000000ec580000)
  object space 36864K, 47% used [0x00000000c5000000,0x00000000c60fc450,0x00000000c7400000)
 Metaspace       used 34772K, capacity 35172K, committed 35496K, reserved 1081344K
  class space    used 4499K, capacity 4595K, committed 4608K, reserved 1048576K
Event: 4.616 GC heap after
Heap after GC invocations=12 (full 1):
 PSYoungGen      total 128512K, used 4669K [0x00000000ec580000, 0x00000000f7280000, 0x0000000100000000)
  eden space 114688K, 0% used [0x00000000ec580000,0x00000000ec580000,0x00000000f3580000)
  from space 13824K, 33% used [0x00000000f3580000,0x00000000f3a0f620,0x00000000f4300000)
  to   space 13312K, 0% used [0x00000000f6580000,0x00000000f6580000,0x00000000f7280000)
 ParOldGen       total 36864K, used 25469K [0x00000000c5000000, 0x00000000c7400000, 0x00000000ec580000)
  object space 36864K, 69% used [0x00000000c5000000,0x00000000c68df630,0x00000000c7400000)
 Metaspace       used 34772K, capacity 35172K, committed 35496K, reserved 1081344K
  class space    used 4499K, capacity 4595K, committed 4608K, reserved 1048576K
}
Event: 4.616 GC heap before
{Heap before GC invocations=13 (full 2):
 PSYoungGen      total 128512K, used 4669K [0x00000000ec580000, 0x00000000f7280000, 0x0000000100000000)
  eden space 114688K, 0% used [0x00000000ec580000,0x00000000ec580000,0x00000000f3580000)
  from space 13824K, 33% used [0x00000000f3580000,0x00000000f3a0f620,0x00000000f4300000)
  to   space 13312K, 0% used [0x00000000f6580000,0x00000000f6580000,0x00000000f7280000)
 ParOldGen       total 36864K, used 25469K [0x00000000c5000000, 0x00000000c7400000, 0x00000000ec580000)
  object space 36864K, 69% used [0x00000000c5000000,0x00000000c68df630,0x00000000c7400000)
 Metaspace       used 34772K, capacity 35172K, committed 35496K, reserved 1081344K
  class space    used 4499K, capacity 4595K, committed 4608K, reserved 1048576K
Event: 4.684 GC heap after
Heap after GC invocations=13 (full 2):
 PSYoungGen      total 128512K, used 0K [0x00000000ec580000, 0x00000000f7280000, 0x0000000100000000)
  eden space 114688K, 0% used [0x00000000ec580000,0x00000000ec580000,0x00000000f3580000)
  from space 13824K, 0% used [0x00000000f3580000,0x00000000f3580000,0x00000000f4300000)
  to   space 13312K, 0% used [0x00000000f6580000,0x00000000f6580000,0x00000000f7280000)
 ParOldGen       total 61952K, used 22003K [0x00000000c5000000, 0x00000000c8c80000, 0x00000000ec580000)
  object space 61952K, 35% used [0x00000000c5000000,0x00000000c657cee0,0x00000000c8c80000)
 Metaspace       used 34772K, capacity 35172K, committed 35496K, reserved 1081344K
  class space    used 4499K, capacity 4595K, committed 4608K, reserved 1048576K
}
Event: 9.815 GC heap before
{Heap before GC invocations=14 (full 2):
 PSYoungGen      total 128512K, used 114688K [0x00000000ec580000, 0x00000000f7280000, 0x0000000100000000)
  eden space 114688K, 100% used [0x00000000ec580000,0x00000000f3580000,0x00000000f3580000)
  from space 13824K, 0% used [0x00000000f3580000,0x00000000f3580000,0x00000000f4300000)
  to   space 13312K, 0% used [0x00000000f6580000,0x00000000f6580000,0x00000000f7280000)
 ParOldGen       total 61952K, used 22003K [0x00000000c5000000, 0x00000000c8c80000, 0x00000000ec580000)
  object space 61952K, 35% used [0x00000000c5000000,0x00000000c657cee0,0x00000000c8c80000)
 Metaspace       used 44140K, capacity 44550K, committed 44928K, reserved 1089536K
  class space    used 5637K, capacity 5726K, committed 5760K, reserved 1048576K
Event: 9.828 GC heap after
Heap after GC invocations=14 (full 2):
 PSYoungGen      total 161792K, used 13295K [0x00000000ec580000, 0x00000000f7480000, 0x0000000100000000)
  eden space 148480K, 0% used [0x00000000ec580000,0x00000000ec580000,0x00000000f5680000)
  from space 13312K, 99% used [0x00000000f6580000,0x00000000f727bc68,0x00000000f7280000)
  to   space 15360K, 0% used [0x00000000f5680000,0x00000000f5680000,0x00000000f6580000)
 ParOldGen       total 61952K, used 22680K [0x00000000c5000000, 0x00000000c8c80000, 0x00000000ec580000)
  object space 61952K, 36% used [0x00000000c5000000,0x00000000c66262a0,0x00000000c8c80000)
 Metaspace       used 44140K, capacity 44550K, committed 44928K, reserved 1089536K
  class space    used 5637K, capacity 5726K, committed 5760K, reserved 1048576K
}
Event: 11.445 GC heap before
{Heap before GC invocations=15 (full 2):
 PSYoungGen      total 161792K, used 161775K [0x00000000ec580000, 0x00000000f7480000, 0x0000000100000000)
  eden space 148480K, 100% used [0x00000000ec580000,0x00000000f5680000,0x00000000f5680000)
  from space 13312K, 99% used [0x00000000f6580000,0x00000000f727bc68,0x00000000f7280000)
  to   space 15360K, 0% used [0x00000000f5680000,0x00000000f5680000,0x00000000f6580000)
 ParOldGen       total 61952K, used 22680K [0x00000000c5000000, 0x00000000c8c80000, 0x00000000ec580000)
  object space 61952K, 36% used [0x00000000c5000000,0x00000000c66262a0,0x00000000c8c80000)
 Metaspace       used 49516K, capacity 50136K, committed 50560K, reserved 1093632K
  class space    used 6307K, capacity 6449K, committed 6528K, reserved 1048576K
Event: 11.470 GC heap after
Heap after GC invocations=15 (full 2):
 PSYoungGen      total 163840K, used 12680K [0x00000000ec580000, 0x00000000f9e80000, 0x0000000100000000)
  eden space 148480K, 0% used [0x00000000ec580000,0x00000000ec580000,0x00000000f5680000)
  from space 15360K, 82% used [0x00000000f5680000,0x00000000f62e2240,0x00000000f6580000)
  to   space 16384K, 0% used [0x00000000f8e80000,0x00000000f8e80000,0x00000000f9e80000)
 ParOldGen       total 61952K, used 30482K [0x00000000c5000000, 0x00000000c8c80000, 0x00000000ec580000)
  object space 61952K, 49% used [0x00000000c5000000,0x00000000c6dc4ae8,0x00000000c8c80000)
 Metaspace       used 49516K, capacity 50136K, committed 50560K, reserved 1093632K
  class space    used 6307K, capacity 6449K, committed 6528K, reserved 1048576K
}

Deoptimization events (10 events):
Event: 11.435 Thread 0x0000000004ad4800 Uncommon trap: reason=null_check action=make_not_entrant pc=0x0000000005eec744 method=org.springframework.core.annotation.AnnotatedElementUtils.searchWithFindSemantics(Ljava/lang/reflect/AnnotatedElement;Ljava/lang/Class;Ljava/lang/String;Ljava/lang/Class
Event: 11.576 Thread 0x0000000004ad4800 Uncommon trap: reason=null_check action=make_not_entrant pc=0x0000000005ed762c method=org.springframework.core.annotation.AnnotatedElementUtils.searchWithGetSemanticsInAnnotations(Ljava/lang/reflect/AnnotatedElement;Ljava/util/List;Ljava/lang/Class;Ljava/
Event: 11.980 Thread 0x0000000004ad4800 Uncommon trap: reason=unstable_if action=reinterpret pc=0x00000000059f4ed8 method=java.lang.ClassLoader.preDefineClass(Ljava/lang/String;Ljava/security/ProtectionDomain;)Ljava/security/ProtectionDomain; @ 86
Event: 12.103 Thread 0x0000000004ad4800 Uncommon trap: reason=class_check action=maybe_recompile pc=0x0000000005423de4 method=java.lang.ClassLoader.loadClass(Ljava/lang/String;Z)Ljava/lang/Class; @ 38
Event: 12.103 Thread 0x0000000004ad4800 Uncommon trap: reason=class_check action=maybe_recompile pc=0x0000000005423de4 method=java.lang.ClassLoader.loadClass(Ljava/lang/String;Z)Ljava/lang/Class; @ 38
Event: 12.103 Thread 0x0000000004ad4800 Uncommon trap: reason=class_check action=maybe_recompile pc=0x0000000005423de4 method=java.lang.ClassLoader.loadClass(Ljava/lang/String;Z)Ljava/lang/Class; @ 38
Event: 12.104 Thread 0x0000000004ad4800 Uncommon trap: reason=class_check action=maybe_recompile pc=0x0000000005423de4 method=java.lang.ClassLoader.loadClass(Ljava/lang/String;Z)Ljava/lang/Class; @ 38
Event: 12.560 Thread 0x0000000004ad4800 Uncommon trap: reason=class_check action=maybe_recompile pc=0x00000000050625f0 method=java.util.regex.Pattern$Slice.match(Ljava/util/regex/Matcher;ILjava/lang/CharSequence;)Z @ 75
Event: 12.562 Thread 0x0000000004ad4800 Uncommon trap: reason=unstable_if action=reinterpret pc=0x0000000004d59610 method=java.util.regex.Matcher.find()Z @ 10
Event: 12.688 Thread 0x0000000004ad4800 Uncommon trap: reason=unstable_if action=reinterpret pc=0x0000000005eb7d9c method=org.springframework.asm.ClassReader.readCode(Lorg/springframework/asm/MethodVisitor;Lorg/springframework/asm/Context;I)V @ 724

Internal exceptions (10 events):
Event: 12.417 Thread 0x0000000004ad4800 Exception <a 'java/lang/ClassNotFoundException': java/lang/ObjectCustomizer> (0x00000000f2791bc0) thrown at [C:\re\workspace\8-2-build-windows-amd64-cygwin\jdk8u144\9417\hotspot\src\share\vm\classfile\systemDictionary.cpp, line 210]
Event: 12.418 Thread 0x0000000004ad4800 Exception <a 'java/lang/ClassNotFoundException': org/springframework/boot/autoconfigure/web/WebClientAutoConfiguration$RestTemplateConfigurationCustomizer> (0x00000000f27b7180) thrown at [C:\re\workspace\8-2-build-windows-amd64-cygwin\jdk8u144\9417\hotspo
Event: 12.418 Thread 0x0000000004ad4800 Exception <a 'java/lang/ClassNotFoundException': org/springframework/boot/autoconfigure/web/WebClientAutoConfiguration$RestTemplateConfiguration$$EnhancerBySpringCGLIB$$809e6b9eCustomizer> (0x00000000f27e2ce8) thrown at [C:\re\workspace\8-2-build-windows-
Event: 12.419 Thread 0x0000000004ad4800 Exception <a 'java/lang/ClassNotFoundException': org/springframework/context/annotation/ConfigurationClassEnhancer$EnhancedConfigurationCustomizer> (0x00000000f2809c10) thrown at [C:\re\workspace\8-2-build-windows-amd64-cygwin\jdk8u144\9417\hotspot\src\sh
Event: 12.429 Thread 0x0000000004ad4800 Exception <a 'java/lang/ClassNotFoundException': org/springframework/boot/web/client/RestTemplateBuilderBeanInfo> (0x00000000f28c9cb0) thrown at [C:\re\workspace\8-2-build-windows-amd64-cygwin\jdk8u144\9417\hotspot\src\share\vm\classfile\systemDictionary.
Event: 12.430 Thread 0x0000000004ad4800 Exception <a 'java/lang/ClassNotFoundException': org/springframework/boot/web/client/RestTemplateBuilderCustomizer> (0x00000000f28e1060) thrown at [C:\re\workspace\8-2-build-windows-amd64-cygwin\jdk8u144\9417\hotspot\src\share\vm\classfile\systemDictionar
Event: 12.435 Thread 0x0000000004ad4800 Exception <a 'java/lang/ClassNotFoundException': java/lang/ObjectCustomizer> (0x00000000f2916698) thrown at [C:\re\workspace\8-2-build-windows-amd64-cygwin\jdk8u144\9417\hotspot\src\share\vm\classfile\systemDictionary.cpp, line 210]
Event: 12.436 Thread 0x0000000004ad4800 Exception <a 'java/lang/ClassNotFoundException': org/springframework/boot/autoconfigure/web/WebClientAutoConfigurationCustomizer> (0x00000000f2935430) thrown at [C:\re\workspace\8-2-build-windows-amd64-cygwin\jdk8u144\9417\hotspot\src\share\vm\classfile\s
Event: 12.436 Thread 0x0000000004ad4800 Exception <a 'java/lang/ClassNotFoundException': org/springframework/boot/autoconfigure/web/WebClientAutoConfiguration$$EnhancerBySpringCGLIB$$8a0e193aCustomizer> (0x00000000f295a2d0) thrown at [C:\re\workspace\8-2-build-windows-amd64-cygwin\jdk8u144\9417
Event: 12.437 Thread 0x0000000004ad4800 Exception <a 'java/lang/ClassNotFoundException': org/springframework/context/annotation/ConfigurationClassEnhancer$EnhancedConfigurationCustomizer> (0x00000000f297f6b0) thrown at [C:\re\workspace\8-2-build-windows-amd64-cygwin\jdk8u144\9417\hotspot\src\sh

Events (10 events):
Event: 12.741 loading class com/google/common/collect/ImmutableMapKeySet$1
Event: 12.741 loading class com/google/common/collect/ImmutableMapKeySet$1 done
Event: 12.743 loading class io/swagger/annotations/ApiModel
Event: 12.743 loading class io/swagger/annotations/ApiModel done
Event: 12.745 loading class springfox/documentation/schema/DefaultModelDependencyProvider$3
Event: 12.745 loading class springfox/documentation/schema/DefaultModelDependencyProvider$3 done
Event: 12.801 Thread 0x0000000004ad4800 DEOPT PACKING pc=0x000000000611d0ec sp=0x0000000004acd3e0
Event: 12.801 Thread 0x0000000004ad4800 DEOPT UNPACKING pc=0x0000000004c1787f sp=0x0000000004acd3a8 mode 0
Event: 12.871 Thread 0x0000000004ad4800 DEOPT PACKING pc=0x000000000581814c sp=0x0000000004acde20
Event: 12.871 Thread 0x0000000004ad4800 DEOPT UNPACKING pc=0x0000000004c1787f sp=0x0000000004acdc98 mode 0


Dynamic libraries:
0x00007ff604a80000 - 0x00007ff604ab7000 	C:\Program Files\Java\jre1.8.0_144\bin\javaw.exe
0x00007ffe7a540000 - 0x00007ffe7a720000 	C:\WINDOWS\SYSTEM32\ntdll.dll
0x00007ffe7a460000 - 0x00007ffe7a50e000 	C:\WINDOWS\System32\KERNEL32.DLL
0x00007ffe775d0000 - 0x00007ffe77836000 	C:\WINDOWS\System32\KERNELBASE.dll
0x00007ffe785a0000 - 0x00007ffe78641000 	C:\WINDOWS\System32\ADVAPI32.dll
0x00007ffe784a0000 - 0x00007ffe7853d000 	C:\WINDOWS\System32\msvcrt.dll
0x00007ffe7a400000 - 0x00007ffe7a45b000 	C:\WINDOWS\System32\sechost.dll
0x00007ffe78660000 - 0x00007ffe7877f000 	C:\WINDOWS\System32\RPCRT4.dll
0x00007ffe7a210000 - 0x00007ffe7a39f000 	C:\WINDOWS\System32\USER32.dll
0x00007ffe76b40000 - 0x00007ffe76b60000 	C:\WINDOWS\System32\win32u.dll
0x00007ffe79f80000 - 0x00007ffe79fa8000 	C:\WINDOWS\System32\GDI32.dll
0x00007ffe769a0000 - 0x00007ffe76b33000 	C:\WINDOWS\System32\gdi32full.dll
0x00007ffe77970000 - 0x00007ffe77a0b000 	C:\WINDOWS\System32\msvcp_win.dll
0x00007ffe77480000 - 0x00007ffe77576000 	C:\WINDOWS\System32\ucrtbase.dll
0x00007ffe66910000 - 0x00007ffe66b79000 	C:\WINDOWS\WinSxS\amd64_microsoft.windows.common-controls_6595b64144ccf1df_6.0.16299.309_none_15cfd4c4935e6b11\COMCTL32.dll
0x00007ffe77f60000 - 0x00007ffe78268000 	C:\WINDOWS\System32\combase.dll
0x00007ffe778f0000 - 0x00007ffe77962000 	C:\WINDOWS\System32\bcryptPrimitives.dll
0x00007ffe79f50000 - 0x00007ffe79f7d000 	C:\WINDOWS\System32\IMM32.DLL
0x0000000061250000 - 0x0000000061322000 	C:\Program Files\Java\jre1.8.0_144\bin\msvcr100.dll
0x0000000061440000 - 0x0000000061cdd000 	C:\Program Files\Java\jre1.8.0_144\bin\server\jvm.dll
0x00007ffe78650000 - 0x00007ffe78658000 	C:\WINDOWS\System32\PSAPI.DLL
0x00007ffe66030000 - 0x00007ffe66039000 	C:\WINDOWS\SYSTEM32\WSOCK32.dll
0x00007ffe69840000 - 0x00007ffe6984a000 	C:\WINDOWS\SYSTEM32\VERSION.dll
0x00007ffe6f870000 - 0x00007ffe6f893000 	C:\WINDOWS\SYSTEM32\WINMM.dll
0x00007ffe78860000 - 0x00007ffe788cc000 	C:\WINDOWS\System32\WS2_32.dll
0x00007ffe6f840000 - 0x00007ffe6f86a000 	C:\WINDOWS\SYSTEM32\winmmbase.dll
0x00007ffe77580000 - 0x00007ffe775ca000 	C:\WINDOWS\System32\cfgmgr32.dll
0x0000000061430000 - 0x000000006143f000 	C:\Program Files\Java\jre1.8.0_144\bin\verify.dll
0x0000000061400000 - 0x0000000061429000 	C:\Program Files\Java\jre1.8.0_144\bin\java.dll
0x00000000613e0000 - 0x00000000613f6000 	C:\Program Files\Java\jre1.8.0_144\bin\zip.dll
0x00007ffe789a0000 - 0x00007ffe79dd6000 	C:\WINDOWS\System32\SHELL32.dll
0x00007ffe788d0000 - 0x00007ffe78976000 	C:\WINDOWS\System32\shcore.dll
0x00007ffe76d30000 - 0x00007ffe77477000 	C:\WINDOWS\System32\windows.storage.dll
0x00007ffe77a10000 - 0x00007ffe77a61000 	C:\WINDOWS\System32\shlwapi.dll
0x00007ffe768d0000 - 0x00007ffe768e1000 	C:\WINDOWS\System32\kernel.appcore.dll
0x00007ffe768f0000 - 0x00007ffe7693c000 	C:\WINDOWS\System32\powrprof.dll
0x00007ffe768b0000 - 0x00007ffe768cb000 	C:\WINDOWS\System32\profapi.dll
0x0000000061330000 - 0x000000006133d000 	C:\Program Files\Java\jre1.8.0_144\bin\management.dll
0x00000000613c0000 - 0x00000000613da000 	C:\Program Files\Java\jre1.8.0_144\bin\net.dll
0x00007ffe76120000 - 0x00007ffe76186000 	C:\WINDOWS\system32\mswsock.dll
0x00007ffe65b40000 - 0x00007ffe65b56000 	C:\WINDOWS\system32\napinsp.dll
0x00007ffe65b20000 - 0x00007ffe65b3a000 	C:\WINDOWS\system32\pnrpnsp.dll
0x00007ffe72e80000 - 0x00007ffe72e98000 	C:\WINDOWS\system32\NLAapi.dll
0x00007ffe75ef0000 - 0x00007ffe75fa6000 	C:\WINDOWS\SYSTEM32\DNSAPI.dll
0x00007ffe78780000 - 0x00007ffe78788000 	C:\WINDOWS\System32\NSI.dll
0x00007ffe75eb0000 - 0x00007ffe75ee9000 	C:\WINDOWS\SYSTEM32\IPHLPAPI.DLL
0x00007ffe65ad0000 - 0x00007ffe65ade000 	C:\WINDOWS\System32\winrnr.dll
0x00000000620e0000 - 0x0000000062106000 	C:\Program Files\Bonjour\mdnsNSP.dll
0x00007ffe715b0000 - 0x00007ffe715c5000 	C:\WINDOWS\System32\wshbth.dll
0x00007ffe6c8a0000 - 0x00007ffe6c8aa000 	C:\Windows\System32\rasadhlp.dll
0x00007ffe6d880000 - 0x00007ffe6d8f0000 	C:\WINDOWS\System32\fwpuclnt.dll
0x00007ffe763f0000 - 0x00007ffe76415000 	C:\WINDOWS\SYSTEM32\bcrypt.dll
0x00000000613a0000 - 0x00000000613b1000 	C:\Program Files\Java\jre1.8.0_144\bin\nio.dll
0x00007ffe762e0000 - 0x00007ffe762f7000 	C:\WINDOWS\SYSTEM32\CRYPTSP.dll
0x00007ffe75d20000 - 0x00007ffe75d53000 	C:\WINDOWS\system32\rsaenh.dll
0x00007ffe767c0000 - 0x00007ffe767e9000 	C:\WINDOWS\SYSTEM32\USERENV.dll
0x00007ffe76300000 - 0x00007ffe7630b000 	C:\WINDOWS\SYSTEM32\CRYPTBASE.dll
0x00007ffe6f370000 - 0x00007ffe6f386000 	C:\WINDOWS\SYSTEM32\dhcpcsvc6.DLL
0x00007ffe6f790000 - 0x00007ffe6f7aa000 	C:\WINDOWS\SYSTEM32\dhcpcsvc.DLL

VM Arguments:
jvm_args: -Dfile.encoding=UTF-8 
java_command: com.softtech.localLevel.LocalLevelApplication
java_class_path (initial): C:\Users\Lothbroke\Desktop\Softech\Project\LocalLevel\target\classes;C:\Users\Lothbroke\.m2\repository\org\springframework\boot\spring-boot-starter-data-jpa\1.5.10.RELEASE\spring-boot-starter-data-jpa-1.5.10.RELEASE.jar;C:\Users\Lothbroke\.m2\repository\org\springframework\boot\spring-boot-starter\1.5.10.RELEASE\spring-boot-starter-1.5.10.RELEASE.jar;C:\Users\Lothbroke\.m2\repository\org\springframework\boot\spring-boot\1.5.10.RELEASE\spring-boot-1.5.10.RELEASE.jar;C:\Users\Lothbroke\.m2\repository\org\springframework\boot\spring-boot-autoconfigure\1.5.10.RELEASE\spring-boot-autoconfigure-1.5.10.RELEASE.jar;C:\Users\Lothbroke\.m2\repository\org\springframework\boot\spring-boot-starter-logging\1.5.10.RELEASE\spring-boot-starter-logging-1.5.10.RELEASE.jar;C:\Users\Lothbroke\.m2\repository\ch\qos\logback\logback-classic\1.1.11\logback-classic-1.1.11.jar;C:\Users\Lothbroke\.m2\repository\ch\qos\logback\logback-core\1.1.11\logback-core-1.1.11.jar;C:\Users\Lothbroke\.m2\repository\org\slf4j\jul-to-slf4j\1.7.25\jul-to-slf4j-1.7.25.jar;C:\Users\Lothbroke\.m2\repository\org\slf4j\log4j-over-slf4j\1.7.25\log4j-over-slf4j-1.7.25.jar;C:\Users\Lothbroke\.m2\repository\org\yaml\snakeyaml\1.17\snakeyaml-1.17.jar;C:\Users\Lothbroke\.m2\repository\org\springframework\boot\spring-boot-starter-aop\1.5.10.RELEASE\spring-boot-starter-aop-1.5.10.RELEASE.jar;C:\Users\Lothbroke\.m2\repository\org\springframework\spring-aop\4.3.14.RELEASE\spring-aop-4.3.14.RELEASE.jar;C:\Users\Lothbroke\.m2\repository\org\aspectj\aspectjweaver\1.8.13\aspectjweaver-1.8.13.jar;C:\Users\Lothbroke\.m2\repository\org\springframework\boot\spring-boot-starter-jdbc\1.5.10.RELEASE\spring-boot-starter-jdbc-1.5.10.RELEASE.jar;C:\Users\Lothbroke\.m2\repository\org\apache\tomcat\tomcat-jdbc\8.5.27\tomcat-jdbc-8.5.27.jar;C:\Users\Lothbroke\.m2\repository\org\apache\tomcat\tomcat-juli\8.5.27\tomcat-juli-8.5.27.jar;C:\Users\Lothbroke\.m2\repository\org\springframework\spring-jdbc\4.3.14.RELEASE
Launcher Type: SUN_STANDARD

Environment Variables:
JAVA_HOME=C:\Program Files\Java\jdk1.8.0_144
PATH=C:/Program Files/Java/jre1.8.0_144/bin/server;C:/Program Files/Java/jre1.8.0_144/bin;C:/Program Files/Java/jre1.8.0_144/lib/amd64;C:\app\Lothbroke\product\11.2.0\dbhome_1\bin;C:\ProgramData\Oracle\Java\javapath;"C:\ProgramData\Oracle\Java\javapath;C:\Program Files\Java\jdk1.8.0_144\bin;C:\Program Files\Java\jre1.8.0_144";C:\WINDOWS\system32;C:\WINDOWS;C:\WINDOWS\System32\Wbem;C:\WINDOWS\System32\WindowsPowerShell\v1.0\;C:\Program Files\PuTTY\;C:\Program Files\Git\cmd;C:\Program Files\nodejs\;C:\Program Files\Apache software foundation\apache-maven-3.5.0\bin;C:\Users\Lothbroke\AppData\Local\Microsoft\WindowsApps;C:\Program Files\Java\jdk1.8.0_144\bin;C:\Users\Lothbroke\AppData\Roaming\npm;C:\Program Files (x86)\Microsoft VS Code\bin;C:\Users\Lothbroke\Desktop\eclipse;
USERNAME=Lothbroke
OS=Windows_NT
PROCESSOR_IDENTIFIER=Intel64 Family 6 Model 60 Stepping 3, GenuineIntel



---------------  S Y S T E M  ---------------

OS: Windows 10.0 , 64 bit Build 16299 (10.0.16299.15)

CPU:total 8 (initial active 8) (4 cores per cpu, 2 threads per core) family 6 model 60 stepping 3, cmov, cx8, fxsr, mmx, sse, sse2, sse3, ssse3, sse4.1, sse4.2, popcnt, avx, avx2, aes, clmul, erms, lzcnt, ht, tsc, tscinvbit, bmi1, bmi2

Memory: 4k page, physical 3859708k(426980k free), swap 7955708k(6776k free)

vm_info: Java HotSpot(TM) 64-Bit Server VM (25.144-b01) for windows-amd64 JRE (1.8.0_144-b01), built on Jul 21 2017 21:57:33 by "java_re" with MS VC++ 10.0 (VS2010)

time: Fri Apr 06 14:11:50 2018
elapsed time: 12 seconds (0d 0h 0m 12s)

