#
# There is insufficient memory for the Java Runtime Environment to continue.
# Native memory allocation (malloc) failed to allocate 1494432 bytes for Chunk::new
# Possible reasons:
#   The system is out of physical RAM or swap space
#   In 32 bit mode, the process size limit was hit
# Possible solutions:
#   Reduce memory load on the system
#   Increase physical memory or swap space
#   Check if swap backing store is full
#   Use 64 bit Java on a 64 bit OS
#   Decrease Java heap size (-Xmx/-Xms)
#   Decrease number of Java threads
#   Decrease Java thread stack sizes (-Xss)
#   Set larger code cache with -XX:ReservedCodeCacheSize=
# This output file may be truncated or incomplete.
#
#  Out of Memory Error (allocation.cpp:390), pid=1764, tid=0x00000000000026f8
#
# JRE version: Java(TM) SE Runtime Environment (8.0_144-b01) (build 1.8.0_144-b01)
# Java VM: Java HotSpot(TM) 64-Bit Server VM (25.144-b01 mixed mode windows-amd64 compressed oops)
# Failed to write core dump. Minidumps are not enabled by default on client versions of Windows
#

---------------  T H R E A D  ---------------

Current thread (0x0000000018f2c800):  JavaThread "C2 CompilerThread2" daemon [_thread_in_native, id=9976, stack(0x00000000198e0000,0x00000000199e0000)]

Stack: [0x00000000198e0000,0x00000000199e0000]
[error occurred during error reporting (printing stack bounds), id 0xc0000005]

Native frames: (J=compiled Java code, j=interpreted, Vv=VM code, C=native code)


Current CompileTask:
C2:   2775 2344   !   4       java.net.URLClassLoader$1::run (63 bytes)


---------------  P R O C E S S  ---------------

Java Threads: ( => current thread )
  0x0000000018fad000 JavaThread "Service Thread" daemon [_thread_blocked, id=3872, stack(0x0000000019ae0000,0x0000000019be0000)]
  0x0000000018f31800 JavaThread "C1 CompilerThread3" daemon [_thread_blocked, id=10032, stack(0x00000000199e0000,0x0000000019ae0000)]
=>0x0000000018f2c800 JavaThread "C2 CompilerThread2" daemon [_thread_in_native, id=9976, stack(0x00000000198e0000,0x00000000199e0000)]
  0x0000000018f22800 JavaThread "C2 CompilerThread1" daemon [_thread_in_vm, id=1272, stack(0x00000000197e0000,0x00000000198e0000)]
  0x0000000018f1f800 JavaThread "C2 CompilerThread0" daemon [_thread_in_native, id=3068, stack(0x00000000196e0000,0x00000000197e0000)]
  0x0000000018f1e000 JavaThread "Attach Listener" daemon [_thread_blocked, id=6452, stack(0x00000000195e0000,0x00000000196e0000)]
  0x0000000018f1c800 JavaThread "Signal Dispatcher" daemon [_thread_blocked, id=14208, stack(0x00000000194e0000,0x00000000195e0000)]
  0x0000000018f10800 JavaThread "Finalizer" daemon [_thread_blocked, id=15180, stack(0x00000000192f0000,0x00000000193f0000)]
  0x00000000047e8800 JavaThread "Reference Handler" daemon [_thread_blocked, id=7272, stack(0x0000000018df0000,0x0000000018ef0000)]
  0x00000000046f4800 JavaThread "main" [_thread_in_vm, id=8544, stack(0x00000000045f0000,0x00000000046f0000)]

Other Threads:
  0x0000000017019800 VMThread [stack: 0x0000000018cf0000,0x0000000018df0000] [id=6316]
  0x0000000019011800 WatcherThread [stack: 0x0000000019be0000,0x0000000019ce0000] [id=6868]

VM state:not at safepoint (normal execution)

VM Mutex/Monitor currently owned by a thread:  ([mutex/lock_event])
[0x00000000046f2160] Compile_lock - owner thread: 0x0000000000000000

Heap:
 PSYoungGen      total 68096K, used 31106K [0x00000000ec580000, 0x00000000f1080000, 0x0000000100000000)
  eden space 60928K, 40% used [0x00000000ec580000,0x00000000eddb1008,0x00000000f0100000)
  from space 7168K, 88% used [0x00000000f0880000,0x00000000f0eaf900,0x00000000f0f80000)
  to   space 7680K, 0% used [0x00000000f0100000,0x00000000f0100000,0x00000000f0880000)
 ParOldGen       total 34816K, used 9339K [0x00000000c5000000, 0x00000000c7200000, 0x00000000ec580000)
  object space 34816K, 26% used [0x00000000c5000000,0x00000000c591eda0,0x00000000c7200000)
 Metaspace       used 25101K, capacity 25452K, committed 25600K, reserved 1071104K
  class space    used 3123K, capacity 3239K, committed 3328K, reserved 1048576K

Card table byte_map: [0x0000000013bb0000,0x0000000013d90000] byte_map_base: 0x0000000013588000

Marking Bits: (ParMarkBitMap*) 0x000000007012d850
 Begin Bits: [0x00000000146d0000, 0x0000000015590000)
 End Bits:   [0x0000000015590000, 0x0000000016450000)

Polling page: 0x0000000004480000

CodeCache: size=245760Kb used=10540Kb max_used=10540Kb free=235219Kb
 bounds [0x00000000047f0000, 0x0000000005250000, 0x00000000137f0000]
 total_blobs=3185 nmethods=2820 adapters=276
 compilation: enabled

Compilation events (10 events):
Event: 2.712 Thread 0x0000000018f31800 2774       3       java.lang.Thread::getContextClassLoader (32 bytes)
Event: 2.712 Thread 0x0000000018f31800 nmethod 2774 0x0000000005204e50 code [0x0000000005205020, 0x0000000005205918]
Event: 2.712 Thread 0x0000000018f31800 2775       3       org.springframework.beans.factory.support.RootBeanDefinition::<init> (88 bytes)
Event: 2.713 Thread 0x0000000018f31800 nmethod 2775 0x000000000520eb50 code [0x000000000520ecc0, 0x000000000520f068]
Event: 2.713 Thread 0x0000000018f31800 2777       3       org.springframework.aop.framework.autoproxy.AbstractAutoProxyCreator::predictBeanType (35 bytes)
Event: 2.714 Thread 0x0000000018f31800 nmethod 2777 0x0000000005206890 code [0x0000000005206a20, 0x0000000005206f08]
Event: 2.714 Thread 0x0000000018f22800 nmethod 2767 0x0000000005215cd0 code [0x0000000005215e40, 0x0000000005216108]
Event: 2.714 Thread 0x0000000018f22800 2776       4       java.util.IdentityHashMap::get (60 bytes)
Event: 2.715 Thread 0x0000000018f31800 2778       3       org.springframework.core.ResolvableType::getNested (121 bytes)
Event: 2.716 Thread 0x0000000018f31800 nmethod 2778 0x0000000005216490 code [0x0000000005216700, 0x0000000005217968]

GC Heap History (10 events):
Event: 1.020 GC heap before
{Heap before GC invocations=5 (full 0):
 PSYoungGen      total 33280K, used 33265K [0x00000000ec580000, 0x00000000ee880000, 0x0000000100000000)
  eden space 30720K, 100% used [0x00000000ec580000,0x00000000ee380000,0x00000000ee380000)
  from space 2560K, 99% used [0x00000000ee600000,0x00000000ee87c4c0,0x00000000ee880000)
  to   space 2560K, 0% used [0x00000000ee380000,0x00000000ee380000,0x00000000ee600000)
 ParOldGen       total 40960K, used 5089K [0x00000000c5000000, 0x00000000c7800000, 0x00000000ec580000)
  object space 40960K, 12% used [0x00000000c5000000,0x00000000c54f8480,0x00000000c7800000)
 Metaspace       used 17577K, capacity 17748K, committed 17920K, reserved 1064960K
  class space    used 2146K, capacity 2184K, committed 2304K, reserved 1048576K
Event: 1.033 GC heap after
Heap after GC invocations=5 (full 0):
 PSYoungGen      total 33280K, used 2560K [0x00000000ec580000, 0x00000000f0f80000, 0x0000000100000000)
  eden space 30720K, 0% used [0x00000000ec580000,0x00000000ec580000,0x00000000ee380000)
  from space 2560K, 100% used [0x00000000ee380000,0x00000000ee600000,0x00000000ee600000)
  to   space 7168K, 0% used [0x00000000f0880000,0x00000000f0880000,0x00000000f0f80000)
 ParOldGen       total 40960K, used 9537K [0x00000000c5000000, 0x00000000c7800000, 0x00000000ec580000)
  object space 40960K, 23% used [0x00000000c5000000,0x00000000c59504b8,0x00000000c7800000)
 Metaspace       used 17577K, capacity 17748K, committed 17920K, reserved 1064960K
  class space    used 2146K, capacity 2184K, committed 2304K, reserved 1048576K
}
Event: 1.347 GC heap before
{Heap before GC invocations=6 (full 0):
 PSYoungGen      total 33280K, used 33280K [0x00000000ec580000, 0x00000000f0f80000, 0x0000000100000000)
  eden space 30720K, 100% used [0x00000000ec580000,0x00000000ee380000,0x00000000ee380000)
  from space 2560K, 100% used [0x00000000ee380000,0x00000000ee600000,0x00000000ee600000)
  to   space 7168K, 0% used [0x00000000f0880000,0x00000000f0880000,0x00000000f0f80000)
 ParOldGen       total 40960K, used 9537K [0x00000000c5000000, 0x00000000c7800000, 0x00000000ec580000)
  object space 40960K, 23% used [0x00000000c5000000,0x00000000c59504b8,0x00000000c7800000)
 Metaspace       used 19961K, capacity 20262K, committed 20480K, reserved 1067008K
  class space    used 2429K, capacity 2502K, committed 2560K, reserved 1048576K
Event: 1.356 GC heap after
Heap after GC invocations=6 (full 0):
 PSYoungGen      total 68096K, used 5887K [0x00000000ec580000, 0x00000000f1080000, 0x0000000100000000)
  eden space 60928K, 0% used [0x00000000ec580000,0x00000000ec580000,0x00000000f0100000)
  from space 7168K, 82% used [0x00000000f0880000,0x00000000f0e3fdd0,0x00000000f0f80000)
  to   space 7680K, 0% used [0x00000000f0100000,0x00000000f0100000,0x00000000f0880000)
 ParOldGen       total 40960K, used 9545K [0x00000000c5000000, 0x00000000c7800000, 0x00000000ec580000)
  object space 40960K, 23% used [0x00000000c5000000,0x00000000c59524b8,0x00000000c7800000)
 Metaspace       used 19961K, capacity 20262K, committed 20480K, reserved 1067008K
  class space    used 2429K, capacity 2502K, committed 2560K, reserved 1048576K
}
Event: 1.618 GC heap before
{Heap before GC invocations=7 (full 0):
 PSYoungGen      total 68096K, used 37694K [0x00000000ec580000, 0x00000000f1080000, 0x0000000100000000)
  eden space 60928K, 52% used [0x00000000ec580000,0x00000000ee48fd28,0x00000000f0100000)
  from space 7168K, 82% used [0x00000000f0880000,0x00000000f0e3fdd0,0x00000000f0f80000)
  to   space 7680K, 0% used [0x00000000f0100000,0x00000000f0100000,0x00000000f0880000)
 ParOldGen       total 40960K, used 9545K [0x00000000c5000000, 0x00000000c7800000, 0x00000000ec580000)
  object space 40960K, 23% used [0x00000000c5000000,0x00000000c59524b8,0x00000000c7800000)
 Metaspace       used 20867K, capacity 21178K, committed 21296K, reserved 1069056K
  class space    used 2547K, capacity 2644K, committed 2688K, reserved 1048576K
Event: 1.627 GC heap after
Heap after GC invocations=7 (full 0):
 PSYoungGen      total 68608K, used 5986K [0x00000000ec580000, 0x00000000f1080000, 0x0000000100000000)
  eden space 60928K, 0% used [0x00000000ec580000,0x00000000ec580000,0x00000000f0100000)
  from space 7680K, 77% used [0x00000000f0100000,0x00000000f06d8b38,0x00000000f0880000)
  to   space 7168K, 0% used [0x00000000f0880000,0x00000000f0880000,0x00000000f0f80000)
 ParOldGen       total 40960K, used 10688K [0x00000000c5000000, 0x00000000c7800000, 0x00000000ec580000)
  object space 40960K, 26% used [0x00000000c5000000,0x00000000c5a70068,0x00000000c7800000)
 Metaspace       used 20867K, capacity 21178K, committed 21296K, reserved 1069056K
  class space    used 2547K, capacity 2644K, committed 2688K, reserved 1048576K
}
Event: 1.627 GC heap before
{Heap before GC invocations=8 (full 1):
 PSYoungGen      total 68608K, used 5986K [0x00000000ec580000, 0x00000000f1080000, 0x0000000100000000)
  eden space 60928K, 0% used [0x00000000ec580000,0x00000000ec580000,0x00000000f0100000)
  from space 7680K, 77% used [0x00000000f0100000,0x00000000f06d8b38,0x00000000f0880000)
  to   space 7168K, 0% used [0x00000000f0880000,0x00000000f0880000,0x00000000f0f80000)
 ParOldGen       total 40960K, used 10688K [0x00000000c5000000, 0x00000000c7800000, 0x00000000ec580000)
  object space 40960K, 26% used [0x00000000c5000000,0x00000000c5a70068,0x00000000c7800000)
 Metaspace       used 20867K, capacity 21178K, committed 21296K, reserved 1069056K
  class space    used 2547K, capacity 2644K, committed 2688K, reserved 1048576K
Event: 1.663 GC heap after
Heap after GC invocations=8 (full 1):
 PSYoungGen      total 68608K, used 0K [0x00000000ec580000, 0x00000000f1080000, 0x0000000100000000)
  eden space 60928K, 0% used [0x00000000ec580000,0x00000000ec580000,0x00000000f0100000)
  from space 7680K, 0% used [0x00000000f0100000,0x00000000f0100000,0x00000000f0880000)
  to   space 7168K, 0% used [0x00000000f0880000,0x00000000f0880000,0x00000000f0f80000)
 ParOldGen       total 34816K, used 9331K [0x00000000c5000000, 0x00000000c7200000, 0x00000000ec580000)
  object space 34816K, 26% used [0x00000000c5000000,0x00000000c591cda0,0x00000000c7200000)
 Metaspace       used 20867K, capacity 21178K, committed 21296K, reserved 1069056K
  class space    used 2547K, capacity 2644K, committed 2688K, reserved 1048576K
}
Event: 2.378 GC heap before
{Heap before GC invocations=9 (full 1):
 PSYoungGen      total 68608K, used 60928K [0x00000000ec580000, 0x00000000f1080000, 0x0000000100000000)
  eden space 60928K, 100% used [0x00000000ec580000,0x00000000f0100000,0x00000000f0100000)
  from space 7680K, 0% used [0x00000000f0100000,0x00000000f0100000,0x00000000f0880000)
  to   space 7168K, 0% used [0x00000000f0880000,0x00000000f0880000,0x00000000f0f80000)
 ParOldGen       total 34816K, used 9331K [0x00000000c5000000, 0x00000000c7200000, 0x00000000ec580000)
  object space 34816K, 26% used [0x00000000c5000000,0x00000000c591cda0,0x00000000c7200000)
 Metaspace       used 24288K, capacity 24668K, committed 24960K, reserved 1071104K
  class space    used 3015K, capacity 3135K, committed 3200K, reserved 1048576K
Event: 2.386 GC heap after
Heap after GC invocations=9 (full 1):
 PSYoungGen      total 68096K, used 6334K [0x00000000ec580000, 0x00000000f1080000, 0x0000000100000000)
  eden space 60928K, 0% used [0x00000000ec580000,0x00000000ec580000,0x00000000f0100000)
  from space 7168K, 88% used [0x00000000f0880000,0x00000000f0eaf900,0x00000000f0f80000)
  to   space 7680K, 0% used [0x00000000f0100000,0x00000000f0100000,0x00000000f0880000)
 ParOldGen       total 34816K, used 9339K [0x00000000c5000000, 0x00000000c7200000, 0x00000000ec580000)
  object space 34816K, 26% used [0x00000000c5000000,0x00000000c591eda0,0x00000000c7200000)
 Metaspace       used 24288K, capacity 24668K, committed 24960K, reserved 1071104K
  class space    used 3015K, capacity 3135K, committed 3200K, reserved 1048576K
}

Deoptimization events (10 events):
Event: 2.043 Thread 0x00000000046f4800 Uncommon trap: reason=unstable_if action=reinterpret pc=0x0000000004f46418 method=java.util.LinkedHashMap.afterNodeAccess(Ljava/util/HashMap$Node;)V @ 4
Event: 2.220 Thread 0x00000000046f4800 Uncommon trap: reason=unstable_if action=reinterpret pc=0x0000000004b41abc method=java.util.concurrent.ConcurrentHashMap.putVal(Ljava/lang/Object;Ljava/lang/Object;Z)Ljava/lang/Object; @ 206
Event: 2.239 Thread 0x00000000046f4800 Uncommon trap: reason=unstable_if action=reinterpret pc=0x0000000004e217e0 method=org.springframework.asm.MethodVisitor.visitMethodInsn(ILjava/lang/String;Ljava/lang/String;Ljava/lang/String;Z)V @ 50
Event: 2.264 Thread 0x00000000046f4800 Uncommon trap: reason=unstable_if action=reinterpret pc=0x0000000004e175f4 method=java.util.LinkedList.node(I)Ljava/util/LinkedList$Node; @ 49
Event: 2.493 Thread 0x00000000046f4800 Uncommon trap: reason=unstable_if action=reinterpret pc=0x0000000004fc1088 method=java.util.Arrays.equals([Ljava/lang/Object;[Ljava/lang/Object;)Z @ 65
Event: 2.578 Thread 0x00000000046f4800 Uncommon trap: reason=unstable_if action=reinterpret pc=0x0000000005142c28 method=org.springframework.asm.ClassReader.readCode(Lorg/springframework/asm/MethodVisitor;Lorg/springframework/asm/Context;I)V @ 830
Event: 2.686 Thread 0x00000000046f4800 Uncommon trap: reason=class_check action=maybe_recompile pc=0x00000000051d13d0 method=org.springframework.beans.factory.support.AbstractAutowireCapableBeanFactory.predictBeanType(Ljava/lang/String;Lorg/springframework/beans/factory/support/RootBeanDefinit
Event: 2.687 Thread 0x00000000046f4800 Uncommon trap: reason=class_check action=maybe_recompile pc=0x00000000051d13d0 method=org.springframework.beans.factory.support.AbstractAutowireCapableBeanFactory.predictBeanType(Ljava/lang/String;Lorg/springframework/beans/factory/support/RootBeanDefinit
Event: 2.687 Thread 0x00000000046f4800 Uncommon trap: reason=class_check action=maybe_recompile pc=0x00000000051d13d0 method=org.springframework.beans.factory.support.AbstractAutowireCapableBeanFactory.predictBeanType(Ljava/lang/String;Lorg/springframework/beans/factory/support/RootBeanDefinit
Event: 2.687 Thread 0x00000000046f4800 Uncommon trap: reason=class_check action=maybe_recompile pc=0x00000000051d13d0 method=org.springframework.beans.factory.support.AbstractAutowireCapableBeanFactory.predictBeanType(Ljava/lang/String;Lorg/springframework/beans/factory/support/RootBeanDefinit

Internal exceptions (10 events):
Event: 2.699 Thread 0x00000000046f4800 Exception <a 'java/lang/ClassNotFoundException': org/springframework/aop/framework/ProxyProcessorSupportCustomizer> (0x00000000ed7e6f20) thrown at [C:\re\workspace\8-2-build-windows-amd64-cygwin\jdk8u144\9417\hotspot\src\share\vm\classfile\systemDictionar
Event: 2.699 Thread 0x00000000046f4800 Exception <a 'java/lang/ClassNotFoundException': org/springframework/aop/framework/AbstractAdvisingBeanPostProcessorCustomizer> (0x00000000ed807690) thrown at [C:\re\workspace\8-2-build-windows-amd64-cygwin\jdk8u144\9417\hotspot\src\share\vm\classfile\sys
Event: 2.700 Thread 0x00000000046f4800 Exception <a 'java/lang/ClassNotFoundException': org/springframework/aop/framework/autoproxy/AbstractBeanFactoryAwareAdvisingPostProcessorCustomizer> (0x00000000ed82c188) thrown at [C:\re\workspace\8-2-build-windows-amd64-cygwin\jdk8u144\9417\hotspot\src\
Event: 2.701 Thread 0x00000000046f4800 Exception <a 'java/lang/ClassNotFoundException': org/springframework/dao/annotation/PersistenceExceptionTranslationPostProcessorCustomizer> (0x00000000ed84d290) thrown at [C:\re\workspace\8-2-build-windows-amd64-cygwin\jdk8u144\9417\hotspot\src\share\vm\c
Event: 2.705 Thread 0x00000000046f4800 Exception <a 'java/lang/ClassNotFoundException': org/springframework/beans/factory/BeanFactoryAwareCustomizer> (0x00000000ed877728) thrown at [C:\re\workspace\8-2-build-windows-amd64-cygwin\jdk8u144\9417\hotspot\src\share\vm\classfile\systemDictionary.cpp
Event: 2.706 Thread 0x00000000046f4800 Exception <a 'java/lang/ClassNotFoundException': org/springframework/beans/factory/config/BeanPostProcessorCustomizer> (0x00000000ed9c1d68) thrown at [C:\re\workspace\8-2-build-windows-amd64-cygwin\jdk8u144\9417\hotspot\src\share\vm\classfile\systemDictio
Event: 2.706 Thread 0x00000000046f4800 Exception <a 'java/lang/ClassNotFoundException': org/springframework/core/OrderedCustomizer> (0x00000000ed9d4840) thrown at [C:\re\workspace\8-2-build-windows-amd64-cygwin\jdk8u144\9417\hotspot\src\share\vm\classfile\systemDictionary.cpp, line 210]
Event: 2.707 Thread 0x00000000046f4800 Exception <a 'java/lang/ClassNotFoundException': org/springframework/beans/factory/BeanClassLoaderAwareCustomizer> (0x00000000ed9ec908) thrown at [C:\re\workspace\8-2-build-windows-amd64-cygwin\jdk8u144\9417\hotspot\src\share\vm\classfile\systemDictionary
Event: 2.707 Thread 0x00000000046f4800 Exception <a 'java/lang/ClassNotFoundException': org/springframework/aop/framework/AopInfrastructureBeanCustomizer> (0x00000000eda04f48) thrown at [C:\re\workspace\8-2-build-windows-amd64-cygwin\jdk8u144\9417\hotspot\src\share\vm\classfile\systemDictionar
Event: 2.707 Thread 0x00000000046f4800 Exception <a 'java/lang/ClassNotFoundException': java/io/SerializableCustomizer> (0x00000000eda0c6a8) thrown at [C:\re\workspace\8-2-build-windows-amd64-cygwin\jdk8u144\9417\hotspot\src\share\vm\classfile\systemDictionary.cpp, line 210]

Events (10 events):
Event: 2.707 loading class org/springframework/aop/framework/AopInfrastructureBeanCustomizer
Event: 2.707 loading class org/springframework/aop/framework/AopInfrastructureBeanCustomizer done
Event: 2.707 loading class java/io/SerializableCustomizer
Event: 2.707 loading class java/io/SerializableCustomizer done
Event: 2.707 loading class java/io/SerializableCustomizer
Event: 2.707 loading class java/io/SerializableCustomizer done
Event: 2.708 loading class org/springframework/dao/annotation/PersistenceExceptionTranslationAdvisor
Event: 2.708 loading class org/springframework/dao/annotation/PersistenceExceptionTranslationAdvisor done
Event: 2.710 loading class org/springframework/dao/support/PersistenceExceptionTranslationInterceptor
Event: 2.710 loading class org/springframework/dao/support/PersistenceExceptionTranslationInterceptor done


Dynamic libraries:
0x00007ff7f1340000 - 0x00007ff7f1377000 	C:\Program Files\Java\jre1.8.0_144\bin\javaw.exe
0x00007ff97bfe0000 - 0x00007ff97c1c0000 	C:\WINDOWS\SYSTEM32\ntdll.dll
0x00007ff97ac20000 - 0x00007ff97acce000 	C:\WINDOWS\System32\KERNEL32.DLL
0x00007ff979040000 - 0x00007ff9792a6000 	C:\WINDOWS\System32\KERNELBASE.dll
0x00007ff97aa00000 - 0x00007ff97aaa1000 	C:\WINDOWS\System32\ADVAPI32.dll
0x00007ff97b150000 - 0x00007ff97b1ed000 	C:\WINDOWS\System32\msvcrt.dll
0x00007ff97b1f0000 - 0x00007ff97b24b000 	C:\WINDOWS\System32\sechost.dll
0x00007ff97b250000 - 0x00007ff97b36f000 	C:\WINDOWS\System32\RPCRT4.dll
0x00007ff97b850000 - 0x00007ff97b9df000 	C:\WINDOWS\System32\USER32.dll
0x00007ff9783e0000 - 0x00007ff978400000 	C:\WINDOWS\System32\win32u.dll
0x00007ff97acd0000 - 0x00007ff97acf8000 	C:\WINDOWS\System32\GDI32.dll
0x00007ff9784d0000 - 0x00007ff978663000 	C:\WINDOWS\System32\gdi32full.dll
0x00007ff979410000 - 0x00007ff9794ab000 	C:\WINDOWS\System32\msvcp_win.dll
0x00007ff979310000 - 0x00007ff979406000 	C:\WINDOWS\System32\ucrtbase.dll
0x00007ff968900000 - 0x00007ff968b69000 	C:\WINDOWS\WinSxS\amd64_microsoft.windows.common-controls_6595b64144ccf1df_6.0.16299.309_none_15cfd4c4935e6b11\COMCTL32.dll
0x00007ff97b540000 - 0x00007ff97b848000 	C:\WINDOWS\System32\combase.dll
0x00007ff978450000 - 0x00007ff9784c2000 	C:\WINDOWS\System32\bcryptPrimitives.dll
0x00007ff9794b0000 - 0x00007ff9794dd000 	C:\WINDOWS\System32\IMM32.DLL
0x0000000070490000 - 0x0000000070562000 	C:\Program Files\Java\jre1.8.0_144\bin\msvcr100.dll
0x000000006f910000 - 0x00000000701ad000 	C:\Program Files\Java\jre1.8.0_144\bin\server\jvm.dll
0x00007ff97be30000 - 0x00007ff97be38000 	C:\WINDOWS\System32\PSAPI.DLL
0x00007ff971310000 - 0x00007ff971333000 	C:\WINDOWS\SYSTEM32\WINMM.dll
0x00007ff96ba30000 - 0x00007ff96ba3a000 	C:\WINDOWS\SYSTEM32\VERSION.dll
0x00007ff96ba50000 - 0x00007ff96ba59000 	C:\WINDOWS\SYSTEM32\WSOCK32.dll
0x00007ff97b0e0000 - 0x00007ff97b14c000 	C:\WINDOWS\System32\WS2_32.dll
0x00007ff9712e0000 - 0x00007ff97130a000 	C:\WINDOWS\SYSTEM32\winmmbase.dll
0x00007ff978400000 - 0x00007ff97844a000 	C:\WINDOWS\System32\cfgmgr32.dll
0x000000006f820000 - 0x000000006f82f000 	C:\Program Files\Java\jre1.8.0_144\bin\verify.dll
0x000000006f7f0000 - 0x000000006f819000 	C:\Program Files\Java\jre1.8.0_144\bin\java.dll
0x000000006f7d0000 - 0x000000006f7e6000 	C:\Program Files\Java\jre1.8.0_144\bin\zip.dll
0x00007ff9795c0000 - 0x00007ff97a9f6000 	C:\WINDOWS\System32\SHELL32.dll
0x00007ff97ad20000 - 0x00007ff97adc6000 	C:\WINDOWS\System32\shcore.dll
0x00007ff978840000 - 0x00007ff978f87000 	C:\WINDOWS\System32\windows.storage.dll
0x00007ff97b080000 - 0x00007ff97b0d1000 	C:\WINDOWS\System32\shlwapi.dll
0x00007ff9783a0000 - 0x00007ff9783b1000 	C:\WINDOWS\System32\kernel.appcore.dll
0x00007ff978350000 - 0x00007ff97839c000 	C:\WINDOWS\System32\powrprof.dll
0x00007ff978330000 - 0x00007ff97834b000 	C:\WINDOWS\System32\profapi.dll
0x0000000070570000 - 0x000000007057d000 	C:\Program Files\Java\jre1.8.0_144\bin\management.dll
0x000000006f7b0000 - 0x000000006f7ca000 	C:\Program Files\Java\jre1.8.0_144\bin\net.dll
0x00007ff977bc0000 - 0x00007ff977c26000 	C:\WINDOWS\system32\mswsock.dll
0x00007ff9694d0000 - 0x00007ff9694e6000 	C:\WINDOWS\system32\napinsp.dll
0x00007ff9694b0000 - 0x00007ff9694ca000 	C:\WINDOWS\system32\pnrpnsp.dll
0x00007ff974920000 - 0x00007ff974938000 	C:\WINDOWS\system32\NLAapi.dll
0x00007ff977990000 - 0x00007ff977a46000 	C:\WINDOWS\SYSTEM32\DNSAPI.dll
0x00007ff97ad10000 - 0x00007ff97ad18000 	C:\WINDOWS\System32\NSI.dll
0x00007ff977950000 - 0x00007ff977989000 	C:\WINDOWS\SYSTEM32\IPHLPAPI.DLL
0x00007ff9694a0000 - 0x00007ff9694ae000 	C:\WINDOWS\System32\winrnr.dll
0x00000000709a0000 - 0x00000000709c6000 	C:\Program Files\Bonjour\mdnsNSP.dll
0x00007ff973030000 - 0x00007ff973045000 	C:\WINDOWS\System32\wshbth.dll
0x00007ff96ee40000 - 0x00007ff96ee4a000 	C:\Windows\System32\rasadhlp.dll
0x00007ff96f2d0000 - 0x00007ff96f340000 	C:\WINDOWS\System32\fwpuclnt.dll
0x00007ff977e90000 - 0x00007ff977eb5000 	C:\WINDOWS\SYSTEM32\bcrypt.dll
0x000000006f790000 - 0x000000006f7a1000 	C:\Program Files\Java\jre1.8.0_144\bin\nio.dll

VM Arguments:
jvm_args: -Dfile.encoding=UTF-8 
java_command: com.softtech.localLevel.LocalLevelApplication
java_class_path (initial): C:\Users\Lothbroke\Desktop\Softech\Project\LocalLevel\target\classes;C:\Users\Lothbroke\.m2\repository\org\springframework\boot\spring-boot-starter-data-jpa\1.5.10.RELEASE\spring-boot-starter-data-jpa-1.5.10.RELEASE.jar;C:\Users\Lothbroke\.m2\repository\org\springframework\boot\spring-boot-starter\1.5.10.RELEASE\spring-boot-starter-1.5.10.RELEASE.jar;C:\Users\Lothbroke\.m2\repository\org\springframework\boot\spring-boot\1.5.10.RELEASE\spring-boot-1.5.10.RELEASE.jar;C:\Users\Lothbroke\.m2\repository\org\springframework\boot\spring-boot-autoconfigure\1.5.10.RELEASE\spring-boot-autoconfigure-1.5.10.RELEASE.jar;C:\Users\Lothbroke\.m2\repository\org\springframework\boot\spring-boot-starter-logging\1.5.10.RELEASE\spring-boot-starter-logging-1.5.10.RELEASE.jar;C:\Users\Lothbroke\.m2\repository\ch\qos\logback\logback-classic\1.1.11\logback-classic-1.1.11.jar;C:\Users\Lothbroke\.m2\repository\ch\qos\logback\logback-core\1.1.11\logback-core-1.1.11.jar;C:\Users\Lothbroke\.m2\repository\org\slf4j\jul-to-slf4j\1.7.25\jul-to-slf4j-1.7.25.jar;C:\Users\Lothbroke\.m2\repository\org\slf4j\log4j-over-slf4j\1.7.25\log4j-over-slf4j-1.7.25.jar;C:\Users\Lothbroke\.m2\repository\org\yaml\snakeyaml\1.17\snakeyaml-1.17.jar;C:\Users\Lothbroke\.m2\repository\org\springframework\boot\spring-boot-starter-aop\1.5.10.RELEASE\spring-boot-starter-aop-1.5.10.RELEASE.jar;C:\Users\Lothbroke\.m2\repository\org\springframework\spring-aop\4.3.14.RELEASE\spring-aop-4.3.14.RELEASE.jar;C:\Users\Lothbroke\.m2\repository\org\aspectj\aspectjweaver\1.8.13\aspectjweaver-1.8.13.jar;C:\Users\Lothbroke\.m2\repository\org\springframework\boot\spring-boot-starter-jdbc\1.5.10.RELEASE\spring-boot-starter-jdbc-1.5.10.RELEASE.jar;C:\Users\Lothbroke\.m2\repository\org\apache\tomcat\tomcat-jdbc\8.5.27\tomcat-jdbc-8.5.27.jar;C:\Users\Lothbroke\.m2\repository\org\apache\tomcat\tomcat-juli\8.5.27\tomcat-juli-8.5.27.jar;C:\Users\Lothbroke\.m2\repository\org\springframework\spring-jdbc\4.3.14.RELEASE
Launcher Type: SUN_STANDARD

Environment Variables:
JAVA_HOME=C:\Program Files\Java\jdk1.8.0_144
PATH=C:/Program Files/Java/jre1.8.0_144/bin/server;C:/Program Files/Java/jre1.8.0_144/bin;C:/Program Files/Java/jre1.8.0_144/lib/amd64;C:\app\Lothbroke\product\11.2.0\dbhome_1\bin;C:\ProgramData\Oracle\Java\javapath;"C:\ProgramData\Oracle\Java\javapath;C:\Program Files\Java\jdk1.8.0_144\bin;C:\Program Files\Java\jre1.8.0_144";C:\WINDOWS\system32;C:\WINDOWS;C:\WINDOWS\System32\Wbem;C:\WINDOWS\System32\WindowsPowerShell\v1.0\;C:\Program Files\PuTTY\;C:\Program Files\Git\cmd;C:\Program Files\nodejs\;C:\Program Files\Apache software foundation\apache-maven-3.5.0\bin;C:\Program Files (x86)\Microsoft VS Code\bin;C:\Users\Lothbroke\AppData\Local\Microsoft\WindowsApps;C:\Program Files\Java\jdk1.8.0_144\bin;C:\Users\Lothbroke\AppData\Roaming\npm;C:\Users\Lothbroke\Desktop\eclipse;
USERNAME=Lothbroke
OS=Windows_NT
PROCESSOR_IDENTIFIER=Intel64 Family 6 Model 60 Stepping 3, GenuineIntel



---------------  S Y S T E M  ---------------

OS: Windows 10.0 , 64 bit Build 16299 (10.0.16299.15)

CPU:total 8 (initial active 8) (4 cores per cpu, 2 threads per core) family 6 model 60 stepping 3, cmov, cx8, fxsr, mmx, sse, sse2, sse3, ssse3, sse4.1, sse4.2, popcnt, avx, avx2, aes, clmul, erms, lzcnt, ht, tsc, tscinvbit, bmi1, bmi2

Memory: 4k page, physical 3859708k(345668k free), swap 7955708k(4716k free)

vm_info: Java HotSpot(TM) 64-Bit Server VM (25.144-b01) for windows-amd64 JRE (1.8.0_144-b01), built on Jul 21 2017 21:57:33 by "java_re" with MS VC++ 10.0 (VS2010)

time: Fri Mar 23 16:06:27 2018
elapsed time: 2 seconds (0d 0h 0m 2s)

