#
# There is insufficient memory for the Java Runtime Environment to continue.
# Native memory allocation (malloc) failed to allocate 1258176 bytes for Chunk::new
# Possible reasons:
#   The system is out of physical RAM or swap space
#   In 32 bit mode, the process size limit was hit
# Possible solutions:
#   Reduce memory load on the system
#   Increase physical memory or swap space
#   Check if swap backing store is full
#   Use 64 bit Java on a 64 bit OS
#   Decrease Java heap size (-Xmx/-Xms)
#   Decrease number of Java threads
#   Decrease Java thread stack sizes (-Xss)
#   Set larger code cache with -XX:ReservedCodeCacheSize=
# This output file may be truncated or incomplete.
#
#  Out of Memory Error (allocation.cpp:390), pid=2904, tid=0x00000000000042d8
#
# JRE version: Java(TM) SE Runtime Environment (8.0_144-b01) (build 1.8.0_144-b01)
# Java VM: Java HotSpot(TM) 64-Bit Server VM (25.144-b01 mixed mode windows-amd64 compressed oops)
# Failed to write core dump. Minidumps are not enabled by default on client versions of Windows
#

---------------  T H R E A D  ---------------

Current thread (0x00000000196f0000):  JavaThread "C2 CompilerThread0" daemon [_thread_in_native, id=17112, stack(0x0000000019eb0000,0x0000000019fb0000)]

Stack: [0x0000000019eb0000,0x0000000019fb0000]
[error occurred during error reporting (printing stack bounds), id 0xc0000005]

Native frames: (J=compiled Java code, j=interpreted, Vv=VM code, C=native code)


Current CompileTask:
C2:  63330 8134       4       org.springframework.util.AntPathMatcher::doMatch (615 bytes)


---------------  P R O C E S S  ---------------

Java Threads: ( => current thread )
  0x0000000022c67000 JavaThread "DestroyJavaVM" [_thread_blocked, id=16416, stack(0x0000000004db0000,0x0000000004eb0000)]
  0x0000000022c68800 JavaThread "http-nio-8088-AsyncTimeout" daemon [_thread_blocked, id=12916, stack(0x00000000284f0000,0x00000000285f0000)]
  0x0000000022c6b000 JavaThread "http-nio-8088-Acceptor-0" daemon [_thread_in_native, id=16744, stack(0x00000000283f0000,0x00000000284f0000)]
  0x0000000022c69800 JavaThread "http-nio-8088-ClientPoller-1" daemon [_thread_in_native, id=15564, stack(0x00000000282f0000,0x00000000283f0000)]
  0x0000000022c61000 JavaThread "http-nio-8088-ClientPoller-0" daemon [_thread_in_native, id=12904, stack(0x00000000281f0000,0x00000000282f0000)]
  0x0000000022c5f800 JavaThread "http-nio-8088-exec-10" daemon [_thread_blocked, id=6260, stack(0x00000000280f0000,0x00000000281f0000)]
  0x0000000022c66000 JavaThread "http-nio-8088-exec-9" daemon [_thread_blocked, id=16928, stack(0x0000000027ff0000,0x00000000280f0000)]
  0x0000000022c5e800 JavaThread "http-nio-8088-exec-8" daemon [_thread_blocked, id=16212, stack(0x0000000027ef0000,0x0000000027ff0000)]
  0x0000000022c60000 JavaThread "http-nio-8088-exec-7" daemon [_thread_blocked, id=13992, stack(0x0000000027df0000,0x0000000027ef0000)]
  0x0000000022c65800 JavaThread "http-nio-8088-exec-6" daemon [_thread_blocked, id=17120, stack(0x0000000027cf0000,0x0000000027df0000)]
  0x0000000022c61800 JavaThread "http-nio-8088-exec-5" daemon [_thread_blocked, id=15468, stack(0x0000000027bf0000,0x0000000027cf0000)]
  0x0000000022c5e000 JavaThread "http-nio-8088-exec-4" daemon [_thread_blocked, id=13436, stack(0x0000000027af0000,0x0000000027bf0000)]
  0x0000000022c64800 JavaThread "http-nio-8088-exec-3" daemon [_thread_blocked, id=12684, stack(0x00000000279f0000,0x0000000027af0000)]
  0x0000000022c64000 JavaThread "http-nio-8088-exec-2" daemon [_thread_blocked, id=12652, stack(0x00000000278f0000,0x00000000279f0000)]
  0x0000000022c62800 JavaThread "http-nio-8088-exec-1" daemon [_thread_blocked, id=15208, stack(0x0000000026290000,0x0000000026390000)]
  0x0000000022c63000 JavaThread "NioBlockingSelector.BlockPoller-1" daemon [_thread_in_native, id=11928, stack(0x0000000025ec0000,0x0000000025fc0000)]
  0x000000001d46e000 JavaThread "Live Reload Server" daemon [_thread_in_native, id=860, stack(0x0000000025930000,0x0000000025a30000)]
  0x000000001d46d000 JavaThread "File Watcher" daemon [_thread_blocked, id=15756, stack(0x0000000023630000,0x0000000023730000)]
  0x000000001dcbe000 JavaThread "Abandoned connection cleanup thread" daemon [_thread_blocked, id=12992, stack(0x0000000023530000,0x0000000023630000)]
  0x000000001acad000 JavaThread "Tomcat JDBC Pool Cleaner[1943105171:1524829174865]" daemon [_thread_blocked, id=10052, stack(0x0000000023430000,0x0000000023530000)]
  0x000000002295c000 JavaThread "container-0" [_thread_blocked, id=12768, stack(0x0000000023130000,0x0000000023230000)]
  0x000000002233c800 JavaThread "ContainerBackgroundProcessor[StandardEngine[Tomcat]]" daemon [_thread_blocked, id=13584, stack(0x0000000021fc0000,0x00000000220c0000)]
  0x0000000019778800 JavaThread "Service Thread" daemon [_thread_blocked, id=7208, stack(0x000000001a2b0000,0x000000001a3b0000)]
  0x0000000019702800 JavaThread "C1 CompilerThread3" daemon [_thread_blocked, id=11388, stack(0x000000001a1b0000,0x000000001a2b0000)]
  0x00000000196f6800 JavaThread "C2 CompilerThread2" daemon [_thread_blocked, id=2484, stack(0x000000001a0b0000,0x000000001a1b0000)]
  0x00000000196f5800 JavaThread "C2 CompilerThread1" daemon [_thread_blocked, id=8528, stack(0x0000000019fb0000,0x000000001a0b0000)]
=>0x00000000196f0000 JavaThread "C2 CompilerThread0" daemon [_thread_in_native, id=17112, stack(0x0000000019eb0000,0x0000000019fb0000)]
  0x00000000196ef800 JavaThread "Attach Listener" daemon [_thread_blocked, id=17336, stack(0x0000000019db0000,0x0000000019eb0000)]
  0x00000000196ed000 JavaThread "Signal Dispatcher" daemon [_thread_blocked, id=2720, stack(0x0000000019cb0000,0x0000000019db0000)]
  0x00000000196e0800 JavaThread "Finalizer" daemon [_thread_blocked, id=14764, stack(0x0000000019ac0000,0x0000000019bc0000)]
  0x0000000004faa000 JavaThread "Reference Handler" daemon [_thread_blocked, id=11452, stack(0x00000000195c0000,0x00000000196c0000)]

Other Threads:
  0x00000000177f9000 VMThread [stack: 0x00000000194c0000,0x00000000195c0000] [id=7068]
  0x00000000197dd800 WatcherThread [stack: 0x000000001a3b0000,0x000000001a4b0000] [id=9796]

VM state:not at safepoint (normal execution)

VM Mutex/Monitor currently owned by a thread: None

Heap:
 PSYoungGen      total 258048K, used 13524K [0x00000000ec580000, 0x0000000100000000, 0x0000000100000000)
  eden space 236544K, 5% used [0x00000000ec580000,0x00000000ed2b51f0,0x00000000fac80000)
  from space 21504K, 0% used [0x00000000fac80000,0x00000000fac80000,0x00000000fc180000)
  to   space 23552K, 0% used [0x00000000fe900000,0x00000000fe900000,0x0000000100000000)
 ParOldGen       total 103424K, used 45782K [0x00000000c5000000, 0x00000000cb500000, 0x00000000ec580000)
  object space 103424K, 44% used [0x00000000c5000000,0x00000000c7cb5878,0x00000000cb500000)
 Metaspace       used 58551K, capacity 59658K, committed 59800K, reserved 1101824K
  class space    used 7393K, capacity 7620K, committed 7680K, reserved 1048576K

Card table byte_map: [0x0000000014370000,0x0000000014550000] byte_map_base: 0x0000000013d48000

Marking Bits: (ParMarkBitMap*) 0x000000005d1dd850
 Begin Bits: [0x0000000014e90000, 0x0000000015d50000)
 End Bits:   [0x0000000015d50000, 0x0000000016c10000)

Polling page: 0x0000000003030000

CodeCache: size=245760Kb used=23537Kb max_used=24460Kb free=222222Kb
 bounds [0x0000000004fb0000, 0x00000000067b0000, 0x0000000013fb0000]
 total_blobs=7602 nmethods=6814 adapters=700
 compilation: enabled

Compilation events (10 events):
Event: 62.889 Thread 0x00000000196f6800 8135       4       org.springframework.util.AntPathMatcher::tokenizePattern (91 bytes)
Event: 62.890 Thread 0x0000000019702800 nmethod 8140 0x0000000005bfe790 code [0x0000000005bfe960, 0x0000000005bfefd0]
Event: 62.890 Thread 0x0000000019702800 8141       3       org.apache.tomcat.util.http.MimeHeaders::getValue (26 bytes)
Event: 62.890 Thread 0x0000000019702800 nmethod 8141 0x0000000005ad5710 code [0x0000000005ad5880, 0x0000000005ad5ad0]
Event: 62.890 Thread 0x0000000019702800 8142   !   3       java.util.concurrent.ConcurrentHashMap::clear (176 bytes)
Event: 62.891 Thread 0x0000000019702800 nmethod 8142 0x0000000005bfd410 code [0x0000000005bfd600, 0x0000000005bfe2d8]
Event: 62.907 Thread 0x00000000196f5800 nmethod 8136 0x0000000005bf8e90 code [0x0000000005bf9000, 0x0000000005bf9938]
Event: 62.907 Thread 0x00000000196f5800 8138       4       java.util.ArrayList::toArray (12 bytes)
Event: 62.909 Thread 0x00000000196f5800 nmethod 8138 0x0000000005bfa210 code [0x0000000005bfa360, 0x0000000005bfa538]
Event: 62.978 Thread 0x00000000196f6800 nmethod 8135 0x0000000006270a10 code [0x0000000006270c60, 0x0000000006272a90]

GC Heap History (10 events):
Event: 9.973 GC heap before
{Heap before GC invocations=14 (full 2):
 PSYoungGen      total 171008K, used 157184K [0x00000000ec580000, 0x00000000fa780000, 0x0000000100000000)
  eden space 157184K, 100% used [0x00000000ec580000,0x00000000f5f00000,0x00000000f5f00000)
  from space 13824K, 0% used [0x00000000f5f00000,0x00000000f5f00000,0x00000000f6c80000)
  to   space 13312K, 0% used [0x00000000f9a80000,0x00000000f9a80000,0x00000000fa780000)
 ParOldGen       total 66048K, used 24970K [0x00000000c5000000, 0x00000000c9080000, 0x00000000ec580000)
  object space 66048K, 37% used [0x00000000c5000000,0x00000000c6862978,0x00000000c9080000)
 Metaspace       used 45403K, capacity 45914K, committed 46208K, reserved 1089536K
  class space    used 5791K, capacity 5942K, committed 6016K, reserved 1048576K
Event: 10.000 GC heap after
Heap after GC invocations=14 (full 2):
 PSYoungGen      total 207872K, used 13283K [0x00000000ec580000, 0x00000000fa780000, 0x0000000100000000)
  eden space 194560K, 0% used [0x00000000ec580000,0x00000000ec580000,0x00000000f8380000)
  from space 13312K, 99% used [0x00000000f9a80000,0x00000000fa778e30,0x00000000fa780000)
  to   space 16896K, 0% used [0x00000000f8680000,0x00000000f8680000,0x00000000f9700000)
 ParOldGen       total 66048K, used 29116K [0x00000000c5000000, 0x00000000c9080000, 0x00000000ec580000)
  object space 66048K, 44% used [0x00000000c5000000,0x00000000c6c6f288,0x00000000c9080000)
 Metaspace       used 45403K, capacity 45914K, committed 46208K, reserved 1089536K
  class space    used 5791K, capacity 5942K, committed 6016K, reserved 1048576K
}
Event: 11.762 GC heap before
{Heap before GC invocations=15 (full 2):
 PSYoungGen      total 207872K, used 207843K [0x00000000ec580000, 0x00000000fa780000, 0x0000000100000000)
  eden space 194560K, 100% used [0x00000000ec580000,0x00000000f8380000,0x00000000f8380000)
  from space 13312K, 99% used [0x00000000f9a80000,0x00000000fa778e30,0x00000000fa780000)
  to   space 16896K, 0% used [0x00000000f8680000,0x00000000f8680000,0x00000000f9700000)
 ParOldGen       total 66048K, used 29116K [0x00000000c5000000, 0x00000000c9080000, 0x00000000ec580000)
  object space 66048K, 44% used [0x00000000c5000000,0x00000000c6c6f288,0x00000000c9080000)
 Metaspace       used 51607K, capacity 52364K, committed 52608K, reserved 1095680K
  class space    used 6545K, capacity 6745K, committed 6784K, reserved 1048576K
Event: 11.789 GC heap after
Heap after GC invocations=15 (full 2):
 PSYoungGen      total 214528K, used 14943K [0x00000000ec580000, 0x00000000fd400000, 0x0000000100000000)
  eden space 197632K, 0% used [0x00000000ec580000,0x00000000ec580000,0x00000000f8680000)
  from space 16896K, 88% used [0x00000000f8680000,0x00000000f9517e70,0x00000000f9700000)
  to   space 18944K, 0% used [0x00000000fc180000,0x00000000fc180000,0x00000000fd400000)
 ParOldGen       total 66048K, used 39835K [0x00000000c5000000, 0x00000000c9080000, 0x00000000ec580000)
  object space 66048K, 60% used [0x00000000c5000000,0x00000000c76e6d10,0x00000000c9080000)
 Metaspace       used 51607K, capacity 52364K, committed 52608K, reserved 1095680K
  class space    used 6545K, capacity 6745K, committed 6784K, reserved 1048576K
}
Event: 14.556 GC heap before
{Heap before GC invocations=16 (full 2):
 PSYoungGen      total 214528K, used 212575K [0x00000000ec580000, 0x00000000fd400000, 0x0000000100000000)
  eden space 197632K, 100% used [0x00000000ec580000,0x00000000f8680000,0x00000000f8680000)
  from space 16896K, 88% used [0x00000000f8680000,0x00000000f9517e70,0x00000000f9700000)
  to   space 18944K, 0% used [0x00000000fc180000,0x00000000fc180000,0x00000000fd400000)
 ParOldGen       total 66048K, used 39835K [0x00000000c5000000, 0x00000000c9080000, 0x00000000ec580000)
  object space 66048K, 60% used [0x00000000c5000000,0x00000000c76e6d10,0x00000000c9080000)
 Metaspace       used 56311K, capacity 57126K, committed 57216K, reserved 1099776K
  class space    used 7091K, capacity 7294K, committed 7296K, reserved 1048576K
Event: 14.570 GC heap after
Heap after GC invocations=16 (full 2):
 PSYoungGen      total 255488K, used 18043K [0x00000000ec580000, 0x00000000fd780000, 0x0000000100000000)
  eden space 236544K, 0% used [0x00000000ec580000,0x00000000ec580000,0x00000000fac80000)
  from space 18944K, 95% used [0x00000000fc180000,0x00000000fd31ecb0,0x00000000fd400000)
  to   space 21504K, 0% used [0x00000000fac80000,0x00000000fac80000,0x00000000fc180000)
 ParOldGen       total 66048K, used 39843K [0x00000000c5000000, 0x00000000c9080000, 0x00000000ec580000)
  object space 66048K, 60% used [0x00000000c5000000,0x00000000c76e8d10,0x00000000c9080000)
 Metaspace       used 56311K, capacity 57126K, committed 57216K, reserved 1099776K
  class space    used 7091K, capacity 7294K, committed 7296K, reserved 1048576K
}
Event: 61.803 GC heap before
{Heap before GC invocations=17 (full 2):
 PSYoungGen      total 255488K, used 87843K [0x00000000ec580000, 0x00000000fd780000, 0x0000000100000000)
  eden space 236544K, 29% used [0x00000000ec580000,0x00000000f09aa230,0x00000000fac80000)
  from space 18944K, 95% used [0x00000000fc180000,0x00000000fd31ecb0,0x00000000fd400000)
  to   space 21504K, 0% used [0x00000000fac80000,0x00000000fac80000,0x00000000fc180000)
 ParOldGen       total 66048K, used 39843K [0x00000000c5000000, 0x00000000c9080000, 0x00000000ec580000)
  object space 66048K, 60% used [0x00000000c5000000,0x00000000c76e8d10,0x00000000c9080000)
 Metaspace       used 58273K, capacity 59056K, committed 59160K, reserved 1101824K
  class space    used 7334K, capacity 7525K, committed 7552K, reserved 1048576K
Event: 61.817 GC heap after
Heap after GC invocations=17 (full 2):
 PSYoungGen      total 258048K, used 18573K [0x00000000ec580000, 0x0000000100000000, 0x0000000100000000)
  eden space 236544K, 0% used [0x00000000ec580000,0x00000000ec580000,0x00000000fac80000)
  from space 21504K, 86% used [0x00000000fac80000,0x00000000fbea35d0,0x00000000fc180000)
  to   space 23552K, 0% used [0x00000000fe900000,0x00000000fe900000,0x0000000100000000)
 ParOldGen       total 66048K, used 39851K [0x00000000c5000000, 0x00000000c9080000, 0x00000000ec580000)
  object space 66048K, 60% used [0x00000000c5000000,0x00000000c76ead10,0x00000000c9080000)
 Metaspace       used 58273K, capacity 59056K, committed 59160K, reserved 1101824K
  class space    used 7334K, capacity 7525K, committed 7552K, reserved 1048576K
}
Event: 61.817 GC heap before
{Heap before GC invocations=18 (full 3):
 PSYoungGen      total 258048K, used 18573K [0x00000000ec580000, 0x0000000100000000, 0x0000000100000000)
  eden space 236544K, 0% used [0x00000000ec580000,0x00000000ec580000,0x00000000fac80000)
  from space 21504K, 86% used [0x00000000fac80000,0x00000000fbea35d0,0x00000000fc180000)
  to   space 23552K, 0% used [0x00000000fe900000,0x00000000fe900000,0x0000000100000000)
 ParOldGen       total 66048K, used 39851K [0x00000000c5000000, 0x00000000c9080000, 0x00000000ec580000)
  object space 66048K, 60% used [0x00000000c5000000,0x00000000c76ead10,0x00000000c9080000)
 Metaspace       used 58273K, capacity 59056K, committed 59160K, reserved 1101824K
  class space    used 7334K, capacity 7525K, committed 7552K, reserved 1048576K
Event: 62.008 GC heap after
Heap after GC invocations=18 (full 3):
 PSYoungGen      total 258048K, used 0K [0x00000000ec580000, 0x0000000100000000, 0x0000000100000000)
  eden space 236544K, 0% used [0x00000000ec580000,0x00000000ec580000,0x00000000fac80000)
  from space 21504K, 0% used [0x00000000fac80000,0x00000000fac80000,0x00000000fc180000)
  to   space 23552K, 0% used [0x00000000fe900000,0x00000000fe900000,0x0000000100000000)
 ParOldGen       total 103424K, used 45782K [0x00000000c5000000, 0x00000000cb500000, 0x00000000ec580000)
  object space 103424K, 44% used [0x00000000c5000000,0x00000000c7cb5878,0x00000000cb500000)
 Metaspace       used 58255K, capacity 59026K, committed 59160K, reserved 1101824K
  class space    used 7332K, capacity 7520K, committed 7552K, reserved 1048576K
}

Deoptimization events (10 events):
Event: 61.545 Thread 0x0000000022c5e800 Uncommon trap: reason=class_check action=maybe_recompile pc=0x0000000006700a08 method=java.util.regex.Pattern$7.isSatisfiedBy(I)Z @ 16
Event: 61.545 Thread 0x0000000022c61800 Uncommon trap: reason=class_check action=maybe_recompile pc=0x0000000006700a08 method=java.util.regex.Pattern$7.isSatisfiedBy(I)Z @ 16
Event: 61.545 Thread 0x0000000022c5e800 Uncommon trap: reason=class_check action=maybe_recompile pc=0x0000000006700a08 method=java.util.regex.Pattern$7.isSatisfiedBy(I)Z @ 16
Event: 61.590 Thread 0x0000000022c5f800 Uncommon trap: reason=null_check action=make_not_entrant pc=0x0000000005b585b0 method=java.lang.Class.getGenericSuperclass()Ljava/lang/reflect/Type; @ 10
Event: 61.595 Thread 0x0000000022c5f800 Uncommon trap: reason=bimorphic action=maybe_recompile pc=0x0000000005893bd0 method=java.util.Collections$UnmodifiableMap.containsKey(Ljava/lang/Object;)Z @ 5
Event: 61.596 Thread 0x0000000022c5f800 Uncommon trap: reason=bimorphic action=maybe_recompile pc=0x0000000005893bd0 method=java.util.Collections$UnmodifiableMap.containsKey(Ljava/lang/Object;)Z @ 5
Event: 61.596 Thread 0x0000000022c5f800 Uncommon trap: reason=bimorphic action=maybe_recompile pc=0x0000000005893bd0 method=java.util.Collections$UnmodifiableMap.containsKey(Ljava/lang/Object;)Z @ 5
Event: 61.596 Thread 0x0000000022c5f800 Uncommon trap: reason=bimorphic action=maybe_recompile pc=0x0000000005893bd0 method=java.util.Collections$UnmodifiableMap.containsKey(Ljava/lang/Object;)Z @ 5
Event: 62.008 Thread 0x0000000004faa000 Uncommon trap: reason=unstable_if action=reinterpret pc=0x0000000005756074 method=java.lang.ref.Reference.tryHandlePending(Z)Z @ 20
Event: 62.641 Thread 0x0000000022c65800 Uncommon trap: reason=unstable_if action=reinterpret pc=0x0000000006387e9c method=com.fasterxml.jackson.databind.ser.BeanPropertyWriter.serializeAsField(Ljava/lang/Object;Lcom/fasterxml/jackson/core/JsonGenerator;Lcom/fasterxml/jackson/databind/Serializer

Internal exceptions (10 events):
Event: 60.838 Thread 0x0000000022c62800 Exception <a 'java/lang/ClassNotFoundException': org/springframework/web/servlet/theme/AbstractThemeResolverCustomizer> (0x00000000ee58cbe0) thrown at [C:\re\workspace\8-2-build-windows-amd64-cygwin\jdk8u144\9417\hotspot\src\share\vm\classfile\systemDicti
Event: 60.839 Thread 0x0000000022c62800 Exception <a 'java/lang/ClassNotFoundException': org/springframework/web/servlet/theme/FixedThemeResolverCustomizer> (0x00000000ee5abca0) thrown at [C:\re\workspace\8-2-build-windows-amd64-cygwin\jdk8u144\9417\hotspot\src\share\vm\classfile\systemDictiona
Event: 60.840 Thread 0x0000000022c62800 Exception <a 'java/lang/ClassNotFoundException': org/springframework/web/servlet/ThemeResolverCustomizer> (0x00000000ee5c7eb8) thrown at [C:\re\workspace\8-2-build-windows-amd64-cygwin\jdk8u144\9417\hotspot\src\share\vm\classfile\systemDictionary.cpp, lin
Event: 60.845 Thread 0x0000000022c62800 Exception <a 'java/lang/ClassNotFoundException': java/lang/ObjectCustomizer> (0x00000000ee5f90c0) thrown at [C:\re\workspace\8-2-build-windows-amd64-cygwin\jdk8u144\9417\hotspot\src\share\vm\classfile\systemDictionary.cpp, line 210]
Event: 60.846 Thread 0x0000000022c62800 Exception <a 'java/lang/ClassNotFoundException': org/springframework/web/servlet/view/DefaultRequestToViewNameTranslatorCustomizer> (0x00000000ee61c5c0) thrown at [C:\re\workspace\8-2-build-windows-amd64-cygwin\jdk8u144\9417\hotspot\src\share\vm\classfile
Event: 60.846 Thread 0x0000000022c62800 Exception <a 'java/lang/ClassNotFoundException': org/springframework/web/servlet/RequestToViewNameTranslatorCustomizer> (0x00000000ee64ad38) thrown at [C:\re\workspace\8-2-build-windows-amd64-cygwin\jdk8u144\9417\hotspot\src\share\vm\classfile\systemDicti
Event: 60.850 Thread 0x0000000022c62800 Exception <a 'java/lang/ClassNotFoundException': java/lang/ObjectCustomizer> (0x00000000ee686ca8) thrown at [C:\re\workspace\8-2-build-windows-amd64-cygwin\jdk8u144\9417\hotspot\src\share\vm\classfile\systemDictionary.cpp, line 210]
Event: 60.851 Thread 0x0000000022c62800 Exception <a 'java/lang/ClassNotFoundException': org/springframework/web/servlet/support/AbstractFlashMapManagerCustomizer> (0x00000000ee6a7f10) thrown at [C:\re\workspace\8-2-build-windows-amd64-cygwin\jdk8u144\9417\hotspot\src\share\vm\classfile\systemD
Event: 60.851 Thread 0x0000000022c62800 Exception <a 'java/lang/ClassNotFoundException': org/springframework/web/servlet/support/SessionFlashMapManagerCustomizer> (0x00000000ee6ccfd0) thrown at [C:\re\workspace\8-2-build-windows-amd64-cygwin\jdk8u144\9417\hotspot\src\share\vm\classfile\systemDi
Event: 60.852 Thread 0x0000000022c62800 Exception <a 'java/lang/ClassNotFoundException': org/springframework/web/servlet/FlashMapManagerCustomizer> (0x00000000ee6e9168) thrown at [C:\re\workspace\8-2-build-windows-amd64-cygwin\jdk8u144\9417\hotspot\src\share\vm\classfile\systemDictionary.cpp, l

Events (10 events):
Event: 62.085 Executing VM operation: RevokeBias done
Event: 62.090 loading class com/fasterxml/jackson/databind/ser/std/RawSerializer
Event: 62.090 loading class com/fasterxml/jackson/databind/ser/std/RawSerializer done
Event: 62.092 Executing VM operation: RevokeBias
Event: 62.092 Executing VM operation: RevokeBias done
Event: 62.637 loading class springfox/documentation/swagger/web/ApiKeyVehicle
Event: 62.637 loading class springfox/documentation/swagger/web/ApiKeyVehicle done
Event: 62.641 Thread 0x0000000022c65800 Uncommon trap: trap_request=0xffffff65 fr.pc=0x0000000006387e9c
Event: 62.641 Thread 0x0000000022c65800 DEOPT PACKING pc=0x0000000006387e9c sp=0x0000000027ded1e0
Event: 62.641 Thread 0x0000000022c65800 DEOPT UNPACKING pc=0x0000000004ff582a sp=0x0000000027ded1b8 mode 2


Dynamic libraries:
0x00007ff6d2270000 - 0x00007ff6d22a7000 	C:\Program Files\Java\jre1.8.0_144\bin\javaw.exe
0x00007ffa6da00000 - 0x00007ffa6dbe0000 	C:\WINDOWS\SYSTEM32\ntdll.dll
0x00007ffa6ba60000 - 0x00007ffa6bb0e000 	C:\WINDOWS\System32\KERNEL32.DLL
0x00007ffa69e00000 - 0x00007ffa6a066000 	C:\WINDOWS\System32\KERNELBASE.dll
0x00007ffa6c160000 - 0x00007ffa6c201000 	C:\WINDOWS\System32\ADVAPI32.dll
0x00007ffa6bed0000 - 0x00007ffa6bf6d000 	C:\WINDOWS\System32\msvcrt.dll
0x00007ffa6b3f0000 - 0x00007ffa6b44b000 	C:\WINDOWS\System32\sechost.dll
0x00007ffa6bfe0000 - 0x00007ffa6c0ff000 	C:\WINDOWS\System32\RPCRT4.dll
0x00007ffa6c210000 - 0x00007ffa6c39f000 	C:\WINDOWS\System32\USER32.dll
0x00007ffa6a340000 - 0x00007ffa6a360000 	C:\WINDOWS\System32\win32u.dll
0x00007ffa6b450000 - 0x00007ffa6b478000 	C:\WINDOWS\System32\GDI32.dll
0x00007ffa6a4f0000 - 0x00007ffa6a683000 	C:\WINDOWS\System32\gdi32full.dll
0x00007ffa6a6e0000 - 0x00007ffa6a77b000 	C:\WINDOWS\System32\msvcp_win.dll
0x00007ffa6a240000 - 0x00007ffa6a336000 	C:\WINDOWS\System32\ucrtbase.dll
0x00007ffa59310000 - 0x00007ffa59579000 	C:\WINDOWS\WinSxS\amd64_microsoft.windows.common-controls_6595b64144ccf1df_6.0.16299.371_none_15c7d1789365a290\COMCTL32.dll
0x00007ffa6af30000 - 0x00007ffa6b238000 	C:\WINDOWS\System32\combase.dll
0x00007ffa6a360000 - 0x00007ffa6a3d2000 	C:\WINDOWS\System32\bcryptPrimitives.dll
0x00007ffa6b490000 - 0x00007ffa6b4bd000 	C:\WINDOWS\System32\IMM32.DLL
0x000000005d260000 - 0x000000005d332000 	C:\Program Files\Java\jre1.8.0_144\bin\msvcr100.dll
0x000000005c9c0000 - 0x000000005d25d000 	C:\Program Files\Java\jre1.8.0_144\bin\server\jvm.dll
0x00007ffa6d9c0000 - 0x00007ffa6d9c8000 	C:\WINDOWS\System32\PSAPI.DLL
0x00007ffa5c7e0000 - 0x00007ffa5c7e9000 	C:\WINDOWS\SYSTEM32\WSOCK32.dll
0x00007ffa5d3f0000 - 0x00007ffa5d3fa000 	C:\WINDOWS\SYSTEM32\VERSION.dll
0x00007ffa62e30000 - 0x00007ffa62e53000 	C:\WINDOWS\SYSTEM32\WINMM.dll
0x00007ffa6bf70000 - 0x00007ffa6bfdc000 	C:\WINDOWS\System32\WS2_32.dll
0x00007ffa62dd0000 - 0x00007ffa62dfa000 	C:\WINDOWS\SYSTEM32\WINMMBASE.dll
0x00007ffa6a690000 - 0x00007ffa6a6da000 	C:\WINDOWS\System32\cfgmgr32.dll
0x000000005c9b0000 - 0x000000005c9bf000 	C:\Program Files\Java\jre1.8.0_144\bin\verify.dll
0x000000005c980000 - 0x000000005c9a9000 	C:\Program Files\Java\jre1.8.0_144\bin\java.dll
0x000000005c960000 - 0x000000005c976000 	C:\Program Files\Java\jre1.8.0_144\bin\zip.dll
0x00007ffa6c580000 - 0x00007ffa6d9b6000 	C:\WINDOWS\System32\SHELL32.dll
0x00007ffa6bb10000 - 0x00007ffa6bbb6000 	C:\WINDOWS\System32\shcore.dll
0x00007ffa6a780000 - 0x00007ffa6aec7000 	C:\WINDOWS\System32\windows.storage.dll
0x00007ffa6c510000 - 0x00007ffa6c561000 	C:\WINDOWS\System32\shlwapi.dll
0x00007ffa69de0000 - 0x00007ffa69df1000 	C:\WINDOWS\System32\kernel.appcore.dll
0x00007ffa69d90000 - 0x00007ffa69ddc000 	C:\WINDOWS\System32\powrprof.dll
0x00007ffa69d70000 - 0x00007ffa69d8b000 	C:\WINDOWS\System32\profapi.dll
0x000000005c950000 - 0x000000005c95d000 	C:\Program Files\Java\jre1.8.0_144\bin\management.dll
0x000000005c930000 - 0x000000005c94a000 	C:\Program Files\Java\jre1.8.0_144\bin\net.dll
0x00007ffa695e0000 - 0x00007ffa69646000 	C:\WINDOWS\system32\mswsock.dll
0x00007ffa5dfe0000 - 0x00007ffa5dff6000 	C:\WINDOWS\system32\napinsp.dll
0x00007ffa5dfc0000 - 0x00007ffa5dfda000 	C:\WINDOWS\system32\pnrpnsp.dll
0x00007ffa66340000 - 0x00007ffa66358000 	C:\WINDOWS\system32\NLAapi.dll
0x00007ffa693b0000 - 0x00007ffa69466000 	C:\WINDOWS\SYSTEM32\DNSAPI.dll
0x00007ffa6c570000 - 0x00007ffa6c578000 	C:\WINDOWS\System32\NSI.dll
0x00007ffa69370000 - 0x00007ffa693a9000 	C:\WINDOWS\SYSTEM32\IPHLPAPI.DLL
0x00007ffa5a5d0000 - 0x00007ffa5a5de000 	C:\WINDOWS\System32\winrnr.dll
0x000000005d750000 - 0x000000005d776000 	C:\Program Files\Bonjour\mdnsNSP.dll
0x00007ffa64ad0000 - 0x00007ffa64ae5000 	C:\WINDOWS\System32\wshbth.dll
0x00007ffa60a70000 - 0x00007ffa60a7a000 	C:\Windows\System32\rasadhlp.dll
0x00007ffa62030000 - 0x00007ffa620a0000 	C:\WINDOWS\System32\fwpuclnt.dll
0x00007ffa698b0000 - 0x00007ffa698d5000 	C:\WINDOWS\SYSTEM32\bcrypt.dll
0x000000005c910000 - 0x000000005c921000 	C:\Program Files\Java\jre1.8.0_144\bin\nio.dll
0x00007ffa697a0000 - 0x00007ffa697b7000 	C:\WINDOWS\SYSTEM32\CRYPTSP.dll
0x00007ffa691e0000 - 0x00007ffa69213000 	C:\WINDOWS\system32\rsaenh.dll
0x00007ffa69c80000 - 0x00007ffa69ca9000 	C:\WINDOWS\SYSTEM32\USERENV.dll
0x00007ffa697c0000 - 0x00007ffa697cb000 	C:\WINDOWS\SYSTEM32\CRYPTBASE.dll
0x00007ffa62b70000 - 0x00007ffa62b86000 	C:\WINDOWS\SYSTEM32\dhcpcsvc6.DLL
0x00007ffa62c20000 - 0x00007ffa62c3a000 	C:\WINDOWS\SYSTEM32\dhcpcsvc.DLL

VM Arguments:
jvm_args: -Dfile.encoding=UTF-8 
java_command: com.softtech.localLevel.LocalLevelApplication
java_class_path (initial): C:\Users\Lothbroke\Desktop\SoftechProjects\Project\LocalLevel\target\classes;C:\Users\Lothbroke\.m2\repository\org\springframework\boot\spring-boot-starter-data-jpa\1.5.10.RELEASE\spring-boot-starter-data-jpa-1.5.10.RELEASE.jar;C:\Users\Lothbroke\.m2\repository\org\springframework\boot\spring-boot-starter\1.5.10.RELEASE\spring-boot-starter-1.5.10.RELEASE.jar;C:\Users\Lothbroke\.m2\repository\org\springframework\boot\spring-boot-starter-logging\1.5.10.RELEASE\spring-boot-starter-logging-1.5.10.RELEASE.jar;C:\Users\Lothbroke\.m2\repository\ch\qos\logback\logback-classic\1.1.11\logback-classic-1.1.11.jar;C:\Users\Lothbroke\.m2\repository\ch\qos\logback\logback-core\1.1.11\logback-core-1.1.11.jar;C:\Users\Lothbroke\.m2\repository\org\slf4j\jul-to-slf4j\1.7.25\jul-to-slf4j-1.7.25.jar;C:\Users\Lothbroke\.m2\repository\org\slf4j\log4j-over-slf4j\1.7.25\log4j-over-slf4j-1.7.25.jar;C:\Users\Lothbroke\.m2\repository\org\yaml\snakeyaml\1.17\snakeyaml-1.17.jar;C:\Users\Lothbroke\.m2\repository\org\springframework\boot\spring-boot-starter-aop\1.5.10.RELEASE\spring-boot-starter-aop-1.5.10.RELEASE.jar;C:\Users\Lothbroke\.m2\repository\org\springframework\spring-aop\4.3.14.RELEASE\spring-aop-4.3.14.RELEASE.jar;C:\Users\Lothbroke\.m2\repository\org\aspectj\aspectjweaver\1.8.13\aspectjweaver-1.8.13.jar;C:\Users\Lothbroke\.m2\repository\org\springframework\boot\spring-boot-starter-jdbc\1.5.10.RELEASE\spring-boot-starter-jdbc-1.5.10.RELEASE.jar;C:\Users\Lothbroke\.m2\repository\org\apache\tomcat\tomcat-jdbc\8.5.27\tomcat-jdbc-8.5.27.jar;C:\Users\Lothbroke\.m2\repository\org\apache\tomcat\tomcat-juli\8.5.27\tomcat-juli-8.5.27.jar;C:\Users\Lothbroke\.m2\repository\org\springframework\spring-jdbc\4.3.14.RELEASE\spring-jdbc-4.3.14.RELEASE.jar;C:\Users\Lothbroke\.m2\repository\org\hibernate\hibernate-core\5.0.12.Final\hibernate-core-5.0.12.Final.jar;C:\Users\Lothbroke\.m2\repository\org\jboss\logging\jboss-logging\3.3.1.Final\jboss-logging-3.3.1.Final.jar;C:\Use
Launcher Type: SUN_STANDARD

Environment Variables:
JAVA_HOME=C:\Program Files\Java\jdk1.8.0_144
JRE_HOME=C:\Program Files\Java\jre1.8.0_144
CLASSPATH="C:\mysql-connector-java-5.1.43.jar;C:\apache-tomcat-7.0.86\lib\servlet-api.jar;C:\apache-tomcat-7.0.86\lib\jsp-api.jar;";
PATH=C:/Program Files/Java/jre1.8.0_144/bin/server;C:/Program Files/Java/jre1.8.0_144/bin;C:/Program Files/Java/jre1.8.0_144/lib/amd64;C:\app\Lothbroke\product\11.2.0\dbhome_1\bin;C:\ProgramData\Oracle\Java\javapath;"C:\ProgramData\Oracle\Java\javapath;C:\Program Files\Java\jdk1.8.0_144;C:\Program Files\Java\jre1.8.0_144";C:\WINDOWS\system32;C:\WINDOWS;C:\WINDOWS\System32\Wbem;C:\WINDOWS\System32\WindowsPowerShell\v1.0\;C:\Program Files\PuTTY\;C:\Program Files\nodejs\;C:\Program Files\Apache software foundation\apache-maven-3.5.0\bin;C:\Users\Lothbroke\AppData\Local\Microsoft\WindowsApps;C:\Program Files\Java\jdk1.8.0_144\bin;C:\Users\Lothbroke\AppData\Roaming\npm;C:\Program Files (x86)\Microsoft VS Code\bin;C:\Users\Lothbroke\Desktop\eclipse;
USERNAME=Lothbroke
OS=Windows_NT
PROCESSOR_IDENTIFIER=Intel64 Family 6 Model 60 Stepping 3, GenuineIntel



---------------  S Y S T E M  ---------------

OS: Windows 10.0 , 64 bit Build 16299 (10.0.16299.15)

CPU:total 8 (initial active 8) (4 cores per cpu, 2 threads per core) family 6 model 60 stepping 3, cmov, cx8, fxsr, mmx, sse, sse2, sse3, ssse3, sse4.1, sse4.2, popcnt, avx, avx2, aes, clmul, erms, lzcnt, ht, tsc, tscinvbit, bmi1, bmi2

Memory: 4k page, physical 3859708k(394036k free), swap 7955708k(5828k free)

vm_info: Java HotSpot(TM) 64-Bit Server VM (25.144-b01) for windows-amd64 JRE (1.8.0_144-b01), built on Jul 21 2017 21:57:33 by "java_re" with MS VC++ 10.0 (VS2010)

time: Fri Apr 27 17:25:33 2018
elapsed time: 63 seconds (0d 0h 1m 3s)

