#
# There is insufficient memory for the Java Runtime Environment to continue.
# Native memory allocation (malloc) failed to allocate 32744 bytes for ChunkPool::allocate
# Possible reasons:
#   The system is out of physical RAM or swap space
#   In 32 bit mode, the process size limit was hit
# Possible solutions:
#   Reduce memory load on the system
#   Increase physical memory or swap space
#   Check if swap backing store is full
#   Use 64 bit Java on a 64 bit OS
#   Decrease Java heap size (-Xmx/-Xms)
#   Decrease number of Java threads
#   Decrease Java thread stack sizes (-Xss)
#   Set larger code cache with -XX:ReservedCodeCacheSize=
# This output file may be truncated or incomplete.
#
#  Out of Memory Error (allocation.cpp:273), pid=2176, tid=0x0000000000001b90
#
# JRE version: Java(TM) SE Runtime Environment (8.0_144-b01) (build 1.8.0_144-b01)
# Java VM: Java HotSpot(TM) 64-Bit Server VM (25.144-b01 mixed mode windows-amd64 compressed oops)
# Failed to write core dump. Minidumps are not enabled by default on client versions of Windows
#

---------------  T H R E A D  ---------------

Current thread (0x0000000018cd9800):  JavaThread "C2 CompilerThread2" daemon [_thread_in_native, id=7056, stack(0x0000000019690000,0x0000000019790000)]

Stack: [0x0000000019690000,0x0000000019790000]
[error occurred during error reporting (printing stack bounds), id 0xc0000005]

Native frames: (J=compiled Java code, j=interpreted, Vv=VM code, C=native code)


Current CompileTask:
C2:   2427 2125       4       sun.reflect.annotation.AnnotationParser::parseMemberValue (162 bytes)


---------------  P R O C E S S  ---------------

Java Threads: ( => current thread )
  0x0000000018f61000 JavaThread "restartedMain" [_thread_in_vm, id=11116, stack(0x000000001b740000,0x000000001b840000)]
  0x0000000018f60800 JavaThread "Thread-0" [_thread_blocked, id=11140, stack(0x000000001b640000,0x000000001b740000)]
  0x0000000018d6f000 JavaThread "Service Thread" daemon [_thread_blocked, id=3240, stack(0x0000000019890000,0x0000000019990000)]
  0x0000000018cdc800 JavaThread "C1 CompilerThread3" daemon [_thread_blocked, id=11584, stack(0x0000000019790000,0x0000000019890000)]
=>0x0000000018cd9800 JavaThread "C2 CompilerThread2" daemon [_thread_in_native, id=7056, stack(0x0000000019690000,0x0000000019790000)]
  0x0000000018cd9000 JavaThread "C2 CompilerThread1" daemon [_thread_in_native, id=10724, stack(0x0000000019590000,0x0000000019690000)]
  0x0000000018cd3800 JavaThread "C2 CompilerThread0" daemon [_thread_in_native, id=8360, stack(0x0000000019490000,0x0000000019590000)]
  0x0000000018cd2000 JavaThread "Attach Listener" daemon [_thread_blocked, id=3296, stack(0x0000000019390000,0x0000000019490000)]
  0x0000000018ccf000 JavaThread "Signal Dispatcher" daemon [_thread_blocked, id=6324, stack(0x0000000019290000,0x0000000019390000)]
  0x0000000018cc0800 JavaThread "Finalizer" daemon [_thread_blocked, id=8052, stack(0x00000000190a0000,0x00000000191a0000)]
  0x0000000004599000 JavaThread "Reference Handler" daemon [_thread_blocked, id=3508, stack(0x0000000018ba0000,0x0000000018ca0000)]
  0x00000000044a5000 JavaThread "main" [_thread_blocked, id=9504, stack(0x00000000043a0000,0x00000000044a0000)]

Other Threads:
  0x0000000016dc8800 VMThread [stack: 0x0000000018aa0000,0x0000000018ba0000] [id=3300]
  0x0000000018dca000 WatcherThread [stack: 0x0000000019990000,0x0000000019a90000] [id=6248]

VM state:not at safepoint (normal execution)

VM Mutex/Monitor currently owned by a thread: None

Heap:
 PSYoungGen      total 67584K, used 9258K [0x00000000ec580000, 0x00000000f1080000, 0x0000000100000000)
  eden space 59904K, 2% used [0x00000000ec580000,0x00000000ec70ae38,0x00000000f0000000)
  from space 7680K, 99% used [0x00000000f0000000,0x00000000f077fb70,0x00000000f0780000)
  to   space 6144K, 0% used [0x00000000f0780000,0x00000000f0780000,0x00000000f0d80000)
 ParOldGen       total 40960K, used 8452K [0x00000000c5000000, 0x00000000c7800000, 0x00000000ec580000)
  object space 40960K, 20% used [0x00000000c5000000,0x00000000c58412e8,0x00000000c7800000)
 Metaspace       used 20588K, capacity 20896K, committed 21120K, reserved 1067008K
  class space    used 2503K, capacity 2612K, committed 2688K, reserved 1048576K

Card table byte_map: [0x0000000013960000,0x0000000013b40000] byte_map_base: 0x0000000013338000

Marking Bits: (ParMarkBitMap*) 0x00000000729fd850
 Begin Bits: [0x0000000014480000, 0x0000000015340000)
 End Bits:   [0x0000000015340000, 0x0000000016200000)

Polling page: 0x0000000002a00000

CodeCache: size=245760Kb used=7662Kb max_used=7675Kb free=238097Kb
 bounds [0x00000000045a0000, 0x0000000004d30000, 0x00000000135a0000]
 total_blobs=2482 nmethods=2122 adapters=272
 compilation: enabled

Compilation events (10 events):
Event: 2.340 Thread 0x0000000018cdc800 nmethod 2120 0x0000000004d1b590 code [0x0000000004d1b700, 0x0000000004d1b8a8]
Event: 2.340 Thread 0x0000000018cdc800 2121   !   3       java.io.FileInputStream::close (62 bytes)
Event: 2.340 Thread 0x0000000018cd9800 2122       4       java.lang.ref.ReferenceQueue::reallyPoll (66 bytes)
Event: 2.340 Thread 0x0000000018cdc800 nmethod 2121 0x0000000004d1cc50 code [0x0000000004d1cde0, 0x0000000004d1d458]
Event: 2.341 Thread 0x0000000018cdc800 2124       3       sun.net.www.protocol.jar.URLJarFile::finalize (5 bytes)
Event: 2.341 Thread 0x0000000018cdc800 nmethod 2124 0x0000000004d1c690 code [0x0000000004d1c820, 0x0000000004d1cad8]
Event: 2.341 Thread 0x0000000018cd9800 nmethod 2122 0x0000000004d1b2d0 code [0x0000000004d1b400, 0x0000000004d1b538]
Event: 2.341 Thread 0x0000000018cd9800 2123   !   4       java.lang.ref.Reference::tryHandlePending (115 bytes)
Event: 2.345 Thread 0x0000000018cd9800 nmethod 2123 0x0000000004d1ebd0 code [0x0000000004d1ed80, 0x0000000004d1f6c8]
Event: 2.345 Thread 0x0000000018cd9800 2125       4       sun.reflect.annotation.AnnotationParser::parseMemberValue (162 bytes)

GC Heap History (10 events):
Event: 0.568 GC heap before
{Heap before GC invocations=3 (full 0):
 PSYoungGen      total 17920K, used 17504K [0x00000000ec580000, 0x00000000ee880000, 0x0000000100000000)
  eden space 15360K, 100% used [0x00000000ec580000,0x00000000ed480000,0x00000000ed480000)
  from space 2560K, 83% used [0x00000000ed700000,0x00000000ed918020,0x00000000ed980000)
  to   space 2560K, 0% used [0x00000000ed480000,0x00000000ed480000,0x00000000ed700000)
 ParOldGen       total 40960K, used 496K [0x00000000c5000000, 0x00000000c7800000, 0x00000000ec580000)
  object space 40960K, 1% used [0x00000000c5000000,0x00000000c507c1b0,0x00000000c7800000)
 Metaspace       used 6449K, capacity 6568K, committed 6784K, reserved 1056768K
  class space    used 777K, capacity 821K, committed 896K, reserved 1048576K
Event: 0.570 GC heap after
Heap after GC invocations=3 (full 0):
 PSYoungGen      total 17920K, used 2550K [0x00000000ec580000, 0x00000000ee880000, 0x0000000100000000)
  eden space 15360K, 0% used [0x00000000ec580000,0x00000000ec580000,0x00000000ed480000)
  from space 2560K, 99% used [0x00000000ed480000,0x00000000ed6fd838,0x00000000ed700000)
  to   space 2560K, 0% used [0x00000000ee600000,0x00000000ee600000,0x00000000ee880000)
 ParOldGen       total 40960K, used 636K [0x00000000c5000000, 0x00000000c7800000, 0x00000000ec580000)
  object space 40960K, 1% used [0x00000000c5000000,0x00000000c509f008,0x00000000c7800000)
 Metaspace       used 6449K, capacity 6568K, committed 6784K, reserved 1056768K
  class space    used 777K, capacity 821K, committed 896K, reserved 1048576K
}
Event: 0.964 GC heap before
{Heap before GC invocations=4 (full 0):
 PSYoungGen      total 17920K, used 17910K [0x00000000ec580000, 0x00000000ee880000, 0x0000000100000000)
  eden space 15360K, 100% used [0x00000000ec580000,0x00000000ed480000,0x00000000ed480000)
  from space 2560K, 99% used [0x00000000ed480000,0x00000000ed6fd838,0x00000000ed700000)
  to   space 2560K, 0% used [0x00000000ee600000,0x00000000ee600000,0x00000000ee880000)
 ParOldGen       total 40960K, used 636K [0x00000000c5000000, 0x00000000c7800000, 0x00000000ec580000)
  object space 40960K, 1% used [0x00000000c5000000,0x00000000c509f008,0x00000000c7800000)
 Metaspace       used 8367K, capacity 8488K, committed 8576K, reserved 1056768K
  class space    used 1033K, capacity 1077K, committed 1152K, reserved 1048576K
Event: 0.968 GC heap after
Heap after GC invocations=4 (full 0):
 PSYoungGen      total 33280K, used 2528K [0x00000000ec580000, 0x00000000ee880000, 0x0000000100000000)
  eden space 30720K, 0% used [0x00000000ec580000,0x00000000ec580000,0x00000000ee380000)
  from space 2560K, 98% used [0x00000000ee600000,0x00000000ee878020,0x00000000ee880000)
  to   space 2560K, 0% used [0x00000000ee380000,0x00000000ee380000,0x00000000ee600000)
 ParOldGen       total 40960K, used 1163K [0x00000000c5000000, 0x00000000c7800000, 0x00000000ec580000)
  object space 40960K, 2% used [0x00000000c5000000,0x00000000c5122ff0,0x00000000c7800000)
 Metaspace       used 8367K, capacity 8488K, committed 8576K, reserved 1056768K
  class space    used 1033K, capacity 1077K, committed 1152K, reserved 1048576K
}
Event: 1.250 GC heap before
{Heap before GC invocations=5 (full 0):
 PSYoungGen      total 33280K, used 33248K [0x00000000ec580000, 0x00000000ee880000, 0x0000000100000000)
  eden space 30720K, 100% used [0x00000000ec580000,0x00000000ee380000,0x00000000ee380000)
  from space 2560K, 98% used [0x00000000ee600000,0x00000000ee878020,0x00000000ee880000)
  to   space 2560K, 0% used [0x00000000ee380000,0x00000000ee380000,0x00000000ee600000)
 ParOldGen       total 40960K, used 1163K [0x00000000c5000000, 0x00000000c7800000, 0x00000000ec580000)
  object space 40960K, 2% used [0x00000000c5000000,0x00000000c5122ff0,0x00000000c7800000)
 Metaspace       used 12742K, capacity 12872K, committed 12928K, reserved 1060864K
  class space    used 1578K, capacity 1621K, committed 1664K, reserved 1048576K
Event: 1.256 GC heap after
Heap after GC invocations=5 (full 0):
 PSYoungGen      total 33280K, used 2528K [0x00000000ec580000, 0x00000000f0d80000, 0x0000000100000000)
  eden space 30720K, 0% used [0x00000000ec580000,0x00000000ec580000,0x00000000ee380000)
  from space 2560K, 98% used [0x00000000ee380000,0x00000000ee5f8020,0x00000000ee600000)
  to   space 6144K, 0% used [0x00000000f0780000,0x00000000f0780000,0x00000000f0d80000)
 ParOldGen       total 40960K, used 5290K [0x00000000c5000000, 0x00000000c7800000, 0x00000000ec580000)
  object space 40960K, 12% used [0x00000000c5000000,0x00000000c552aa50,0x00000000c7800000)
 Metaspace       used 12742K, capacity 12872K, committed 12928K, reserved 1060864K
  class space    used 1578K, capacity 1621K, committed 1664K, reserved 1048576K
}
Event: 1.590 GC heap before
{Heap before GC invocations=6 (full 0):
 PSYoungGen      total 33280K, used 33248K [0x00000000ec580000, 0x00000000f0d80000, 0x0000000100000000)
  eden space 30720K, 100% used [0x00000000ec580000,0x00000000ee380000,0x00000000ee380000)
  from space 2560K, 98% used [0x00000000ee380000,0x00000000ee5f8020,0x00000000ee600000)
  to   space 6144K, 0% used [0x00000000f0780000,0x00000000f0780000,0x00000000f0d80000)
 ParOldGen       total 40960K, used 5290K [0x00000000c5000000, 0x00000000c7800000, 0x00000000ec580000)
  object space 40960K, 12% used [0x00000000c5000000,0x00000000c552aa50,0x00000000c7800000)
 Metaspace       used 16827K, capacity 16966K, committed 17280K, reserved 1064960K
  class space    used 2051K, capacity 2090K, committed 2176K, reserved 1048576K
Event: 1.598 GC heap after
Heap after GC invocations=6 (full 0):
 PSYoungGen      total 66048K, used 6124K [0x00000000ec580000, 0x00000000f1080000, 0x0000000100000000)
  eden space 59904K, 0% used [0x00000000ec580000,0x00000000ec580000,0x00000000f0000000)
  from space 6144K, 99% used [0x00000000f0780000,0x00000000f0d7b248,0x00000000f0d80000)
  to   space 7680K, 0% used [0x00000000f0000000,0x00000000f0000000,0x00000000f0780000)
 ParOldGen       total 40960K, used 5894K [0x00000000c5000000, 0x00000000c7800000, 0x00000000ec580000)
  object space 40960K, 14% used [0x00000000c5000000,0x00000000c55c1940,0x00000000c7800000)
 Metaspace       used 16827K, capacity 16966K, committed 17280K, reserved 1064960K
  class space    used 2051K, capacity 2090K, committed 2176K, reserved 1048576K
}
Event: 2.327 GC heap before
{Heap before GC invocations=7 (full 0):
 PSYoungGen      total 66048K, used 66028K [0x00000000ec580000, 0x00000000f1080000, 0x0000000100000000)
  eden space 59904K, 100% used [0x00000000ec580000,0x00000000f0000000,0x00000000f0000000)
  from space 6144K, 99% used [0x00000000f0780000,0x00000000f0d7b248,0x00000000f0d80000)
  to   space 7680K, 0% used [0x00000000f0000000,0x00000000f0000000,0x00000000f0780000)
 ParOldGen       total 40960K, used 5894K [0x00000000c5000000, 0x00000000c7800000, 0x00000000ec580000)
  object space 40960K, 14% used [0x00000000c5000000,0x00000000c55c1940,0x00000000c7800000)
 Metaspace       used 20582K, capacity 20896K, committed 21120K, reserved 1067008K
  class space    used 2502K, capacity 2612K, committed 2688K, reserved 1048576K
Event: 2.339 GC heap after
Heap after GC invocations=7 (full 0):
 PSYoungGen      total 67584K, used 7678K [0x00000000ec580000, 0x00000000f1080000, 0x0000000100000000)
  eden space 59904K, 0% used [0x00000000ec580000,0x00000000ec580000,0x00000000f0000000)
  from space 7680K, 99% used [0x00000000f0000000,0x00000000f077fb70,0x00000000f0780000)
  to   space 6144K, 0% used [0x00000000f0780000,0x00000000f0780000,0x00000000f0d80000)
 ParOldGen       total 40960K, used 8452K [0x00000000c5000000, 0x00000000c7800000, 0x00000000ec580000)
  object space 40960K, 20% used [0x00000000c5000000,0x00000000c58412e8,0x00000000c7800000)
 Metaspace       used 20582K, capacity 20896K, committed 21120K, reserved 1067008K
  class space    used 2502K, capacity 2612K, committed 2688K, reserved 1048576K
}

Deoptimization events (10 events):
Event: 1.558 Thread 0x000000001a008000 Uncommon trap: reason=unstable_if action=reinterpret pc=0x0000000004a15850 method=com.sun.org.apache.xerces.internal.impl.XMLEntityScanner.scanLiteral(ILcom/sun/org/apache/xerces/internal/xni/XMLString;Z)I @ 44
Event: 1.566 Thread 0x000000001a008000 Uncommon trap: reason=unstable_if action=reinterpret pc=0x0000000004a40b4c method=com.sun.org.apache.xerces.internal.util.SymbolTable.addSymbol([CII)Ljava/lang/String; @ 38
Event: 1.631 Thread 0x0000000018f61000 Uncommon trap: reason=unstable_if action=reinterpret pc=0x000000000496f6e4 method=java.io.WinNTFileSystem.normalize(Ljava/lang/String;)Ljava/lang/String; @ 128
Event: 1.633 Thread 0x0000000018f61000 Uncommon trap: reason=class_check action=maybe_recompile pc=0x00000000048a4e28 method=java.util.regex.Pattern$CharProperty.match(Ljava/util/regex/Matcher;ILjava/lang/CharSequence;)Z @ 37
Event: 1.633 Thread 0x0000000018f61000 Uncommon trap: reason=class_check action=maybe_recompile pc=0x00000000048a4e28 method=java.util.regex.Pattern$CharProperty.match(Ljava/util/regex/Matcher;ILjava/lang/CharSequence;)Z @ 37
Event: 1.694 Thread 0x000000001a008000 Uncommon trap: reason=class_check action=maybe_recompile pc=0x00000000048b8a1c method=java.util.regex.Matcher.search(I)Z @ 86
Event: 1.706 Thread 0x000000001a008000 Uncommon trap: reason=unstable_if action=reinterpret pc=0x000000000478bd0c method=sun.misc.MetaIndex.mayContain(Ljava/lang/String;)Z @ 38
Event: 1.835 Thread 0x0000000018f61000 Uncommon trap: reason=unstable_if action=reinterpret pc=0x0000000004b78ecc method=org.springframework.asm.ClassReader.readUTF8(I[C)Ljava/lang/String; @ 7
Event: 1.887 Thread 0x0000000018f61000 Uncommon trap: reason=unstable_if action=reinterpret pc=0x0000000004c043c4 method=org.springframework.asm.ClassReader.readUTF(II[C)Ljava/lang/String; @ 77
Event: 1.902 Thread 0x0000000018f61000 Uncommon trap: reason=unloaded action=reinterpret pc=0x0000000004b860e0 method=org.springframework.util.ConcurrentReferenceHashMap$Segment.restructureIfNecessary(Z)V @ 312

Internal exceptions (10 events):
Event: 1.458 Thread 0x0000000018f61000 Exception <a 'java/lang/ClassNotFoundException': org/springframework/beans/factory/groovy/GroovyBeanDefinitionReaderCustomizer> (0x00000000ed8d20a8) thrown at [C:\re\workspace\8-2-build-windows-amd64-cygwin\jdk8u144\9417\hotspot\src\share\vm\classfile\sys
Event: 1.588 Thread 0x0000000018f61000 Exception <a 'java/lang/ClassNotFoundException': org/springframework/context/annotation/ConfigurationClassPostProcessorBeanInfo> (0x00000000ee351948) thrown at [C:\re\workspace\8-2-build-windows-amd64-cygwin\jdk8u144\9417\hotspot\src\share\vm\classfile\sy
Event: 1.589 Thread 0x0000000018f61000 Exception <a 'java/lang/ClassNotFoundException': org/springframework/context/annotation/ConfigurationClassPostProcessorCustomizer> (0x00000000ee36ed00) thrown at [C:\re\workspace\8-2-build-windows-amd64-cygwin\jdk8u144\9417\hotspot\src\share\vm\classfile\
Event: 1.599 Thread 0x0000000018f61000 Exception <a 'java/lang/ClassNotFoundException': org/springframework/beans/factory/support/BeanDefinitionRegistryPostProcessorCustomizer> (0x00000000ec5a0610) thrown at [C:\re\workspace\8-2-build-windows-amd64-cygwin\jdk8u144\9417\hotspot\src\share\vm\cla
Event: 1.599 Thread 0x0000000018f61000 Exception <a 'java/lang/ClassNotFoundException': org/springframework/core/PriorityOrderedCustomizer> (0x00000000ec5b6758) thrown at [C:\re\workspace\8-2-build-windows-amd64-cygwin\jdk8u144\9417\hotspot\src\share\vm\classfile\systemDictionary.cpp, line 210
Event: 1.600 Thread 0x0000000018f61000 Exception <a 'java/lang/ClassNotFoundException': org/springframework/context/ResourceLoaderAwareCustomizer> (0x00000000ec5cd998) thrown at [C:\re\workspace\8-2-build-windows-amd64-cygwin\jdk8u144\9417\hotspot\src\share\vm\classfile\systemDictionary.cpp, l
Event: 1.600 Thread 0x0000000018f61000 Exception <a 'java/lang/ClassNotFoundException': org/springframework/beans/factory/BeanClassLoaderAwareCustomizer> (0x00000000ec5e7ef8) thrown at [C:\re\workspace\8-2-build-windows-amd64-cygwin\jdk8u144\9417\hotspot\src\share\vm\classfile\systemDictionary
Event: 1.601 Thread 0x0000000018f61000 Exception <a 'java/lang/ClassNotFoundException': org/springframework/context/EnvironmentAwareCustomizer> (0x00000000ec5ff838) thrown at [C:\re\workspace\8-2-build-windows-amd64-cygwin\jdk8u144\9417\hotspot\src\share\vm\classfile\systemDictionary.cpp, line
Event: 1.839 Thread 0x000000001a008000 Exception <a 'java/lang/NoSuchFieldError': method resolution failed> (0x00000000ede870c0) thrown at [C:\re\workspace\8-2-build-windows-amd64-cygwin\jdk8u144\9417\hotspot\src\share\vm\prims\methodHandles.cpp, line 1146]
Event: 1.840 Thread 0x000000001a008000 Exception <a 'java/lang/NoSuchFieldError': method resolution failed> (0x00000000ede94780) thrown at [C:\re\workspace\8-2-build-windows-amd64-cygwin\jdk8u144\9417\hotspot\src\share\vm\prims\methodHandles.cpp, line 1146]

Events (10 events):
Event: 2.220 loading class javax/inject/Named
Event: 2.220 loading class javax/inject/Named done
Event: 2.220 loading class javax/inject$Named
Event: 2.220 loading class javax/inject$Named done
Event: 2.292 loading class com/fasterxml/jackson/annotation/JsonProperty
Event: 2.292 loading class com/fasterxml/jackson/annotation/JsonProperty done
Event: 2.292 loading class com/fasterxml/jackson/annotation/JsonProperty$Access
Event: 2.292 loading class com/fasterxml/jackson/annotation/JsonProperty$Access done
Event: 2.327 Executing VM operation: ParallelGCFailedAllocation
Event: 2.339 Executing VM operation: ParallelGCFailedAllocation done


Dynamic libraries:
0x00007ff61cad0000 - 0x00007ff61cb07000 	C:\Program Files\Java\jre1.8.0_144\bin\javaw.exe
0x00007ff90c7f0000 - 0x00007ff90c9d0000 	C:\WINDOWS\SYSTEM32\ntdll.dll
0x00007ff90b2e0000 - 0x00007ff90b38e000 	C:\WINDOWS\System32\KERNEL32.DLL
0x00007ff909660000 - 0x00007ff9098c6000 	C:\WINDOWS\System32\KERNELBASE.dll
0x00007ff909dd0000 - 0x00007ff909e71000 	C:\WINDOWS\System32\ADVAPI32.dll
0x00007ff90c490000 - 0x00007ff90c52d000 	C:\WINDOWS\System32\msvcrt.dll
0x00007ff90b3f0000 - 0x00007ff90b44b000 	C:\WINDOWS\System32\sechost.dll
0x00007ff90bba0000 - 0x00007ff90bcbf000 	C:\WINDOWS\System32\RPCRT4.dll
0x00007ff90c530000 - 0x00007ff90c6bf000 	C:\WINDOWS\System32\USER32.dll
0x00007ff909ca0000 - 0x00007ff909cc0000 	C:\WINDOWS\System32\win32u.dll
0x00007ff90c2c0000 - 0x00007ff90c2e8000 	C:\WINDOWS\System32\GDI32.dll
0x00007ff908bf0000 - 0x00007ff908d83000 	C:\WINDOWS\System32\gdi32full.dll
0x00007ff908e10000 - 0x00007ff908eab000 	C:\WINDOWS\System32\msvcp_win.dll
0x00007ff909b50000 - 0x00007ff909c46000 	C:\WINDOWS\System32\ucrtbase.dll
0x00007ff8f7e70000 - 0x00007ff8f80d9000 	C:\WINDOWS\WinSxS\amd64_microsoft.windows.common-controls_6595b64144ccf1df_6.0.16299.371_none_15c7d1789365a290\COMCTL32.dll
0x00007ff90b520000 - 0x00007ff90b828000 	C:\WINDOWS\System32\combase.dll
0x00007ff908d90000 - 0x00007ff908e02000 	C:\WINDOWS\System32\bcryptPrimitives.dll
0x00007ff90c290000 - 0x00007ff90c2bd000 	C:\WINDOWS\System32\IMM32.DLL
0x0000000072010000 - 0x00000000720e2000 	C:\Program Files\Java\jre1.8.0_144\bin\msvcr100.dll
0x00000000721e0000 - 0x0000000072a7d000 	C:\Program Files\Java\jre1.8.0_144\bin\server\jvm.dll
0x00007ff90b2c0000 - 0x00007ff90b2c8000 	C:\WINDOWS\System32\PSAPI.DLL
0x00007ff8faf50000 - 0x00007ff8faf59000 	C:\WINDOWS\SYSTEM32\WSOCK32.dll
0x00007ff902020000 - 0x00007ff902043000 	C:\WINDOWS\SYSTEM32\WINMM.dll
0x00007ff8fbbf0000 - 0x00007ff8fbbfa000 	C:\WINDOWS\SYSTEM32\VERSION.dll
0x00007ff90bdd0000 - 0x00007ff90be3c000 	C:\WINDOWS\System32\WS2_32.dll
0x00007ff901ff0000 - 0x00007ff90201a000 	C:\WINDOWS\SYSTEM32\winmmbase.dll
0x00007ff909c50000 - 0x00007ff909c9a000 	C:\WINDOWS\System32\cfgmgr32.dll
0x00000000721d0000 - 0x00000000721df000 	C:\Program Files\Java\jre1.8.0_144\bin\verify.dll
0x00000000721a0000 - 0x00000000721c9000 	C:\Program Files\Java\jre1.8.0_144\bin\java.dll
0x0000000072180000 - 0x0000000072196000 	C:\Program Files\Java\jre1.8.0_144\bin\zip.dll
0x00007ff909e80000 - 0x00007ff90b2b6000 	C:\WINDOWS\System32\SHELL32.dll
0x00007ff90bd20000 - 0x00007ff90bdc6000 	C:\WINDOWS\System32\shcore.dll
0x00007ff908f10000 - 0x00007ff909657000 	C:\WINDOWS\System32\windows.storage.dll
0x00007ff90b390000 - 0x00007ff90b3e1000 	C:\WINDOWS\System32\shlwapi.dll
0x00007ff908b40000 - 0x00007ff908b51000 	C:\WINDOWS\System32\kernel.appcore.dll
0x00007ff908ba0000 - 0x00007ff908bec000 	C:\WINDOWS\System32\powrprof.dll
0x00007ff908b60000 - 0x00007ff908b7b000 	C:\WINDOWS\System32\profapi.dll
0x00000000720f0000 - 0x00000000720fd000 	C:\Program Files\Java\jre1.8.0_144\bin\management.dll
0x0000000072160000 - 0x000000007217a000 	C:\Program Files\Java\jre1.8.0_144\bin\net.dll
0x00007ff9083d0000 - 0x00007ff908436000 	C:\WINDOWS\system32\mswsock.dll
0x00007ff8fe7c0000 - 0x00007ff8fe7d6000 	C:\WINDOWS\system32\napinsp.dll
0x00007ff8fe7a0000 - 0x00007ff8fe7ba000 	C:\WINDOWS\system32\pnrpnsp.dll
0x00007ff905130000 - 0x00007ff905148000 	C:\WINDOWS\system32\NLAapi.dll
0x00007ff9081a0000 - 0x00007ff908256000 	C:\WINDOWS\SYSTEM32\DNSAPI.dll
0x00007ff90c310000 - 0x00007ff90c318000 	C:\WINDOWS\System32\NSI.dll
0x00007ff908160000 - 0x00007ff908199000 	C:\WINDOWS\SYSTEM32\IPHLPAPI.DLL
0x00007ff8fe790000 - 0x00007ff8fe79e000 	C:\WINDOWS\System32\winrnr.dll
0x0000000073290000 - 0x00000000732b6000 	C:\Program Files\Bonjour\mdnsNSP.dll
0x00007ff9038d0000 - 0x00007ff9038e5000 	C:\WINDOWS\System32\wshbth.dll
0x00007ff8ffa20000 - 0x00007ff8ffa2a000 	C:\Windows\System32\rasadhlp.dll
0x00007ff901130000 - 0x00007ff9011a0000 	C:\WINDOWS\System32\fwpuclnt.dll
0x00007ff9086a0000 - 0x00007ff9086c5000 	C:\WINDOWS\SYSTEM32\bcrypt.dll
0x0000000072140000 - 0x0000000072151000 	C:\Program Files\Java\jre1.8.0_144\bin\nio.dll

VM Arguments:
jvm_args: -Dfile.encoding=UTF-8 
java_command: com.softtech.localLevel.LocalLevelApplication
java_class_path (initial): C:\Users\Lothbroke\Desktop\SoftechProjects\Project\LocalLevel\target\classes;C:\Users\Lothbroke\.m2\repository\org\springframework\boot\spring-boot-starter-data-jpa\1.5.10.RELEASE\spring-boot-starter-data-jpa-1.5.10.RELEASE.jar;C:\Users\Lothbroke\.m2\repository\org\springframework\boot\spring-boot-starter\1.5.10.RELEASE\spring-boot-starter-1.5.10.RELEASE.jar;C:\Users\Lothbroke\.m2\repository\org\springframework\boot\spring-boot-starter-logging\1.5.10.RELEASE\spring-boot-starter-logging-1.5.10.RELEASE.jar;C:\Users\Lothbroke\.m2\repository\ch\qos\logback\logback-classic\1.1.11\logback-classic-1.1.11.jar;C:\Users\Lothbroke\.m2\repository\ch\qos\logback\logback-core\1.1.11\logback-core-1.1.11.jar;C:\Users\Lothbroke\.m2\repository\org\slf4j\jul-to-slf4j\1.7.25\jul-to-slf4j-1.7.25.jar;C:\Users\Lothbroke\.m2\repository\org\slf4j\log4j-over-slf4j\1.7.25\log4j-over-slf4j-1.7.25.jar;C:\Users\Lothbroke\.m2\repository\org\yaml\snakeyaml\1.17\snakeyaml-1.17.jar;C:\Users\Lothbroke\.m2\repository\org\springframework\boot\spring-boot-starter-aop\1.5.10.RELEASE\spring-boot-starter-aop-1.5.10.RELEASE.jar;C:\Users\Lothbroke\.m2\repository\org\springframework\spring-aop\4.3.14.RELEASE\spring-aop-4.3.14.RELEASE.jar;C:\Users\Lothbroke\.m2\repository\org\aspectj\aspectjweaver\1.8.13\aspectjweaver-1.8.13.jar;C:\Users\Lothbroke\.m2\repository\org\springframework\boot\spring-boot-starter-jdbc\1.5.10.RELEASE\spring-boot-starter-jdbc-1.5.10.RELEASE.jar;C:\Users\Lothbroke\.m2\repository\org\apache\tomcat\tomcat-jdbc\8.5.27\tomcat-jdbc-8.5.27.jar;C:\Users\Lothbroke\.m2\repository\org\apache\tomcat\tomcat-juli\8.5.27\tomcat-juli-8.5.27.jar;C:\Users\Lothbroke\.m2\repository\org\springframework\spring-jdbc\4.3.14.RELEASE\spring-jdbc-4.3.14.RELEASE.jar;C:\Users\Lothbroke\.m2\repository\org\hibernate\hibernate-core\5.0.12.Final\hibernate-core-5.0.12.Final.jar;C:\Users\Lothbroke\.m2\repository\org\jboss\logging\jboss-logging\3.3.1.Final\jboss-logging-3.3.1.Final.jar;C:\Use
Launcher Type: SUN_STANDARD

Environment Variables:
JAVA_HOME=C:\Program Files\Java\jdk1.8.0_144
JRE_HOME=C:\Program Files\Java\jre1.8.0_144
CLASSPATH="C:\mysql-connector-java-5.1.43.jar;C:\apache-tomcat-7.0.86\lib\servlet-api.jar;C:\apache-tomcat-7.0.86\lib\jsp-api.jar;";
PATH=C:/Program Files/Java/jre1.8.0_144/bin/server;C:/Program Files/Java/jre1.8.0_144/bin;C:/Program Files/Java/jre1.8.0_144/lib/amd64;C:\app\Lothbroke\product\11.2.0\dbhome_1\bin;C:\ProgramData\Oracle\Java\javapath;"C:\ProgramData\Oracle\Java\javapath;C:\Program Files\Java\jdk1.8.0_144;C:\Program Files\Java\jre1.8.0_144";C:\WINDOWS\system32;C:\WINDOWS;C:\WINDOWS\System32\Wbem;C:\WINDOWS\System32\WindowsPowerShell\v1.0\;C:\Program Files\PuTTY\;C:\Program Files\nodejs\;C:\Program Files\Apache software foundation\apache-maven-3.5.0\bin;C:\Users\Lothbroke\AppData\Local\Microsoft\WindowsApps;C:\Program Files\Java\jdk1.8.0_144\bin;C:\Users\Lothbroke\AppData\Roaming\npm;C:\Program Files (x86)\Microsoft VS Code\bin;C:\Users\Lothbroke\Desktop\eclipse;
USERNAME=Lothbroke
OS=Windows_NT
PROCESSOR_IDENTIFIER=Intel64 Family 6 Model 60 Stepping 3, GenuineIntel



---------------  S Y S T E M  ---------------

OS: Windows 10.0 , 64 bit Build 16299 (10.0.16299.15)

CPU:total 8 (initial active 8) (4 cores per cpu, 2 threads per core) family 6 model 60 stepping 3, cmov, cx8, fxsr, mmx, sse, sse2, sse3, ssse3, sse4.1, sse4.2, popcnt, avx, avx2, aes, clmul, erms, lzcnt, ht, tsc, tscinvbit, bmi1, bmi2

Memory: 4k page, physical 3859708k(283056k free), swap 7955708k(1084k free)

vm_info: Java HotSpot(TM) 64-Bit Server VM (25.144-b01) for windows-amd64 JRE (1.8.0_144-b01), built on Jul 21 2017 21:57:33 by "java_re" with MS VC++ 10.0 (VS2010)

time: Thu May 03 13:34:45 2018
elapsed time: 2 seconds (0d 0h 0m 2s)

