#
# There is insufficient memory for the Java Runtime Environment to continue.
# Native memory allocation (malloc) failed to allocate 2132656 bytes for Chunk::new
# Possible reasons:
#   The system is out of physical RAM or swap space
#   In 32 bit mode, the process size limit was hit
# Possible solutions:
#   Reduce memory load on the system
#   Increase physical memory or swap space
#   Check if swap backing store is full
#   Use 64 bit Java on a 64 bit OS
#   Decrease Java heap size (-Xmx/-Xms)
#   Decrease number of Java threads
#   Decrease Java thread stack sizes (-Xss)
#   Set larger code cache with -XX:ReservedCodeCacheSize=
# This output file may be truncated or incomplete.
#
#  Out of Memory Error (allocation.cpp:390), pid=9036, tid=0x0000000000001c20
#
# JRE version: Java(TM) SE Runtime Environment (8.0_144-b01) (build 1.8.0_144-b01)
# Java VM: Java HotSpot(TM) 64-Bit Server VM (25.144-b01 mixed mode windows-amd64 compressed oops)
# Failed to write core dump. Minidumps are not enabled by default on client versions of Windows
#

---------------  T H R E A D  ---------------

Current thread (0x0000000019485800):  JavaThread "C2 CompilerThread1" daemon [_thread_in_native, id=7200, stack(0x0000000019d40000,0x0000000019e40000)]

Stack: [0x0000000019d40000,0x0000000019e40000]
[error occurred during error reporting (printing stack bounds), id 0xc0000005]

Native frames: (J=compiled Java code, j=interpreted, Vv=VM code, C=native code)


Current CompileTask:
C2:   2728 2808       4       java.net.URLClassLoader$1::run (5 bytes)


---------------  P R O C E S S  ---------------

Java Threads: ( => current thread )
  0x0000000019520800 JavaThread "Service Thread" daemon [_thread_blocked, id=8268, stack(0x000000001a040000,0x000000001a140000)]
  0x0000000019495800 JavaThread "C1 CompilerThread3" daemon [_thread_blocked, id=15172, stack(0x0000000019f40000,0x000000001a040000)]
  0x000000001948a000 JavaThread "C2 CompilerThread2" daemon [_thread_in_native, id=12672, stack(0x0000000019e40000,0x0000000019f40000)]
=>0x0000000019485800 JavaThread "C2 CompilerThread1" daemon [_thread_in_native, id=7200, stack(0x0000000019d40000,0x0000000019e40000)]
  0x0000000019482800 JavaThread "C2 CompilerThread0" daemon [_thread_blocked, id=15472, stack(0x0000000019c40000,0x0000000019d40000)]
  0x000000001947d000 JavaThread "Attach Listener" daemon [_thread_blocked, id=9520, stack(0x0000000019b40000,0x0000000019c40000)]
  0x000000001947c000 JavaThread "Signal Dispatcher" daemon [_thread_blocked, id=14504, stack(0x0000000019a40000,0x0000000019b40000)]
  0x0000000019470800 JavaThread "Finalizer" daemon [_thread_blocked, id=13796, stack(0x0000000019850000,0x0000000019950000)]
  0x0000000004d59000 JavaThread "Reference Handler" daemon [_thread_blocked, id=15844, stack(0x0000000019350000,0x0000000019450000)]
  0x0000000004c64800 JavaThread "main" [_thread_in_native, id=5748, stack(0x0000000004b60000,0x0000000004c60000)]

Other Threads:
  0x0000000017589800 VMThread [stack: 0x0000000019250000,0x0000000019350000] [id=8884]
  0x000000001956b000 WatcherThread [stack: 0x000000001a140000,0x000000001a240000] [id=12472]

VM state:not at safepoint (normal execution)

VM Mutex/Monitor currently owned by a thread: None

Heap:
 PSYoungGen      total 33280K, used 5101K [0x00000000ec580000, 0x00000000ee880000, 0x0000000100000000)
  eden space 30720K, 9% used [0x00000000ec580000,0x00000000ec84b7d8,0x00000000ee380000)
  from space 2560K, 87% used [0x00000000ee380000,0x00000000ee5b0000,0x00000000ee600000)
  to   space 2560K, 0% used [0x00000000ee600000,0x00000000ee600000,0x00000000ee880000)
 ParOldGen       total 33280K, used 15699K [0x00000000c5000000, 0x00000000c7080000, 0x00000000ec580000)
  object space 33280K, 47% used [0x00000000c5000000,0x00000000c5f54e48,0x00000000c7080000)
 Metaspace       used 25645K, capacity 25984K, committed 26112K, reserved 1073152K
  class space    used 3185K, capacity 3271K, committed 3328K, reserved 1048576K

Card table byte_map: [0x0000000014120000,0x0000000014300000] byte_map_base: 0x0000000013af8000

Marking Bits: (ParMarkBitMap*) 0x000000007012d850
 Begin Bits: [0x0000000014c40000, 0x0000000015b00000)
 End Bits:   [0x0000000015b00000, 0x00000000169c0000)

Polling page: 0x0000000004a40000

CodeCache: size=245760Kb used=10930Kb max_used=10941Kb free=234829Kb
 bounds [0x0000000004d60000, 0x0000000005820000, 0x0000000013d60000]
 total_blobs=3264 nmethods=2900 adapters=276
 compilation: enabled

Compilation events (10 events):
Event: 2.485 Thread 0x0000000019495800 nmethod 2900 0x000000000580e050 code [0x000000000580e1c0, 0x000000000580e3e8]
Event: 2.485 Thread 0x0000000019495800 2903       3       org.springframework.cglib.core.ReflectUtils::getMethodInfo (16 bytes)
Event: 2.486 Thread 0x0000000019495800 nmethod 2903 0x000000000580da10 code [0x000000000580db80, 0x000000000580dea8]
Event: 2.486 Thread 0x0000000019495800 2904       3       org.springframework.cglib.core.ReflectUtils$5::<init> (20 bytes)
Event: 2.486 Thread 0x0000000019495800 nmethod 2904 0x0000000005812150 code [0x00000000058122c0, 0x00000000058124f0]
Event: 2.486 Thread 0x0000000019495800 2905       3       org.springframework.cglib.core.TypeUtils::isInterface (14 bytes)
Event: 2.486 Thread 0x0000000019495800 nmethod 2905 0x00000000058125d0 code [0x0000000005812720, 0x00000000058128b0]
Event: 2.487 Thread 0x0000000019482800 nmethod 2896 0x00000000058159d0 code [0x0000000005815b60, 0x0000000005815f98]
Event: 2.487 Thread 0x0000000019482800 2899   !   4       com.sun.proxy.$Proxy1::annotationType (29 bytes)
Event: 2.488 Thread 0x0000000019482800 nmethod 2899 0x0000000005816390 code [0x00000000058164e0, 0x0000000005816628]

GC Heap History (10 events):
Event: 1.386 GC heap before
{Heap before GC invocations=8 (full 0):
 PSYoungGen      total 33280K, used 3032K [0x00000000ec580000, 0x00000000ee880000, 0x0000000100000000)
  eden space 30720K, 1% used [0x00000000ec580000,0x00000000ec5f60d8,0x00000000ee380000)
  from space 2560K, 100% used [0x00000000ee380000,0x00000000ee600000,0x00000000ee600000)
  to   space 2560K, 0% used [0x00000000ee600000,0x00000000ee600000,0x00000000ee880000)
 ParOldGen       total 40960K, used 15964K [0x00000000c5000000, 0x00000000c7800000, 0x00000000ec580000)
  object space 40960K, 38% used [0x00000000c5000000,0x00000000c5f97170,0x00000000c7800000)
 Metaspace       used 20873K, capacity 21166K, committed 21296K, reserved 1069056K
  class space    used 2541K, capacity 2644K, committed 2688K, reserved 1048576K
Event: 1.389 GC heap after
Heap after GC invocations=8 (full 0):
 PSYoungGen      total 33280K, used 2240K [0x00000000ec580000, 0x00000000ee880000, 0x0000000100000000)
  eden space 30720K, 0% used [0x00000000ec580000,0x00000000ec580000,0x00000000ee380000)
  from space 2560K, 87% used [0x00000000ee600000,0x00000000ee830020,0x00000000ee880000)
  to   space 2560K, 0% used [0x00000000ee380000,0x00000000ee380000,0x00000000ee600000)
 ParOldGen       total 40960K, used 16460K [0x00000000c5000000, 0x00000000c7800000, 0x00000000ec580000)
  object space 40960K, 40% used [0x00000000c5000000,0x00000000c60130e0,0x00000000c7800000)
 Metaspace       used 20873K, capacity 21166K, committed 21296K, reserved 1069056K
  class space    used 2541K, capacity 2644K, committed 2688K, reserved 1048576K
}
Event: 1.389 GC heap before
{Heap before GC invocations=9 (full 1):
 PSYoungGen      total 33280K, used 2240K [0x00000000ec580000, 0x00000000ee880000, 0x0000000100000000)
  eden space 30720K, 0% used [0x00000000ec580000,0x00000000ec580000,0x00000000ee380000)
  from space 2560K, 87% used [0x00000000ee600000,0x00000000ee830020,0x00000000ee880000)
  to   space 2560K, 0% used [0x00000000ee380000,0x00000000ee380000,0x00000000ee600000)
 ParOldGen       total 40960K, used 16460K [0x00000000c5000000, 0x00000000c7800000, 0x00000000ec580000)
  object space 40960K, 40% used [0x00000000c5000000,0x00000000c60130e0,0x00000000c7800000)
 Metaspace       used 20873K, capacity 21166K, committed 21296K, reserved 1069056K
  class space    used 2541K, capacity 2644K, committed 2688K, reserved 1048576K
Event: 1.428 GC heap after
Heap after GC invocations=9 (full 1):
 PSYoungGen      total 33280K, used 0K [0x00000000ec580000, 0x00000000ee880000, 0x0000000100000000)
  eden space 30720K, 0% used [0x00000000ec580000,0x00000000ec580000,0x00000000ee380000)
  from space 2560K, 0% used [0x00000000ee600000,0x00000000ee600000,0x00000000ee880000)
  to   space 2560K, 0% used [0x00000000ee380000,0x00000000ee380000,0x00000000ee600000)
 ParOldGen       total 33280K, used 10918K [0x00000000c5000000, 0x00000000c7080000, 0x00000000ec580000)
  object space 33280K, 32% used [0x00000000c5000000,0x00000000c5aa9b30,0x00000000c7080000)
 Metaspace       used 20873K, capacity 21166K, committed 21296K, reserved 1069056K
  class space    used 2541K, capacity 2644K, committed 2688K, reserved 1048576K
}
Event: 1.705 GC heap before
{Heap before GC invocations=10 (full 1):
 PSYoungGen      total 33280K, used 30720K [0x00000000ec580000, 0x00000000ee880000, 0x0000000100000000)
  eden space 30720K, 100% used [0x00000000ec580000,0x00000000ee380000,0x00000000ee380000)
  from space 2560K, 0% used [0x00000000ee600000,0x00000000ee600000,0x00000000ee880000)
  to   space 2560K, 0% used [0x00000000ee380000,0x00000000ee380000,0x00000000ee600000)
 ParOldGen       total 33280K, used 10918K [0x00000000c5000000, 0x00000000c7080000, 0x00000000ec580000)
  object space 33280K, 32% used [0x00000000c5000000,0x00000000c5aa9b30,0x00000000c7080000)
 Metaspace       used 22326K, capacity 22642K, committed 22832K, reserved 1069056K
  class space    used 2750K, capacity 2874K, committed 2944K, reserved 1048576K
Event: 1.710 GC heap after
Heap after GC invocations=10 (full 1):
 PSYoungGen      total 33280K, used 2552K [0x00000000ec580000, 0x00000000ee880000, 0x0000000100000000)
  eden space 30720K, 0% used [0x00000000ec580000,0x00000000ec580000,0x00000000ee380000)
  from space 2560K, 99% used [0x00000000ee380000,0x00000000ee5fe168,0x00000000ee600000)
  to   space 2560K, 0% used [0x00000000ee600000,0x00000000ee600000,0x00000000ee880000)
 ParOldGen       total 33280K, used 11862K [0x00000000c5000000, 0x00000000c7080000, 0x00000000ec580000)
  object space 33280K, 35% used [0x00000000c5000000,0x00000000c5b95b60,0x00000000c7080000)
 Metaspace       used 22326K, capacity 22642K, committed 22832K, reserved 1069056K
  class space    used 2750K, capacity 2874K, committed 2944K, reserved 1048576K
}
Event: 2.129 GC heap before
{Heap before GC invocations=11 (full 1):
 PSYoungGen      total 33280K, used 33272K [0x00000000ec580000, 0x00000000ee880000, 0x0000000100000000)
  eden space 30720K, 100% used [0x00000000ec580000,0x00000000ee380000,0x00000000ee380000)
  from space 2560K, 99% used [0x00000000ee380000,0x00000000ee5fe168,0x00000000ee600000)
  to   space 2560K, 0% used [0x00000000ee600000,0x00000000ee600000,0x00000000ee880000)
 ParOldGen       total 33280K, used 11862K [0x00000000c5000000, 0x00000000c7080000, 0x00000000ec580000)
  object space 33280K, 35% used [0x00000000c5000000,0x00000000c5b95b60,0x00000000c7080000)
 Metaspace       used 24328K, capacity 24656K, committed 24960K, reserved 1071104K
  class space    used 3015K, capacity 3135K, committed 3200K, reserved 1048576K
Event: 2.132 GC heap after
Heap after GC invocations=11 (full 1):
 PSYoungGen      total 33280K, used 2528K [0x00000000ec580000, 0x00000000ee880000, 0x0000000100000000)
  eden space 30720K, 0% used [0x00000000ec580000,0x00000000ec580000,0x00000000ee380000)
  from space 2560K, 98% used [0x00000000ee600000,0x00000000ee878020,0x00000000ee880000)
  to   space 2560K, 0% used [0x00000000ee380000,0x00000000ee380000,0x00000000ee600000)
 ParOldGen       total 33280K, used 13428K [0x00000000c5000000, 0x00000000c7080000, 0x00000000ec580000)
  object space 33280K, 40% used [0x00000000c5000000,0x00000000c5d1d0e0,0x00000000c7080000)
 Metaspace       used 24328K, capacity 24656K, committed 24960K, reserved 1071104K
  class space    used 3015K, capacity 3135K, committed 3200K, reserved 1048576K
}
Event: 2.413 GC heap before
{Heap before GC invocations=12 (full 1):
 PSYoungGen      total 33280K, used 33248K [0x00000000ec580000, 0x00000000ee880000, 0x0000000100000000)
  eden space 30720K, 100% used [0x00000000ec580000,0x00000000ee380000,0x00000000ee380000)
  from space 2560K, 98% used [0x00000000ee600000,0x00000000ee878020,0x00000000ee880000)
  to   space 2560K, 0% used [0x00000000ee380000,0x00000000ee380000,0x00000000ee600000)
 ParOldGen       total 33280K, used 13428K [0x00000000c5000000, 0x00000000c7080000, 0x00000000ec580000)
  object space 33280K, 40% used [0x00000000c5000000,0x00000000c5d1d0e0,0x00000000c7080000)
 Metaspace       used 25313K, capacity 25664K, committed 25856K, reserved 1071104K
  class space    used 3160K, capacity 3271K, committed 3328K, reserved 1048576K
Event: 2.418 GC heap after
Heap after GC invocations=12 (full 1):
 PSYoungGen      total 33280K, used 2240K [0x00000000ec580000, 0x00000000ee880000, 0x0000000100000000)
  eden space 30720K, 0% used [0x00000000ec580000,0x00000000ec580000,0x00000000ee380000)
  from space 2560K, 87% used [0x00000000ee380000,0x00000000ee5b0000,0x00000000ee600000)
  to   space 2560K, 0% used [0x00000000ee600000,0x00000000ee600000,0x00000000ee880000)
 ParOldGen       total 33280K, used 15699K [0x00000000c5000000, 0x00000000c7080000, 0x00000000ec580000)
  object space 33280K, 47% used [0x00000000c5000000,0x00000000c5f54e48,0x00000000c7080000)
 Metaspace       used 25313K, capacity 25664K, committed 25856K, reserved 1071104K
  class space    used 3160K, capacity 3271K, committed 3328K, reserved 1048576K
}

Deoptimization events (10 events):
Event: 2.227 Thread 0x0000000004c64800 Uncommon trap: reason=class_check action=maybe_recompile pc=0x000000000573b9c4 method=org.springframework.beans.factory.support.AbstractAutowireCapableBeanFactory.predictBeanType(Ljava/lang/String;Lorg/springframework/beans/factory/support/RootBeanDefinit
Event: 2.227 Thread 0x0000000004c64800 Uncommon trap: reason=class_check action=maybe_recompile pc=0x000000000573b9c4 method=org.springframework.beans.factory.support.AbstractAutowireCapableBeanFactory.predictBeanType(Ljava/lang/String;Lorg/springframework/beans/factory/support/RootBeanDefinit
Event: 2.227 Thread 0x0000000004c64800 Uncommon trap: reason=class_check action=maybe_recompile pc=0x000000000573b9c4 method=org.springframework.beans.factory.support.AbstractAutowireCapableBeanFactory.predictBeanType(Ljava/lang/String;Lorg/springframework/beans/factory/support/RootBeanDefinit
Event: 2.227 Thread 0x0000000004c64800 Uncommon trap: reason=class_check action=maybe_recompile pc=0x000000000573b9c4 method=org.springframework.beans.factory.support.AbstractAutowireCapableBeanFactory.predictBeanType(Ljava/lang/String;Lorg/springframework/beans/factory/support/RootBeanDefinit
Event: 2.227 Thread 0x0000000004c64800 Uncommon trap: reason=class_check action=maybe_recompile pc=0x000000000573cb2c method=org.springframework.beans.factory.support.AbstractAutowireCapableBeanFactory.predictBeanType(Ljava/lang/String;Lorg/springframework/beans/factory/support/RootBeanDefinit
Event: 2.249 Thread 0x0000000004c64800 Uncommon trap: reason=unstable_if action=reinterpret pc=0x000000000547d4a0 method=java.util.WeakHashMap.remove(Ljava/lang/Object;)Ljava/lang/Object; @ 94
Event: 2.348 Thread 0x0000000004c64800 Uncommon trap: reason=unstable_if action=reinterpret pc=0x000000000509d494 method=java.lang.reflect.Method.equals(Ljava/lang/Object;)Z @ 1
Event: 2.366 Thread 0x0000000004c64800 Uncommon trap: reason=unstable_if action=reinterpret pc=0x00000000056ab5a4 method=org.springframework.asm.Type.getArgumentsAndReturnSizes(Ljava/lang/String;)I @ 88
Event: 2.366 Thread 0x0000000004c64800 Uncommon trap: reason=unstable_if action=reinterpret pc=0x0000000005691a9c method=org.springframework.asm.Type.getArgumentTypes(Ljava/lang/String;)[Lorg/springframework/asm/Type; @ 58
Event: 2.367 Thread 0x0000000004c64800 Uncommon trap: reason=unstable_if action=reinterpret pc=0x00000000056f5f64 method=org.springframework.asm.Type.getArgumentsAndReturnSizes(Ljava/lang/String;)I @ 88

Internal exceptions (10 events):
Event: 2.403 Thread 0x0000000004c64800 Exception <a 'java/lang/ClassNotFoundException': org/springframework/beans/factory/config/BeanPostProcessorCustomizer> (0x00000000ee2b9ee8) thrown at [C:\re\workspace\8-2-build-windows-amd64-cygwin\jdk8u144\9417\hotspot\src\share\vm\classfile\systemDictio
Event: 2.413 Thread 0x0000000004c64800 Exception <a 'java/lang/ClassNotFoundException': java/lang/ObjectCustomizer> (0x00000000ee378800) thrown at [C:\re\workspace\8-2-build-windows-amd64-cygwin\jdk8u144\9417\hotspot\src\share\vm\classfile\systemDictionary.cpp, line 210]
Event: 2.419 Thread 0x0000000004c64800 Exception <a 'java/lang/ClassNotFoundException': org/springframework/data/web/config/ProjectingArgumentResolverRegistrar$ProjectingArgumentResolverBeanPostProcessorCustomizer> (0x00000000ec5a3480) thrown at [C:\re\workspace\8-2-build-windows-amd64-cygwin\
Event: 2.419 Thread 0x0000000004c64800 Exception <a 'java/lang/ClassNotFoundException': org/springframework/beans/factory/config/BeanPostProcessorCustomizer> (0x00000000ec5c4588) thrown at [C:\re\workspace\8-2-build-windows-amd64-cygwin\jdk8u144\9417\hotspot\src\share\vm\classfile\systemDictio
Event: 2.420 Thread 0x0000000004c64800 Exception <a 'java/lang/ClassNotFoundException': org/springframework/beans/factory/BeanFactoryAwareCustomizer> (0x00000000ec5dc3f0) thrown at [C:\re\workspace\8-2-build-windows-amd64-cygwin\jdk8u144\9417\hotspot\src\share\vm\classfile\systemDictionary.cpp
Event: 2.421 Thread 0x0000000004c64800 Exception <a 'java/lang/ClassNotFoundException': org/springframework/beans/factory/BeanClassLoaderAwareCustomizer> (0x00000000ec5f5028) thrown at [C:\re\workspace\8-2-build-windows-amd64-cygwin\jdk8u144\9417\hotspot\src\share\vm\classfile\systemDictionary
Event: 2.481 Thread 0x0000000004c64800 Exception <a 'java/lang/ClassNotFoundException': java/lang/ObjectCustomizer> (0x00000000ec646450) thrown at [C:\re\workspace\8-2-build-windows-amd64-cygwin\jdk8u144\9417\hotspot\src\share\vm\classfile\systemDictionary.cpp, line 210]
Event: 2.482 Thread 0x0000000004c64800 Exception <a 'java/lang/ClassNotFoundException': org/springframework/boot/autoconfigure/web/EmbeddedServletContainerAutoConfiguration$EmbeddedTomcatCustomizer> (0x00000000ec66daf8) thrown at [C:\re\workspace\8-2-build-windows-amd64-cygwin\jdk8u144\9417\ho
Event: 2.482 Thread 0x0000000004c64800 Exception <a 'java/lang/ClassNotFoundException': org/springframework/boot/autoconfigure/web/EmbeddedServletContainerAutoConfiguration$EmbeddedTomcat$$EnhancerBySpringCGLIB$$c4c38f5bCustomizer> (0x00000000ec69adc0) thrown at [C:\re\workspace\8-2-build-wind
Event: 2.482 Thread 0x0000000004c64800 Exception <a 'java/lang/ClassNotFoundException': org/springframework/context/annotation/ConfigurationClassEnhancer$EnhancedConfigurationCustomizer> (0x00000000ec6c2328) thrown at [C:\re\workspace\8-2-build-windows-amd64-cygwin\jdk8u144\9417\hotspot\src\sh

Events (10 events):
Event: 2.555 loading class org/apache/coyote/AbstractProtocol
Event: 2.555 loading class org/apache/coyote/AbstractProtocol done
Event: 2.565 loading class org/apache/coyote/ProtocolHandler
Event: 2.565 loading class org/apache/coyote/ProtocolHandler done
Event: 2.597 loading class org/springframework/boot/context/embedded/Compression
Event: 2.597 loading class org/springframework/boot/context/embedded/Compression done
Event: 2.598 loading class org/springframework/boot/context/embedded/tomcat/TomcatEmbeddedContext
Event: 2.598 loading class org/springframework/boot/context/embedded/tomcat/TomcatEmbeddedContext done
Event: 2.598 loading class org/apache/catalina/core/StandardContext
Event: 2.598 loading class org/apache/catalina/core/StandardContext done


Dynamic libraries:
0x00007ff7f1340000 - 0x00007ff7f1377000 	C:\Program Files\Java\jre1.8.0_144\bin\javaw.exe
0x00007ff97bfe0000 - 0x00007ff97c1c0000 	C:\WINDOWS\SYSTEM32\ntdll.dll
0x00007ff97ac20000 - 0x00007ff97acce000 	C:\WINDOWS\System32\KERNEL32.DLL
0x00007ff979040000 - 0x00007ff9792a6000 	C:\WINDOWS\System32\KERNELBASE.dll
0x00007ff97aa00000 - 0x00007ff97aaa1000 	C:\WINDOWS\System32\ADVAPI32.dll
0x00007ff97b150000 - 0x00007ff97b1ed000 	C:\WINDOWS\System32\msvcrt.dll
0x00007ff97b1f0000 - 0x00007ff97b24b000 	C:\WINDOWS\System32\sechost.dll
0x00007ff97b250000 - 0x00007ff97b36f000 	C:\WINDOWS\System32\RPCRT4.dll
0x00007ff97b850000 - 0x00007ff97b9df000 	C:\WINDOWS\System32\USER32.dll
0x00007ff9783e0000 - 0x00007ff978400000 	C:\WINDOWS\System32\win32u.dll
0x00007ff97acd0000 - 0x00007ff97acf8000 	C:\WINDOWS\System32\GDI32.dll
0x00007ff9784d0000 - 0x00007ff978663000 	C:\WINDOWS\System32\gdi32full.dll
0x00007ff979410000 - 0x00007ff9794ab000 	C:\WINDOWS\System32\msvcp_win.dll
0x00007ff979310000 - 0x00007ff979406000 	C:\WINDOWS\System32\ucrtbase.dll
0x00007ff968900000 - 0x00007ff968b69000 	C:\WINDOWS\WinSxS\amd64_microsoft.windows.common-controls_6595b64144ccf1df_6.0.16299.309_none_15cfd4c4935e6b11\COMCTL32.dll
0x00007ff97b540000 - 0x00007ff97b848000 	C:\WINDOWS\System32\combase.dll
0x00007ff978450000 - 0x00007ff9784c2000 	C:\WINDOWS\System32\bcryptPrimitives.dll
0x00007ff9794b0000 - 0x00007ff9794dd000 	C:\WINDOWS\System32\IMM32.DLL
0x0000000070490000 - 0x0000000070562000 	C:\Program Files\Java\jre1.8.0_144\bin\msvcr100.dll
0x000000006f910000 - 0x00000000701ad000 	C:\Program Files\Java\jre1.8.0_144\bin\server\jvm.dll
0x00007ff97be30000 - 0x00007ff97be38000 	C:\WINDOWS\System32\PSAPI.DLL
0x00007ff96ba50000 - 0x00007ff96ba59000 	C:\WINDOWS\SYSTEM32\WSOCK32.dll
0x00007ff96ba30000 - 0x00007ff96ba3a000 	C:\WINDOWS\SYSTEM32\VERSION.dll
0x00007ff971310000 - 0x00007ff971333000 	C:\WINDOWS\SYSTEM32\WINMM.dll
0x00007ff97b0e0000 - 0x00007ff97b14c000 	C:\WINDOWS\System32\WS2_32.dll
0x00007ff9712e0000 - 0x00007ff97130a000 	C:\WINDOWS\SYSTEM32\WINMMBASE.dll
0x00007ff978400000 - 0x00007ff97844a000 	C:\WINDOWS\System32\cfgmgr32.dll
0x000000006f820000 - 0x000000006f82f000 	C:\Program Files\Java\jre1.8.0_144\bin\verify.dll
0x000000006f7f0000 - 0x000000006f819000 	C:\Program Files\Java\jre1.8.0_144\bin\java.dll
0x000000006f7d0000 - 0x000000006f7e6000 	C:\Program Files\Java\jre1.8.0_144\bin\zip.dll
0x00007ff9795c0000 - 0x00007ff97a9f6000 	C:\WINDOWS\System32\SHELL32.dll
0x00007ff97ad20000 - 0x00007ff97adc6000 	C:\WINDOWS\System32\shcore.dll
0x00007ff978840000 - 0x00007ff978f87000 	C:\WINDOWS\System32\windows.storage.dll
0x00007ff97b080000 - 0x00007ff97b0d1000 	C:\WINDOWS\System32\shlwapi.dll
0x00007ff9783a0000 - 0x00007ff9783b1000 	C:\WINDOWS\System32\kernel.appcore.dll
0x00007ff978350000 - 0x00007ff97839c000 	C:\WINDOWS\System32\powrprof.dll
0x00007ff978330000 - 0x00007ff97834b000 	C:\WINDOWS\System32\profapi.dll
0x0000000070570000 - 0x000000007057d000 	C:\Program Files\Java\jre1.8.0_144\bin\management.dll
0x000000006f7b0000 - 0x000000006f7ca000 	C:\Program Files\Java\jre1.8.0_144\bin\net.dll
0x00007ff977bc0000 - 0x00007ff977c26000 	C:\WINDOWS\system32\mswsock.dll
0x00007ff9694d0000 - 0x00007ff9694e6000 	C:\WINDOWS\system32\napinsp.dll
0x00007ff9694b0000 - 0x00007ff9694ca000 	C:\WINDOWS\system32\pnrpnsp.dll
0x00007ff974920000 - 0x00007ff974938000 	C:\WINDOWS\system32\NLAapi.dll
0x00007ff977990000 - 0x00007ff977a46000 	C:\WINDOWS\SYSTEM32\DNSAPI.dll
0x00007ff97ad10000 - 0x00007ff97ad18000 	C:\WINDOWS\System32\NSI.dll
0x00007ff977950000 - 0x00007ff977989000 	C:\WINDOWS\SYSTEM32\IPHLPAPI.DLL
0x00007ff9694a0000 - 0x00007ff9694ae000 	C:\WINDOWS\System32\winrnr.dll
0x00000000709a0000 - 0x00000000709c6000 	C:\Program Files\Bonjour\mdnsNSP.dll
0x00007ff973030000 - 0x00007ff973045000 	C:\WINDOWS\System32\wshbth.dll
0x00007ff96ee40000 - 0x00007ff96ee4a000 	C:\Windows\System32\rasadhlp.dll
0x00007ff96f2d0000 - 0x00007ff96f340000 	C:\WINDOWS\System32\fwpuclnt.dll
0x00007ff977e90000 - 0x00007ff977eb5000 	C:\WINDOWS\SYSTEM32\bcrypt.dll
0x000000006f790000 - 0x000000006f7a1000 	C:\Program Files\Java\jre1.8.0_144\bin\nio.dll

VM Arguments:
jvm_args: -Dfile.encoding=UTF-8 
java_command: com.softtech.localLevel.LocalLevelApplication
java_class_path (initial): C:\Users\Lothbroke\Desktop\Softech\Project\LocalLevel\target\classes;C:\Users\Lothbroke\.m2\repository\org\springframework\boot\spring-boot-starter-data-jpa\1.5.10.RELEASE\spring-boot-starter-data-jpa-1.5.10.RELEASE.jar;C:\Users\Lothbroke\.m2\repository\org\springframework\boot\spring-boot-starter\1.5.10.RELEASE\spring-boot-starter-1.5.10.RELEASE.jar;C:\Users\Lothbroke\.m2\repository\org\springframework\boot\spring-boot\1.5.10.RELEASE\spring-boot-1.5.10.RELEASE.jar;C:\Users\Lothbroke\.m2\repository\org\springframework\boot\spring-boot-autoconfigure\1.5.10.RELEASE\spring-boot-autoconfigure-1.5.10.RELEASE.jar;C:\Users\Lothbroke\.m2\repository\org\springframework\boot\spring-boot-starter-logging\1.5.10.RELEASE\spring-boot-starter-logging-1.5.10.RELEASE.jar;C:\Users\Lothbroke\.m2\repository\ch\qos\logback\logback-classic\1.1.11\logback-classic-1.1.11.jar;C:\Users\Lothbroke\.m2\repository\ch\qos\logback\logback-core\1.1.11\logback-core-1.1.11.jar;C:\Users\Lothbroke\.m2\repository\org\slf4j\jul-to-slf4j\1.7.25\jul-to-slf4j-1.7.25.jar;C:\Users\Lothbroke\.m2\repository\org\slf4j\log4j-over-slf4j\1.7.25\log4j-over-slf4j-1.7.25.jar;C:\Users\Lothbroke\.m2\repository\org\yaml\snakeyaml\1.17\snakeyaml-1.17.jar;C:\Users\Lothbroke\.m2\repository\org\springframework\boot\spring-boot-starter-aop\1.5.10.RELEASE\spring-boot-starter-aop-1.5.10.RELEASE.jar;C:\Users\Lothbroke\.m2\repository\org\springframework\spring-aop\4.3.14.RELEASE\spring-aop-4.3.14.RELEASE.jar;C:\Users\Lothbroke\.m2\repository\org\aspectj\aspectjweaver\1.8.13\aspectjweaver-1.8.13.jar;C:\Users\Lothbroke\.m2\repository\org\springframework\boot\spring-boot-starter-jdbc\1.5.10.RELEASE\spring-boot-starter-jdbc-1.5.10.RELEASE.jar;C:\Users\Lothbroke\.m2\repository\org\apache\tomcat\tomcat-jdbc\8.5.27\tomcat-jdbc-8.5.27.jar;C:\Users\Lothbroke\.m2\repository\org\apache\tomcat\tomcat-juli\8.5.27\tomcat-juli-8.5.27.jar;C:\Users\Lothbroke\.m2\repository\org\springframework\spring-jdbc\4.3.14.RELEASE
Launcher Type: SUN_STANDARD

Environment Variables:
JAVA_HOME=C:\Program Files\Java\jdk1.8.0_144
PATH=C:/Program Files/Java/jre1.8.0_144/bin/server;C:/Program Files/Java/jre1.8.0_144/bin;C:/Program Files/Java/jre1.8.0_144/lib/amd64;C:\app\Lothbroke\product\11.2.0\dbhome_1\bin;C:\ProgramData\Oracle\Java\javapath;"C:\ProgramData\Oracle\Java\javapath;C:\Program Files\Java\jdk1.8.0_144\bin;C:\Program Files\Java\jre1.8.0_144";C:\WINDOWS\system32;C:\WINDOWS;C:\WINDOWS\System32\Wbem;C:\WINDOWS\System32\WindowsPowerShell\v1.0\;C:\Program Files\PuTTY\;C:\Program Files\Git\cmd;C:\Program Files\nodejs\;C:\Program Files\Apache software foundation\apache-maven-3.5.0\bin;C:\Program Files (x86)\Microsoft VS Code\bin;C:\Users\Lothbroke\AppData\Local\Microsoft\WindowsApps;C:\Program Files\Java\jdk1.8.0_144\bin;C:\Users\Lothbroke\AppData\Roaming\npm;C:\Users\Lothbroke\Desktop\eclipse;
USERNAME=Lothbroke
OS=Windows_NT
PROCESSOR_IDENTIFIER=Intel64 Family 6 Model 60 Stepping 3, GenuineIntel



---------------  S Y S T E M  ---------------

OS: Windows 10.0 , 64 bit Build 16299 (10.0.16299.15)

CPU:total 8 (initial active 8) (4 cores per cpu, 2 threads per core) family 6 model 60 stepping 3, cmov, cx8, fxsr, mmx, sse, sse2, sse3, ssse3, sse4.1, sse4.2, popcnt, avx, avx2, aes, clmul, erms, lzcnt, ht, tsc, tscinvbit, bmi1, bmi2

Memory: 4k page, physical 3859708k(376936k free), swap 7955708k(5768k free)

vm_info: Java HotSpot(TM) 64-Bit Server VM (25.144-b01) for windows-amd64 JRE (1.8.0_144-b01), built on Jul 21 2017 21:57:33 by "java_re" with MS VC++ 10.0 (VS2010)

time: Fri Mar 23 16:43:01 2018
elapsed time: 2 seconds (0d 0h 0m 2s)

