#
# There is insufficient memory for the Java Runtime Environment to continue.
# Native memory allocation (malloc) failed to allocate 830736 bytes for Chunk::new
# Possible reasons:
#   The system is out of physical RAM or swap space
#   In 32 bit mode, the process size limit was hit
# Possible solutions:
#   Reduce memory load on the system
#   Increase physical memory or swap space
#   Check if swap backing store is full
#   Use 64 bit Java on a 64 bit OS
#   Decrease Java heap size (-Xmx/-Xms)
#   Decrease number of Java threads
#   Decrease Java thread stack sizes (-Xss)
#   Set larger code cache with -XX:ReservedCodeCacheSize=
# This output file may be truncated or incomplete.
#
#  Out of Memory Error (allocation.cpp:390), pid=700, tid=0x0000000000002a70
#
# JRE version: Java(TM) SE Runtime Environment (8.0_144-b01) (build 1.8.0_144-b01)
# Java VM: Java HotSpot(TM) 64-Bit Server VM (25.144-b01 mixed mode windows-amd64 compressed oops)
# Failed to write core dump. Minidumps are not enabled by default on client versions of Windows
#

---------------  T H R E A D  ---------------

Current thread (0x000000001a521800):  JavaThread "C2 CompilerThread1" daemon [_thread_in_native, id=10864, stack(0x000000001b100000,0x000000001b200000)]

Stack: [0x000000001b100000,0x000000001b200000]
[error occurred during error reporting (printing stack bounds), id 0xc0000005]

Native frames: (J=compiled Java code, j=interpreted, Vv=VM code, C=native code)


Current CompileTask:
C2:  13987 7053       4       org.springframework.beans.factory.support.AbstractBeanFactory::isTypeMatch (1032 bytes)


---------------  P R O C E S S  ---------------

Java Threads: ( => current thread )
  0x000000001b630800 JavaThread "Abandoned connection cleanup thread" daemon [_thread_blocked, id=6032, stack(0x0000000023a90000,0x0000000023b90000)]
  0x0000000021854000 JavaThread "Tomcat JDBC Pool Cleaner[414493378:1522999584660]" daemon [_thread_blocked, id=12952, stack(0x0000000023990000,0x0000000023a90000)]
  0x00000000207cf000 JavaThread "container-0" [_thread_blocked, id=11400, stack(0x0000000023690000,0x0000000023790000)]
  0x000000001c179800 JavaThread "ContainerBackgroundProcessor[StandardEngine[Tomcat]]" daemon [_thread_blocked, id=244, stack(0x0000000023590000,0x0000000023690000)]
  0x00000000210aa000 JavaThread "localhost-startStop-1" daemon [_thread_blocked, id=12804, stack(0x000000001fa10000,0x000000001fb10000)]
  0x00000000211ea000 JavaThread "Tomcat-startStop-1" daemon [_thread_blocked, id=12368, stack(0x000000001f660000,0x000000001f760000)]
  0x000000001a5e7000 JavaThread "Service Thread" daemon [_thread_blocked, id=11776, stack(0x000000001b400000,0x000000001b500000)]
  0x000000001a5aa000 JavaThread "C1 CompilerThread3" daemon [_thread_in_native, id=13508, stack(0x000000001b300000,0x000000001b400000)]
  0x000000001a5b4000 JavaThread "C2 CompilerThread2" daemon [_thread_in_native, id=9276, stack(0x000000001b200000,0x000000001b300000)]
=>0x000000001a521800 JavaThread "C2 CompilerThread1" daemon [_thread_in_native, id=10864, stack(0x000000001b100000,0x000000001b200000)]
  0x000000001a5b2800 JavaThread "C2 CompilerThread0" daemon [_thread_in_native, id=13252, stack(0x000000001b000000,0x000000001b100000)]
  0x000000001a4c4800 JavaThread "org.jacoco.agent.rt.internal_8ff85ea.output.TcpClientOutput" daemon [_thread_in_native, id=13628, stack(0x000000001af00000,0x000000001b000000)]
  0x0000000019bfa800 JavaThread "Attach Listener" daemon [_thread_blocked, id=3552, stack(0x000000001a2c0000,0x000000001a3c0000)]
  0x0000000019bf9800 JavaThread "Signal Dispatcher" daemon [_thread_blocked, id=2780, stack(0x000000001a1c0000,0x000000001a2c0000)]
  0x00000000054ce000 JavaThread "Finalizer" daemon [_thread_blocked, id=13540, stack(0x0000000019fd0000,0x000000001a0d0000)]
  0x00000000054cd000 JavaThread "Reference Handler" daemon [_thread_blocked, id=13108, stack(0x0000000019ad0000,0x0000000019bd0000)]
  0x00000000053d6000 JavaThread "main" [_thread_in_Java, id=1848, stack(0x00000000050e0000,0x00000000051e0000)]

Other Threads:
  0x0000000017cfa000 VMThread [stack: 0x00000000199d0000,0x0000000019ad0000] [id=4764]
  0x000000001a4cb000 WatcherThread [stack: 0x000000001b500000,0x000000001b600000] [id=12892]

VM state:not at safepoint (normal execution)

VM Mutex/Monitor currently owned by a thread: None

Heap:
 PSYoungGen      total 302080K, used 60658K [0x00000000ec580000, 0x0000000100000000, 0x0000000100000000)
  eden space 290304K, 16% used [0x00000000ec580000,0x00000000ef53d548,0x00000000fe100000)
  from space 11776K, 99% used [0x00000000ff480000,0x00000000fffff5f8,0x0000000100000000)
  to   space 15872K, 0% used [0x00000000fe100000,0x00000000fe100000,0x00000000ff080000)
 ParOldGen       total 53248K, used 27732K [0x00000000c5000000, 0x00000000c8400000, 0x00000000ec580000)
  object space 53248K, 52% used [0x00000000c5000000,0x00000000c6b151b8,0x00000000c8400000)
 Metaspace       used 53981K, capacity 54452K, committed 54912K, reserved 1097728K
  class space    used 6142K, capacity 6253K, committed 6272K, reserved 1048576K

Card table byte_map: [0x0000000014890000,0x0000000014a70000] byte_map_base: 0x0000000014268000

Marking Bits: (ParMarkBitMap*) 0x0000000061c5d850
 Begin Bits: [0x00000000153b0000, 0x0000000016270000)
 End Bits:   [0x0000000016270000, 0x0000000017130000)

Polling page: 0x0000000003830000

CodeCache: size=245760Kb used=24282Kb max_used=24282Kb free=221478Kb
 bounds [0x00000000054d0000, 0x0000000006cb0000, 0x00000000144d0000]
 total_blobs=6583 nmethods=6062 adapters=432
 compilation: enabled

Compilation events (10 events):
Event: 13.923 Thread 0x000000001a5aa000 nmethod 7097 0x0000000005cb68d0 code [0x0000000005cb6a80, 0x0000000005cb7018]
Event: 13.924 Thread 0x000000001a5aa000 7099       3       org.springframework.aop.framework.autoproxy.AbstractAutoProxyCreator::getCacheKey (71 bytes)
Event: 13.924 Thread 0x000000001a5aa000 nmethod 7099 0x000000000580dd90 code [0x000000000580dfa0, 0x000000000580e958]
Event: 13.931 Thread 0x000000001a5aa000 7100       3       org.springframework.beans.PropertyValue::isOptional (14 bytes)
Event: 13.931 Thread 0x000000001a5aa000 nmethod 7100 0x000000000586ef90 code [0x000000000586f100, 0x000000000586f2c8]
Event: 13.932 Thread 0x000000001a5aa000 7101       3       org.springframework.beans.factory.annotation.RequiredAnnotationBeanPostProcessor::isRequiredProperty (66 bytes)
Event: 13.932 Thread 0x000000001a5aa000 nmethod 7101 0x0000000005dd3210 code [0x0000000005dd3400, 0x0000000005dd3a18]
Event: 13.933 Thread 0x000000001a5aa000 7104       3       org.springframework.transaction.interceptor.AbstractFallbackTransactionAttributeSource::getTransactionAttribute (254 bytes)
Event: 13.934 Thread 0x000000001a5aa000 nmethod 7104 0x0000000006c82490 code [0x0000000006c82800, 0x0000000006c84548]
Event: 13.935 Thread 0x000000001a5aa000 7103       3       org.springframework.beans.AbstractNestablePropertyAccessor$PropertyHandler::$jacocoInit (52 bytes)

GC Heap History (10 events):
Event: 7.223 GC heap before
{Heap before GC invocations=12 (full 1):
 PSYoungGen      total 181248K, used 181242K [0x00000000ec580000, 0x00000000f8e00000, 0x0000000100000000)
  eden space 176128K, 100% used [0x00000000ec580000,0x00000000f7180000,0x00000000f7180000)
  from space 5120K, 99% used [0x00000000f8900000,0x00000000f8dfead8,0x00000000f8e00000)
  to   space 6656K, 0% used [0x00000000f8100000,0x00000000f8100000,0x00000000f8780000)
 ParOldGen       total 27648K, used 9821K [0x00000000c5000000, 0x00000000c6b00000, 0x00000000ec580000)
  object space 27648K, 35% used [0x00000000c5000000,0x00000000c59975e0,0x00000000c6b00000)
 Metaspace       used 30588K, capacity 30934K, committed 31232K, reserved 1077248K
  class space    used 3421K, capacity 3528K, committed 3584K, reserved 1048576K
Event: 7.238 GC heap after
Heap after GC invocations=12 (full 1):
 PSYoungGen      total 198656K, used 6639K [0x00000000ec580000, 0x00000000fcc80000, 0x0000000100000000)
  eden space 192000K, 0% used [0x00000000ec580000,0x00000000ec580000,0x00000000f8100000)
  from space 6656K, 99% used [0x00000000f8100000,0x00000000f877bd88,0x00000000f8780000)
  to   space 9216K, 0% used [0x00000000fc380000,0x00000000fc380000,0x00000000fcc80000)
 ParOldGen       total 27648K, used 14865K [0x00000000c5000000, 0x00000000c6b00000, 0x00000000ec580000)
  object space 27648K, 53% used [0x00000000c5000000,0x00000000c5e84430,0x00000000c6b00000)
 Metaspace       used 30588K, capacity 30934K, committed 31232K, reserved 1077248K
  class space    used 3421K, capacity 3528K, committed 3584K, reserved 1048576K
}
Event: 7.978 GC heap before
{Heap before GC invocations=13 (full 1):
 PSYoungGen      total 198656K, used 139587K [0x00000000ec580000, 0x00000000fcc80000, 0x0000000100000000)
  eden space 192000K, 69% used [0x00000000ec580000,0x00000000f4754eb0,0x00000000f8100000)
  from space 6656K, 99% used [0x00000000f8100000,0x00000000f877bd88,0x00000000f8780000)
  to   space 9216K, 0% used [0x00000000fc380000,0x00000000fc380000,0x00000000fcc80000)
 ParOldGen       total 27648K, used 14865K [0x00000000c5000000, 0x00000000c6b00000, 0x00000000ec580000)
  object space 27648K, 53% used [0x00000000c5000000,0x00000000c5e84430,0x00000000c6b00000)
 Metaspace       used 34876K, capacity 35220K, committed 35496K, reserved 1081344K
  class space    used 3924K, capacity 4013K, committed 4096K, reserved 1048576K
Event: 7.988 GC heap after
Heap after GC invocations=13 (full 1):
 PSYoungGen      total 259072K, used 8534K [0x00000000ec580000, 0x00000000fe180000, 0x0000000100000000)
  eden space 249856K, 0% used [0x00000000ec580000,0x00000000ec580000,0x00000000fb980000)
  from space 9216K, 92% used [0x00000000fc380000,0x00000000fcbd5878,0x00000000fcc80000)
  to   space 10240K, 0% used [0x00000000fb980000,0x00000000fb980000,0x00000000fc380000)
 ParOldGen       total 27648K, used 19100K [0x00000000c5000000, 0x00000000c6b00000, 0x00000000ec580000)
  object space 27648K, 69% used [0x00000000c5000000,0x00000000c62a71b8,0x00000000c6b00000)
 Metaspace       used 34876K, capacity 35220K, committed 35496K, reserved 1081344K
  class space    used 3924K, capacity 4013K, committed 4096K, reserved 1048576K
}
Event: 7.988 GC heap before
{Heap before GC invocations=14 (full 2):
 PSYoungGen      total 259072K, used 8534K [0x00000000ec580000, 0x00000000fe180000, 0x0000000100000000)
  eden space 249856K, 0% used [0x00000000ec580000,0x00000000ec580000,0x00000000fb980000)
  from space 9216K, 92% used [0x00000000fc380000,0x00000000fcbd5878,0x00000000fcc80000)
  to   space 10240K, 0% used [0x00000000fb980000,0x00000000fb980000,0x00000000fc380000)
 ParOldGen       total 27648K, used 19100K [0x00000000c5000000, 0x00000000c6b00000, 0x00000000ec580000)
  object space 27648K, 69% used [0x00000000c5000000,0x00000000c62a71b8,0x00000000c6b00000)
 Metaspace       used 34876K, capacity 35220K, committed 35496K, reserved 1081344K
  class space    used 3924K, capacity 4013K, committed 4096K, reserved 1048576K
Event: 8.043 GC heap after
Heap after GC invocations=14 (full 2):
 PSYoungGen      total 259072K, used 0K [0x00000000ec580000, 0x00000000fe180000, 0x0000000100000000)
  eden space 249856K, 0% used [0x00000000ec580000,0x00000000ec580000,0x00000000fb980000)
  from space 9216K, 0% used [0x00000000fc380000,0x00000000fc380000,0x00000000fcc80000)
  to   space 10240K, 0% used [0x00000000fb980000,0x00000000fb980000,0x00000000fc380000)
 ParOldGen       total 53248K, used 21275K [0x00000000c5000000, 0x00000000c8400000, 0x00000000ec580000)
  object space 53248K, 39% used [0x00000000c5000000,0x00000000c64c6fd0,0x00000000c8400000)
 Metaspace       used 34876K, capacity 35220K, committed 35496K, reserved 1081344K
  class space    used 3924K, capacity 4013K, committed 4096K, reserved 1048576K
}
Event: 9.392 GC heap before
{Heap before GC invocations=15 (full 2):
 PSYoungGen      total 259072K, used 249856K [0x00000000ec580000, 0x00000000fe180000, 0x0000000100000000)
  eden space 249856K, 100% used [0x00000000ec580000,0x00000000fb980000,0x00000000fb980000)
  from space 9216K, 0% used [0x00000000fc380000,0x00000000fc380000,0x00000000fcc80000)
  to   space 10240K, 0% used [0x00000000fb980000,0x00000000fb980000,0x00000000fc380000)
 ParOldGen       total 53248K, used 21275K [0x00000000c5000000, 0x00000000c8400000, 0x00000000ec580000)
  object space 53248K, 39% used [0x00000000c5000000,0x00000000c64c6fd0,0x00000000c8400000)
 Metaspace       used 43289K, capacity 43716K, committed 44032K, reserved 1087488K
  class space    used 4928K, capacity 5045K, committed 5120K, reserved 1048576K
Event: 9.402 GC heap after
Heap after GC invocations=15 (full 2):
 PSYoungGen      total 260096K, used 10222K [0x00000000ec580000, 0x0000000100000000, 0x0000000100000000)
  eden space 249856K, 0% used [0x00000000ec580000,0x00000000ec580000,0x00000000fb980000)
  from space 10240K, 99% used [0x00000000fb980000,0x00000000fc37ba10,0x00000000fc380000)
  to   space 11776K, 0% used [0x00000000ff480000,0x00000000ff480000,0x0000000100000000)
 ParOldGen       total 53248K, used 21361K [0x00000000c5000000, 0x00000000c8400000, 0x00000000ec580000)
  object space 53248K, 40% used [0x00000000c5000000,0x00000000c64dc6e8,0x00000000c8400000)
 Metaspace       used 43289K, capacity 43716K, committed 44032K, reserved 1087488K
  class space    used 4928K, capacity 5045K, committed 5120K, reserved 1048576K
}
Event: 13.634 GC heap before
{Heap before GC invocations=16 (full 2):
 PSYoungGen      total 260096K, used 260078K [0x00000000ec580000, 0x0000000100000000, 0x0000000100000000)
  eden space 249856K, 100% used [0x00000000ec580000,0x00000000fb980000,0x00000000fb980000)
  from space 10240K, 99% used [0x00000000fb980000,0x00000000fc37ba10,0x00000000fc380000)
  to   space 11776K, 0% used [0x00000000ff480000,0x00000000ff480000,0x0000000100000000)
 ParOldGen       total 53248K, used 21361K [0x00000000c5000000, 0x00000000c8400000, 0x00000000ec580000)
  object space 53248K, 40% used [0x00000000c5000000,0x00000000c64dc6e8,0x00000000c8400000)
 Metaspace       used 51870K, capacity 52338K, committed 52864K, reserved 1095680K
  class space    used 5879K, capacity 5986K, committed 6016K, reserved 1048576K
Event: 13.654 GC heap after
Heap after GC invocations=16 (full 2):
 PSYoungGen      total 302080K, used 11773K [0x00000000ec580000, 0x0000000100000000, 0x0000000100000000)
  eden space 290304K, 0% used [0x00000000ec580000,0x00000000ec580000,0x00000000fe100000)
  from space 11776K, 99% used [0x00000000ff480000,0x00000000fffff5f8,0x0000000100000000)
  to   space 15872K, 0% used [0x00000000fe100000,0x00000000fe100000,0x00000000ff080000)
 ParOldGen       total 53248K, used 27732K [0x00000000c5000000, 0x00000000c8400000, 0x00000000ec580000)
  object space 53248K, 52% used [0x00000000c5000000,0x00000000c6b151b8,0x00000000c8400000)
 Metaspace       used 51870K, capacity 52338K, committed 52864K, reserved 1095680K
  class space    used 5879K, capacity 5986K, committed 6016K, reserved 1048576K
}

Deoptimization events (10 events):
Event: 13.787 Thread 0x00000000053d6000 Uncommon trap: reason=class_check action=maybe_recompile pc=0x00000000056d3fac method=java.util.regex.Pattern$Curly.match0(Ljava/util/regex/Matcher;IILjava/lang/CharSequence;)Z @ 77
Event: 13.817 Thread 0x00000000053d6000 Uncommon trap: reason=class_check action=maybe_recompile pc=0x00000000056d3fac method=java.util.regex.Pattern$Curly.match0(Ljava/util/regex/Matcher;IILjava/lang/CharSequence;)Z @ 77
Event: 13.825 Thread 0x00000000053d6000 Uncommon trap: reason=bimorphic action=maybe_recompile pc=0x00000000059c1700 method=java.util.regex.Pattern$CharProperty.match(Ljava/util/regex/Matcher;ILjava/lang/CharSequence;)Z @ 37
Event: 13.828 Thread 0x00000000053d6000 Uncommon trap: reason=bimorphic action=maybe_recompile pc=0x00000000059c1700 method=java.util.regex.Pattern$CharProperty.match(Ljava/util/regex/Matcher;ILjava/lang/CharSequence;)Z @ 37
Event: 13.837 Thread 0x00000000053d6000 Uncommon trap: reason=class_check action=maybe_recompile pc=0x000000000582d104 method=org.springframework.beans.factory.support.AbstractBeanFactory.isTypeMatch(Ljava/lang/String;Lorg/springframework/core/ResolvableType;)Z @ 61
Event: 13.848 Thread 0x00000000053d6000 Uncommon trap: reason=bimorphic action=maybe_recompile pc=0x00000000059c1700 method=java.util.regex.Pattern$CharProperty.match(Ljava/util/regex/Matcher;ILjava/lang/CharSequence;)Z @ 37
Event: 13.897 Thread 0x00000000053d6000 Uncommon trap: reason=unstable_if action=reinterpret pc=0x00000000064dbef8 method=org.springframework.asm.Frame.merge(Lorg/springframework/asm/ClassWriter;I[II)Z @ 147
Event: 13.901 Thread 0x00000000053d6000 Uncommon trap: reason=unstable_if action=reinterpret pc=0x000000000561c404 method=org.springframework.asm.Frame.merge(Lorg/springframework/asm/ClassWriter;Lorg/springframework/asm/Frame;I)Z @ 606
Event: 13.915 Thread 0x00000000053d6000 Uncommon trap: reason=unstable_if action=reinterpret pc=0x0000000005bc38b8 method=org.springframework.aop.framework.autoproxy.AbstractAutoProxyCreator.predictBeanType(Ljava/lang/Class;Ljava/lang/String;)Ljava/lang/Class; @ 13
Event: 13.920 Thread 0x00000000053d6000 Uncommon trap: reason=unstable_if action=reinterpret pc=0x0000000005a7eb14 method=org.springframework.beans.factory.support.AbstractAutowireCapableBeanFactory.predictBeanType(Ljava/lang/String;Lorg/springframework/beans/factory/support/RootBeanDefinition;

Internal exceptions (10 events):
Event: 13.828 Thread 0x00000000053d6000 Exception <a 'java/lang/reflect/InvocationTargetException'> (0x00000000ee724d40) thrown at [C:\re\workspace\8-2-build-windows-amd64-cygwin\jdk8u144\9417\hotspot\src\share\vm\runtime\reflection.cpp, line 1092]
Event: 13.848 Thread 0x00000000053d6000 Exception <a 'java/lang/reflect/InvocationTargetException'> (0x00000000ee887438) thrown at [C:\re\workspace\8-2-build-windows-amd64-cygwin\jdk8u144\9417\hotspot\src\share\vm\runtime\reflection.cpp, line 1092]
Event: 13.851 Thread 0x00000000053d6000 Exception <a 'java/lang/reflect/InvocationTargetException'> (0x00000000ee89ee80) thrown at [C:\re\workspace\8-2-build-windows-amd64-cygwin\jdk8u144\9417\hotspot\src\share\vm\runtime\reflection.cpp, line 1092]
Event: 13.866 Thread 0x00000000053d6000 Exception <a 'java/lang/reflect/InvocationTargetException'> (0x00000000ee97b768) thrown at [C:\re\workspace\8-2-build-windows-amd64-cygwin\jdk8u144\9417\hotspot\src\share\vm\runtime\reflection.cpp, line 1092]
Event: 13.868 Thread 0x00000000053d6000 Exception <a 'java/lang/reflect/InvocationTargetException'> (0x00000000ee990d60) thrown at [C:\re\workspace\8-2-build-windows-amd64-cygwin\jdk8u144\9417\hotspot\src\share\vm\runtime\reflection.cpp, line 1092]
Event: 13.869 Thread 0x00000000053d6000 Exception <a 'java/lang/reflect/InvocationTargetException'> (0x00000000ee9a6150) thrown at [C:\re\workspace\8-2-build-windows-amd64-cygwin\jdk8u144\9417\hotspot\src\share\vm\runtime\reflection.cpp, line 1092]
Event: 13.918 Thread 0x00000000053d6000 Exception <a 'java/lang/ClassNotFoundException': java/lang/ObjectCustomizer> (0x00000000eef14fb0) thrown at [C:\re\workspace\8-2-build-windows-amd64-cygwin\jdk8u144\9417\hotspot\src\share\vm\classfile\systemDictionary.cpp, line 210]
Event: 13.919 Thread 0x00000000053d6000 Exception <a 'java/lang/ClassNotFoundException': com/softtech/localLevel/controller/DistrictControllerCustomizer> (0x00000000eef30ab8) thrown at [C:\re\workspace\8-2-build-windows-amd64-cygwin\jdk8u144\9417\hotspot\src\share\vm\classfile\systemDictionary.
Event: 13.926 Thread 0x00000000053d6000 Exception <a 'java/lang/ClassNotFoundException': java/lang/ObjectCustomizer> (0x00000000eef73e50) thrown at [C:\re\workspace\8-2-build-windows-amd64-cygwin\jdk8u144\9417\hotspot\src\share\vm\classfile\systemDictionary.cpp, line 210]
Event: 13.927 Thread 0x00000000053d6000 Exception <a 'java/lang/ClassNotFoundException': com/softtech/localLevel/service/DistrictServiceCustomizer> (0x00000000eef8d1f0) thrown at [C:\re\workspace\8-2-build-windows-amd64-cygwin\jdk8u144\9417\hotspot\src\share\vm\classfile\systemDictionary.cpp, l

Events (10 events):
Event: 13.927 loading class com/softtech/localLevel/response/MunicipalityResponseDto
Event: 13.927 loading class com/softtech/localLevel/response/MunicipalityResponseDto done
Event: 13.927 loading class com/softtech/localLevel/response/MetropolitanResponseDto
Event: 13.927 loading class com/softtech/localLevel/response/MetropolitanResponseDto done
Event: 13.928 loading class com/softtech/localLevel/response/DistrictResponseDto
Event: 13.928 loading class com/softtech/localLevel/response/DistrictResponseDto done
Event: 13.928 loading class com/softtech/localLevel/response/RuralMunicipalResponseDto
Event: 13.928 loading class com/softtech/localLevel/response/RuralMunicipalResponseDto done
Event: 13.928 loading class com/softtech/localLevel/response/SubMetropolitanResponseDto
Event: 13.928 loading class com/softtech/localLevel/response/SubMetropolitanResponseDto done


Dynamic libraries:
0x00007ff604a80000 - 0x00007ff604ab7000 	C:\Program Files\Java\jre1.8.0_144\bin\javaw.exe
0x00007ffe7a540000 - 0x00007ffe7a720000 	C:\WINDOWS\SYSTEM32\ntdll.dll
0x00007ffe7a460000 - 0x00007ffe7a50e000 	C:\WINDOWS\System32\KERNEL32.DLL
0x00007ffe775d0000 - 0x00007ffe77836000 	C:\WINDOWS\System32\KERNELBASE.dll
0x00007ffe785a0000 - 0x00007ffe78641000 	C:\WINDOWS\System32\ADVAPI32.dll
0x00007ffe784a0000 - 0x00007ffe7853d000 	C:\WINDOWS\System32\msvcrt.dll
0x00007ffe7a400000 - 0x00007ffe7a45b000 	C:\WINDOWS\System32\sechost.dll
0x00007ffe78660000 - 0x00007ffe7877f000 	C:\WINDOWS\System32\RPCRT4.dll
0x00007ffe7a210000 - 0x00007ffe7a39f000 	C:\WINDOWS\System32\USER32.dll
0x00007ffe76b40000 - 0x00007ffe76b60000 	C:\WINDOWS\System32\win32u.dll
0x00007ffe79f80000 - 0x00007ffe79fa8000 	C:\WINDOWS\System32\GDI32.dll
0x00007ffe769a0000 - 0x00007ffe76b33000 	C:\WINDOWS\System32\gdi32full.dll
0x00007ffe77970000 - 0x00007ffe77a0b000 	C:\WINDOWS\System32\msvcp_win.dll
0x00007ffe77480000 - 0x00007ffe77576000 	C:\WINDOWS\System32\ucrtbase.dll
0x00007ffe66910000 - 0x00007ffe66b79000 	C:\WINDOWS\WinSxS\amd64_microsoft.windows.common-controls_6595b64144ccf1df_6.0.16299.309_none_15cfd4c4935e6b11\COMCTL32.dll
0x00007ffe77f60000 - 0x00007ffe78268000 	C:\WINDOWS\System32\combase.dll
0x00007ffe778f0000 - 0x00007ffe77962000 	C:\WINDOWS\System32\bcryptPrimitives.dll
0x00007ffe79f50000 - 0x00007ffe79f7d000 	C:\WINDOWS\System32\IMM32.DLL
0x0000000061250000 - 0x0000000061322000 	C:\Program Files\Java\jre1.8.0_144\bin\msvcr100.dll
0x0000000061440000 - 0x0000000061cdd000 	C:\Program Files\Java\jre1.8.0_144\bin\server\jvm.dll
0x00007ffe78650000 - 0x00007ffe78658000 	C:\WINDOWS\System32\PSAPI.DLL
0x00007ffe66030000 - 0x00007ffe66039000 	C:\WINDOWS\SYSTEM32\WSOCK32.dll
0x00007ffe69840000 - 0x00007ffe6984a000 	C:\WINDOWS\SYSTEM32\VERSION.dll
0x00007ffe6f870000 - 0x00007ffe6f893000 	C:\WINDOWS\SYSTEM32\WINMM.dll
0x00007ffe78860000 - 0x00007ffe788cc000 	C:\WINDOWS\System32\WS2_32.dll
0x00007ffe6f840000 - 0x00007ffe6f86a000 	C:\WINDOWS\SYSTEM32\winmmbase.dll
0x00007ffe77580000 - 0x00007ffe775ca000 	C:\WINDOWS\System32\cfgmgr32.dll
0x0000000061430000 - 0x000000006143f000 	C:\Program Files\Java\jre1.8.0_144\bin\verify.dll
0x0000000061400000 - 0x0000000061429000 	C:\Program Files\Java\jre1.8.0_144\bin\java.dll
0x0000000061220000 - 0x0000000061243000 	C:\Program Files\Java\jre1.8.0_144\bin\instrument.dll
0x00000000613e0000 - 0x00000000613f6000 	C:\Program Files\Java\jre1.8.0_144\bin\zip.dll
0x00007ffe789a0000 - 0x00007ffe79dd6000 	C:\WINDOWS\System32\SHELL32.dll
0x00007ffe788d0000 - 0x00007ffe78976000 	C:\WINDOWS\System32\shcore.dll
0x00007ffe76d30000 - 0x00007ffe77477000 	C:\WINDOWS\System32\windows.storage.dll
0x00007ffe77a10000 - 0x00007ffe77a61000 	C:\WINDOWS\System32\shlwapi.dll
0x00007ffe768d0000 - 0x00007ffe768e1000 	C:\WINDOWS\System32\kernel.appcore.dll
0x00007ffe768f0000 - 0x00007ffe7693c000 	C:\WINDOWS\System32\powrprof.dll
0x00007ffe768b0000 - 0x00007ffe768cb000 	C:\WINDOWS\System32\profapi.dll
0x00000000613c0000 - 0x00000000613da000 	C:\Program Files\Java\jre1.8.0_144\bin\net.dll
0x00007ffe76120000 - 0x00007ffe76186000 	C:\WINDOWS\system32\mswsock.dll
0x00007ffe65b40000 - 0x00007ffe65b56000 	C:\WINDOWS\system32\napinsp.dll
0x00007ffe65b20000 - 0x00007ffe65b3a000 	C:\WINDOWS\system32\pnrpnsp.dll
0x00007ffe72e80000 - 0x00007ffe72e98000 	C:\WINDOWS\system32\NLAapi.dll
0x00007ffe75ef0000 - 0x00007ffe75fa6000 	C:\WINDOWS\SYSTEM32\DNSAPI.dll
0x00007ffe78780000 - 0x00007ffe78788000 	C:\WINDOWS\System32\NSI.dll
0x00007ffe75eb0000 - 0x00007ffe75ee9000 	C:\WINDOWS\SYSTEM32\IPHLPAPI.DLL
0x00007ffe65ad0000 - 0x00007ffe65ade000 	C:\WINDOWS\System32\winrnr.dll
0x00000000620e0000 - 0x0000000062106000 	C:\Program Files\Bonjour\mdnsNSP.dll
0x00007ffe715b0000 - 0x00007ffe715c5000 	C:\WINDOWS\System32\wshbth.dll
0x00007ffe6c8a0000 - 0x00007ffe6c8aa000 	C:\Windows\System32\rasadhlp.dll
0x00007ffe6d880000 - 0x00007ffe6d8f0000 	C:\WINDOWS\System32\fwpuclnt.dll
0x00007ffe763f0000 - 0x00007ffe76415000 	C:\WINDOWS\SYSTEM32\bcrypt.dll
0x0000000061330000 - 0x000000006133d000 	C:\Program Files\Java\jre1.8.0_144\bin\management.dll
0x00000000613a0000 - 0x00000000613b1000 	C:\Program Files\Java\jre1.8.0_144\bin\nio.dll
0x00007ffe762e0000 - 0x00007ffe762f7000 	C:\WINDOWS\SYSTEM32\CRYPTSP.dll
0x00007ffe75d20000 - 0x00007ffe75d53000 	C:\WINDOWS\system32\rsaenh.dll
0x00007ffe767c0000 - 0x00007ffe767e9000 	C:\WINDOWS\SYSTEM32\USERENV.dll
0x00007ffe76300000 - 0x00007ffe7630b000 	C:\WINDOWS\SYSTEM32\CRYPTBASE.dll
0x00007ffe6f370000 - 0x00007ffe6f386000 	C:\WINDOWS\SYSTEM32\dhcpcsvc6.DLL
0x00007ffe6f790000 - 0x00007ffe6f7aa000 	C:\WINDOWS\SYSTEM32\dhcpcsvc.DLL

VM Arguments:
jvm_args: -javaagent:C:\Users\Lothbroke\Desktop\eclipse\configuration\org.eclipse.osgi\977\0\.cp\jacocoagent.jar=includes=*,excludes=,exclclassloader=sun.reflect.DelegatingClassLoader,output=tcpclient,port=64481 -Dfile.encoding=UTF-8 
java_command: com.softtech.localLevel.LocalLevelApplication
java_class_path (initial): C:\Users\Lothbroke\Desktop\Softech\Project\LocalLevel\target\classes;C:\Users\Lothbroke\.m2\repository\org\springframework\boot\spring-boot-starter-data-jpa\1.5.10.RELEASE\spring-boot-starter-data-jpa-1.5.10.RELEASE.jar;C:\Users\Lothbroke\.m2\repository\org\springframework\boot\spring-boot-starter\1.5.10.RELEASE\spring-boot-starter-1.5.10.RELEASE.jar;C:\Users\Lothbroke\.m2\repository\org\springframework\boot\spring-boot\1.5.10.RELEASE\spring-boot-1.5.10.RELEASE.jar;C:\Users\Lothbroke\.m2\repository\org\springframework\boot\spring-boot-autoconfigure\1.5.10.RELEASE\spring-boot-autoconfigure-1.5.10.RELEASE.jar;C:\Users\Lothbroke\.m2\repository\org\springframework\boot\spring-boot-starter-logging\1.5.10.RELEASE\spring-boot-starter-logging-1.5.10.RELEASE.jar;C:\Users\Lothbroke\.m2\repository\ch\qos\logback\logback-classic\1.1.11\logback-classic-1.1.11.jar;C:\Users\Lothbroke\.m2\repository\ch\qos\logback\logback-core\1.1.11\logback-core-1.1.11.jar;C:\Users\Lothbroke\.m2\repository\org\slf4j\jul-to-slf4j\1.7.25\jul-to-slf4j-1.7.25.jar;C:\Users\Lothbroke\.m2\repository\org\slf4j\log4j-over-slf4j\1.7.25\log4j-over-slf4j-1.7.25.jar;C:\Users\Lothbroke\.m2\repository\org\yaml\snakeyaml\1.17\snakeyaml-1.17.jar;C:\Users\Lothbroke\.m2\repository\org\springframework\boot\spring-boot-starter-aop\1.5.10.RELEASE\spring-boot-starter-aop-1.5.10.RELEASE.jar;C:\Users\Lothbroke\.m2\repository\org\springframework\spring-aop\4.3.14.RELEASE\spring-aop-4.3.14.RELEASE.jar;C:\Users\Lothbroke\.m2\repository\org\aspectj\aspectjweaver\1.8.13\aspectjweaver-1.8.13.jar;C:\Users\Lothbroke\.m2\repository\org\springframework\boot\spring-boot-starter-jdbc\1.5.10.RELEASE\spring-boot-starter-jdbc-1.5.10.RELEASE.jar;C:\Users\Lothbroke\.m2\repository\org\apache\tomcat\tomcat-jdbc\8.5.27\tomcat-jdbc-8.5.27.jar;C:\Users\Lothbroke\.m2\repository\org\apache\tomcat\tomcat-juli\8.5.27\tomcat-juli-8.5.27.jar;C:\Users\Lothbroke\.m2\repository\org\springframework\spring-jdbc\4.3.14.RELEASE
Launcher Type: SUN_STANDARD

Environment Variables:
JAVA_HOME=C:\Program Files\Java\jdk1.8.0_144
PATH=C:/Program Files/Java/jre1.8.0_144/bin/server;C:/Program Files/Java/jre1.8.0_144/bin;C:/Program Files/Java/jre1.8.0_144/lib/amd64;C:\app\Lothbroke\product\11.2.0\dbhome_1\bin;C:\ProgramData\Oracle\Java\javapath;"C:\ProgramData\Oracle\Java\javapath;C:\Program Files\Java\jdk1.8.0_144\bin;C:\Program Files\Java\jre1.8.0_144";C:\WINDOWS\system32;C:\WINDOWS;C:\WINDOWS\System32\Wbem;C:\WINDOWS\System32\WindowsPowerShell\v1.0\;C:\Program Files\PuTTY\;C:\Program Files\Git\cmd;C:\Program Files\nodejs\;C:\Program Files\Apache software foundation\apache-maven-3.5.0\bin;C:\Users\Lothbroke\AppData\Local\Microsoft\WindowsApps;C:\Program Files\Java\jdk1.8.0_144\bin;C:\Users\Lothbroke\AppData\Roaming\npm;C:\Program Files (x86)\Microsoft VS Code\bin;C:\Users\Lothbroke\Desktop\eclipse;
USERNAME=Lothbroke
OS=Windows_NT
PROCESSOR_IDENTIFIER=Intel64 Family 6 Model 60 Stepping 3, GenuineIntel



---------------  S Y S T E M  ---------------

OS: Windows 10.0 , 64 bit Build 16299 (10.0.16299.15)

CPU:total 8 (initial active 8) (4 cores per cpu, 2 threads per core) family 6 model 60 stepping 3, cmov, cx8, fxsr, mmx, sse, sse2, sse3, ssse3, sse4.1, sse4.2, popcnt, avx, avx2, aes, clmul, erms, lzcnt, ht, tsc, tscinvbit, bmi1, bmi2

Memory: 4k page, physical 3859708k(383024k free), swap 7955708k(6272k free)

vm_info: Java HotSpot(TM) 64-Bit Server VM (25.144-b01) for windows-amd64 JRE (1.8.0_144-b01), built on Jul 21 2017 21:57:33 by "java_re" with MS VC++ 10.0 (VS2010)

time: Fri Apr 06 13:11:29 2018
elapsed time: 14 seconds (0d 0h 0m 14s)

