#
# There is insufficient memory for the Java Runtime Environment to continue.
# Native memory allocation (malloc) failed to allocate 691136 bytes for Chunk::new
# Possible reasons:
#   The system is out of physical RAM or swap space
#   In 32 bit mode, the process size limit was hit
# Possible solutions:
#   Reduce memory load on the system
#   Increase physical memory or swap space
#   Check if swap backing store is full
#   Use 64 bit Java on a 64 bit OS
#   Decrease Java heap size (-Xmx/-Xms)
#   Decrease number of Java threads
#   Decrease Java thread stack sizes (-Xss)
#   Set larger code cache with -XX:ReservedCodeCacheSize=
# This output file may be truncated or incomplete.
#
#  Out of Memory Error (allocation.cpp:390), pid=3476, tid=0x00000000000030b8
#
# JRE version: Java(TM) SE Runtime Environment (8.0_144-b01) (build 1.8.0_144-b01)
# Java VM: Java HotSpot(TM) 64-Bit Server VM (25.144-b01 mixed mode windows-amd64 compressed oops)
# Failed to write core dump. Minidumps are not enabled by default on client versions of Windows
#

---------------  T H R E A D  ---------------

Current thread (0x0000000018f54000):  JavaThread "C2 CompilerThread2" daemon [_thread_in_native, id=12472, stack(0x0000000019900000,0x0000000019a00000)]

Stack: [0x0000000019900000,0x0000000019a00000]
[error occurred during error reporting (printing stack bounds), id 0xc0000005]

Native frames: (J=compiled Java code, j=interpreted, Vv=VM code, C=native code)


Current CompileTask:
C2:   1854 2337       4       org.springframework.core.annotation.AnnotationUtils::adaptValue (182 bytes)


---------------  P R O C E S S  ---------------

Java Threads: ( => current thread )
  0x0000000018fd4000 JavaThread "Service Thread" daemon [_thread_blocked, id=5276, stack(0x0000000019b00000,0x0000000019c00000)]
  0x0000000018f56800 JavaThread "C1 CompilerThread3" daemon [_thread_in_native, id=10508, stack(0x0000000019a00000,0x0000000019b00000)]
=>0x0000000018f54000 JavaThread "C2 CompilerThread2" daemon [_thread_in_native, id=12472, stack(0x0000000019900000,0x0000000019a00000)]
  0x0000000018f47000 JavaThread "C2 CompilerThread1" daemon [_thread_in_native, id=13472, stack(0x0000000019800000,0x0000000019900000)]
  0x0000000018f3f800 JavaThread "C2 CompilerThread0" daemon [_thread_in_native, id=13088, stack(0x0000000019700000,0x0000000019800000)]
  0x0000000018f3e800 JavaThread "Attach Listener" daemon [_thread_blocked, id=10308, stack(0x0000000019600000,0x0000000019700000)]
  0x000000001702e000 JavaThread "Signal Dispatcher" daemon [_thread_blocked, id=12760, stack(0x0000000019500000,0x0000000019600000)]
  0x0000000018f30800 JavaThread "Finalizer" daemon [_thread_blocked, id=6680, stack(0x0000000019310000,0x0000000019410000)]
  0x000000001701d800 JavaThread "Reference Handler" daemon [_thread_blocked, id=5368, stack(0x0000000018e10000,0x0000000018f10000)]
  0x00000000046f4800 JavaThread "main" [_thread_in_vm, id=2704, stack(0x00000000045f0000,0x00000000046f0000)]

Other Threads:
  0x0000000017018800 VMThread [stack: 0x0000000018d10000,0x0000000018e10000] [id=10972]
  0x000000001903e800 WatcherThread [stack: 0x0000000019c00000,0x0000000019d00000] [id=376]

VM state:not at safepoint (normal execution)

VM Mutex/Monitor currently owned by a thread: None

Heap:
 PSYoungGen      total 33280K, used 22431K [0x00000000ec580000, 0x00000000ee880000, 0x0000000100000000)
  eden space 30720K, 64% used [0x00000000ec580000,0x00000000ed8eb398,0x00000000ee380000)
  from space 2560K, 99% used [0x00000000ee380000,0x00000000ee5fc9b0,0x00000000ee600000)
  to   space 2560K, 0% used [0x00000000ee600000,0x00000000ee600000,0x00000000ee880000)
 ParOldGen       total 34816K, used 9805K [0x00000000c5000000, 0x00000000c7200000, 0x00000000ec580000)
  object space 34816K, 28% used [0x00000000c5000000,0x00000000c5993460,0x00000000c7200000)
 Metaspace       used 23167K, capacity 23454K, committed 23808K, reserved 1071104K
  class space    used 2876K, capacity 2972K, committed 3072K, reserved 1048576K

Card table byte_map: [0x0000000013bb0000,0x0000000013d90000] byte_map_base: 0x0000000013588000

Marking Bits: (ParMarkBitMap*) 0x0000000061c5d850
 Begin Bits: [0x00000000146d0000, 0x0000000015590000)
 End Bits:   [0x0000000015590000, 0x0000000016450000)

Polling page: 0x0000000002d20000

CodeCache: size=245760Kb used=8638Kb max_used=8638Kb free=237121Kb
 bounds [0x00000000047f0000, 0x0000000005070000, 0x00000000137f0000]
 total_blobs=2766 nmethods=2404 adapters=274
 compilation: enabled

Compilation events (10 events):
Event: 1.786 Thread 0x0000000018f56800 nmethod 2366 0x000000000501eb10 code [0x000000000501ec80, 0x000000000501ee68]
Event: 1.786 Thread 0x0000000018f56800 2368       3       java.io.File::compareTo (9 bytes)
Event: 1.787 Thread 0x0000000018f56800 nmethod 2368 0x000000000501ef50 code [0x000000000501f0e0, 0x000000000501f4a8]
Event: 1.787 Thread 0x0000000018f56800 2367       3       java.io.File::<init> (80 bytes)
Event: 1.787 Thread 0x0000000018f56800 nmethod 2367 0x000000000501f6d0 code [0x000000000501f840, 0x000000000501fac8]
Event: 1.788 Thread 0x0000000018f56800 2369       3       java.io.File::compareTo (9 bytes)
Event: 1.789 Thread 0x0000000018f56800 nmethod 2369 0x0000000005022bd0 code [0x0000000005022d60, 0x0000000005023248]
Event: 1.789 Thread 0x0000000018f56800 2370       3       java.util.regex.ASCII::isAlpha (8 bytes)
Event: 1.789 Thread 0x0000000018f56800 nmethod 2370 0x0000000005023510 code [0x0000000005023680, 0x0000000005023950]
Event: 1.791 Thread 0x0000000018f3f800 nmethod 2329 0x0000000005023ad0 code [0x00000000050240e0, 0x00000000050260d8]

GC Heap History (10 events):
Event: 1.160 GC heap before
{Heap before GC invocations=6 (full 0):
 PSYoungGen      total 33280K, used 33253K [0x00000000ec580000, 0x00000000ee880000, 0x0000000100000000)
  eden space 30720K, 100% used [0x00000000ec580000,0x00000000ee380000,0x00000000ee380000)
  from space 2560K, 98% used [0x00000000ee380000,0x00000000ee5f9428,0x00000000ee600000)
  to   space 2560K, 0% used [0x00000000ee600000,0x00000000ee600000,0x00000000ee880000)
 ParOldGen       total 40960K, used 9810K [0x00000000c5000000, 0x00000000c7800000, 0x00000000ec580000)
  object space 40960K, 23% used [0x00000000c5000000,0x00000000c59949e8,0x00000000c7800000)
 Metaspace       used 20036K, capacity 20316K, committed 20480K, reserved 1067008K
  class space    used 2435K, capacity 2513K, committed 2560K, reserved 1048576K
Event: 1.166 GC heap after
Heap after GC invocations=6 (full 0):
 PSYoungGen      total 33280K, used 2544K [0x00000000ec580000, 0x00000000ee880000, 0x0000000100000000)
  eden space 30720K, 0% used [0x00000000ec580000,0x00000000ec580000,0x00000000ee380000)
  from space 2560K, 99% used [0x00000000ee600000,0x00000000ee87c050,0x00000000ee880000)
  to   space 2560K, 0% used [0x00000000ee380000,0x00000000ee380000,0x00000000ee600000)
 ParOldGen       total 40960K, used 12944K [0x00000000c5000000, 0x00000000c7800000, 0x00000000ec580000)
  object space 40960K, 31% used [0x00000000c5000000,0x00000000c5ca43d0,0x00000000c7800000)
 Metaspace       used 20036K, capacity 20316K, committed 20480K, reserved 1067008K
  class space    used 2435K, capacity 2513K, committed 2560K, reserved 1048576K
}
Event: 1.315 GC heap before
{Heap before GC invocations=7 (full 0):
 PSYoungGen      total 33280K, used 33264K [0x00000000ec580000, 0x00000000ee880000, 0x0000000100000000)
  eden space 30720K, 100% used [0x00000000ec580000,0x00000000ee380000,0x00000000ee380000)
  from space 2560K, 99% used [0x00000000ee600000,0x00000000ee87c050,0x00000000ee880000)
  to   space 2560K, 0% used [0x00000000ee380000,0x00000000ee380000,0x00000000ee600000)
 ParOldGen       total 40960K, used 12944K [0x00000000c5000000, 0x00000000c7800000, 0x00000000ec580000)
  object space 40960K, 31% used [0x00000000c5000000,0x00000000c5ca43d0,0x00000000c7800000)
 Metaspace       used 20604K, capacity 20942K, committed 21120K, reserved 1067008K
  class space    used 2508K, capacity 2612K, committed 2688K, reserved 1048576K
Event: 1.321 GC heap after
Heap after GC invocations=7 (full 0):
 PSYoungGen      total 33280K, used 2531K [0x00000000ec580000, 0x00000000ee880000, 0x0000000100000000)
  eden space 30720K, 0% used [0x00000000ec580000,0x00000000ec580000,0x00000000ee380000)
  from space 2560K, 98% used [0x00000000ee380000,0x00000000ee5f8dd8,0x00000000ee600000)
  to   space 2560K, 0% used [0x00000000ee600000,0x00000000ee600000,0x00000000ee880000)
 ParOldGen       total 40960K, used 15913K [0x00000000c5000000, 0x00000000c7800000, 0x00000000ec580000)
  object space 40960K, 38% used [0x00000000c5000000,0x00000000c5f8a7a8,0x00000000c7800000)
 Metaspace       used 20604K, capacity 20942K, committed 21120K, reserved 1067008K
  class space    used 2508K, capacity 2612K, committed 2688K, reserved 1048576K
}
Event: 1.351 GC heap before
{Heap before GC invocations=8 (full 0):
 PSYoungGen      total 33280K, used 7736K [0x00000000ec580000, 0x00000000ee880000, 0x0000000100000000)
  eden space 30720K, 16% used [0x00000000ec580000,0x00000000eca95428,0x00000000ee380000)
  from space 2560K, 98% used [0x00000000ee380000,0x00000000ee5f8dd8,0x00000000ee600000)
  to   space 2560K, 0% used [0x00000000ee600000,0x00000000ee600000,0x00000000ee880000)
 ParOldGen       total 40960K, used 15913K [0x00000000c5000000, 0x00000000c7800000, 0x00000000ec580000)
  object space 40960K, 38% used [0x00000000c5000000,0x00000000c5f8a7a8,0x00000000c7800000)
 Metaspace       used 20852K, capacity 21172K, committed 21296K, reserved 1069056K
  class space    used 2532K, capacity 2645K, committed 2688K, reserved 1048576K
Event: 1.355 GC heap after
Heap after GC invocations=8 (full 0):
 PSYoungGen      total 33280K, used 2544K [0x00000000ec580000, 0x00000000ee880000, 0x0000000100000000)
  eden space 30720K, 0% used [0x00000000ec580000,0x00000000ec580000,0x00000000ee380000)
  from space 2560K, 99% used [0x00000000ee600000,0x00000000ee87c010,0x00000000ee880000)
  to   space 2560K, 0% used [0x00000000ee380000,0x00000000ee380000,0x00000000ee600000)
 ParOldGen       total 40960K, used 16662K [0x00000000c5000000, 0x00000000c7800000, 0x00000000ec580000)
  object space 40960K, 40% used [0x00000000c5000000,0x00000000c6045b28,0x00000000c7800000)
 Metaspace       used 20852K, capacity 21172K, committed 21296K, reserved 1069056K
  class space    used 2532K, capacity 2645K, committed 2688K, reserved 1048576K
}
Event: 1.355 GC heap before
{Heap before GC invocations=9 (full 1):
 PSYoungGen      total 33280K, used 2544K [0x00000000ec580000, 0x00000000ee880000, 0x0000000100000000)
  eden space 30720K, 0% used [0x00000000ec580000,0x00000000ec580000,0x00000000ee380000)
  from space 2560K, 99% used [0x00000000ee600000,0x00000000ee87c010,0x00000000ee880000)
  to   space 2560K, 0% used [0x00000000ee380000,0x00000000ee380000,0x00000000ee600000)
 ParOldGen       total 40960K, used 16662K [0x00000000c5000000, 0x00000000c7800000, 0x00000000ec580000)
  object space 40960K, 40% used [0x00000000c5000000,0x00000000c6045b28,0x00000000c7800000)
 Metaspace       used 20852K, capacity 21172K, committed 21296K, reserved 1069056K
  class space    used 2532K, capacity 2645K, committed 2688K, reserved 1048576K
Event: 1.389 GC heap after
Heap after GC invocations=9 (full 1):
 PSYoungGen      total 33280K, used 0K [0x00000000ec580000, 0x00000000ee880000, 0x0000000100000000)
  eden space 30720K, 0% used [0x00000000ec580000,0x00000000ec580000,0x00000000ee380000)
  from space 2560K, 0% used [0x00000000ee600000,0x00000000ee600000,0x00000000ee880000)
  to   space 2560K, 0% used [0x00000000ee380000,0x00000000ee380000,0x00000000ee600000)
 ParOldGen       total 34816K, used 8826K [0x00000000c5000000, 0x00000000c7200000, 0x00000000ec580000)
  object space 34816K, 25% used [0x00000000c5000000,0x00000000c589e800,0x00000000c7200000)
 Metaspace       used 20852K, capacity 21172K, committed 21296K, reserved 1069056K
  class space    used 2532K, capacity 2645K, committed 2688K, reserved 1048576K
}
Event: 1.646 GC heap before
{Heap before GC invocations=10 (full 1):
 PSYoungGen      total 33280K, used 30720K [0x00000000ec580000, 0x00000000ee880000, 0x0000000100000000)
  eden space 30720K, 100% used [0x00000000ec580000,0x00000000ee380000,0x00000000ee380000)
  from space 2560K, 0% used [0x00000000ee600000,0x00000000ee600000,0x00000000ee880000)
  to   space 2560K, 0% used [0x00000000ee380000,0x00000000ee380000,0x00000000ee600000)
 ParOldGen       total 34816K, used 8826K [0x00000000c5000000, 0x00000000c7200000, 0x00000000ec580000)
  object space 34816K, 25% used [0x00000000c5000000,0x00000000c589e800,0x00000000c7200000)
 Metaspace       used 22234K, capacity 22552K, committed 22832K, reserved 1069056K
  class space    used 2736K, capacity 2843K, committed 2944K, reserved 1048576K
Event: 1.648 GC heap after
Heap after GC invocations=10 (full 1):
 PSYoungGen      total 33280K, used 2546K [0x00000000ec580000, 0x00000000ee880000, 0x0000000100000000)
  eden space 30720K, 0% used [0x00000000ec580000,0x00000000ec580000,0x00000000ee380000)
  from space 2560K, 99% used [0x00000000ee380000,0x00000000ee5fc9b0,0x00000000ee600000)
  to   space 2560K, 0% used [0x00000000ee600000,0x00000000ee600000,0x00000000ee880000)
 ParOldGen       total 34816K, used 9805K [0x00000000c5000000, 0x00000000c7200000, 0x00000000ec580000)
  object space 34816K, 28% used [0x00000000c5000000,0x00000000c5993460,0x00000000c7200000)
 Metaspace       used 22234K, capacity 22552K, committed 22832K, reserved 1069056K
  class space    used 2736K, capacity 2843K, committed 2944K, reserved 1048576K
}

Deoptimization events (10 events):
Event: 1.333 Thread 0x00000000046f4800 Uncommon trap: reason=array_check action=maybe_recompile pc=0x0000000004f1b3ac method=java.util.AbstractCollection.toArray([Ljava/lang/Object;)[Ljava/lang/Object; @ 119
Event: 1.333 Thread 0x00000000046f4800 Uncommon trap: reason=array_check action=maybe_recompile pc=0x0000000004f1b3ac method=java.util.AbstractCollection.toArray([Ljava/lang/Object;)[Ljava/lang/Object; @ 119
Event: 1.333 Thread 0x00000000046f4800 Uncommon trap: reason=array_check action=maybe_recompile pc=0x0000000004f1b3ac method=java.util.AbstractCollection.toArray([Ljava/lang/Object;)[Ljava/lang/Object; @ 119
Event: 1.597 Thread 0x00000000046f4800 Uncommon trap: reason=class_check action=maybe_recompile pc=0x0000000004b31d08 method=java.util.concurrent.ConcurrentHashMap.putVal(Ljava/lang/Object;Ljava/lang/Object;Z)Ljava/lang/Object; @ 192
Event: 1.737 Thread 0x00000000046f4800 Uncommon trap: reason=array_check action=maybe_recompile pc=0x0000000004ed92d8 method=sun.reflect.annotation.AnnotationParser.parseAnnotationArray(ILjava/lang/Class;Ljava/nio/ByteBuffer;Lsun/reflect/ConstantPool;Ljava/lang/Class;)Ljava/lang/Object; @ 53
Event: 1.737 Thread 0x00000000046f4800 Uncommon trap: reason=array_check action=maybe_recompile pc=0x0000000004ed92d8 method=sun.reflect.annotation.AnnotationParser.parseAnnotationArray(ILjava/lang/Class;Ljava/nio/ByteBuffer;Lsun/reflect/ConstantPool;Ljava/lang/Class;)Ljava/lang/Object; @ 53
Event: 1.737 Thread 0x00000000046f4800 Uncommon trap: reason=array_check action=maybe_recompile pc=0x0000000004ed92d8 method=sun.reflect.annotation.AnnotationParser.parseAnnotationArray(ILjava/lang/Class;Ljava/nio/ByteBuffer;Lsun/reflect/ConstantPool;Ljava/lang/Class;)Ljava/lang/Object; @ 53
Event: 1.737 Thread 0x00000000046f4800 Uncommon trap: reason=array_check action=maybe_recompile pc=0x0000000004ed92d8 method=sun.reflect.annotation.AnnotationParser.parseAnnotationArray(ILjava/lang/Class;Ljava/nio/ByteBuffer;Lsun/reflect/ConstantPool;Ljava/lang/Class;)Ljava/lang/Object; @ 53
Event: 1.759 Thread 0x00000000046f4800 Uncommon trap: reason=unstable_if action=reinterpret pc=0x0000000004dcc444 method=java.util.LinkedHashMap.get(Ljava/lang/Object;)Ljava/lang/Object; @ 20
Event: 1.759 Thread 0x00000000046f4800 Uncommon trap: reason=unstable_if action=reinterpret pc=0x0000000004f1f998 method=java.util.LinkedHashMap.afterNodeAccess(Ljava/util/HashMap$Node;)V @ 4

Internal exceptions (10 events):
Event: 0.811 Thread 0x00000000046f4800 Exception <a 'java/lang/ClassNotFoundException': org/springframework/context/annotation/ConfigurationClassPostProcessorCustomizer> (0x00000000edee4ac8) thrown at [C:\re\workspace\8-2-build-windows-amd64-cygwin\jdk8u144\9417\hotspot\src\share\vm\classfile\
Event: 0.813 Thread 0x00000000046f4800 Exception <a 'java/lang/ClassNotFoundException': org/springframework/beans/factory/support/BeanDefinitionRegistryPostProcessorCustomizer> (0x00000000edf142f8) thrown at [C:\re\workspace\8-2-build-windows-amd64-cygwin\jdk8u144\9417\hotspot\src\share\vm\cla
Event: 0.813 Thread 0x00000000046f4800 Exception <a 'java/lang/ClassNotFoundException': org/springframework/core/PriorityOrderedCustomizer> (0x00000000edf28a78) thrown at [C:\re\workspace\8-2-build-windows-amd64-cygwin\jdk8u144\9417\hotspot\src\share\vm\classfile\systemDictionary.cpp, line 210
Event: 0.814 Thread 0x00000000046f4800 Exception <a 'java/lang/ClassNotFoundException': org/springframework/context/ResourceLoaderAwareCustomizer> (0x00000000edf7cfd0) thrown at [C:\re\workspace\8-2-build-windows-amd64-cygwin\jdk8u144\9417\hotspot\src\share\vm\classfile\systemDictionary.cpp, l
Event: 0.814 Thread 0x00000000046f4800 Exception <a 'java/lang/ClassNotFoundException': org/springframework/beans/factory/BeanClassLoaderAwareCustomizer> (0x00000000edf95908) thrown at [C:\re\workspace\8-2-build-windows-amd64-cygwin\jdk8u144\9417\hotspot\src\share\vm\classfile\systemDictionary
Event: 0.815 Thread 0x00000000046f4800 Exception <a 'java/lang/ClassNotFoundException': org/springframework/context/EnvironmentAwareCustomizer> (0x00000000edfab738) thrown at [C:\re\workspace\8-2-build-windows-amd64-cygwin\jdk8u144\9417\hotspot\src\share\vm\classfile\systemDictionary.cpp, line
Event: 0.970 Thread 0x000000001ab16800 Exception <a 'java/lang/NoSuchFieldError': method resolution failed> (0x00000000ed298d38) thrown at [C:\re\workspace\8-2-build-windows-amd64-cygwin\jdk8u144\9417\hotspot\src\share\vm\prims\methodHandles.cpp, line 1146]
Event: 0.972 Thread 0x000000001ab16800 Exception <a 'java/lang/NoSuchFieldError': method resolution failed> (0x00000000ed2a63f8) thrown at [C:\re\workspace\8-2-build-windows-amd64-cygwin\jdk8u144\9417\hotspot\src\share\vm\prims\methodHandles.cpp, line 1146]
Event: 1.443 Thread 0x00000000046f4800 Exception <a 'java/security/PrivilegedActionException'> (0x00000000ece3fbb8) thrown at [C:\re\workspace\8-2-build-windows-amd64-cygwin\jdk8u144\9417\hotspot\src\share\vm\prims\jvm.cpp, line 1390]
Event: 1.443 Thread 0x00000000046f4800 Exception <a 'java/security/PrivilegedActionException'> (0x00000000ece3ffb0) thrown at [C:\re\workspace\8-2-build-windows-amd64-cygwin\jdk8u144\9417\hotspot\src\share\vm\prims\jvm.cpp, line 1390]

Events (10 events):
Event: 1.783 loading class com/softtech/localLevel/repository/SubMetropolitanRepository
Event: 1.783 loading class com/softtech/localLevel/repository/SubMetropolitanRepository done
Event: 1.785 loading class com/softtech/localLevel/repository/RuralMunicipalityRepository
Event: 1.785 loading class com/softtech/localLevel/repository/RuralMunicipalityRepository done
Event: 1.787 loading class com/softtech/localLevel/repository/DemographicRespository
Event: 1.787 loading class com/softtech/localLevel/repository/DemographicRespository done
Event: 1.789 loading class com/softtech/localLevel/repository/DistrictRepository
Event: 1.789 loading class com/softtech/localLevel/repository/DistrictRepository done
Event: 1.791 loading class com/softtech/localLevel/repository/AttractionRepository
Event: 1.791 loading class com/softtech/localLevel/repository/AttractionRepository done


Dynamic libraries:
0x00007ff604a80000 - 0x00007ff604ab7000 	C:\Program Files\Java\jre1.8.0_144\bin\javaw.exe
0x00007ffe7a540000 - 0x00007ffe7a720000 	C:\WINDOWS\SYSTEM32\ntdll.dll
0x00007ffe7a460000 - 0x00007ffe7a50e000 	C:\WINDOWS\System32\KERNEL32.DLL
0x00007ffe775d0000 - 0x00007ffe77836000 	C:\WINDOWS\System32\KERNELBASE.dll
0x00007ffe785a0000 - 0x00007ffe78641000 	C:\WINDOWS\System32\ADVAPI32.dll
0x00007ffe784a0000 - 0x00007ffe7853d000 	C:\WINDOWS\System32\msvcrt.dll
0x00007ffe7a400000 - 0x00007ffe7a45b000 	C:\WINDOWS\System32\sechost.dll
0x00007ffe78660000 - 0x00007ffe7877f000 	C:\WINDOWS\System32\RPCRT4.dll
0x00007ffe7a210000 - 0x00007ffe7a39f000 	C:\WINDOWS\System32\USER32.dll
0x00007ffe76b40000 - 0x00007ffe76b60000 	C:\WINDOWS\System32\win32u.dll
0x00007ffe79f80000 - 0x00007ffe79fa8000 	C:\WINDOWS\System32\GDI32.dll
0x00007ffe769a0000 - 0x00007ffe76b33000 	C:\WINDOWS\System32\gdi32full.dll
0x00007ffe77970000 - 0x00007ffe77a0b000 	C:\WINDOWS\System32\msvcp_win.dll
0x00007ffe77480000 - 0x00007ffe77576000 	C:\WINDOWS\System32\ucrtbase.dll
0x00007ffe66910000 - 0x00007ffe66b79000 	C:\WINDOWS\WinSxS\amd64_microsoft.windows.common-controls_6595b64144ccf1df_6.0.16299.309_none_15cfd4c4935e6b11\COMCTL32.dll
0x00007ffe77f60000 - 0x00007ffe78268000 	C:\WINDOWS\System32\combase.dll
0x00007ffe778f0000 - 0x00007ffe77962000 	C:\WINDOWS\System32\bcryptPrimitives.dll
0x00007ffe79f50000 - 0x00007ffe79f7d000 	C:\WINDOWS\System32\IMM32.DLL
0x0000000061250000 - 0x0000000061322000 	C:\Program Files\Java\jre1.8.0_144\bin\msvcr100.dll
0x0000000061440000 - 0x0000000061cdd000 	C:\Program Files\Java\jre1.8.0_144\bin\server\jvm.dll
0x00007ffe78650000 - 0x00007ffe78658000 	C:\WINDOWS\System32\PSAPI.DLL
0x00007ffe6f870000 - 0x00007ffe6f893000 	C:\WINDOWS\SYSTEM32\WINMM.dll
0x00007ffe66030000 - 0x00007ffe66039000 	C:\WINDOWS\SYSTEM32\WSOCK32.dll
0x00007ffe69840000 - 0x00007ffe6984a000 	C:\WINDOWS\SYSTEM32\VERSION.dll
0x00007ffe78860000 - 0x00007ffe788cc000 	C:\WINDOWS\System32\WS2_32.dll
0x00007ffe6f840000 - 0x00007ffe6f86a000 	C:\WINDOWS\SYSTEM32\WINMMBASE.dll
0x00007ffe77580000 - 0x00007ffe775ca000 	C:\WINDOWS\System32\cfgmgr32.dll
0x0000000061430000 - 0x000000006143f000 	C:\Program Files\Java\jre1.8.0_144\bin\verify.dll
0x0000000061400000 - 0x0000000061429000 	C:\Program Files\Java\jre1.8.0_144\bin\java.dll
0x00000000613e0000 - 0x00000000613f6000 	C:\Program Files\Java\jre1.8.0_144\bin\zip.dll
0x00007ffe789a0000 - 0x00007ffe79dd6000 	C:\WINDOWS\System32\SHELL32.dll
0x00007ffe788d0000 - 0x00007ffe78976000 	C:\WINDOWS\System32\shcore.dll
0x00007ffe76d30000 - 0x00007ffe77477000 	C:\WINDOWS\System32\windows.storage.dll
0x00007ffe77a10000 - 0x00007ffe77a61000 	C:\WINDOWS\System32\shlwapi.dll
0x00007ffe768d0000 - 0x00007ffe768e1000 	C:\WINDOWS\System32\kernel.appcore.dll
0x00007ffe768f0000 - 0x00007ffe7693c000 	C:\WINDOWS\System32\powrprof.dll
0x00007ffe768b0000 - 0x00007ffe768cb000 	C:\WINDOWS\System32\profapi.dll
0x0000000061330000 - 0x000000006133d000 	C:\Program Files\Java\jre1.8.0_144\bin\management.dll
0x00000000613c0000 - 0x00000000613da000 	C:\Program Files\Java\jre1.8.0_144\bin\net.dll
0x00007ffe76120000 - 0x00007ffe76186000 	C:\WINDOWS\system32\mswsock.dll
0x00007ffe65b40000 - 0x00007ffe65b56000 	C:\WINDOWS\system32\napinsp.dll
0x00007ffe65b20000 - 0x00007ffe65b3a000 	C:\WINDOWS\system32\pnrpnsp.dll
0x00007ffe72e80000 - 0x00007ffe72e98000 	C:\WINDOWS\system32\NLAapi.dll
0x00007ffe75ef0000 - 0x00007ffe75fa6000 	C:\WINDOWS\SYSTEM32\DNSAPI.dll
0x00007ffe78780000 - 0x00007ffe78788000 	C:\WINDOWS\System32\NSI.dll
0x00007ffe75eb0000 - 0x00007ffe75ee9000 	C:\WINDOWS\SYSTEM32\IPHLPAPI.DLL
0x00007ffe65ad0000 - 0x00007ffe65ade000 	C:\WINDOWS\System32\winrnr.dll
0x00000000620e0000 - 0x0000000062106000 	C:\Program Files\Bonjour\mdnsNSP.dll
0x00007ffe715b0000 - 0x00007ffe715c5000 	C:\WINDOWS\System32\wshbth.dll
0x00007ffe6c8a0000 - 0x00007ffe6c8aa000 	C:\Windows\System32\rasadhlp.dll
0x00007ffe6d880000 - 0x00007ffe6d8f0000 	C:\WINDOWS\System32\fwpuclnt.dll
0x00007ffe763f0000 - 0x00007ffe76415000 	C:\WINDOWS\SYSTEM32\bcrypt.dll
0x00000000613a0000 - 0x00000000613b1000 	C:\Program Files\Java\jre1.8.0_144\bin\nio.dll

VM Arguments:
jvm_args: -Dfile.encoding=UTF-8 
java_command: com.softtech.localLevel.LocalLevelApplication
java_class_path (initial): C:\Users\Lothbroke\Desktop\Softech\Project\LocalLevel\target\classes;C:\Users\Lothbroke\.m2\repository\org\springframework\boot\spring-boot-starter-data-jpa\1.5.10.RELEASE\spring-boot-starter-data-jpa-1.5.10.RELEASE.jar;C:\Users\Lothbroke\.m2\repository\org\springframework\boot\spring-boot-starter\1.5.10.RELEASE\spring-boot-starter-1.5.10.RELEASE.jar;C:\Users\Lothbroke\.m2\repository\org\springframework\boot\spring-boot\1.5.10.RELEASE\spring-boot-1.5.10.RELEASE.jar;C:\Users\Lothbroke\.m2\repository\org\springframework\boot\spring-boot-autoconfigure\1.5.10.RELEASE\spring-boot-autoconfigure-1.5.10.RELEASE.jar;C:\Users\Lothbroke\.m2\repository\org\springframework\boot\spring-boot-starter-logging\1.5.10.RELEASE\spring-boot-starter-logging-1.5.10.RELEASE.jar;C:\Users\Lothbroke\.m2\repository\ch\qos\logback\logback-classic\1.1.11\logback-classic-1.1.11.jar;C:\Users\Lothbroke\.m2\repository\ch\qos\logback\logback-core\1.1.11\logback-core-1.1.11.jar;C:\Users\Lothbroke\.m2\repository\org\slf4j\jul-to-slf4j\1.7.25\jul-to-slf4j-1.7.25.jar;C:\Users\Lothbroke\.m2\repository\org\slf4j\log4j-over-slf4j\1.7.25\log4j-over-slf4j-1.7.25.jar;C:\Users\Lothbroke\.m2\repository\org\yaml\snakeyaml\1.17\snakeyaml-1.17.jar;C:\Users\Lothbroke\.m2\repository\org\springframework\boot\spring-boot-starter-aop\1.5.10.RELEASE\spring-boot-starter-aop-1.5.10.RELEASE.jar;C:\Users\Lothbroke\.m2\repository\org\springframework\spring-aop\4.3.14.RELEASE\spring-aop-4.3.14.RELEASE.jar;C:\Users\Lothbroke\.m2\repository\org\aspectj\aspectjweaver\1.8.13\aspectjweaver-1.8.13.jar;C:\Users\Lothbroke\.m2\repository\org\springframework\boot\spring-boot-starter-jdbc\1.5.10.RELEASE\spring-boot-starter-jdbc-1.5.10.RELEASE.jar;C:\Users\Lothbroke\.m2\repository\org\apache\tomcat\tomcat-jdbc\8.5.27\tomcat-jdbc-8.5.27.jar;C:\Users\Lothbroke\.m2\repository\org\apache\tomcat\tomcat-juli\8.5.27\tomcat-juli-8.5.27.jar;C:\Users\Lothbroke\.m2\repository\org\springframework\spring-jdbc\4.3.14.RELEASE
Launcher Type: SUN_STANDARD

Environment Variables:
JAVA_HOME=C:\Program Files\Java\jdk1.8.0_144
PATH=C:/Program Files/Java/jre1.8.0_144/bin/server;C:/Program Files/Java/jre1.8.0_144/bin;C:/Program Files/Java/jre1.8.0_144/lib/amd64;C:\app\Lothbroke\product\11.2.0\dbhome_1\bin;C:\ProgramData\Oracle\Java\javapath;"C:\ProgramData\Oracle\Java\javapath;C:\Program Files\Java\jdk1.8.0_144\bin;C:\Program Files\Java\jre1.8.0_144";C:\WINDOWS\system32;C:\WINDOWS;C:\WINDOWS\System32\Wbem;C:\WINDOWS\System32\WindowsPowerShell\v1.0\;C:\Program Files\PuTTY\;C:\Program Files\Git\cmd;C:\Program Files\nodejs\;C:\Program Files\Apache software foundation\apache-maven-3.5.0\bin;C:\Users\Lothbroke\AppData\Local\Microsoft\WindowsApps;C:\Program Files\Java\jdk1.8.0_144\bin;C:\Users\Lothbroke\AppData\Roaming\npm;C:\Program Files (x86)\Microsoft VS Code\bin;C:\Users\Lothbroke\Desktop\eclipse;
USERNAME=Lothbroke
OS=Windows_NT
PROCESSOR_IDENTIFIER=Intel64 Family 6 Model 60 Stepping 3, GenuineIntel



---------------  S Y S T E M  ---------------

OS: Windows 10.0 , 64 bit Build 16299 (10.0.16299.15)

CPU:total 8 (initial active 8) (4 cores per cpu, 2 threads per core) family 6 model 60 stepping 3, cmov, cx8, fxsr, mmx, sse, sse2, sse3, ssse3, sse4.1, sse4.2, popcnt, avx, avx2, aes, clmul, erms, lzcnt, ht, tsc, tscinvbit, bmi1, bmi2

Memory: 4k page, physical 3859708k(363252k free), swap 7955708k(4164k free)

vm_info: Java HotSpot(TM) 64-Bit Server VM (25.144-b01) for windows-amd64 JRE (1.8.0_144-b01), built on Jul 21 2017 21:57:33 by "java_re" with MS VC++ 10.0 (VS2010)

time: Fri Apr 06 13:04:59 2018
elapsed time: 1 seconds (0d 0h 0m 1s)

