#
# There is insufficient memory for the Java Runtime Environment to continue.
# Native memory allocation (malloc) failed to allocate 1299216 bytes for Chunk::new
# Possible reasons:
#   The system is out of physical RAM or swap space
#   In 32 bit mode, the process size limit was hit
# Possible solutions:
#   Reduce memory load on the system
#   Increase physical memory or swap space
#   Check if swap backing store is full
#   Use 64 bit Java on a 64 bit OS
#   Decrease Java heap size (-Xmx/-Xms)
#   Decrease number of Java threads
#   Decrease Java thread stack sizes (-Xss)
#   Set larger code cache with -XX:ReservedCodeCacheSize=
# This output file may be truncated or incomplete.
#
#  Out of Memory Error (allocation.cpp:390), pid=1728, tid=0x0000000000002258
#
# JRE version: Java(TM) SE Runtime Environment (8.0_144-b01) (build 1.8.0_144-b01)
# Java VM: Java HotSpot(TM) 64-Bit Server VM (25.144-b01 mixed mode windows-amd64 compressed oops)
# Failed to write core dump. Minidumps are not enabled by default on client versions of Windows
#

---------------  T H R E A D  ---------------

Current thread (0x0000000019773000):  JavaThread "C2 CompilerThread1" daemon [_thread_in_native, id=8792, stack(0x000000001a030000,0x000000001a130000)]

Stack: [0x000000001a030000,0x000000001a130000]
[error occurred during error reporting (printing stack bounds), id 0xc0000005]

Native frames: (J=compiled Java code, j=interpreted, Vv=VM code, C=native code)


Current CompileTask:
C2:  28730 3420   !   4       java.net.URLClassLoader$1::run (63 bytes)


---------------  P R O C E S S  ---------------

Java Threads: ( => current thread )
  0x000000001980a800 JavaThread "Service Thread" daemon [_thread_blocked, id=3140, stack(0x000000001a330000,0x000000001a430000)]
  0x0000000019779000 JavaThread "C1 CompilerThread3" daemon [_thread_blocked, id=1208, stack(0x000000001a230000,0x000000001a330000)]
  0x0000000019774000 JavaThread "C2 CompilerThread2" daemon [_thread_in_native, id=2252, stack(0x000000001a130000,0x000000001a230000)]
=>0x0000000019773000 JavaThread "C2 CompilerThread1" daemon [_thread_in_native, id=8792, stack(0x000000001a030000,0x000000001a130000)]
  0x000000001976b000 JavaThread "C2 CompilerThread0" daemon [_thread_blocked, id=11012, stack(0x0000000019f30000,0x000000001a030000)]
  0x0000000019769800 JavaThread "Attach Listener" daemon [_thread_blocked, id=6212, stack(0x0000000019e30000,0x0000000019f30000)]
  0x0000000019768000 JavaThread "Signal Dispatcher" daemon [_thread_blocked, id=3112, stack(0x0000000019d30000,0x0000000019e30000)]
  0x0000000019760800 JavaThread "Finalizer" daemon [_thread_blocked, id=8368, stack(0x0000000019b40000,0x0000000019c40000)]
  0x0000000005046000 JavaThread "Reference Handler" daemon [_thread_blocked, id=5632, stack(0x0000000019640000,0x0000000019740000)]
  0x0000000004f4e800 JavaThread "main" [_thread_in_vm, id=11232, stack(0x0000000004e40000,0x0000000004f40000)]

Other Threads:
  0x0000000017877800 VMThread [stack: 0x0000000019540000,0x0000000019640000] [id=4044]
  0x0000000019846000 WatcherThread [stack: 0x000000001a430000,0x000000001a530000] [id=7140]

VM state:not at safepoint (normal execution)

VM Mutex/Monitor currently owned by a thread: None

Heap:
 PSYoungGen      total 70144K, used 30565K [0x00000000ec580000, 0x00000000f5280000, 0x0000000100000000)
  eden space 58368K, 32% used [0x00000000ec580000,0x00000000ed7e0d20,0x00000000efe80000)
  from space 11776K, 99% used [0x00000000f4700000,0x00000000f5278920,0x00000000f5280000)
  to   space 13312K, 0% used [0x00000000f3880000,0x00000000f3880000,0x00000000f4580000)
 ParOldGen       total 40960K, used 13971K [0x00000000c5000000, 0x00000000c7800000, 0x00000000ec580000)
  object space 40960K, 34% used [0x00000000c5000000,0x00000000c5da4d00,0x00000000c7800000)
 Metaspace       used 19792K, capacity 20312K, committed 20480K, reserved 1067008K
  class space    used 2397K, capacity 2526K, committed 2560K, reserved 1048576K

Card table byte_map: [0x0000000014410000,0x00000000145f0000] byte_map_base: 0x0000000013de8000

Marking Bits: (ParMarkBitMap*) 0x000000005b33d850
 Begin Bits: [0x0000000014f30000, 0x0000000015df0000)
 End Bits:   [0x0000000015df0000, 0x0000000016cb0000)

Polling page: 0x00000000035d0000

CodeCache: size=245760Kb used=10921Kb max_used=11942Kb free=234838Kb
 bounds [0x0000000005050000, 0x0000000005c10000, 0x0000000014050000]
 total_blobs=3443 nmethods=3054 adapters=301
 compilation: enabled

Compilation events (10 events):
Event: 28.572 Thread 0x0000000019779000 3434       1       com.sun.tools.javac.code.Symbol$PackageSymbol::getQualifiedName (5 bytes)
Event: 28.572 Thread 0x0000000019779000 nmethod 3434 0x0000000005454790 code [0x00000000054548e0, 0x00000000054549f0]
Event: 28.573 Thread 0x0000000019779000 3435       3       com.sun.tools.javac.util.ArrayUtils::ensureCapacity (30 bytes)
Event: 28.573 Thread 0x0000000019779000 nmethod 3435 0x00000000052a5150 code [0x00000000052a52e0, 0x00000000052a5688]
Event: 28.573 Thread 0x0000000019779000 3438       3       com.sun.tools.javac.util.Convert::chars2utf (159 bytes)
Event: 28.573 Thread 0x0000000019779000 nmethod 3438 0x00000000051d5f50 code [0x00000000051d60e0, 0x00000000051d64d0]
Event: 28.573 Thread 0x0000000019779000 3437       3       com.sun.tools.javac.code.AnnoConstruct::<init> (5 bytes)
Event: 28.573 Thread 0x0000000019779000 nmethod 3437 0x0000000005485710 code [0x0000000005485860, 0x0000000005485a10]
Event: 28.573 Thread 0x0000000019779000 3436       3       com.sun.tools.javac.util.List::of (12 bytes)
Event: 28.574 Thread 0x0000000019779000 nmethod 3436 0x0000000005427b50 code [0x0000000005427cc0, 0x0000000005427ff0]

GC Heap History (10 events):
Event: 4.864 GC heap before
{Heap before GC invocations=4 (full 0):
 PSYoungGen      total 17920K, used 17888K [0x00000000ec580000, 0x00000000ee880000, 0x0000000100000000)
  eden space 15360K, 100% used [0x00000000ec580000,0x00000000ed480000,0x00000000ed480000)
  from space 2560K, 98% used [0x00000000ed480000,0x00000000ed6f8020,0x00000000ed700000)
  to   space 2560K, 0% used [0x00000000ee600000,0x00000000ee600000,0x00000000ee880000)
 ParOldGen       total 40960K, used 2447K [0x00000000c5000000, 0x00000000c7800000, 0x00000000ec580000)
  object space 40960K, 5% used [0x00000000c5000000,0x00000000c5263e18,0x00000000c7800000)
 Metaspace       used 11152K, capacity 11326K, committed 11520K, reserved 1058816K
  class space    used 1375K, capacity 1475K, committed 1536K, reserved 1048576K
Event: 4.868 GC heap after
Heap after GC invocations=4 (full 0):
 PSYoungGen      total 33280K, used 2544K [0x00000000ec580000, 0x00000000ee880000, 0x0000000100000000)
  eden space 30720K, 0% used [0x00000000ec580000,0x00000000ec580000,0x00000000ee380000)
  from space 2560K, 99% used [0x00000000ee600000,0x00000000ee87c030,0x00000000ee880000)
  to   space 2560K, 0% used [0x00000000ee380000,0x00000000ee380000,0x00000000ee600000)
 ParOldGen       total 40960K, used 4356K [0x00000000c5000000, 0x00000000c7800000, 0x00000000ec580000)
  object space 40960K, 10% used [0x00000000c5000000,0x00000000c54410d8,0x00000000c7800000)
 Metaspace       used 11152K, capacity 11326K, committed 11520K, reserved 1058816K
  class space    used 1375K, capacity 1475K, committed 1536K, reserved 1048576K
}
Event: 6.247 GC heap before
{Heap before GC invocations=5 (full 0):
 PSYoungGen      total 33280K, used 33264K [0x00000000ec580000, 0x00000000ee880000, 0x0000000100000000)
  eden space 30720K, 100% used [0x00000000ec580000,0x00000000ee380000,0x00000000ee380000)
  from space 2560K, 99% used [0x00000000ee600000,0x00000000ee87c030,0x00000000ee880000)
  to   space 2560K, 0% used [0x00000000ee380000,0x00000000ee380000,0x00000000ee600000)
 ParOldGen       total 40960K, used 4356K [0x00000000c5000000, 0x00000000c7800000, 0x00000000ec580000)
  object space 40960K, 10% used [0x00000000c5000000,0x00000000c54410d8,0x00000000c7800000)
 Metaspace       used 14546K, capacity 14780K, committed 14976K, reserved 1062912K
  class space    used 1800K, capacity 1906K, committed 1920K, reserved 1048576K
Event: 6.261 GC heap after
Heap after GC invocations=5 (full 0):
 PSYoungGen      total 33280K, used 2544K [0x00000000ec580000, 0x00000000f0f80000, 0x0000000100000000)
  eden space 30720K, 0% used [0x00000000ec580000,0x00000000ec580000,0x00000000ee380000)
  from space 2560K, 99% used [0x00000000ee380000,0x00000000ee5fc010,0x00000000ee600000)
  to   space 7168K, 0% used [0x00000000f0880000,0x00000000f0880000,0x00000000f0f80000)
 ParOldGen       total 40960K, used 9428K [0x00000000c5000000, 0x00000000c7800000, 0x00000000ec580000)
  object space 40960K, 23% used [0x00000000c5000000,0x00000000c5935038,0x00000000c7800000)
 Metaspace       used 14546K, capacity 14780K, committed 14976K, reserved 1062912K
  class space    used 1800K, capacity 1906K, committed 1920K, reserved 1048576K
}
Event: 7.387 GC heap before
{Heap before GC invocations=6 (full 0):
 PSYoungGen      total 33280K, used 33264K [0x00000000ec580000, 0x00000000f0f80000, 0x0000000100000000)
  eden space 30720K, 100% used [0x00000000ec580000,0x00000000ee380000,0x00000000ee380000)
  from space 2560K, 99% used [0x00000000ee380000,0x00000000ee5fc010,0x00000000ee600000)
  to   space 7168K, 0% used [0x00000000f0880000,0x00000000f0880000,0x00000000f0f80000)
 ParOldGen       total 40960K, used 9428K [0x00000000c5000000, 0x00000000c7800000, 0x00000000ec580000)
  object space 40960K, 23% used [0x00000000c5000000,0x00000000c5935038,0x00000000c7800000)
 Metaspace       used 15147K, capacity 15406K, committed 15616K, reserved 1062912K
  class space    used 1833K, capacity 1941K, committed 2048K, reserved 1048576K
Event: 7.395 GC heap after
Heap after GC invocations=6 (full 0):
 PSYoungGen      total 67584K, used 6757K [0x00000000ec580000, 0x00000000f1180000, 0x0000000100000000)
  eden space 60416K, 0% used [0x00000000ec580000,0x00000000ec580000,0x00000000f0080000)
  from space 7168K, 94% used [0x00000000f0880000,0x00000000f0f194d8,0x00000000f0f80000)
  to   space 8192K, 0% used [0x00000000f0080000,0x00000000f0080000,0x00000000f0880000)
 ParOldGen       total 40960K, used 9436K [0x00000000c5000000, 0x00000000c7800000, 0x00000000ec580000)
  object space 40960K, 23% used [0x00000000c5000000,0x00000000c5937038,0x00000000c7800000)
 Metaspace       used 15147K, capacity 15406K, committed 15616K, reserved 1062912K
  class space    used 1833K, capacity 1941K, committed 2048K, reserved 1048576K
}
Event: 11.726 GC heap before
{Heap before GC invocations=7 (full 0):
 PSYoungGen      total 67584K, used 67173K [0x00000000ec580000, 0x00000000f1180000, 0x0000000100000000)
  eden space 60416K, 100% used [0x00000000ec580000,0x00000000f0080000,0x00000000f0080000)
  from space 7168K, 94% used [0x00000000f0880000,0x00000000f0f194d8,0x00000000f0f80000)
  to   space 8192K, 0% used [0x00000000f0080000,0x00000000f0080000,0x00000000f0880000)
 ParOldGen       total 40960K, used 9436K [0x00000000c5000000, 0x00000000c7800000, 0x00000000ec580000)
  object space 40960K, 23% used [0x00000000c5000000,0x00000000c5937038,0x00000000c7800000)
 Metaspace       used 15523K, capacity 15750K, committed 16128K, reserved 1062912K
  class space    used 1850K, capacity 1945K, committed 2048K, reserved 1048576K
Event: 11.758 GC heap after
Heap after GC invocations=7 (full 0):
 PSYoungGen      total 68608K, used 8192K [0x00000000ec580000, 0x00000000f5280000, 0x0000000100000000)
  eden space 60416K, 0% used [0x00000000ec580000,0x00000000ec580000,0x00000000f0080000)
  from space 8192K, 100% used [0x00000000f0080000,0x00000000f0880000,0x00000000f0880000)
  to   space 11776K, 0% used [0x00000000f4700000,0x00000000f4700000,0x00000000f5280000)
 ParOldGen       total 40960K, used 13515K [0x00000000c5000000, 0x00000000c7800000, 0x00000000ec580000)
  object space 40960K, 32% used [0x00000000c5000000,0x00000000c5d32d00,0x00000000c7800000)
 Metaspace       used 15523K, capacity 15750K, committed 16128K, reserved 1062912K
  class space    used 1850K, capacity 1945K, committed 2048K, reserved 1048576K
}
Event: 26.142 GC heap before
{Heap before GC invocations=8 (full 0):
 PSYoungGen      total 68608K, used 68608K [0x00000000ec580000, 0x00000000f5280000, 0x0000000100000000)
  eden space 60416K, 100% used [0x00000000ec580000,0x00000000f0080000,0x00000000f0080000)
  from space 8192K, 100% used [0x00000000f0080000,0x00000000f0880000,0x00000000f0880000)
  to   space 11776K, 0% used [0x00000000f4700000,0x00000000f4700000,0x00000000f5280000)
 ParOldGen       total 40960K, used 13515K [0x00000000c5000000, 0x00000000c7800000, 0x00000000ec580000)
  object space 40960K, 32% used [0x00000000c5000000,0x00000000c5d32d00,0x00000000c7800000)
 Metaspace       used 17084K, capacity 17492K, committed 17792K, reserved 1064960K
  class space    used 2007K, capacity 2094K, committed 2176K, reserved 1048576K
Event: 26.166 GC heap after
Heap after GC invocations=8 (full 0):
 PSYoungGen      total 70144K, used 11746K [0x00000000ec580000, 0x00000000f5280000, 0x0000000100000000)
  eden space 58368K, 0% used [0x00000000ec580000,0x00000000ec580000,0x00000000efe80000)
  from space 11776K, 99% used [0x00000000f4700000,0x00000000f5278920,0x00000000f5280000)
  to   space 13312K, 0% used [0x00000000f3880000,0x00000000f3880000,0x00000000f4580000)
 ParOldGen       total 40960K, used 13971K [0x00000000c5000000, 0x00000000c7800000, 0x00000000ec580000)
  object space 40960K, 34% used [0x00000000c5000000,0x00000000c5da4d00,0x00000000c7800000)
 Metaspace       used 17084K, capacity 17492K, committed 17792K, reserved 1064960K
  class space    used 2007K, capacity 2094K, committed 2176K, reserved 1048576K
}

Deoptimization events (10 events):
Event: 20.155 Thread 0x0000000004f4e800 Uncommon trap: reason=unstable_if action=reinterpret pc=0x0000000005a2e4b0 method=org.eclipse.aether.artifact.DefaultArtifact.<init>(Ljava/lang/String;Ljava/lang/String;Ljava/lang/String;Ljava/lang/String;Ljava/lang/String;Ljava/util/Map;Lorg/eclipse/aeth
Event: 20.937 Thread 0x0000000004f4e800 Uncommon trap: reason=unstable_if action=reinterpret pc=0x000000000530d618 method=org.eclipse.sisu.plexus.RealmFilteredBeans$FilteredItr.hasNext()Z @ 44
Event: 21.244 Thread 0x0000000004f4e800 Uncommon trap: reason=unstable_if action=reinterpret pc=0x00000000053507ac method=java.io.Reader.read()I @ 12
Event: 21.253 Thread 0x0000000004f4e800 Uncommon trap: reason=unstable_if action=reinterpret pc=0x0000000005350280 method=java.io.Reader.read()I @ 12
Event: 21.324 Thread 0x0000000004f4e800 Uncommon trap: reason=bimorphic action=maybe_recompile pc=0x00000000056100d0 method=java.util.regex.Pattern$CharProperty.match(Ljava/util/regex/Matcher;ILjava/lang/CharSequence;)Z @ 37
Event: 21.327 Thread 0x0000000004f4e800 Uncommon trap: reason=unstable_if action=reinterpret pc=0x0000000005a55b60 method=java.util.IdentityHashMap.put(Ljava/lang/Object;Ljava/lang/Object;)Ljava/lang/Object; @ 90
Event: 25.225 Thread 0x0000000004f4e800 Uncommon trap: reason=intrinsic action=make_not_entrant pc=0x000000000578da28 method=org.apache.maven.model.Dependency.getManagementKey()Ljava/lang/String; @ 8
Event: 25.227 Thread 0x0000000004f4e800 Uncommon trap: reason=unstable_if action=reinterpret pc=0x000000000593c3f4 method=org.eclipse.aether.artifact.DefaultArtifact.<init>(Ljava/lang/String;Ljava/lang/String;Ljava/lang/String;Ljava/lang/String;Ljava/lang/String;Ljava/util/Map;Lorg/eclipse/aeth
Event: 27.665 Thread 0x0000000004f4e800 Uncommon trap: reason=bimorphic action=maybe_recompile pc=0x00000000056100d0 method=java.util.regex.Pattern$CharProperty.match(Ljava/util/regex/Matcher;ILjava/lang/CharSequence;)Z @ 37
Event: 27.671 Thread 0x0000000004f4e800 Uncommon trap: reason=unstable_if action=reinterpret pc=0x000000000530fce8 method=com.google.inject.internal.InjectorImpl.callInContext(Lcom/google/inject/internal/ContextualCallable;)Ljava/lang/Object; @ 161

Internal exceptions (10 events):
Event: 5.866 Thread 0x0000000004f4e800 Implicit null exception at 0x00000000055eb1f7 to 0x00000000055eb441
Event: 6.804 Thread 0x0000000004f4e800 Implicit null exception at 0x00000000057622f7 to 0x0000000005762541
Event: 7.322 Thread 0x0000000004f4e800 Implicit null exception at 0x000000000537c615 to 0x000000000537c7ed
Event: 7.323 Thread 0x0000000004f4e800 Implicit null exception at 0x00000000053f9a6f to 0x00000000053f9ad9
Event: 8.088 Thread 0x0000000004f4e800 Implicit null exception at 0x00000000056f808f to 0x00000000056f85d9
Event: 8.453 Thread 0x0000000004f4e800 Implicit null exception at 0x0000000005897954 to 0x00000000058995e5
Event: 10.357 Thread 0x0000000004f4e800 Implicit null exception at 0x0000000005945627 to 0x0000000005945895
Event: 14.867 Thread 0x0000000004f4e800 Implicit null exception at 0x00000000057f9ea8 to 0x00000000057fafb1
Event: 27.671 Thread 0x0000000004f4e800 Implicit null exception at 0x000000000530e9dd to 0x000000000530fcd9
Event: 28.174 Thread 0x0000000004f4e800 Exception <a 'java/lang/ClassNotFoundException': com/sun/tools/javac/api/JavacTool> (0x00000000ed000218) thrown at [C:\re\workspace\8-2-build-windows-amd64-cygwin\jdk8u144\9417\hotspot\src\share\vm\classfile\systemDictionary.cpp, line 210]

Events (10 events):
Event: 28.655 loading class com/sun/tools/javac/tree/JCTree$JCParens
Event: 28.655 loading class com/sun/tools/javac/tree/JCTree$JCParens done
Event: 28.655 loading class com/sun/source/tree/ParenthesizedTree
Event: 28.655 loading class com/sun/source/tree/ParenthesizedTree done
Event: 28.656 loading class com/sun/tools/javac/tree/JCTree$JCMethodInvocation
Event: 28.656 loading class com/sun/tools/javac/tree/JCTree$JCMethodInvocation done
Event: 28.656 loading class com/sun/source/tree/MethodInvocationTree
Event: 28.656 loading class com/sun/source/tree/MethodInvocationTree done
Event: 28.656 loading class com/sun/tools/javac/tree/JCTree$JCVariableDecl
Event: 28.656 loading class com/sun/tools/javac/tree/JCTree$JCVariableDecl done


Dynamic libraries:
0x00007ff70b140000 - 0x00007ff70b177000 	C:\Program Files\Java\jdk1.8.0_144\bin\java.exe
0x00007ff964750000 - 0x00007ff964930000 	C:\WINDOWS\SYSTEM32\ntdll.dll
0x00007ff963be0000 - 0x00007ff963c8e000 	C:\WINDOWS\System32\KERNEL32.DLL
0x00007ff961580000 - 0x00007ff9617e6000 	C:\WINDOWS\System32\KERNELBASE.dll
0x00007ff962060000 - 0x00007ff962101000 	C:\WINDOWS\System32\ADVAPI32.dll
0x00007ff963e50000 - 0x00007ff963eed000 	C:\WINDOWS\System32\msvcrt.dll
0x00007ff963f00000 - 0x00007ff963f5b000 	C:\WINDOWS\System32\sechost.dll
0x00007ff9636c0000 - 0x00007ff9637df000 	C:\WINDOWS\System32\RPCRT4.dll
0x00007ff963cc0000 - 0x00007ff963e4f000 	C:\WINDOWS\System32\USER32.dll
0x00007ff960b50000 - 0x00007ff960b70000 	C:\WINDOWS\System32\win32u.dll
0x00007ff963c90000 - 0x00007ff963cb8000 	C:\WINDOWS\System32\GDI32.dll
0x00007ff960bf0000 - 0x00007ff960d83000 	C:\WINDOWS\System32\gdi32full.dll
0x00007ff9614e0000 - 0x00007ff96157b000 	C:\WINDOWS\System32\msvcp_win.dll
0x00007ff9618a0000 - 0x00007ff961996000 	C:\WINDOWS\System32\ucrtbase.dll
0x00007ff94f2f0000 - 0x00007ff94f559000 	C:\WINDOWS\WinSxS\amd64_microsoft.windows.common-controls_6595b64144ccf1df_6.0.16299.371_none_15c7d1789365a290\COMCTL32.dll
0x00007ff9637e0000 - 0x00007ff963ae8000 	C:\WINDOWS\System32\combase.dll
0x00007ff960b70000 - 0x00007ff960be2000 	C:\WINDOWS\System32\bcryptPrimitives.dll
0x00007ff963f60000 - 0x00007ff963f8d000 	C:\WINDOWS\System32\IMM32.DLL
0x000000005c160000 - 0x000000005c232000 	C:\Program Files\Java\jdk1.8.0_144\jre\bin\msvcr100.dll
0x000000005ab20000 - 0x000000005b3bd000 	C:\Program Files\Java\jdk1.8.0_144\jre\bin\server\jvm.dll
0x00007ff964710000 - 0x00007ff964718000 	C:\WINDOWS\System32\PSAPI.DLL
0x00007ff953580000 - 0x00007ff953589000 	C:\WINDOWS\SYSTEM32\WSOCK32.dll
0x00007ff959b80000 - 0x00007ff959ba3000 	C:\WINDOWS\SYSTEM32\WINMM.dll
0x00007ff953d80000 - 0x00007ff953d8a000 	C:\WINDOWS\SYSTEM32\VERSION.dll
0x00007ff963af0000 - 0x00007ff963b5c000 	C:\WINDOWS\System32\WS2_32.dll
0x00007ff959ae0000 - 0x00007ff959b0a000 	C:\WINDOWS\SYSTEM32\WINMMBASE.dll
0x00007ff961bd0000 - 0x00007ff961c1a000 	C:\WINDOWS\System32\cfgmgr32.dll
0x000000005c150000 - 0x000000005c15f000 	C:\Program Files\Java\jdk1.8.0_144\jre\bin\verify.dll
0x000000005c120000 - 0x000000005c149000 	C:\Program Files\Java\jdk1.8.0_144\jre\bin\java.dll
0x000000005c100000 - 0x000000005c116000 	C:\Program Files\Java\jdk1.8.0_144\jre\bin\zip.dll
0x00007ff962170000 - 0x00007ff9635a6000 	C:\WINDOWS\System32\SHELL32.dll
0x00007ff9643e0000 - 0x00007ff964486000 	C:\WINDOWS\System32\shcore.dll
0x00007ff960d90000 - 0x00007ff9614d7000 	C:\WINDOWS\System32\windows.storage.dll
0x00007ff964490000 - 0x00007ff9644e1000 	C:\WINDOWS\System32\shlwapi.dll
0x00007ff960b30000 - 0x00007ff960b41000 	C:\WINDOWS\System32\kernel.appcore.dll
0x00007ff960ac0000 - 0x00007ff960b0c000 	C:\WINDOWS\System32\powrprof.dll
0x00007ff960aa0000 - 0x00007ff960abb000 	C:\WINDOWS\System32\profapi.dll
0x00007ff95b6f0000 - 0x00007ff95b6fa000 	C:\Program Files\Apache software foundation\apache-maven-3.5.0\lib\jansi-native\windows64\jansi.dll
0x000000005c0e0000 - 0x000000005c0fa000 	C:\Program Files\Java\jdk1.8.0_144\jre\bin\net.dll
0x00007ff960330000 - 0x00007ff960396000 	C:\WINDOWS\system32\mswsock.dll
0x000000005c0c0000 - 0x000000005c0d1000 	C:\Program Files\Java\jdk1.8.0_144\jre\bin\nio.dll

VM Arguments:
jvm_args: -Dclassworlds.conf=C:\Program Files\Apache software foundation\apache-maven-3.5.0\bin\..\bin\m2.conf -Dmaven.home=C:\Program Files\Apache software foundation\apache-maven-3.5.0\bin\.. -Dmaven.multiModuleProjectDirectory=C:\Users\Lothbroke\Desktop\SoftechProjects\Project\LocalLevel 
java_command: org.codehaus.plexus.classworlds.launcher.Launcher clean package
java_class_path (initial): C:\Program Files\Apache software foundation\apache-maven-3.5.0\bin\..\boot\plexus-classworlds-2.5.2.jar
Launcher Type: SUN_STANDARD

Environment Variables:
JAVA_HOME=C:\Program Files\Java\jdk1.8.0_144
JRE_HOME=C:\Program Files\Java\jre1.8.0_144
CLASSPATH="C:\mysql-connector-java-5.1.43.jar;C:\apache-tomcat-7.0.86\lib\servlet-api.jar;C:\apache-tomcat-7.0.86\lib\jsp-api.jar;";
PATH=C:\app\Lothbroke\product\11.2.0\dbhome_1\bin;C:\ProgramData\Oracle\Java\javapath;"C:\ProgramData\Oracle\Java\javapath;C:\Program Files\Java\jdk1.8.0_144;C:\Program Files\Java\jre1.8.0_144";C:\WINDOWS\system32;C:\WINDOWS;C:\WINDOWS\System32\Wbem;C:\WINDOWS\System32\WindowsPowerShell\v1.0\;C:\Program Files\PuTTY\;C:\Program Files\nodejs\;C:\Program Files\Apache software foundation\apache-maven-3.5.0\bin;C:\Users\Lothbroke\AppData\Local\Microsoft\WindowsApps;C:\Program Files\Java\jdk1.8.0_144\bin;C:\Users\Lothbroke\AppData\Roaming\npm;C:\Program Files (x86)\Microsoft VS Code\bin
USERNAME=Lothbroke
OS=Windows_NT
PROCESSOR_IDENTIFIER=Intel64 Family 6 Model 60 Stepping 3, GenuineIntel



---------------  S Y S T E M  ---------------

OS: Windows 10.0 , 64 bit Build 16299 (10.0.16299.15)

CPU:total 8 (initial active 8) (4 cores per cpu, 2 threads per core) family 6 model 60 stepping 3, cmov, cx8, fxsr, mmx, sse, sse2, sse3, ssse3, sse4.1, sse4.2, popcnt, avx, avx2, aes, clmul, erms, lzcnt, ht, tsc, tscinvbit, bmi1, bmi2

Memory: 4k page, physical 3859708k(320564k free), swap 7955708k(3220k free)

vm_info: Java HotSpot(TM) 64-Bit Server VM (25.144-b01) for windows-amd64 JRE (1.8.0_144-b01), built on Jul 21 2017 21:57:33 by "java_re" with MS VC++ 10.0 (VS2010)

time: Wed Apr 25 12:51:56 2018
elapsed time: 28 seconds (0d 0h 0m 28s)

