#
# There is insufficient memory for the Java Runtime Environment to continue.
# Native memory allocation (malloc) failed to allocate 577616 bytes for Chunk::new
# Possible reasons:
#   The system is out of physical RAM or swap space
#   In 32 bit mode, the process size limit was hit
# Possible solutions:
#   Reduce memory load on the system
#   Increase physical memory or swap space
#   Check if swap backing store is full
#   Use 64 bit Java on a 64 bit OS
#   Decrease Java heap size (-Xmx/-Xms)
#   Decrease number of Java threads
#   Decrease Java thread stack sizes (-Xss)
#   Set larger code cache with -XX:ReservedCodeCacheSize=
# This output file may be truncated or incomplete.
#
#  Out of Memory Error (allocation.cpp:390), pid=18136, tid=0x0000000000000bb0
#
# JRE version: Java(TM) SE Runtime Environment (8.0_144-b01) (build 1.8.0_144-b01)
# Java VM: Java HotSpot(TM) 64-Bit Server VM (25.144-b01 mixed mode windows-amd64 compressed oops)
# Failed to write core dump. Minidumps are not enabled by default on client versions of Windows
#

---------------  T H R E A D  ---------------

Current thread (0x0000000019741800):  JavaThread "C2 CompilerThread1" daemon [_thread_in_native, id=2992, stack(0x000000001a000000,0x000000001a100000)]

Stack: [0x000000001a000000,0x000000001a100000]
[error occurred during error reporting (printing stack bounds), id 0xc0000005]

Native frames: (J=compiled Java code, j=interpreted, Vv=VM code, C=native code)


Current CompileTask:
C2:   4190 4023   !   4       java.net.URL::<init> (543 bytes)


---------------  P R O C E S S  ---------------

Java Threads: ( => current thread )
  0x000000001d816000 JavaThread "Abandoned connection cleanup thread" daemon [_thread_blocked, id=20448, stack(0x0000000020e90000,0x0000000020f90000)]
  0x000000001d819000 JavaThread "Tomcat JDBC Pool Cleaner[1943105171:1522394971697]" daemon [_thread_blocked, id=8284, stack(0x0000000020b90000,0x0000000020c90000)]
  0x000000001cdce800 JavaThread "container-0" [_thread_blocked, id=12084, stack(0x0000000020a90000,0x0000000020b90000)]
  0x000000001f91a000 JavaThread "ContainerBackgroundProcessor[StandardEngine[Tomcat]]" daemon [_thread_blocked, id=18512, stack(0x0000000020990000,0x0000000020a90000)]
  0x0000000020610000 JavaThread "localhost-startStop-1" daemon [_thread_blocked, id=13420, stack(0x0000000020690000,0x0000000020790000)]
  0x0000000020112000 JavaThread "Tomcat-startStop-1" daemon [_thread_blocked, id=8684, stack(0x000000001f5b0000,0x000000001f6b0000)]
  0x00000000197e0000 JavaThread "Service Thread" daemon [_thread_blocked, id=12716, stack(0x000000001a300000,0x000000001a400000)]
  0x000000001974b800 JavaThread "C1 CompilerThread3" daemon [_thread_blocked, id=16284, stack(0x000000001a200000,0x000000001a300000)]
  0x0000000019744000 JavaThread "C2 CompilerThread2" daemon [_thread_blocked, id=8388, stack(0x000000001a100000,0x000000001a200000)]
=>0x0000000019741800 JavaThread "C2 CompilerThread1" daemon [_thread_in_native, id=2992, stack(0x000000001a000000,0x000000001a100000)]
  0x000000001973e800 JavaThread "C2 CompilerThread0" daemon [_thread_blocked, id=16996, stack(0x0000000019f00000,0x000000001a000000)]
  0x000000001973d800 JavaThread "Attach Listener" daemon [_thread_blocked, id=10224, stack(0x0000000019e00000,0x0000000019f00000)]
  0x000000001783e800 JavaThread "Signal Dispatcher" daemon [_thread_blocked, id=13616, stack(0x0000000019d00000,0x0000000019e00000)]
  0x0000000019730800 JavaThread "Finalizer" daemon [_thread_blocked, id=8308, stack(0x0000000019b10000,0x0000000019c10000)]
  0x0000000004f0a000 JavaThread "Reference Handler" daemon [_thread_blocked, id=14384, stack(0x0000000019610000,0x0000000019710000)]
  0x0000000004e14800 JavaThread "main" [_thread_in_vm, id=13000, stack(0x0000000004c60000,0x0000000004d60000)]

Other Threads:
  0x0000000017829000 VMThread [stack: 0x0000000019510000,0x0000000019610000] [id=10212]
  0x0000000019835000 WatcherThread [stack: 0x000000001a400000,0x000000001a500000] [id=13816]

VM state:not at safepoint (normal execution)

VM Mutex/Monitor currently owned by a thread: None

Heap:
 PSYoungGen      total 147456K, used 23279K [0x00000000ec580000, 0x00000000f6700000, 0x0000000100000000)
  eden space 139776K, 16% used [0x00000000ec580000,0x00000000edc3bfe0,0x00000000f4e00000)
  from space 7680K, 0% used [0x00000000f5f80000,0x00000000f5f80000,0x00000000f6700000)
  to   space 12800K, 0% used [0x00000000f4e00000,0x00000000f4e00000,0x00000000f5a80000)
 ParOldGen       total 69120K, used 22834K [0x00000000c5000000, 0x00000000c9380000, 0x00000000ec580000)
  object space 69120K, 33% used [0x00000000c5000000,0x00000000c664c930,0x00000000c9380000)
 Metaspace       used 40214K, capacity 40626K, committed 40960K, reserved 1087488K
  class space    used 5195K, capacity 5300K, committed 5376K, reserved 1048576K

Card table byte_map: [0x00000000143c0000,0x00000000145a0000] byte_map_base: 0x0000000013d98000

Marking Bits: (ParMarkBitMap*) 0x000000007007d850
 Begin Bits: [0x0000000014ee0000, 0x0000000015da0000)
 End Bits:   [0x0000000015da0000, 0x0000000016c60000)

Polling page: 0x0000000003440000

CodeCache: size=245760Kb used=13758Kb max_used=14529Kb free=232001Kb
 bounds [0x0000000005000000, 0x0000000005e60000, 0x0000000014000000]
 total_blobs=4028 nmethods=3537 adapters=403
 compilation: enabled

Compilation events (10 events):
Event: 4.159 Thread 0x000000001974b800 4035       3       org.jboss.logging.Logger::join (112 bytes)
Event: 4.161 Thread 0x000000001974b800 nmethod 4035 0x0000000005711e90 code [0x0000000005712220, 0x0000000005714478]
Event: 4.162 Thread 0x000000001974b800 4036       3       org.hibernate.service.internal.ConcurrentServiceBinding$Node::get (72 bytes)
Event: 4.163 Thread 0x000000001974b800 nmethod 4036 0x000000000518d910 code [0x000000000518daa0, 0x000000000518def8]
Event: 4.163 Thread 0x000000001974b800 4037       3       org.hibernate.service.internal.ConcurrentServiceBinding$Node::collectAllEntriesInto (62 bytes)
Event: 4.163 Thread 0x000000001974b800 nmethod 4037 0x000000000518d110 code [0x000000000518d2a0, 0x000000000518d768]
Event: 4.168 Thread 0x000000001973e800 4038       4       java.lang.ClassLoader::addClass (9 bytes)
Event: 4.170 Thread 0x000000001973e800 nmethod 4038 0x0000000005181210 code [0x0000000005181360, 0x0000000005181748]
Event: 4.171 Thread 0x000000001974b800 4039       3       sun.reflect.UnsafeQualifiedStaticObjectFieldAccessorImpl::get (15 bytes)
Event: 4.171 Thread 0x000000001974b800 nmethod 4039 0x000000000518ce10 code [0x000000000518cf60, 0x000000000518d0b0]

GC Heap History (10 events):
Event: 3.316 GC heap before
{Heap before GC invocations=11 (full 1):
 PSYoungGen      total 119296K, used 119292K [0x00000000ec580000, 0x00000000f4800000, 0x0000000100000000)
  eden space 111104K, 100% used [0x00000000ec580000,0x00000000f3200000,0x00000000f3200000)
  from space 8192K, 99% used [0x00000000f3b00000,0x00000000f42ff2f8,0x00000000f4300000)
  to   space 5120K, 0% used [0x00000000f4300000,0x00000000f4300000,0x00000000f4800000)
 ParOldGen       total 37376K, used 14316K [0x00000000c5000000, 0x00000000c7480000, 0x00000000ec580000)
  object space 37376K, 38% used [0x00000000c5000000,0x00000000c5dfb300,0x00000000c7480000)
 Metaspace       used 32828K, capacity 33216K, committed 33536K, reserved 1079296K
  class space    used 4176K, capacity 4305K, committed 4352K, reserved 1048576K
Event: 3.329 GC heap after
Heap after GC invocations=11 (full 1):
 PSYoungGen      total 120320K, used 5109K [0x00000000ec580000, 0x00000000f6700000, 0x0000000100000000)
  eden space 115200K, 0% used [0x00000000ec580000,0x00000000ec580000,0x00000000f3600000)
  from space 5120K, 99% used [0x00000000f4300000,0x00000000f47fd728,0x00000000f4800000)
  to   space 13312K, 0% used [0x00000000f3600000,0x00000000f3600000,0x00000000f4300000)
 ParOldGen       total 37376K, used 22584K [0x00000000c5000000, 0x00000000c7480000, 0x00000000ec580000)
  object space 37376K, 60% used [0x00000000c5000000,0x00000000c660e328,0x00000000c7480000)
 Metaspace       used 32828K, capacity 33216K, committed 33536K, reserved 1079296K
  class space    used 4176K, capacity 4305K, committed 4352K, reserved 1048576K
}
Event: 3.509 GC heap before
{Heap before GC invocations=12 (full 1):
 PSYoungGen      total 120320K, used 24296K [0x00000000ec580000, 0x00000000f6700000, 0x0000000100000000)
  eden space 115200K, 16% used [0x00000000ec580000,0x00000000ed83cbb8,0x00000000f3600000)
  from space 5120K, 99% used [0x00000000f4300000,0x00000000f47fd728,0x00000000f4800000)
  to   space 13312K, 0% used [0x00000000f3600000,0x00000000f3600000,0x00000000f4300000)
 ParOldGen       total 37376K, used 22584K [0x00000000c5000000, 0x00000000c7480000, 0x00000000ec580000)
  object space 37376K, 60% used [0x00000000c5000000,0x00000000c660e328,0x00000000c7480000)
 Metaspace       used 34840K, capacity 35206K, committed 35456K, reserved 1079296K
  class space    used 4528K, capacity 4626K, committed 4736K, reserved 1048576K
Event: 3.514 GC heap after
Heap after GC invocations=12 (full 1):
 PSYoungGen      total 128512K, used 6354K [0x00000000ec580000, 0x00000000f6c00000, 0x0000000100000000)
  eden space 115200K, 0% used [0x00000000ec580000,0x00000000ec580000,0x00000000f3600000)
  from space 13312K, 47% used [0x00000000f3600000,0x00000000f3c34ad0,0x00000000f4300000)
  to   space 12800K, 0% used [0x00000000f5f80000,0x00000000f5f80000,0x00000000f6c00000)
 ParOldGen       total 37376K, used 23676K [0x00000000c5000000, 0x00000000c7480000, 0x00000000ec580000)
  object space 37376K, 63% used [0x00000000c5000000,0x00000000c671f080,0x00000000c7480000)
 Metaspace       used 34840K, capacity 35206K, committed 35456K, reserved 1079296K
  class space    used 4528K, capacity 4626K, committed 4736K, reserved 1048576K
}
Event: 3.514 GC heap before
{Heap before GC invocations=13 (full 2):
 PSYoungGen      total 128512K, used 6354K [0x00000000ec580000, 0x00000000f6c00000, 0x0000000100000000)
  eden space 115200K, 0% used [0x00000000ec580000,0x00000000ec580000,0x00000000f3600000)
  from space 13312K, 47% used [0x00000000f3600000,0x00000000f3c34ad0,0x00000000f4300000)
  to   space 12800K, 0% used [0x00000000f5f80000,0x00000000f5f80000,0x00000000f6c00000)
 ParOldGen       total 37376K, used 23676K [0x00000000c5000000, 0x00000000c7480000, 0x00000000ec580000)
  object space 37376K, 63% used [0x00000000c5000000,0x00000000c671f080,0x00000000c7480000)
 Metaspace       used 34840K, capacity 35206K, committed 35456K, reserved 1079296K
  class space    used 4528K, capacity 4626K, committed 4736K, reserved 1048576K
Event: 3.609 GC heap after
Heap after GC invocations=13 (full 2):
 PSYoungGen      total 128512K, used 0K [0x00000000ec580000, 0x00000000f6c00000, 0x0000000100000000)
  eden space 115200K, 0% used [0x00000000ec580000,0x00000000ec580000,0x00000000f3600000)
  from space 13312K, 0% used [0x00000000f3600000,0x00000000f3600000,0x00000000f4300000)
  to   space 12800K, 0% used [0x00000000f5f80000,0x00000000f5f80000,0x00000000f6c00000)
 ParOldGen       total 69120K, used 24159K [0x00000000c5000000, 0x00000000c9380000, 0x00000000ec580000)
  object space 69120K, 34% used [0x00000000c5000000,0x00000000c6797ec0,0x00000000c9380000)
 Metaspace       used 34840K, capacity 35206K, committed 35456K, reserved 1079296K
  class space    used 4528K, capacity 4626K, committed 4736K, reserved 1048576K
}
Event: 3.867 GC heap before
{Heap before GC invocations=14 (full 2):
 PSYoungGen      total 128512K, used 17131K [0x00000000ec580000, 0x00000000f6c00000, 0x0000000100000000)
  eden space 115200K, 14% used [0x00000000ec580000,0x00000000ed63afa0,0x00000000f3600000)
  from space 13312K, 0% used [0x00000000f3600000,0x00000000f3600000,0x00000000f4300000)
  to   space 12800K, 0% used [0x00000000f5f80000,0x00000000f5f80000,0x00000000f6c00000)
 ParOldGen       total 69120K, used 24159K [0x00000000c5000000, 0x00000000c9380000, 0x00000000ec580000)
  object space 69120K, 34% used [0x00000000c5000000,0x00000000c6797ec0,0x00000000c9380000)
 Metaspace       used 37613K, capacity 38002K, committed 38272K, reserved 1087488K
  class space    used 4807K, capacity 4916K, committed 4992K, reserved 1048576K
Event: 3.870 GC heap after
Heap after GC invocations=14 (full 2):
 PSYoungGen      total 147456K, used 3075K [0x00000000ec580000, 0x00000000f6700000, 0x0000000100000000)
  eden space 139776K, 0% used [0x00000000ec580000,0x00000000ec580000,0x00000000f4e00000)
  from space 7680K, 40% used [0x00000000f5f80000,0x00000000f6280f18,0x00000000f6700000)
  to   space 12800K, 0% used [0x00000000f4e00000,0x00000000f4e00000,0x00000000f5a80000)
 ParOldGen       total 69120K, used 24175K [0x00000000c5000000, 0x00000000c9380000, 0x00000000ec580000)
  object space 69120K, 34% used [0x00000000c5000000,0x00000000c679bed0,0x00000000c9380000)
 Metaspace       used 37613K, capacity 38002K, committed 38272K, reserved 1087488K
  class space    used 4807K, capacity 4916K, committed 4992K, reserved 1048576K
}
Event: 3.870 GC heap before
{Heap before GC invocations=15 (full 3):
 PSYoungGen      total 147456K, used 3075K [0x00000000ec580000, 0x00000000f6700000, 0x0000000100000000)
  eden space 139776K, 0% used [0x00000000ec580000,0x00000000ec580000,0x00000000f4e00000)
  from space 7680K, 40% used [0x00000000f5f80000,0x00000000f6280f18,0x00000000f6700000)
  to   space 12800K, 0% used [0x00000000f4e00000,0x00000000f4e00000,0x00000000f5a80000)
 ParOldGen       total 69120K, used 24175K [0x00000000c5000000, 0x00000000c9380000, 0x00000000ec580000)
  object space 69120K, 34% used [0x00000000c5000000,0x00000000c679bed0,0x00000000c9380000)
 Metaspace       used 37613K, capacity 38002K, committed 38272K, reserved 1087488K
  class space    used 4807K, capacity 4916K, committed 4992K, reserved 1048576K
Event: 3.986 GC heap after
Heap after GC invocations=15 (full 3):
 PSYoungGen      total 147456K, used 0K [0x00000000ec580000, 0x00000000f6700000, 0x0000000100000000)
  eden space 139776K, 0% used [0x00000000ec580000,0x00000000ec580000,0x00000000f4e00000)
  from space 7680K, 0% used [0x00000000f5f80000,0x00000000f5f80000,0x00000000f6700000)
  to   space 12800K, 0% used [0x00000000f4e00000,0x00000000f4e00000,0x00000000f5a80000)
 ParOldGen       total 69120K, used 22834K [0x00000000c5000000, 0x00000000c9380000, 0x00000000ec580000)
  object space 69120K, 33% used [0x00000000c5000000,0x00000000c664c930,0x00000000c9380000)
 Metaspace       used 37613K, capacity 38002K, committed 38272K, reserved 1085440K
  class space    used 4807K, capacity 4916K, committed 4992K, reserved 1048576K
}

Deoptimization events (10 events):
Event: 3.698 Thread 0x0000000004e14800 Uncommon trap: reason=unstable_if action=reinterpret pc=0x0000000005490ff0 method=java.util.Properties$LineReader.readLine()I @ 174
Event: 3.698 Thread 0x0000000004e14800 Uncommon trap: reason=unstable_if action=reinterpret pc=0x00000000051565fc method=java.net.URI.match(CJJ)Z @ 45
Event: 3.816 Thread 0x0000000004e14800 Uncommon trap: reason=bimorphic action=maybe_recompile pc=0x0000000005e33480 method=java.lang.ClassLoader.loadClass(Ljava/lang/String;Z)Ljava/lang/Class; @ 2
Event: 3.988 Thread 0x0000000004e14800 Uncommon trap: reason=class_check action=maybe_recompile pc=0x0000000005ae1fd4 method=java.util.AbstractList$Itr.hasNext()Z @ 8
Event: 3.988 Thread 0x0000000004e14800 Uncommon trap: reason=class_check action=maybe_recompile pc=0x0000000005aeb2c4 method=java.util.AbstractList$Itr.next()Ljava/lang/Object; @ 14
Event: 4.017 Thread 0x0000000004e14800 Uncommon trap: reason=bimorphic action=maybe_recompile pc=0x0000000005e33480 method=java.lang.ClassLoader.loadClass(Ljava/lang/String;Z)Ljava/lang/Class; @ 2
Event: 4.060 Thread 0x0000000004e14800 Uncommon trap: reason=class_check action=maybe_recompile pc=0x000000000528d950 method=java.util.TreeMap.getEntry(Ljava/lang/Object;)Ljava/util/TreeMap$Entry; @ 26
Event: 4.060 Thread 0x0000000004e14800 Uncommon trap: reason=class_check action=maybe_recompile pc=0x000000000528d950 method=java.util.TreeMap.getEntry(Ljava/lang/Object;)Ljava/util/TreeMap$Entry; @ 26
Event: 4.093 Thread 0x0000000004e14800 Uncommon trap: reason=class_check action=maybe_recompile pc=0x000000000528d950 method=java.util.TreeMap.getEntry(Ljava/lang/Object;)Ljava/util/TreeMap$Entry; @ 26
Event: 4.093 Thread 0x0000000004e14800 Uncommon trap: reason=class_check action=maybe_recompile pc=0x000000000528d950 method=java.util.TreeMap.getEntry(Ljava/lang/Object;)Ljava/util/TreeMap$Entry; @ 26

Internal exceptions (10 events):
Event: 3.186 Thread 0x0000000004e14800 Exception <a 'java/lang/ClassNotFoundException': org/springframework/context/weaving/LoadTimeWeaverAwareCustomizer> (0x00000000f26e9968) thrown at [C:\re\workspace\8-2-build-windows-amd64-cygwin\jdk8u144\9417\hotspot\src\share\vm\classfile\systemDictionar
Event: 3.186 Thread 0x0000000004e14800 Exception <a 'java/lang/ClassNotFoundException': org/springframework/beans/factory/FactoryBeanCustomizer> (0x00000000f26ffc28) thrown at [C:\re\workspace\8-2-build-windows-amd64-cygwin\jdk8u144\9417\hotspot\src\share\vm\classfile\systemDictionary.cpp, lin
Event: 3.187 Thread 0x0000000004e14800 Exception <a 'java/lang/ClassNotFoundException': org/springframework/beans/factory/BeanClassLoaderAwareCustomizer> (0x00000000f271b1d8) thrown at [C:\re\workspace\8-2-build-windows-amd64-cygwin\jdk8u144\9417\hotspot\src\share\vm\classfile\systemDictionary
Event: 3.187 Thread 0x0000000004e14800 Exception <a 'java/lang/ClassNotFoundException': org/springframework/beans/factory/BeanFactoryAwareCustomizer> (0x00000000f2732730) thrown at [C:\re\workspace\8-2-build-windows-amd64-cygwin\jdk8u144\9417\hotspot\src\share\vm\classfile\systemDictionary.cpp
Event: 3.187 Thread 0x0000000004e14800 Exception <a 'java/lang/ClassNotFoundException': org/springframework/beans/factory/BeanNameAwareCustomizer> (0x00000000f2749220) thrown at [C:\re\workspace\8-2-build-windows-amd64-cygwin\jdk8u144\9417\hotspot\src\share\vm\classfile\systemDictionary.cpp, l
Event: 3.187 Thread 0x0000000004e14800 Exception <a 'java/lang/ClassNotFoundException': org/springframework/beans/factory/InitializingBeanCustomizer> (0x00000000f2760698) thrown at [C:\re\workspace\8-2-build-windows-amd64-cygwin\jdk8u144\9417\hotspot\src\share\vm\classfile\systemDictionary.cpp
Event: 3.188 Thread 0x0000000004e14800 Exception <a 'java/lang/ClassNotFoundException': org/springframework/beans/factory/DisposableBeanCustomizer> (0x00000000f2776380) thrown at [C:\re\workspace\8-2-build-windows-amd64-cygwin\jdk8u144\9417\hotspot\src\share\vm\classfile\systemDictionary.cpp, 
Event: 3.188 Thread 0x0000000004e14800 Exception <a 'java/lang/ClassNotFoundException': org/springframework/orm/jpa/EntityManagerFactoryInfoCustomizer> (0x00000000f278d5f8) thrown at [C:\re\workspace\8-2-build-windows-amd64-cygwin\jdk8u144\9417\hotspot\src\share\vm\classfile\systemDictionary.c
Event: 3.188 Thread 0x0000000004e14800 Exception <a 'java/lang/ClassNotFoundException': org/springframework/dao/support/PersistenceExceptionTranslatorCustomizer> (0x00000000f27b0910) thrown at [C:\re\workspace\8-2-build-windows-amd64-cygwin\jdk8u144\9417\hotspot\src\share\vm\classfile\systemDi
Event: 3.189 Thread 0x0000000004e14800 Exception <a 'java/lang/ClassNotFoundException': java/io/SerializableCustomizer> (0x00000000f27b8bd0) thrown at [C:\re\workspace\8-2-build-windows-amd64-cygwin\jdk8u144\9417\hotspot\src\share\vm\classfile\systemDictionary.cpp, line 210]

Events (10 events):
Event: 4.173 loading class org/hibernate/internal/CoreMessageLogger_$logger_en
Event: 4.173 loading class org/hibernate/internal/CoreMessageLogger_$logger_en done
Event: 4.173 loading class org/hibernate/internal/CoreMessageLogger_$logger_en_US
Event: 4.173 loading class org/hibernate/internal/CoreMessageLogger_$logger_en_US done
Event: 4.173 loading class org/hibernate/internal/CoreMessageLogger_$logger_en
Event: 4.173 loading class org/hibernate/internal/CoreMessageLogger_$logger_en done
Event: 4.173 loading class org/hibernate/event/service/internal/EventListenerGroupImpl$1
Event: 4.173 loading class org/hibernate/event/service/internal/EventListenerGroupImpl$1 done
Event: 4.174 loading class org/hibernate/event/internal/DefaultPersistEventListener
Event: 4.174 loading class org/hibernate/event/internal/DefaultPersistEventListener done


Dynamic libraries:
0x00007ff6d57c0000 - 0x00007ff6d57f7000 	C:\Program Files\Java\jre1.8.0_144\bin\javaw.exe
0x00007ff97bfe0000 - 0x00007ff97c1c0000 	C:\WINDOWS\SYSTEM32\ntdll.dll
0x00007ff97ac20000 - 0x00007ff97acce000 	C:\WINDOWS\System32\KERNEL32.DLL
0x00007ff979040000 - 0x00007ff9792a6000 	C:\WINDOWS\System32\KERNELBASE.dll
0x00007ff97aa00000 - 0x00007ff97aaa1000 	C:\WINDOWS\System32\ADVAPI32.dll
0x00007ff97b150000 - 0x00007ff97b1ed000 	C:\WINDOWS\System32\msvcrt.dll
0x00007ff97b1f0000 - 0x00007ff97b24b000 	C:\WINDOWS\System32\sechost.dll
0x00007ff97b250000 - 0x00007ff97b36f000 	C:\WINDOWS\System32\RPCRT4.dll
0x00007ff97b850000 - 0x00007ff97b9df000 	C:\WINDOWS\System32\USER32.dll
0x00007ff9783e0000 - 0x00007ff978400000 	C:\WINDOWS\System32\win32u.dll
0x00007ff97acd0000 - 0x00007ff97acf8000 	C:\WINDOWS\System32\GDI32.dll
0x00007ff9784d0000 - 0x00007ff978663000 	C:\WINDOWS\System32\gdi32full.dll
0x00007ff979410000 - 0x00007ff9794ab000 	C:\WINDOWS\System32\msvcp_win.dll
0x00007ff979310000 - 0x00007ff979406000 	C:\WINDOWS\System32\ucrtbase.dll
0x00007ff968900000 - 0x00007ff968b69000 	C:\WINDOWS\WinSxS\amd64_microsoft.windows.common-controls_6595b64144ccf1df_6.0.16299.309_none_15cfd4c4935e6b11\COMCTL32.dll
0x00007ff97b540000 - 0x00007ff97b848000 	C:\WINDOWS\System32\combase.dll
0x00007ff978450000 - 0x00007ff9784c2000 	C:\WINDOWS\System32\bcryptPrimitives.dll
0x00007ff9794b0000 - 0x00007ff9794dd000 	C:\WINDOWS\System32\IMM32.DLL
0x00000000702e0000 - 0x00000000703b2000 	C:\Program Files\Java\jre1.8.0_144\bin\msvcr100.dll
0x000000006f860000 - 0x00000000700fd000 	C:\Program Files\Java\jre1.8.0_144\bin\server\jvm.dll
0x00007ff97be30000 - 0x00007ff97be38000 	C:\WINDOWS\System32\PSAPI.DLL
0x00007ff96ba30000 - 0x00007ff96ba3a000 	C:\WINDOWS\SYSTEM32\VERSION.dll
0x00007ff971310000 - 0x00007ff971333000 	C:\WINDOWS\SYSTEM32\WINMM.dll
0x00007ff96ba50000 - 0x00007ff96ba59000 	C:\WINDOWS\SYSTEM32\WSOCK32.dll
0x00007ff97b0e0000 - 0x00007ff97b14c000 	C:\WINDOWS\System32\WS2_32.dll
0x00007ff9712e0000 - 0x00007ff97130a000 	C:\WINDOWS\SYSTEM32\WINMMBASE.dll
0x00007ff978400000 - 0x00007ff97844a000 	C:\WINDOWS\System32\cfgmgr32.dll
0x00000000704b0000 - 0x00000000704bf000 	C:\Program Files\Java\jre1.8.0_144\bin\verify.dll
0x0000000070480000 - 0x00000000704a9000 	C:\Program Files\Java\jre1.8.0_144\bin\java.dll
0x0000000070460000 - 0x0000000070476000 	C:\Program Files\Java\jre1.8.0_144\bin\zip.dll
0x00007ff9795c0000 - 0x00007ff97a9f6000 	C:\WINDOWS\System32\SHELL32.dll
0x00007ff97ad20000 - 0x00007ff97adc6000 	C:\WINDOWS\System32\shcore.dll
0x00007ff978840000 - 0x00007ff978f87000 	C:\WINDOWS\System32\windows.storage.dll
0x00007ff97b080000 - 0x00007ff97b0d1000 	C:\WINDOWS\System32\shlwapi.dll
0x00007ff9783a0000 - 0x00007ff9783b1000 	C:\WINDOWS\System32\kernel.appcore.dll
0x00007ff978350000 - 0x00007ff97839c000 	C:\WINDOWS\System32\powrprof.dll
0x00007ff978330000 - 0x00007ff97834b000 	C:\WINDOWS\System32\profapi.dll
0x00000000703c0000 - 0x00000000703cd000 	C:\Program Files\Java\jre1.8.0_144\bin\management.dll
0x0000000070440000 - 0x000000007045a000 	C:\Program Files\Java\jre1.8.0_144\bin\net.dll
0x00007ff977bc0000 - 0x00007ff977c26000 	C:\WINDOWS\system32\mswsock.dll
0x00007ff9694d0000 - 0x00007ff9694e6000 	C:\WINDOWS\system32\napinsp.dll
0x00007ff9694b0000 - 0x00007ff9694ca000 	C:\WINDOWS\system32\pnrpnsp.dll
0x00007ff974920000 - 0x00007ff974938000 	C:\WINDOWS\system32\NLAapi.dll
0x00007ff977990000 - 0x00007ff977a46000 	C:\WINDOWS\SYSTEM32\DNSAPI.dll
0x00007ff97ad10000 - 0x00007ff97ad18000 	C:\WINDOWS\System32\NSI.dll
0x00007ff977950000 - 0x00007ff977989000 	C:\WINDOWS\SYSTEM32\IPHLPAPI.DLL
0x00007ff9694a0000 - 0x00007ff9694ae000 	C:\WINDOWS\System32\winrnr.dll
0x00000000709a0000 - 0x00000000709c6000 	C:\Program Files\Bonjour\mdnsNSP.dll
0x00007ff973030000 - 0x00007ff973045000 	C:\WINDOWS\System32\wshbth.dll
0x00007ff96ee40000 - 0x00007ff96ee4a000 	C:\Windows\System32\rasadhlp.dll
0x00007ff96f2d0000 - 0x00007ff96f340000 	C:\WINDOWS\System32\fwpuclnt.dll
0x00007ff977e90000 - 0x00007ff977eb5000 	C:\WINDOWS\SYSTEM32\bcrypt.dll
0x0000000070420000 - 0x0000000070431000 	C:\Program Files\Java\jre1.8.0_144\bin\nio.dll
0x00007ff977d80000 - 0x00007ff977d97000 	C:\WINDOWS\SYSTEM32\CRYPTSP.dll
0x00007ff9777c0000 - 0x00007ff9777f3000 	C:\WINDOWS\system32\rsaenh.dll
0x00007ff978260000 - 0x00007ff978289000 	C:\WINDOWS\SYSTEM32\USERENV.dll
0x00007ff977da0000 - 0x00007ff977dab000 	C:\WINDOWS\SYSTEM32\CRYPTBASE.dll
0x00007ff970e10000 - 0x00007ff970e26000 	C:\WINDOWS\SYSTEM32\dhcpcsvc6.DLL
0x00007ff970f60000 - 0x00007ff970f7a000 	C:\WINDOWS\SYSTEM32\dhcpcsvc.DLL

VM Arguments:
jvm_args: -Dfile.encoding=UTF-8 
java_command: com.softtech.localLevel.LocalLevelApplication
java_class_path (initial): C:\Users\Lothbroke\Desktop\Softech\Project\LocalLevel\target\classes;C:\Users\Lothbroke\.m2\repository\org\springframework\boot\spring-boot-starter-data-jpa\1.5.10.RELEASE\spring-boot-starter-data-jpa-1.5.10.RELEASE.jar;C:\Users\Lothbroke\.m2\repository\org\springframework\boot\spring-boot-starter\1.5.10.RELEASE\spring-boot-starter-1.5.10.RELEASE.jar;C:\Users\Lothbroke\.m2\repository\org\springframework\boot\spring-boot\1.5.10.RELEASE\spring-boot-1.5.10.RELEASE.jar;C:\Users\Lothbroke\.m2\repository\org\springframework\boot\spring-boot-autoconfigure\1.5.10.RELEASE\spring-boot-autoconfigure-1.5.10.RELEASE.jar;C:\Users\Lothbroke\.m2\repository\org\springframework\boot\spring-boot-starter-logging\1.5.10.RELEASE\spring-boot-starter-logging-1.5.10.RELEASE.jar;C:\Users\Lothbroke\.m2\repository\ch\qos\logback\logback-classic\1.1.11\logback-classic-1.1.11.jar;C:\Users\Lothbroke\.m2\repository\ch\qos\logback\logback-core\1.1.11\logback-core-1.1.11.jar;C:\Users\Lothbroke\.m2\repository\org\slf4j\jul-to-slf4j\1.7.25\jul-to-slf4j-1.7.25.jar;C:\Users\Lothbroke\.m2\repository\org\slf4j\log4j-over-slf4j\1.7.25\log4j-over-slf4j-1.7.25.jar;C:\Users\Lothbroke\.m2\repository\org\yaml\snakeyaml\1.17\snakeyaml-1.17.jar;C:\Users\Lothbroke\.m2\repository\org\springframework\boot\spring-boot-starter-aop\1.5.10.RELEASE\spring-boot-starter-aop-1.5.10.RELEASE.jar;C:\Users\Lothbroke\.m2\repository\org\springframework\spring-aop\4.3.14.RELEASE\spring-aop-4.3.14.RELEASE.jar;C:\Users\Lothbroke\.m2\repository\org\aspectj\aspectjweaver\1.8.13\aspectjweaver-1.8.13.jar;C:\Users\Lothbroke\.m2\repository\org\springframework\boot\spring-boot-starter-jdbc\1.5.10.RELEASE\spring-boot-starter-jdbc-1.5.10.RELEASE.jar;C:\Users\Lothbroke\.m2\repository\org\apache\tomcat\tomcat-jdbc\8.5.27\tomcat-jdbc-8.5.27.jar;C:\Users\Lothbroke\.m2\repository\org\apache\tomcat\tomcat-juli\8.5.27\tomcat-juli-8.5.27.jar;C:\Users\Lothbroke\.m2\repository\org\springframework\spring-jdbc\4.3.14.RELEASE
Launcher Type: SUN_STANDARD

Environment Variables:
JAVA_HOME=C:\Program Files\Java\jdk1.8.0_144
PATH=C:/Program Files/Java/jre1.8.0_144/bin/server;C:/Program Files/Java/jre1.8.0_144/bin;C:/Program Files/Java/jre1.8.0_144/lib/amd64;C:\app\Lothbroke\product\11.2.0\dbhome_1\bin;C:\ProgramData\Oracle\Java\javapath;"C:\ProgramData\Oracle\Java\javapath;C:\Program Files\Java\jdk1.8.0_144\bin;C:\Program Files\Java\jre1.8.0_144";C:\WINDOWS\system32;C:\WINDOWS;C:\WINDOWS\System32\Wbem;C:\WINDOWS\System32\WindowsPowerShell\v1.0\;C:\Program Files\PuTTY\;C:\Program Files\Git\cmd;C:\Program Files\nodejs\;C:\Program Files\Apache software foundation\apache-maven-3.5.0\bin;C:\Users\Lothbroke\AppData\Local\Microsoft\WindowsApps;C:\Program Files\Java\jdk1.8.0_144\bin;C:\Users\Lothbroke\AppData\Roaming\npm;C:\Program Files (x86)\Microsoft VS Code\bin;C:\Users\Lothbroke\Desktop\eclipse;
USERNAME=Lothbroke
OS=Windows_NT
PROCESSOR_IDENTIFIER=Intel64 Family 6 Model 60 Stepping 3, GenuineIntel



---------------  S Y S T E M  ---------------

OS: Windows 10.0 , 64 bit Build 16299 (10.0.16299.15)

CPU:total 8 (initial active 8) (4 cores per cpu, 2 threads per core) family 6 model 60 stepping 3, cmov, cx8, fxsr, mmx, sse, sse2, sse3, ssse3, sse4.1, sse4.2, popcnt, avx, avx2, aes, clmul, erms, lzcnt, ht, tsc, tscinvbit, bmi1, bmi2

Memory: 4k page, physical 3859708k(492932k free), swap 7955708k(4200k free)

vm_info: Java HotSpot(TM) 64-Bit Server VM (25.144-b01) for windows-amd64 JRE (1.8.0_144-b01), built on Jul 21 2017 21:57:33 by "java_re" with MS VC++ 10.0 (VS2010)

time: Fri Mar 30 13:14:32 2018
elapsed time: 4 seconds (0d 0h 0m 4s)

